[0.060s] Invoking command in '/home/gordonc/alpha_test/build/alpha_driver': CMAKE_PREFIX_PATH=${CMAKE_PREFIX_PATH}:/home/gordonc/colcon_ws/install/blue_manager:/home/gordonc/colcon_ws/install/blue_localization:/home/gordonc/colcon_ws/install/blue_joy:/opt/ros/humble /usr/bin/cmake --build /home/gordonc/alpha_test/build/alpha_driver -- -j8 -l8
[0.257s] [  9%] Built target gmock_main
[0.281s] [ 19%] Built target gtest
[0.281s] [ 28%] Built target gtest_main
[0.286s] [ 57%] Built target alpha_driver
[0.292s] [ 71%] Built target gmock
[0.399s] [ 80%] Built target test_crc
[0.459s] [ 90%] Built target test_cobs
[0.461s] [100%] Built target test_packet
[0.579s] Invoked command in '/home/gordonc/alpha_test/build/alpha_driver' returned '0': CMAKE_PREFIX_PATH=${CMAKE_PREFIX_PATH}:/home/gordonc/colcon_ws/install/blue_manager:/home/gordonc/colcon_ws/install/blue_localization:/home/gordonc/colcon_ws/install/blue_joy:/opt/ros/humble /usr/bin/cmake --build /home/gordonc/alpha_test/build/alpha_driver -- -j8 -l8
[0.739s] Invoking command in '/home/gordonc/alpha_test/build/alpha_driver': CMAKE_PREFIX_PATH=${CMAKE_PREFIX_PATH}:/home/gordonc/colcon_ws/install/blue_manager:/home/gordonc/colcon_ws/install/blue_localization:/home/gordonc/colcon_ws/install/blue_joy:/opt/ros/humble /usr/bin/cmake --install /home/gordonc/alpha_test/build/alpha_driver
[0.755s] -- Install configuration: ""
[0.756s] -- Up-to-date: /home/gordonc/alpha_test/install/alpha_driver/include
[0.756s] -- Up-to-date: /home/gordonc/alpha_test/install/alpha_driver/include/alpha_driver
[0.756s] -- Up-to-date: /home/gordonc/alpha_test/install/alpha_driver/include/alpha_driver/packet.hpp
[0.757s] -- Up-to-date: /home/gordonc/alpha_test/install/alpha_driver/include/alpha_driver/mode.hpp
[0.757s] -- Up-to-date: /home/gordonc/alpha_test/install/alpha_driver/include/alpha_driver/crc.hpp
[0.757s] -- Up-to-date: /home/gordonc/alpha_test/install/alpha_driver/include/alpha_driver/cobs.hpp
[0.757s] -- Up-to-date: /home/gordonc/alpha_test/install/alpha_driver/include/alpha_driver/device_id.hpp
[0.758s] -- Up-to-date: /home/gordonc/alpha_test/install/alpha_driver/include/alpha_driver/serial_client.hpp
[0.758s] -- Up-to-date: /home/gordonc/alpha_test/install/alpha_driver/include/alpha_driver/packet_id.hpp
[0.758s] -- Up-to-date: /home/gordonc/alpha_test/install/alpha_driver/include/alpha_driver/driver.hpp
[0.759s] -- Up-to-date: /home/gordonc/alpha_test/install/alpha_driver/lib/libalpha_driver.so
[0.759s] -- Up-to-date: /home/gordonc/alpha_test/install/alpha_driver/share/alpha_driver/environment/library_path.sh
[0.759s] -- Up-to-date: /home/gordonc/alpha_test/install/alpha_driver/share/alpha_driver/environment/library_path.dsv
[0.760s] -- Up-to-date: /home/gordonc/alpha_test/install/alpha_driver/share/ament_index/resource_index/package_run_dependencies/alpha_driver
[0.760s] -- Up-to-date: /home/gordonc/alpha_test/install/alpha_driver/share/ament_index/resource_index/parent_prefix_path/alpha_driver
[0.760s] -- Up-to-date: /home/gordonc/alpha_test/install/alpha_driver/share/alpha_driver/environment/ament_prefix_path.sh
[0.761s] -- Up-to-date: /home/gordonc/alpha_test/install/alpha_driver/share/alpha_driver/environment/ament_prefix_path.dsv
[0.761s] -- Up-to-date: /home/gordonc/alpha_test/install/alpha_driver/share/alpha_driver/environment/path.sh
[0.761s] -- Up-to-date: /home/gordonc/alpha_test/install/alpha_driver/share/alpha_driver/environment/path.dsv
[0.762s] -- Up-to-date: /home/gordonc/alpha_test/install/alpha_driver/share/alpha_driver/local_setup.bash
[0.762s] -- Up-to-date: /home/gordonc/alpha_test/install/alpha_driver/share/alpha_driver/local_setup.sh
[0.762s] -- Up-to-date: /home/gordonc/alpha_test/install/alpha_driver/share/alpha_driver/local_setup.zsh
[0.762s] -- Up-to-date: /home/gordonc/alpha_test/install/alpha_driver/share/alpha_driver/local_setup.dsv
[0.762s] -- Installing: /home/gordonc/alpha_test/install/alpha_driver/share/alpha_driver/package.dsv
[0.763s] -- Up-to-date: /home/gordonc/alpha_test/install/alpha_driver/share/ament_index/resource_index/packages/alpha_driver
[0.763s] -- Up-to-date: /home/gordonc/alpha_test/install/alpha_driver/share/alpha_driver/cmake/alpha_driverExport.cmake
[0.763s] -- Up-to-date: /home/gordonc/alpha_test/install/alpha_driver/share/alpha_driver/cmake/alpha_driverExport-noconfig.cmake
[0.764s] -- Up-to-date: /home/gordonc/alpha_test/install/alpha_driver/share/alpha_driver/cmake/ament_cmake_export_targets-extras.cmake
[0.764s] -- Up-to-date: /home/gordonc/alpha_test/install/alpha_driver/share/alpha_driver/cmake/ament_cmake_export_dependencies-extras.cmake
[0.764s] -- Up-to-date: /home/gordonc/alpha_test/install/alpha_driver/share/alpha_driver/cmake/alpha_driverConfig.cmake
[0.765s] -- Up-to-date: /home/gordonc/alpha_test/install/alpha_driver/share/alpha_driver/cmake/alpha_driverConfig-version.cmake
[0.765s] -- Up-to-date: /home/gordonc/alpha_test/install/alpha_driver/share/alpha_driver/package.xml
[0.768s] Invoked command in '/home/gordonc/alpha_test/build/alpha_driver' returned '0': CMAKE_PREFIX_PATH=${CMAKE_PREFIX_PATH}:/home/gordonc/colcon_ws/install/blue_manager:/home/gordonc/colcon_ws/install/blue_localization:/home/gordonc/colcon_ws/install/blue_joy:/opt/ros/humble /usr/bin/cmake --install /home/gordonc/alpha_test/build/alpha_driver
