[0.254s] DEBUG:colcon:Command line arguments: ['/usr/bin/colcon', 'build']
[0.255s] DEBUG:colcon:Parsed command line arguments: Namespace(log_base=None, log_level=None, verb_name='build', build_base='build', install_base='install', merge_install=False, symlink_install=False, test_result_base=None, continue_on_error=False, executor='parallel', parallel_workers=8, event_handlers=None, ignore_user_meta=False, metas=['./colcon.meta'], base_paths=['.'], packages_ignore=None, packages_ignore_regex=None, paths=None, packages_up_to=None, packages_up_to_regex=None, packages_above=None, packages_above_and_dependencies=None, packages_above_depth=None, packages_select_by_dep=None, packages_skip_by_dep=None, packages_skip_up_to=None, packages_select_build_failed=False, packages_skip_build_finished=False, packages_select_test_failures=False, packages_skip_test_passed=False, packages_select=None, packages_skip=None, packages_select_regex=None, packages_skip_regex=None, packages_start=None, packages_end=None, allow_overriding=[], cmake_args=None, cmake_target=None, cmake_target_skip_unavailable=False, cmake_clean_cache=False, cmake_clean_first=False, cmake_force_configure=False, ament_cmake_args=None, catkin_cmake_args=None, catkin_skip_building_tests=False, mixin_files=None, mixin=None, verb_parser=<colcon_mixin.mixin.mixin_argument.MixinArgumentDecorator object at 0x7b0151c68220>, verb_extension=<colcon_core.verb.build.BuildVerb object at 0x7b0151d78970>, main=<bound method BuildVerb.main of <colcon_core.verb.build.BuildVerb object at 0x7b0151d78970>>, mixin_verb=('build',))
[0.313s] Level 1:colcon.colcon_core.package_discovery:discover_packages(colcon_meta) check parameters
[0.314s] Level 1:colcon.colcon_core.package_discovery:discover_packages(recursive) check parameters
[0.314s] Level 1:colcon.colcon_core.package_discovery:discover_packages(ignore) check parameters
[0.314s] Level 1:colcon.colcon_core.package_discovery:discover_packages(path) check parameters
[0.314s] Level 1:colcon.colcon_core.package_discovery:discover_packages(colcon_meta) discover
[0.314s] Level 1:colcon.colcon_core.package_discovery:discover_packages(recursive) discover
[0.314s] INFO:colcon.colcon_core.package_discovery:Crawling recursively for packages in '/home/gordonc/alpha_test'
[0.314s] Level 1:colcon.colcon_core.package_identification:_identify(.) by extensions ['ignore', 'ignore_ament_install']
[0.314s] Level 1:colcon.colcon_core.package_identification:_identify(.) by extension 'ignore'
[0.314s] Level 1:colcon.colcon_core.package_identification:_identify(.) by extension 'ignore_ament_install'
[0.314s] Level 1:colcon.colcon_core.package_identification:_identify(.) by extensions ['colcon_pkg']
[0.315s] Level 1:colcon.colcon_core.package_identification:_identify(.) by extension 'colcon_pkg'
[0.315s] Level 1:colcon.colcon_core.package_identification:_identify(.) by extensions ['colcon_meta']
[0.315s] Level 1:colcon.colcon_core.package_identification:_identify(.) by extension 'colcon_meta'
[0.315s] Level 1:colcon.colcon_core.package_identification:_identify(.) by extensions ['ros']
[0.315s] Level 1:colcon.colcon_core.package_identification:_identify(.) by extension 'ros'
[0.336s] Level 1:colcon.colcon_core.package_identification:_identify(.) by extensions ['cmake', 'python']
[0.336s] Level 1:colcon.colcon_core.package_identification:_identify(.) by extension 'cmake'
[0.336s] Level 1:colcon.colcon_core.package_identification:_identify(.) by extension 'python'
[0.336s] Level 1:colcon.colcon_core.package_identification:_identify(.) by extensions ['python_setup_py']
[0.336s] Level 1:colcon.colcon_core.package_identification:_identify(.) by extension 'python_setup_py'
[0.336s] Level 1:colcon.colcon_core.package_identification:_identify(build) by extensions ['ignore', 'ignore_ament_install']
[0.336s] Level 1:colcon.colcon_core.package_identification:_identify(build) by extension 'ignore'
[0.336s] Level 1:colcon.colcon_core.package_identification:_identify(build) ignored
[0.337s] Level 1:colcon.colcon_core.package_identification:_identify(install) by extensions ['ignore', 'ignore_ament_install']
[0.337s] Level 1:colcon.colcon_core.package_identification:_identify(install) by extension 'ignore'
[0.337s] Level 1:colcon.colcon_core.package_identification:_identify(install) ignored
[0.337s] Level 1:colcon.colcon_core.package_identification:_identify(log) by extensions ['ignore', 'ignore_ament_install']
[0.337s] Level 1:colcon.colcon_core.package_identification:_identify(log) by extension 'ignore'
[0.337s] Level 1:colcon.colcon_core.package_identification:_identify(log) ignored
[0.337s] Level 1:colcon.colcon_core.package_identification:_identify(src) by extensions ['ignore', 'ignore_ament_install']
[0.337s] Level 1:colcon.colcon_core.package_identification:_identify(src) by extension 'ignore'
[0.338s] Level 1:colcon.colcon_core.package_identification:_identify(src) by extension 'ignore_ament_install'
[0.338s] Level 1:colcon.colcon_core.package_identification:_identify(src) by extensions ['colcon_pkg']
[0.338s] Level 1:colcon.colcon_core.package_identification:_identify(src) by extension 'colcon_pkg'
[0.338s] Level 1:colcon.colcon_core.package_identification:_identify(src) by extensions ['colcon_meta']
[0.338s] Level 1:colcon.colcon_core.package_identification:_identify(src) by extension 'colcon_meta'
[0.338s] Level 1:colcon.colcon_core.package_identification:_identify(src) by extensions ['ros']
[0.338s] Level 1:colcon.colcon_core.package_identification:_identify(src) by extension 'ros'
[0.338s] Level 1:colcon.colcon_core.package_identification:_identify(src) by extensions ['cmake', 'python']
[0.338s] Level 1:colcon.colcon_core.package_identification:_identify(src) by extension 'cmake'
[0.338s] Level 1:colcon.colcon_core.package_identification:_identify(src) by extension 'python'
[0.338s] Level 1:colcon.colcon_core.package_identification:_identify(src) by extensions ['python_setup_py']
[0.338s] Level 1:colcon.colcon_core.package_identification:_identify(src) by extension 'python_setup_py'
[0.339s] Level 1:colcon.colcon_core.package_identification:_identify(src/alpha) by extensions ['ignore', 'ignore_ament_install']
[0.339s] Level 1:colcon.colcon_core.package_identification:_identify(src/alpha) by extension 'ignore'
[0.339s] Level 1:colcon.colcon_core.package_identification:_identify(src/alpha) by extension 'ignore_ament_install'
[0.339s] Level 1:colcon.colcon_core.package_identification:_identify(src/alpha) by extensions ['colcon_pkg']
[0.339s] Level 1:colcon.colcon_core.package_identification:_identify(src/alpha) by extension 'colcon_pkg'
[0.339s] Level 1:colcon.colcon_core.package_identification:_identify(src/alpha) by extensions ['colcon_meta']
[0.339s] Level 1:colcon.colcon_core.package_identification:_identify(src/alpha) by extension 'colcon_meta'
[0.339s] Level 1:colcon.colcon_core.package_identification:_identify(src/alpha) by extensions ['ros']
[0.339s] Level 1:colcon.colcon_core.package_identification:_identify(src/alpha) by extension 'ros'
[0.339s] Level 1:colcon.colcon_core.package_identification:_identify(src/alpha) by extensions ['cmake', 'python']
[0.339s] Level 1:colcon.colcon_core.package_identification:_identify(src/alpha) by extension 'cmake'
[0.339s] Level 1:colcon.colcon_core.package_identification:_identify(src/alpha) by extension 'python'
[0.339s] Level 1:colcon.colcon_core.package_identification:_identify(src/alpha) by extensions ['python_setup_py']
[0.339s] Level 1:colcon.colcon_core.package_identification:_identify(src/alpha) by extension 'python_setup_py'
[0.340s] Level 1:colcon.colcon_core.package_identification:_identify(src/alpha/alpha_bringup) by extensions ['ignore', 'ignore_ament_install']
[0.340s] Level 1:colcon.colcon_core.package_identification:_identify(src/alpha/alpha_bringup) by extension 'ignore'
[0.340s] Level 1:colcon.colcon_core.package_identification:_identify(src/alpha/alpha_bringup) by extension 'ignore_ament_install'
[0.340s] Level 1:colcon.colcon_core.package_identification:_identify(src/alpha/alpha_bringup) by extensions ['colcon_pkg']
[0.340s] Level 1:colcon.colcon_core.package_identification:_identify(src/alpha/alpha_bringup) by extension 'colcon_pkg'
[0.340s] Level 1:colcon.colcon_core.package_identification:_identify(src/alpha/alpha_bringup) by extensions ['colcon_meta']
[0.340s] Level 1:colcon.colcon_core.package_identification:_identify(src/alpha/alpha_bringup) by extension 'colcon_meta'
[0.340s] Level 1:colcon.colcon_core.package_identification:_identify(src/alpha/alpha_bringup) by extensions ['ros']
[0.340s] Level 1:colcon.colcon_core.package_identification:_identify(src/alpha/alpha_bringup) by extension 'ros'
[0.344s] DEBUG:colcon.colcon_core.package_identification:Package 'src/alpha/alpha_bringup' with type 'ros.ament_cmake' and name 'alpha_bringup'
[0.344s] Level 1:colcon.colcon_core.package_identification:_identify(src/alpha/alpha_description) by extensions ['ignore', 'ignore_ament_install']
[0.344s] Level 1:colcon.colcon_core.package_identification:_identify(src/alpha/alpha_description) by extension 'ignore'
[0.344s] Level 1:colcon.colcon_core.package_identification:_identify(src/alpha/alpha_description) by extension 'ignore_ament_install'
[0.344s] Level 1:colcon.colcon_core.package_identification:_identify(src/alpha/alpha_description) by extensions ['colcon_pkg']
[0.344s] Level 1:colcon.colcon_core.package_identification:_identify(src/alpha/alpha_description) by extension 'colcon_pkg'
[0.345s] Level 1:colcon.colcon_core.package_identification:_identify(src/alpha/alpha_description) by extensions ['colcon_meta']
[0.345s] Level 1:colcon.colcon_core.package_identification:_identify(src/alpha/alpha_description) by extension 'colcon_meta'
[0.345s] Level 1:colcon.colcon_core.package_identification:_identify(src/alpha/alpha_description) by extensions ['ros']
[0.345s] Level 1:colcon.colcon_core.package_identification:_identify(src/alpha/alpha_description) by extension 'ros'
[0.345s] DEBUG:colcon.colcon_core.package_identification:Package 'src/alpha/alpha_description' with type 'ros.ament_cmake' and name 'alpha_description'
[0.345s] Level 1:colcon.colcon_core.package_identification:_identify(src/alpha/alpha_driver) by extensions ['ignore', 'ignore_ament_install']
[0.346s] Level 1:colcon.colcon_core.package_identification:_identify(src/alpha/alpha_driver) by extension 'ignore'
[0.346s] Level 1:colcon.colcon_core.package_identification:_identify(src/alpha/alpha_driver) by extension 'ignore_ament_install'
[0.346s] Level 1:colcon.colcon_core.package_identification:_identify(src/alpha/alpha_driver) by extensions ['colcon_pkg']
[0.346s] Level 1:colcon.colcon_core.package_identification:_identify(src/alpha/alpha_driver) by extension 'colcon_pkg'
[0.346s] Level 1:colcon.colcon_core.package_identification:_identify(src/alpha/alpha_driver) by extensions ['colcon_meta']
[0.346s] Level 1:colcon.colcon_core.package_identification:_identify(src/alpha/alpha_driver) by extension 'colcon_meta'
[0.346s] Level 1:colcon.colcon_core.package_identification:_identify(src/alpha/alpha_driver) by extensions ['ros']
[0.346s] Level 1:colcon.colcon_core.package_identification:_identify(src/alpha/alpha_driver) by extension 'ros'
[0.347s] DEBUG:colcon.colcon_core.package_identification:Package 'src/alpha/alpha_driver' with type 'ros.ament_cmake' and name 'alpha_driver'
[0.347s] Level 1:colcon.colcon_core.package_identification:_identify(src/alpha/alpha_hardware) by extensions ['ignore', 'ignore_ament_install']
[0.347s] Level 1:colcon.colcon_core.package_identification:_identify(src/alpha/alpha_hardware) by extension 'ignore'
[0.347s] Level 1:colcon.colcon_core.package_identification:_identify(src/alpha/alpha_hardware) by extension 'ignore_ament_install'
[0.347s] Level 1:colcon.colcon_core.package_identification:_identify(src/alpha/alpha_hardware) by extensions ['colcon_pkg']
[0.347s] Level 1:colcon.colcon_core.package_identification:_identify(src/alpha/alpha_hardware) by extension 'colcon_pkg'
[0.348s] Level 1:colcon.colcon_core.package_identification:_identify(src/alpha/alpha_hardware) by extensions ['colcon_meta']
[0.348s] Level 1:colcon.colcon_core.package_identification:_identify(src/alpha/alpha_hardware) by extension 'colcon_meta'
[0.348s] Level 1:colcon.colcon_core.package_identification:_identify(src/alpha/alpha_hardware) by extensions ['ros']
[0.348s] Level 1:colcon.colcon_core.package_identification:_identify(src/alpha/alpha_hardware) by extension 'ros'
[0.349s] DEBUG:colcon.colcon_core.package_identification:Package 'src/alpha/alpha_hardware' with type 'ros.ament_cmake' and name 'alpha_hardware'
[0.349s] Level 1:colcon.colcon_core.package_identification:_identify(src/alpha_moveit) by extensions ['ignore', 'ignore_ament_install']
[0.349s] Level 1:colcon.colcon_core.package_identification:_identify(src/alpha_moveit) by extension 'ignore'
[0.349s] Level 1:colcon.colcon_core.package_identification:_identify(src/alpha_moveit) by extension 'ignore_ament_install'
[0.349s] Level 1:colcon.colcon_core.package_identification:_identify(src/alpha_moveit) by extensions ['colcon_pkg']
[0.349s] Level 1:colcon.colcon_core.package_identification:_identify(src/alpha_moveit) by extension 'colcon_pkg'
[0.349s] Level 1:colcon.colcon_core.package_identification:_identify(src/alpha_moveit) by extensions ['colcon_meta']
[0.349s] Level 1:colcon.colcon_core.package_identification:_identify(src/alpha_moveit) by extension 'colcon_meta'
[0.350s] Level 1:colcon.colcon_core.package_identification:_identify(src/alpha_moveit) by extensions ['ros']
[0.350s] Level 1:colcon.colcon_core.package_identification:_identify(src/alpha_moveit) by extension 'ros'
[0.350s] DEBUG:colcon.colcon_core.package_identification:Package 'src/alpha_moveit' with type 'ros.ament_cmake' and name 'alpha_moveit'
[0.350s] Level 1:colcon.colcon_core.package_discovery:discover_packages(recursive) using defaults
[0.351s] Level 1:colcon.colcon_core.package_discovery:discover_packages(ignore) discover
[0.351s] Level 1:colcon.colcon_core.package_discovery:discover_packages(ignore) using defaults
[0.351s] Level 1:colcon.colcon_core.package_discovery:discover_packages(path) discover
[0.351s] Level 1:colcon.colcon_core.package_discovery:discover_packages(path) using defaults
[0.382s] Level 1:colcon.colcon_core.package_discovery:discover_packages(prefix_path) check parameters
[0.382s] Level 1:colcon.colcon_core.package_discovery:discover_packages(prefix_path) discover
[0.388s] DEBUG:colcon.colcon_installed_package_information.package_discovery:Found 35 installed packages in /home/gordonc/colcon_ws/install
[0.392s] DEBUG:colcon.colcon_installed_package_information.package_discovery:Found 425 installed packages in /opt/ros/humble
[0.395s] Level 1:colcon.colcon_core.package_discovery:discover_packages(prefix_path) using defaults
[0.479s] Level 5:colcon.colcon_core.verb:set package 'alpha_description' build argument 'cmake_args' from command line to 'None'
[0.479s] Level 5:colcon.colcon_core.verb:set package 'alpha_description' build argument 'cmake_target' from command line to 'None'
[0.479s] Level 5:colcon.colcon_core.verb:set package 'alpha_description' build argument 'cmake_target_skip_unavailable' from command line to 'False'
[0.479s] Level 5:colcon.colcon_core.verb:set package 'alpha_description' build argument 'cmake_clean_cache' from command line to 'False'
[0.480s] Level 5:colcon.colcon_core.verb:set package 'alpha_description' build argument 'cmake_clean_first' from command line to 'False'
[0.480s] Level 5:colcon.colcon_core.verb:set package 'alpha_description' build argument 'cmake_force_configure' from command line to 'False'
[0.480s] Level 5:colcon.colcon_core.verb:set package 'alpha_description' build argument 'ament_cmake_args' from command line to 'None'
[0.480s] Level 5:colcon.colcon_core.verb:set package 'alpha_description' build argument 'catkin_cmake_args' from command line to 'None'
[0.480s] Level 5:colcon.colcon_core.verb:set package 'alpha_description' build argument 'catkin_skip_building_tests' from command line to 'False'
[0.480s] DEBUG:colcon.colcon_core.verb:Building package 'alpha_description' with the following arguments: {'ament_cmake_args': None, 'build_base': '/home/gordonc/alpha_test/build/alpha_description', 'catkin_cmake_args': None, 'catkin_skip_building_tests': False, 'cmake_args': None, 'cmake_clean_cache': False, 'cmake_clean_first': False, 'cmake_force_configure': False, 'cmake_target': None, 'cmake_target_skip_unavailable': False, 'install_base': '/home/gordonc/alpha_test/install/alpha_description', 'merge_install': False, 'path': '/home/gordonc/alpha_test/src/alpha/alpha_description', 'symlink_install': False, 'test_result_base': None}
[0.480s] Level 5:colcon.colcon_core.verb:set package 'alpha_driver' build argument 'cmake_args' from command line to 'None'
[0.480s] Level 5:colcon.colcon_core.verb:set package 'alpha_driver' build argument 'cmake_target' from command line to 'None'
[0.480s] Level 5:colcon.colcon_core.verb:set package 'alpha_driver' build argument 'cmake_target_skip_unavailable' from command line to 'False'
[0.480s] Level 5:colcon.colcon_core.verb:set package 'alpha_driver' build argument 'cmake_clean_cache' from command line to 'False'
[0.480s] Level 5:colcon.colcon_core.verb:set package 'alpha_driver' build argument 'cmake_clean_first' from command line to 'False'
[0.480s] Level 5:colcon.colcon_core.verb:set package 'alpha_driver' build argument 'cmake_force_configure' from command line to 'False'
[0.480s] Level 5:colcon.colcon_core.verb:set package 'alpha_driver' build argument 'ament_cmake_args' from command line to 'None'
[0.480s] Level 5:colcon.colcon_core.verb:set package 'alpha_driver' build argument 'catkin_cmake_args' from command line to 'None'
[0.480s] Level 5:colcon.colcon_core.verb:set package 'alpha_driver' build argument 'catkin_skip_building_tests' from command line to 'False'
[0.481s] DEBUG:colcon.colcon_core.verb:Building package 'alpha_driver' with the following arguments: {'ament_cmake_args': None, 'build_base': '/home/gordonc/alpha_test/build/alpha_driver', 'catkin_cmake_args': None, 'catkin_skip_building_tests': False, 'cmake_args': None, 'cmake_clean_cache': False, 'cmake_clean_first': False, 'cmake_force_configure': False, 'cmake_target': None, 'cmake_target_skip_unavailable': False, 'install_base': '/home/gordonc/alpha_test/install/alpha_driver', 'merge_install': False, 'path': '/home/gordonc/alpha_test/src/alpha/alpha_driver', 'symlink_install': False, 'test_result_base': None}
[0.481s] Level 5:colcon.colcon_core.verb:set package 'alpha_moveit' build argument 'cmake_args' from command line to 'None'
[0.481s] Level 5:colcon.colcon_core.verb:set package 'alpha_moveit' build argument 'cmake_target' from command line to 'None'
[0.481s] Level 5:colcon.colcon_core.verb:set package 'alpha_moveit' build argument 'cmake_target_skip_unavailable' from command line to 'False'
[0.481s] Level 5:colcon.colcon_core.verb:set package 'alpha_moveit' build argument 'cmake_clean_cache' from command line to 'False'
[0.481s] Level 5:colcon.colcon_core.verb:set package 'alpha_moveit' build argument 'cmake_clean_first' from command line to 'False'
[0.481s] Level 5:colcon.colcon_core.verb:set package 'alpha_moveit' build argument 'cmake_force_configure' from command line to 'False'
[0.481s] Level 5:colcon.colcon_core.verb:set package 'alpha_moveit' build argument 'ament_cmake_args' from command line to 'None'
[0.481s] Level 5:colcon.colcon_core.verb:set package 'alpha_moveit' build argument 'catkin_cmake_args' from command line to 'None'
[0.481s] Level 5:colcon.colcon_core.verb:set package 'alpha_moveit' build argument 'catkin_skip_building_tests' from command line to 'False'
[0.481s] DEBUG:colcon.colcon_core.verb:Building package 'alpha_moveit' with the following arguments: {'ament_cmake_args': None, 'build_base': '/home/gordonc/alpha_test/build/alpha_moveit', 'catkin_cmake_args': None, 'catkin_skip_building_tests': False, 'cmake_args': None, 'cmake_clean_cache': False, 'cmake_clean_first': False, 'cmake_force_configure': False, 'cmake_target': None, 'cmake_target_skip_unavailable': False, 'install_base': '/home/gordonc/alpha_test/install/alpha_moveit', 'merge_install': False, 'path': '/home/gordonc/alpha_test/src/alpha_moveit', 'symlink_install': False, 'test_result_base': None}
[0.482s] Level 5:colcon.colcon_core.verb:set package 'alpha_hardware' build argument 'cmake_args' from command line to 'None'
[0.482s] Level 5:colcon.colcon_core.verb:set package 'alpha_hardware' build argument 'cmake_target' from command line to 'None'
[0.482s] Level 5:colcon.colcon_core.verb:set package 'alpha_hardware' build argument 'cmake_target_skip_unavailable' from command line to 'False'
[0.482s] Level 5:colcon.colcon_core.verb:set package 'alpha_hardware' build argument 'cmake_clean_cache' from command line to 'False'
[0.482s] Level 5:colcon.colcon_core.verb:set package 'alpha_hardware' build argument 'cmake_clean_first' from command line to 'False'
[0.482s] Level 5:colcon.colcon_core.verb:set package 'alpha_hardware' build argument 'cmake_force_configure' from command line to 'False'
[0.482s] Level 5:colcon.colcon_core.verb:set package 'alpha_hardware' build argument 'ament_cmake_args' from command line to 'None'
[0.482s] Level 5:colcon.colcon_core.verb:set package 'alpha_hardware' build argument 'catkin_cmake_args' from command line to 'None'
[0.482s] Level 5:colcon.colcon_core.verb:set package 'alpha_hardware' build argument 'catkin_skip_building_tests' from command line to 'False'
[0.482s] DEBUG:colcon.colcon_core.verb:Building package 'alpha_hardware' with the following arguments: {'ament_cmake_args': None, 'build_base': '/home/gordonc/alpha_test/build/alpha_hardware', 'catkin_cmake_args': None, 'catkin_skip_building_tests': False, 'cmake_args': None, 'cmake_clean_cache': False, 'cmake_clean_first': False, 'cmake_force_configure': False, 'cmake_target': None, 'cmake_target_skip_unavailable': False, 'install_base': '/home/gordonc/alpha_test/install/alpha_hardware', 'merge_install': False, 'path': '/home/gordonc/alpha_test/src/alpha/alpha_hardware', 'symlink_install': False, 'test_result_base': None}
[0.483s] Level 5:colcon.colcon_core.verb:set package 'alpha_bringup' build argument 'cmake_args' from command line to 'None'
[0.483s] Level 5:colcon.colcon_core.verb:set package 'alpha_bringup' build argument 'cmake_target' from command line to 'None'
[0.483s] Level 5:colcon.colcon_core.verb:set package 'alpha_bringup' build argument 'cmake_target_skip_unavailable' from command line to 'False'
[0.483s] Level 5:colcon.colcon_core.verb:set package 'alpha_bringup' build argument 'cmake_clean_cache' from command line to 'False'
[0.483s] Level 5:colcon.colcon_core.verb:set package 'alpha_bringup' build argument 'cmake_clean_first' from command line to 'False'
[0.483s] Level 5:colcon.colcon_core.verb:set package 'alpha_bringup' build argument 'cmake_force_configure' from command line to 'False'
[0.483s] Level 5:colcon.colcon_core.verb:set package 'alpha_bringup' build argument 'ament_cmake_args' from command line to 'None'
[0.483s] Level 5:colcon.colcon_core.verb:set package 'alpha_bringup' build argument 'catkin_cmake_args' from command line to 'None'
[0.483s] Level 5:colcon.colcon_core.verb:set package 'alpha_bringup' build argument 'catkin_skip_building_tests' from command line to 'False'
[0.483s] DEBUG:colcon.colcon_core.verb:Building package 'alpha_bringup' with the following arguments: {'ament_cmake_args': None, 'build_base': '/home/gordonc/alpha_test/build/alpha_bringup', 'catkin_cmake_args': None, 'catkin_skip_building_tests': False, 'cmake_args': None, 'cmake_clean_cache': False, 'cmake_clean_first': False, 'cmake_force_configure': False, 'cmake_target': None, 'cmake_target_skip_unavailable': False, 'install_base': '/home/gordonc/alpha_test/install/alpha_bringup', 'merge_install': False, 'path': '/home/gordonc/alpha_test/src/alpha/alpha_bringup', 'symlink_install': False, 'test_result_base': None}
[0.484s] INFO:colcon.colcon_core.executor:Executing jobs using 'parallel' executor
[0.486s] DEBUG:colcon.colcon_parallel_executor.executor.parallel:run_until_complete
[0.486s] INFO:colcon.colcon_ros.task.ament_cmake.build:Building ROS package in '/home/gordonc/alpha_test/src/alpha/alpha_driver' with build type 'ament_cmake'
[0.487s] INFO:colcon.colcon_cmake.task.cmake.build:Building CMake package in '/home/gordonc/alpha_test/src/alpha/alpha_driver'
[0.492s] INFO:colcon.colcon_core.plugin_system:Skipping extension 'colcon_core.shell.bat': Not used on non-Windows systems
[0.492s] INFO:colcon.colcon_core.shell:Skip shell extension 'powershell' for command environment: Not usable outside of PowerShell
[0.492s] DEBUG:colcon.colcon_core.shell:Skip shell extension 'dsv' for command environment
[0.501s] INFO:colcon.colcon_ros.task.ament_cmake.build:Building ROS package in '/home/gordonc/alpha_test/src/alpha/alpha_description' with build type 'ament_cmake'
[0.501s] INFO:colcon.colcon_cmake.task.cmake.build:Building CMake package in '/home/gordonc/alpha_test/src/alpha/alpha_description'
[0.502s] INFO:colcon.colcon_core.shell:Skip shell extension 'powershell' for command environment: Not usable outside of PowerShell
[0.502s] DEBUG:colcon.colcon_core.shell:Skip shell extension 'dsv' for command environment
[0.511s] INFO:colcon.colcon_ros.task.ament_cmake.build:Building ROS package in '/home/gordonc/alpha_test/src/alpha_moveit' with build type 'ament_cmake'
[0.512s] INFO:colcon.colcon_cmake.task.cmake.build:Building CMake package in '/home/gordonc/alpha_test/src/alpha_moveit'
[0.512s] INFO:colcon.colcon_core.shell:Skip shell extension 'powershell' for command environment: Not usable outside of PowerShell
[0.512s] DEBUG:colcon.colcon_core.shell:Skip shell extension 'dsv' for command environment
[0.530s] DEBUG:colcon.colcon_core.event_handler.log_command:Invoking command in '/home/gordonc/alpha_test/build/alpha_driver': CMAKE_PREFIX_PATH=${CMAKE_PREFIX_PATH}:/home/gordonc/colcon_ws/install/blue_manager:/home/gordonc/colcon_ws/install/blue_localization:/home/gordonc/colcon_ws/install/blue_joy:/opt/ros/humble /usr/bin/cmake --build /home/gordonc/alpha_test/build/alpha_driver -- -j8 -l8
[0.540s] DEBUG:colcon.colcon_core.event_handler.log_command:Invoking command in '/home/gordonc/alpha_test/build/alpha_description': CMAKE_PREFIX_PATH=${CMAKE_PREFIX_PATH}:/home/gordonc/colcon_ws/install/blue_manager:/home/gordonc/colcon_ws/install/blue_localization:/home/gordonc/colcon_ws/install/blue_joy:/opt/ros/humble /usr/bin/cmake --build /home/gordonc/alpha_test/build/alpha_description -- -j8 -l8
[0.552s] DEBUG:colcon.colcon_core.event_handler.log_command:Invoking command in '/home/gordonc/alpha_test/build/alpha_moveit': CMAKE_PREFIX_PATH=${CMAKE_PREFIX_PATH}:/home/gordonc/colcon_ws/install/blue_manager:/home/gordonc/colcon_ws/install/blue_localization:/home/gordonc/colcon_ws/install/blue_joy:/opt/ros/humble /usr/bin/cmake --build /home/gordonc/alpha_test/build/alpha_moveit -- -j8 -l8
[0.648s] DEBUG:colcon.colcon_core.event_handler.log_command:Invoked command in '/home/gordonc/alpha_test/build/alpha_description' returned '0': CMAKE_PREFIX_PATH=${CMAKE_PREFIX_PATH}:/home/gordonc/colcon_ws/install/blue_manager:/home/gordonc/colcon_ws/install/blue_localization:/home/gordonc/colcon_ws/install/blue_joy:/opt/ros/humble /usr/bin/cmake --build /home/gordonc/alpha_test/build/alpha_description -- -j8 -l8
[0.727s] DEBUG:colcon.colcon_core.event_handler.log_command:Invoking command in '/home/gordonc/alpha_test/build/alpha_description': CMAKE_PREFIX_PATH=${CMAKE_PREFIX_PATH}:/home/gordonc/colcon_ws/install/blue_manager:/home/gordonc/colcon_ws/install/blue_localization:/home/gordonc/colcon_ws/install/blue_joy:/opt/ros/humble /usr/bin/cmake --install /home/gordonc/alpha_test/build/alpha_description
[0.753s] Level 1:colcon.colcon_core.environment:create_environment_scripts_only(alpha_description)
[0.768s] DEBUG:colcon.colcon_core.event_handler.log_command:Invoked command in '/home/gordonc/alpha_test/build/alpha_description' returned '0': CMAKE_PREFIX_PATH=${CMAKE_PREFIX_PATH}:/home/gordonc/colcon_ws/install/blue_manager:/home/gordonc/colcon_ws/install/blue_localization:/home/gordonc/colcon_ws/install/blue_joy:/opt/ros/humble /usr/bin/cmake --install /home/gordonc/alpha_test/build/alpha_description
[0.785s] Level 1:colcon.colcon_core.environment:checking '/home/gordonc/alpha_test/install/alpha_description' for CMake module files
[0.788s] Level 1:colcon.colcon_core.environment:checking '/home/gordonc/alpha_test/install/alpha_description' for CMake config files
[0.788s] Level 1:colcon.colcon_core.shell:create_environment_hook('alpha_description', 'cmake_prefix_path')
[0.789s] INFO:colcon.colcon_core.shell:Creating environment hook '/home/gordonc/alpha_test/install/alpha_description/share/alpha_description/hook/cmake_prefix_path.ps1'
[0.791s] INFO:colcon.colcon_core.shell:Creating environment descriptor '/home/gordonc/alpha_test/install/alpha_description/share/alpha_description/hook/cmake_prefix_path.dsv'
[0.792s] INFO:colcon.colcon_core.shell:Creating environment hook '/home/gordonc/alpha_test/install/alpha_description/share/alpha_description/hook/cmake_prefix_path.sh'
[0.794s] Level 1:colcon.colcon_core.environment:checking '/home/gordonc/alpha_test/install/alpha_description/bin'
[0.795s] Level 1:colcon.colcon_core.environment:checking '/home/gordonc/alpha_test/install/alpha_description/lib/pkgconfig/alpha_description.pc'
[0.795s] Level 1:colcon.colcon_core.environment:checking '/home/gordonc/alpha_test/install/alpha_description/lib/python3.10/site-packages'
[0.796s] Level 1:colcon.colcon_core.environment:checking '/home/gordonc/alpha_test/install/alpha_description/bin'
[0.797s] INFO:colcon.colcon_core.shell:Creating package script '/home/gordonc/alpha_test/install/alpha_description/share/alpha_description/package.ps1'
[0.799s] INFO:colcon.colcon_core.shell:Creating package descriptor '/home/gordonc/alpha_test/install/alpha_description/share/alpha_description/package.dsv'
[0.799s] INFO:colcon.colcon_core.shell:Creating package script '/home/gordonc/alpha_test/install/alpha_description/share/alpha_description/package.sh'
[0.801s] INFO:colcon.colcon_core.shell:Creating package script '/home/gordonc/alpha_test/install/alpha_description/share/alpha_description/package.bash'
[0.802s] INFO:colcon.colcon_core.shell:Creating package script '/home/gordonc/alpha_test/install/alpha_description/share/alpha_description/package.zsh'
[0.803s] Level 1:colcon.colcon_core.environment:create_file_with_runtime_dependencies(/home/gordonc/alpha_test/install/alpha_description/share/colcon-core/packages/alpha_description)
[0.810s] DEBUG:colcon.colcon_core.event_handler.log_command:Invoked command in '/home/gordonc/alpha_test/build/alpha_moveit' returned '0': CMAKE_PREFIX_PATH=${CMAKE_PREFIX_PATH}:/home/gordonc/colcon_ws/install/blue_manager:/home/gordonc/colcon_ws/install/blue_localization:/home/gordonc/colcon_ws/install/blue_joy:/opt/ros/humble /usr/bin/cmake --build /home/gordonc/alpha_test/build/alpha_moveit -- -j8 -l8
[0.812s] DEBUG:colcon.colcon_core.event_handler.log_command:Invoked command in '/home/gordonc/alpha_test/build/alpha_driver' returned '0': CMAKE_PREFIX_PATH=${CMAKE_PREFIX_PATH}:/home/gordonc/colcon_ws/install/blue_manager:/home/gordonc/colcon_ws/install/blue_localization:/home/gordonc/colcon_ws/install/blue_joy:/opt/ros/humble /usr/bin/cmake --build /home/gordonc/alpha_test/build/alpha_driver -- -j8 -l8
[0.860s] Level 1:colcon.colcon_core.environment:create_environment_scripts_only(alpha_description)
[0.861s] Level 1:colcon.colcon_core.environment:checking '/home/gordonc/alpha_test/install/alpha_description' for CMake module files
[0.862s] Level 1:colcon.colcon_core.environment:checking '/home/gordonc/alpha_test/install/alpha_description' for CMake config files
[0.863s] Level 1:colcon.colcon_core.shell:create_environment_hook('alpha_description', 'cmake_prefix_path')
[0.864s] INFO:colcon.colcon_core.shell:Creating environment hook '/home/gordonc/alpha_test/install/alpha_description/share/alpha_description/hook/cmake_prefix_path.ps1'
[0.865s] INFO:colcon.colcon_core.shell:Creating environment descriptor '/home/gordonc/alpha_test/install/alpha_description/share/alpha_description/hook/cmake_prefix_path.dsv'
[0.865s] INFO:colcon.colcon_core.shell:Creating environment hook '/home/gordonc/alpha_test/install/alpha_description/share/alpha_description/hook/cmake_prefix_path.sh'
[0.866s] Level 1:colcon.colcon_core.environment:checking '/home/gordonc/alpha_test/install/alpha_description/bin'
[0.867s] Level 1:colcon.colcon_core.environment:checking '/home/gordonc/alpha_test/install/alpha_description/lib/pkgconfig/alpha_description.pc'
[0.867s] Level 1:colcon.colcon_core.environment:checking '/home/gordonc/alpha_test/install/alpha_description/lib/python3.10/site-packages'
[0.867s] Level 1:colcon.colcon_core.environment:checking '/home/gordonc/alpha_test/install/alpha_description/bin'
[0.868s] INFO:colcon.colcon_core.shell:Creating package script '/home/gordonc/alpha_test/install/alpha_description/share/alpha_description/package.ps1'
[0.869s] INFO:colcon.colcon_core.shell:Creating package descriptor '/home/gordonc/alpha_test/install/alpha_description/share/alpha_description/package.dsv'
[0.869s] INFO:colcon.colcon_core.shell:Creating package script '/home/gordonc/alpha_test/install/alpha_description/share/alpha_description/package.sh'
[0.871s] INFO:colcon.colcon_core.shell:Creating package script '/home/gordonc/alpha_test/install/alpha_description/share/alpha_description/package.bash'
[0.872s] INFO:colcon.colcon_core.shell:Creating package script '/home/gordonc/alpha_test/install/alpha_description/share/alpha_description/package.zsh'
[0.873s] Level 1:colcon.colcon_core.environment:create_file_with_runtime_dependencies(/home/gordonc/alpha_test/install/alpha_description/share/colcon-core/packages/alpha_description)
[0.879s] DEBUG:colcon.colcon_core.event_handler.log_command:Invoking command in '/home/gordonc/alpha_test/build/alpha_moveit': CMAKE_PREFIX_PATH=${CMAKE_PREFIX_PATH}:/home/gordonc/colcon_ws/install/blue_manager:/home/gordonc/colcon_ws/install/blue_localization:/home/gordonc/colcon_ws/install/blue_joy:/opt/ros/humble /usr/bin/cmake --install /home/gordonc/alpha_test/build/alpha_moveit
[0.905s] Level 1:colcon.colcon_core.environment:create_environment_scripts_only(alpha_moveit)
[0.906s] Level 1:colcon.colcon_core.environment:checking '/home/gordonc/alpha_test/install/alpha_moveit' for CMake module files
[0.908s] DEBUG:colcon.colcon_core.event_handler.log_command:Invoked command in '/home/gordonc/alpha_test/build/alpha_moveit' returned '0': CMAKE_PREFIX_PATH=${CMAKE_PREFIX_PATH}:/home/gordonc/colcon_ws/install/blue_manager:/home/gordonc/colcon_ws/install/blue_localization:/home/gordonc/colcon_ws/install/blue_joy:/opt/ros/humble /usr/bin/cmake --install /home/gordonc/alpha_test/build/alpha_moveit
[0.909s] Level 1:colcon.colcon_core.environment:checking '/home/gordonc/alpha_test/install/alpha_moveit' for CMake config files
[0.909s] Level 1:colcon.colcon_core.shell:create_environment_hook('alpha_moveit', 'cmake_prefix_path')
[0.909s] INFO:colcon.colcon_core.shell:Creating environment hook '/home/gordonc/alpha_test/install/alpha_moveit/share/alpha_moveit/hook/cmake_prefix_path.ps1'
[0.910s] INFO:colcon.colcon_core.shell:Creating environment descriptor '/home/gordonc/alpha_test/install/alpha_moveit/share/alpha_moveit/hook/cmake_prefix_path.dsv'
[0.911s] INFO:colcon.colcon_core.shell:Creating environment hook '/home/gordonc/alpha_test/install/alpha_moveit/share/alpha_moveit/hook/cmake_prefix_path.sh'
[0.912s] Level 1:colcon.colcon_core.environment:checking '/home/gordonc/alpha_test/install/alpha_moveit/lib'
[0.912s] Level 1:colcon.colcon_core.environment:checking '/home/gordonc/alpha_test/install/alpha_moveit/bin'
[0.912s] Level 1:colcon.colcon_core.environment:checking '/home/gordonc/alpha_test/install/alpha_moveit/lib/pkgconfig/alpha_moveit.pc'
[0.913s] Level 1:colcon.colcon_core.environment:checking '/home/gordonc/alpha_test/install/alpha_moveit/lib/python3.10/site-packages'
[0.913s] Level 1:colcon.colcon_core.environment:checking '/home/gordonc/alpha_test/install/alpha_moveit/bin'
[0.913s] INFO:colcon.colcon_core.shell:Creating package script '/home/gordonc/alpha_test/install/alpha_moveit/share/alpha_moveit/package.ps1'
[0.914s] INFO:colcon.colcon_core.shell:Creating package descriptor '/home/gordonc/alpha_test/install/alpha_moveit/share/alpha_moveit/package.dsv'
[0.915s] INFO:colcon.colcon_core.shell:Creating package script '/home/gordonc/alpha_test/install/alpha_moveit/share/alpha_moveit/package.sh'
[0.916s] INFO:colcon.colcon_core.shell:Creating package script '/home/gordonc/alpha_test/install/alpha_moveit/share/alpha_moveit/package.bash'
[0.916s] INFO:colcon.colcon_core.shell:Creating package script '/home/gordonc/alpha_test/install/alpha_moveit/share/alpha_moveit/package.zsh'
[0.917s] Level 1:colcon.colcon_core.environment:create_file_with_runtime_dependencies(/home/gordonc/alpha_test/install/alpha_moveit/share/colcon-core/packages/alpha_moveit)
[0.939s] DEBUG:colcon.colcon_core.event_handler.log_command:Invoking command in '/home/gordonc/alpha_test/build/alpha_driver': CMAKE_PREFIX_PATH=${CMAKE_PREFIX_PATH}:/home/gordonc/colcon_ws/install/blue_manager:/home/gordonc/colcon_ws/install/blue_localization:/home/gordonc/colcon_ws/install/blue_joy:/opt/ros/humble /usr/bin/cmake --install /home/gordonc/alpha_test/build/alpha_driver
[0.965s] Level 1:colcon.colcon_core.environment:create_environment_scripts_only(alpha_driver)
[0.966s] Level 1:colcon.colcon_core.environment:checking '/home/gordonc/alpha_test/install/alpha_driver' for CMake module files
[0.967s] DEBUG:colcon.colcon_core.event_handler.log_command:Invoked command in '/home/gordonc/alpha_test/build/alpha_driver' returned '0': CMAKE_PREFIX_PATH=${CMAKE_PREFIX_PATH}:/home/gordonc/colcon_ws/install/blue_manager:/home/gordonc/colcon_ws/install/blue_localization:/home/gordonc/colcon_ws/install/blue_joy:/opt/ros/humble /usr/bin/cmake --install /home/gordonc/alpha_test/build/alpha_driver
[0.967s] Level 1:colcon.colcon_core.environment:checking '/home/gordonc/alpha_test/install/alpha_driver' for CMake config files
[0.968s] Level 1:colcon.colcon_core.shell:create_environment_hook('alpha_driver', 'cmake_prefix_path')
[0.968s] INFO:colcon.colcon_core.shell:Creating environment hook '/home/gordonc/alpha_test/install/alpha_driver/share/alpha_driver/hook/cmake_prefix_path.ps1'
[0.969s] INFO:colcon.colcon_core.shell:Creating environment descriptor '/home/gordonc/alpha_test/install/alpha_driver/share/alpha_driver/hook/cmake_prefix_path.dsv'
[0.969s] INFO:colcon.colcon_core.shell:Creating environment hook '/home/gordonc/alpha_test/install/alpha_driver/share/alpha_driver/hook/cmake_prefix_path.sh'
[0.970s] Level 1:colcon.colcon_core.environment:checking '/home/gordonc/alpha_test/install/alpha_driver/lib'
[0.970s] Level 1:colcon.colcon_core.shell:create_environment_hook('alpha_driver', 'ld_library_path_lib')
[0.971s] INFO:colcon.colcon_core.shell:Creating environment hook '/home/gordonc/alpha_test/install/alpha_driver/share/alpha_driver/hook/ld_library_path_lib.ps1'
[0.971s] INFO:colcon.colcon_core.shell:Creating environment descriptor '/home/gordonc/alpha_test/install/alpha_driver/share/alpha_driver/hook/ld_library_path_lib.dsv'
[0.972s] INFO:colcon.colcon_core.shell:Creating environment hook '/home/gordonc/alpha_test/install/alpha_driver/share/alpha_driver/hook/ld_library_path_lib.sh'
[0.973s] Level 1:colcon.colcon_core.environment:checking '/home/gordonc/alpha_test/install/alpha_driver/bin'
[0.973s] Level 1:colcon.colcon_core.environment:checking '/home/gordonc/alpha_test/install/alpha_driver/lib/pkgconfig/alpha_driver.pc'
[0.973s] Level 1:colcon.colcon_core.environment:checking '/home/gordonc/alpha_test/install/alpha_driver/lib/python3.10/site-packages'
[0.974s] Level 1:colcon.colcon_core.environment:checking '/home/gordonc/alpha_test/install/alpha_driver/bin'
[0.975s] INFO:colcon.colcon_core.shell:Creating package script '/home/gordonc/alpha_test/install/alpha_driver/share/alpha_driver/package.ps1'
[0.976s] INFO:colcon.colcon_core.shell:Creating package descriptor '/home/gordonc/alpha_test/install/alpha_driver/share/alpha_driver/package.dsv'
[0.977s] INFO:colcon.colcon_core.shell:Creating package script '/home/gordonc/alpha_test/install/alpha_driver/share/alpha_driver/package.sh'
[0.978s] INFO:colcon.colcon_core.shell:Creating package script '/home/gordonc/alpha_test/install/alpha_driver/share/alpha_driver/package.bash'
[0.979s] INFO:colcon.colcon_core.shell:Creating package script '/home/gordonc/alpha_test/install/alpha_driver/share/alpha_driver/package.zsh'
[0.979s] Level 1:colcon.colcon_core.environment:create_file_with_runtime_dependencies(/home/gordonc/alpha_test/install/alpha_driver/share/colcon-core/packages/alpha_driver)
[0.982s] Level 1:colcon.colcon_core.environment:create_environment_scripts_only(alpha_moveit)
[0.982s] Level 1:colcon.colcon_core.environment:checking '/home/gordonc/alpha_test/install/alpha_moveit' for CMake module files
[0.983s] Level 1:colcon.colcon_core.environment:checking '/home/gordonc/alpha_test/install/alpha_moveit' for CMake config files
[0.983s] Level 1:colcon.colcon_core.shell:create_environment_hook('alpha_moveit', 'cmake_prefix_path')
[0.984s] INFO:colcon.colcon_core.shell:Creating environment hook '/home/gordonc/alpha_test/install/alpha_moveit/share/alpha_moveit/hook/cmake_prefix_path.ps1'
[0.984s] INFO:colcon.colcon_core.shell:Creating environment descriptor '/home/gordonc/alpha_test/install/alpha_moveit/share/alpha_moveit/hook/cmake_prefix_path.dsv'
[0.985s] INFO:colcon.colcon_core.shell:Creating environment hook '/home/gordonc/alpha_test/install/alpha_moveit/share/alpha_moveit/hook/cmake_prefix_path.sh'
[0.986s] Level 1:colcon.colcon_core.environment:checking '/home/gordonc/alpha_test/install/alpha_moveit/lib'
[0.986s] Level 1:colcon.colcon_core.environment:checking '/home/gordonc/alpha_test/install/alpha_moveit/bin'
[0.986s] Level 1:colcon.colcon_core.environment:checking '/home/gordonc/alpha_test/install/alpha_moveit/lib/pkgconfig/alpha_moveit.pc'
[0.986s] Level 1:colcon.colcon_core.environment:checking '/home/gordonc/alpha_test/install/alpha_moveit/lib/python3.10/site-packages'
[0.987s] Level 1:colcon.colcon_core.environment:checking '/home/gordonc/alpha_test/install/alpha_moveit/bin'
[0.987s] INFO:colcon.colcon_core.shell:Creating package script '/home/gordonc/alpha_test/install/alpha_moveit/share/alpha_moveit/package.ps1'
[0.988s] INFO:colcon.colcon_core.shell:Creating package descriptor '/home/gordonc/alpha_test/install/alpha_moveit/share/alpha_moveit/package.dsv'
[0.989s] INFO:colcon.colcon_core.shell:Creating package script '/home/gordonc/alpha_test/install/alpha_moveit/share/alpha_moveit/package.sh'
[0.990s] INFO:colcon.colcon_core.shell:Creating package script '/home/gordonc/alpha_test/install/alpha_moveit/share/alpha_moveit/package.bash'
[0.990s] INFO:colcon.colcon_core.shell:Creating package script '/home/gordonc/alpha_test/install/alpha_moveit/share/alpha_moveit/package.zsh'
[0.991s] Level 1:colcon.colcon_core.environment:create_file_with_runtime_dependencies(/home/gordonc/alpha_test/install/alpha_moveit/share/colcon-core/packages/alpha_moveit)
[1.090s] Level 1:colcon.colcon_core.environment:create_environment_scripts_only(alpha_driver)
[1.091s] Level 1:colcon.colcon_core.environment:checking '/home/gordonc/alpha_test/install/alpha_driver' for CMake module files
[1.092s] Level 1:colcon.colcon_core.environment:checking '/home/gordonc/alpha_test/install/alpha_driver' for CMake config files
[1.092s] Level 1:colcon.colcon_core.shell:create_environment_hook('alpha_driver', 'cmake_prefix_path')
[1.092s] INFO:colcon.colcon_core.shell:Creating environment hook '/home/gordonc/alpha_test/install/alpha_driver/share/alpha_driver/hook/cmake_prefix_path.ps1'
[1.093s] INFO:colcon.colcon_core.shell:Creating environment descriptor '/home/gordonc/alpha_test/install/alpha_driver/share/alpha_driver/hook/cmake_prefix_path.dsv'
[1.094s] INFO:colcon.colcon_core.shell:Creating environment hook '/home/gordonc/alpha_test/install/alpha_driver/share/alpha_driver/hook/cmake_prefix_path.sh'
[1.095s] Level 1:colcon.colcon_core.environment:checking '/home/gordonc/alpha_test/install/alpha_driver/lib'
[1.095s] Level 1:colcon.colcon_core.shell:create_environment_hook('alpha_driver', 'ld_library_path_lib')
[1.095s] INFO:colcon.colcon_core.shell:Creating environment hook '/home/gordonc/alpha_test/install/alpha_driver/share/alpha_driver/hook/ld_library_path_lib.ps1'
[1.096s] INFO:colcon.colcon_core.shell:Creating environment descriptor '/home/gordonc/alpha_test/install/alpha_driver/share/alpha_driver/hook/ld_library_path_lib.dsv'
[1.096s] INFO:colcon.colcon_core.shell:Creating environment hook '/home/gordonc/alpha_test/install/alpha_driver/share/alpha_driver/hook/ld_library_path_lib.sh'
[1.097s] Level 1:colcon.colcon_core.environment:checking '/home/gordonc/alpha_test/install/alpha_driver/bin'
[1.097s] Level 1:colcon.colcon_core.environment:checking '/home/gordonc/alpha_test/install/alpha_driver/lib/pkgconfig/alpha_driver.pc'
[1.097s] Level 1:colcon.colcon_core.environment:checking '/home/gordonc/alpha_test/install/alpha_driver/lib/python3.10/site-packages'
[1.097s] Level 1:colcon.colcon_core.environment:checking '/home/gordonc/alpha_test/install/alpha_driver/bin'
[1.098s] INFO:colcon.colcon_core.shell:Creating package script '/home/gordonc/alpha_test/install/alpha_driver/share/alpha_driver/package.ps1'
[1.099s] INFO:colcon.colcon_core.shell:Creating package descriptor '/home/gordonc/alpha_test/install/alpha_driver/share/alpha_driver/package.dsv'
[1.100s] INFO:colcon.colcon_core.shell:Creating package script '/home/gordonc/alpha_test/install/alpha_driver/share/alpha_driver/package.sh'
[1.100s] INFO:colcon.colcon_core.shell:Creating package script '/home/gordonc/alpha_test/install/alpha_driver/share/alpha_driver/package.bash'
[1.101s] INFO:colcon.colcon_core.shell:Creating package script '/home/gordonc/alpha_test/install/alpha_driver/share/alpha_driver/package.zsh'
[1.102s] Level 1:colcon.colcon_core.environment:create_file_with_runtime_dependencies(/home/gordonc/alpha_test/install/alpha_driver/share/colcon-core/packages/alpha_driver)
[1.102s] INFO:colcon.colcon_ros.task.ament_cmake.build:Building ROS package in '/home/gordonc/alpha_test/src/alpha/alpha_hardware' with build type 'ament_cmake'
[1.102s] INFO:colcon.colcon_cmake.task.cmake.build:Building CMake package in '/home/gordonc/alpha_test/src/alpha/alpha_hardware'
[1.103s] INFO:colcon.colcon_core.shell:Skip shell extension 'powershell' for command environment: Not usable outside of PowerShell
[1.103s] DEBUG:colcon.colcon_core.shell:Skip shell extension 'dsv' for command environment
[1.131s] DEBUG:colcon.colcon_core.event_handler.log_command:Invoking command in '/home/gordonc/alpha_test/build/alpha_hardware': AMENT_PREFIX_PATH=/home/gordonc/alpha_test/install/alpha_driver:${AMENT_PREFIX_PATH} CMAKE_PREFIX_PATH=/home/gordonc/alpha_test/install/alpha_driver:/home/gordonc/colcon_ws/install/test_ros_gz_bridge:/home/gordonc/colcon_ws/install/ros_ign_interfaces:/home/gordonc/colcon_ws/install/ros_ign:/home/gordonc/colcon_ws/install/ros_ign_image:/home/gordonc/colcon_ws/install/ros_ign_gazebo_demos:/home/gordonc/colcon_ws/install/ros_ign_gazebo:/home/gordonc/colcon_ws/install/ros_ign_bridge:/home/gordonc/colcon_ws/install/ros_gz:/home/gordonc/colcon_ws/install/ros_gz_sim_demos:/home/gordonc/colcon_ws/install/ros_gz_sim:/home/gordonc/colcon_ws/install/ros_gz_image:/home/gordonc/colcon_ws/install/ros_gz_bridge:/home/gordonc/colcon_ws/install/ros_gz_interfaces:/home/gordonc/colcon_ws/install/orca_nav2:/home/gordonc/colcon_ws/install/orca_base:/home/gordonc/colcon_ws/install/orca_shared:/home/gordonc/colcon_ws/install/ros2_shared:/home/gordonc/colcon_ws/install/orca_msgs:/home/gordonc/colcon_ws/install/orca_description:/home/gordonc/colcon_ws/install/orca_bringup:/home/gordonc/colcon_ws/install/orb_slam2_ros:/home/gordonc/colcon_ws/install/bluerov2_ignition:/home/gordonc/colcon_ws/install/blue_control:/home/gordonc/colcon_ws/install/blue_dynamics:/home/gordonc/colcon_ws/install/blue_utils:/home/gordonc/colcon_ws/install/blue_description:/home/gordonc/colcon_ws/install/blue_bringup:/home/gordonc/colcon_ws/install/ardupilot_gazebo:/home/gordonc/colcon_ws/install/alpha_bringup:/home/gordonc/colcon_ws/install/alpha_hardware:/home/gordonc/colcon_ws/install/alpha_driver:/home/gordonc/colcon_ws/install/alpha_description:/home/gordonc/colcon_ws/install/blue_manager:/home/gordonc/colcon_ws/install/blue_localization:/home/gordonc/colcon_ws/install/blue_joy:/opt/ros/humble LD_LIBRARY_PATH=/home/gordonc/alpha_test/install/alpha_driver/lib:${LD_LIBRARY_PATH} /usr/bin/cmake --build /home/gordonc/alpha_test/build/alpha_hardware -- -j8 -l8
[1.255s] DEBUG:colcon.colcon_core.event_handler.log_command:Invoked command in '/home/gordonc/alpha_test/build/alpha_hardware' returned '0': AMENT_PREFIX_PATH=/home/gordonc/alpha_test/install/alpha_driver:${AMENT_PREFIX_PATH} CMAKE_PREFIX_PATH=/home/gordonc/alpha_test/install/alpha_driver:/home/gordonc/colcon_ws/install/test_ros_gz_bridge:/home/gordonc/colcon_ws/install/ros_ign_interfaces:/home/gordonc/colcon_ws/install/ros_ign:/home/gordonc/colcon_ws/install/ros_ign_image:/home/gordonc/colcon_ws/install/ros_ign_gazebo_demos:/home/gordonc/colcon_ws/install/ros_ign_gazebo:/home/gordonc/colcon_ws/install/ros_ign_bridge:/home/gordonc/colcon_ws/install/ros_gz:/home/gordonc/colcon_ws/install/ros_gz_sim_demos:/home/gordonc/colcon_ws/install/ros_gz_sim:/home/gordonc/colcon_ws/install/ros_gz_image:/home/gordonc/colcon_ws/install/ros_gz_bridge:/home/gordonc/colcon_ws/install/ros_gz_interfaces:/home/gordonc/colcon_ws/install/orca_nav2:/home/gordonc/colcon_ws/install/orca_base:/home/gordonc/colcon_ws/install/orca_shared:/home/gordonc/colcon_ws/install/ros2_shared:/home/gordonc/colcon_ws/install/orca_msgs:/home/gordonc/colcon_ws/install/orca_description:/home/gordonc/colcon_ws/install/orca_bringup:/home/gordonc/colcon_ws/install/orb_slam2_ros:/home/gordonc/colcon_ws/install/bluerov2_ignition:/home/gordonc/colcon_ws/install/blue_control:/home/gordonc/colcon_ws/install/blue_dynamics:/home/gordonc/colcon_ws/install/blue_utils:/home/gordonc/colcon_ws/install/blue_description:/home/gordonc/colcon_ws/install/blue_bringup:/home/gordonc/colcon_ws/install/ardupilot_gazebo:/home/gordonc/colcon_ws/install/alpha_bringup:/home/gordonc/colcon_ws/install/alpha_hardware:/home/gordonc/colcon_ws/install/alpha_driver:/home/gordonc/colcon_ws/install/alpha_description:/home/gordonc/colcon_ws/install/blue_manager:/home/gordonc/colcon_ws/install/blue_localization:/home/gordonc/colcon_ws/install/blue_joy:/opt/ros/humble LD_LIBRARY_PATH=/home/gordonc/alpha_test/install/alpha_driver/lib:${LD_LIBRARY_PATH} /usr/bin/cmake --build /home/gordonc/alpha_test/build/alpha_hardware -- -j8 -l8
[1.307s] DEBUG:colcon.colcon_core.event_handler.log_command:Invoking command in '/home/gordonc/alpha_test/build/alpha_hardware': AMENT_PREFIX_PATH=/home/gordonc/alpha_test/install/alpha_driver:${AMENT_PREFIX_PATH} CMAKE_PREFIX_PATH=/home/gordonc/alpha_test/install/alpha_driver:/home/gordonc/colcon_ws/install/test_ros_gz_bridge:/home/gordonc/colcon_ws/install/ros_ign_interfaces:/home/gordonc/colcon_ws/install/ros_ign:/home/gordonc/colcon_ws/install/ros_ign_image:/home/gordonc/colcon_ws/install/ros_ign_gazebo_demos:/home/gordonc/colcon_ws/install/ros_ign_gazebo:/home/gordonc/colcon_ws/install/ros_ign_bridge:/home/gordonc/colcon_ws/install/ros_gz:/home/gordonc/colcon_ws/install/ros_gz_sim_demos:/home/gordonc/colcon_ws/install/ros_gz_sim:/home/gordonc/colcon_ws/install/ros_gz_image:/home/gordonc/colcon_ws/install/ros_gz_bridge:/home/gordonc/colcon_ws/install/ros_gz_interfaces:/home/gordonc/colcon_ws/install/orca_nav2:/home/gordonc/colcon_ws/install/orca_base:/home/gordonc/colcon_ws/install/orca_shared:/home/gordonc/colcon_ws/install/ros2_shared:/home/gordonc/colcon_ws/install/orca_msgs:/home/gordonc/colcon_ws/install/orca_description:/home/gordonc/colcon_ws/install/orca_bringup:/home/gordonc/colcon_ws/install/orb_slam2_ros:/home/gordonc/colcon_ws/install/bluerov2_ignition:/home/gordonc/colcon_ws/install/blue_control:/home/gordonc/colcon_ws/install/blue_dynamics:/home/gordonc/colcon_ws/install/blue_utils:/home/gordonc/colcon_ws/install/blue_description:/home/gordonc/colcon_ws/install/blue_bringup:/home/gordonc/colcon_ws/install/ardupilot_gazebo:/home/gordonc/colcon_ws/install/alpha_bringup:/home/gordonc/colcon_ws/install/alpha_hardware:/home/gordonc/colcon_ws/install/alpha_driver:/home/gordonc/colcon_ws/install/alpha_description:/home/gordonc/colcon_ws/install/blue_manager:/home/gordonc/colcon_ws/install/blue_localization:/home/gordonc/colcon_ws/install/blue_joy:/opt/ros/humble LD_LIBRARY_PATH=/home/gordonc/alpha_test/install/alpha_driver/lib:${LD_LIBRARY_PATH} /usr/bin/cmake --install /home/gordonc/alpha_test/build/alpha_hardware
[1.335s] Level 1:colcon.colcon_core.environment:create_environment_scripts_only(alpha_hardware)
[1.335s] Level 1:colcon.colcon_core.environment:checking '/home/gordonc/alpha_test/install/alpha_hardware' for CMake module files
[1.339s] DEBUG:colcon.colcon_core.event_handler.log_command:Invoked command in '/home/gordonc/alpha_test/build/alpha_hardware' returned '0': AMENT_PREFIX_PATH=/home/gordonc/alpha_test/install/alpha_driver:${AMENT_PREFIX_PATH} CMAKE_PREFIX_PATH=/home/gordonc/alpha_test/install/alpha_driver:/home/gordonc/colcon_ws/install/test_ros_gz_bridge:/home/gordonc/colcon_ws/install/ros_ign_interfaces:/home/gordonc/colcon_ws/install/ros_ign:/home/gordonc/colcon_ws/install/ros_ign_image:/home/gordonc/colcon_ws/install/ros_ign_gazebo_demos:/home/gordonc/colcon_ws/install/ros_ign_gazebo:/home/gordonc/colcon_ws/install/ros_ign_bridge:/home/gordonc/colcon_ws/install/ros_gz:/home/gordonc/colcon_ws/install/ros_gz_sim_demos:/home/gordonc/colcon_ws/install/ros_gz_sim:/home/gordonc/colcon_ws/install/ros_gz_image:/home/gordonc/colcon_ws/install/ros_gz_bridge:/home/gordonc/colcon_ws/install/ros_gz_interfaces:/home/gordonc/colcon_ws/install/orca_nav2:/home/gordonc/colcon_ws/install/orca_base:/home/gordonc/colcon_ws/install/orca_shared:/home/gordonc/colcon_ws/install/ros2_shared:/home/gordonc/colcon_ws/install/orca_msgs:/home/gordonc/colcon_ws/install/orca_description:/home/gordonc/colcon_ws/install/orca_bringup:/home/gordonc/colcon_ws/install/orb_slam2_ros:/home/gordonc/colcon_ws/install/bluerov2_ignition:/home/gordonc/colcon_ws/install/blue_control:/home/gordonc/colcon_ws/install/blue_dynamics:/home/gordonc/colcon_ws/install/blue_utils:/home/gordonc/colcon_ws/install/blue_description:/home/gordonc/colcon_ws/install/blue_bringup:/home/gordonc/colcon_ws/install/ardupilot_gazebo:/home/gordonc/colcon_ws/install/alpha_bringup:/home/gordonc/colcon_ws/install/alpha_hardware:/home/gordonc/colcon_ws/install/alpha_driver:/home/gordonc/colcon_ws/install/alpha_description:/home/gordonc/colcon_ws/install/blue_manager:/home/gordonc/colcon_ws/install/blue_localization:/home/gordonc/colcon_ws/install/blue_joy:/opt/ros/humble LD_LIBRARY_PATH=/home/gordonc/alpha_test/install/alpha_driver/lib:${LD_LIBRARY_PATH} /usr/bin/cmake --install /home/gordonc/alpha_test/build/alpha_hardware
[1.339s] Level 1:colcon.colcon_core.environment:checking '/home/gordonc/alpha_test/install/alpha_hardware' for CMake config files
[1.340s] Level 1:colcon.colcon_core.shell:create_environment_hook('alpha_hardware', 'cmake_prefix_path')
[1.341s] INFO:colcon.colcon_core.shell:Creating environment hook '/home/gordonc/alpha_test/install/alpha_hardware/share/alpha_hardware/hook/cmake_prefix_path.ps1'
[1.342s] INFO:colcon.colcon_core.shell:Creating environment descriptor '/home/gordonc/alpha_test/install/alpha_hardware/share/alpha_hardware/hook/cmake_prefix_path.dsv'
[1.342s] INFO:colcon.colcon_core.shell:Creating environment hook '/home/gordonc/alpha_test/install/alpha_hardware/share/alpha_hardware/hook/cmake_prefix_path.sh'
[1.344s] Level 1:colcon.colcon_core.environment:checking '/home/gordonc/alpha_test/install/alpha_hardware/lib'
[1.344s] Level 1:colcon.colcon_core.shell:create_environment_hook('alpha_hardware', 'ld_library_path_lib')
[1.344s] INFO:colcon.colcon_core.shell:Creating environment hook '/home/gordonc/alpha_test/install/alpha_hardware/share/alpha_hardware/hook/ld_library_path_lib.ps1'
[1.345s] INFO:colcon.colcon_core.shell:Creating environment descriptor '/home/gordonc/alpha_test/install/alpha_hardware/share/alpha_hardware/hook/ld_library_path_lib.dsv'
[1.346s] INFO:colcon.colcon_core.shell:Creating environment hook '/home/gordonc/alpha_test/install/alpha_hardware/share/alpha_hardware/hook/ld_library_path_lib.sh'
[1.347s] Level 1:colcon.colcon_core.environment:checking '/home/gordonc/alpha_test/install/alpha_hardware/bin'
[1.347s] Level 1:colcon.colcon_core.environment:checking '/home/gordonc/alpha_test/install/alpha_hardware/lib/pkgconfig/alpha_hardware.pc'
[1.347s] Level 1:colcon.colcon_core.environment:checking '/home/gordonc/alpha_test/install/alpha_hardware/lib/python3.10/site-packages'
[1.348s] Level 1:colcon.colcon_core.environment:checking '/home/gordonc/alpha_test/install/alpha_hardware/bin'
[1.349s] INFO:colcon.colcon_core.shell:Creating package script '/home/gordonc/alpha_test/install/alpha_hardware/share/alpha_hardware/package.ps1'
[1.350s] INFO:colcon.colcon_core.shell:Creating package descriptor '/home/gordonc/alpha_test/install/alpha_hardware/share/alpha_hardware/package.dsv'
[1.352s] INFO:colcon.colcon_core.shell:Creating package script '/home/gordonc/alpha_test/install/alpha_hardware/share/alpha_hardware/package.sh'
[1.352s] INFO:colcon.colcon_core.shell:Creating package script '/home/gordonc/alpha_test/install/alpha_hardware/share/alpha_hardware/package.bash'
[1.353s] INFO:colcon.colcon_core.shell:Creating package script '/home/gordonc/alpha_test/install/alpha_hardware/share/alpha_hardware/package.zsh'
[1.354s] Level 1:colcon.colcon_core.environment:create_file_with_runtime_dependencies(/home/gordonc/alpha_test/install/alpha_hardware/share/colcon-core/packages/alpha_hardware)
[1.400s] Level 1:colcon.colcon_core.environment:create_environment_scripts_only(alpha_hardware)
[1.401s] Level 1:colcon.colcon_core.environment:checking '/home/gordonc/alpha_test/install/alpha_hardware' for CMake module files
[1.402s] Level 1:colcon.colcon_core.environment:checking '/home/gordonc/alpha_test/install/alpha_hardware' for CMake config files
[1.403s] Level 1:colcon.colcon_core.shell:create_environment_hook('alpha_hardware', 'cmake_prefix_path')
[1.403s] INFO:colcon.colcon_core.shell:Creating environment hook '/home/gordonc/alpha_test/install/alpha_hardware/share/alpha_hardware/hook/cmake_prefix_path.ps1'
[1.404s] INFO:colcon.colcon_core.shell:Creating environment descriptor '/home/gordonc/alpha_test/install/alpha_hardware/share/alpha_hardware/hook/cmake_prefix_path.dsv'
[1.405s] INFO:colcon.colcon_core.shell:Creating environment hook '/home/gordonc/alpha_test/install/alpha_hardware/share/alpha_hardware/hook/cmake_prefix_path.sh'
[1.406s] Level 1:colcon.colcon_core.environment:checking '/home/gordonc/alpha_test/install/alpha_hardware/lib'
[1.406s] Level 1:colcon.colcon_core.shell:create_environment_hook('alpha_hardware', 'ld_library_path_lib')
[1.406s] INFO:colcon.colcon_core.shell:Creating environment hook '/home/gordonc/alpha_test/install/alpha_hardware/share/alpha_hardware/hook/ld_library_path_lib.ps1'
[1.407s] INFO:colcon.colcon_core.shell:Creating environment descriptor '/home/gordonc/alpha_test/install/alpha_hardware/share/alpha_hardware/hook/ld_library_path_lib.dsv'
[1.407s] INFO:colcon.colcon_core.shell:Creating environment hook '/home/gordonc/alpha_test/install/alpha_hardware/share/alpha_hardware/hook/ld_library_path_lib.sh'
[1.407s] Level 1:colcon.colcon_core.environment:checking '/home/gordonc/alpha_test/install/alpha_hardware/bin'
[1.408s] Level 1:colcon.colcon_core.environment:checking '/home/gordonc/alpha_test/install/alpha_hardware/lib/pkgconfig/alpha_hardware.pc'
[1.408s] Level 1:colcon.colcon_core.environment:checking '/home/gordonc/alpha_test/install/alpha_hardware/lib/python3.10/site-packages'
[1.408s] Level 1:colcon.colcon_core.environment:checking '/home/gordonc/alpha_test/install/alpha_hardware/bin'
[1.409s] INFO:colcon.colcon_core.shell:Creating package script '/home/gordonc/alpha_test/install/alpha_hardware/share/alpha_hardware/package.ps1'
[1.409s] INFO:colcon.colcon_core.shell:Creating package descriptor '/home/gordonc/alpha_test/install/alpha_hardware/share/alpha_hardware/package.dsv'
[1.410s] INFO:colcon.colcon_core.shell:Creating package script '/home/gordonc/alpha_test/install/alpha_hardware/share/alpha_hardware/package.sh'
[1.411s] INFO:colcon.colcon_core.shell:Creating package script '/home/gordonc/alpha_test/install/alpha_hardware/share/alpha_hardware/package.bash'
[1.411s] INFO:colcon.colcon_core.shell:Creating package script '/home/gordonc/alpha_test/install/alpha_hardware/share/alpha_hardware/package.zsh'
[1.412s] Level 1:colcon.colcon_core.environment:create_file_with_runtime_dependencies(/home/gordonc/alpha_test/install/alpha_hardware/share/colcon-core/packages/alpha_hardware)
[1.412s] INFO:colcon.colcon_ros.task.ament_cmake.build:Building ROS package in '/home/gordonc/alpha_test/src/alpha/alpha_bringup' with build type 'ament_cmake'
[1.413s] INFO:colcon.colcon_cmake.task.cmake.build:Building CMake package in '/home/gordonc/alpha_test/src/alpha/alpha_bringup'
[1.413s] INFO:colcon.colcon_core.shell:Skip shell extension 'powershell' for command environment: Not usable outside of PowerShell
[1.414s] DEBUG:colcon.colcon_core.shell:Skip shell extension 'dsv' for command environment
[1.448s] DEBUG:colcon.colcon_core.event_handler.log_command:Invoking command in '/home/gordonc/alpha_test/build/alpha_bringup': AMENT_PREFIX_PATH=/home/gordonc/alpha_test/install/alpha_hardware:/home/gordonc/alpha_test/install/alpha_driver:/home/gordonc/alpha_test/install/alpha_description:${AMENT_PREFIX_PATH} CMAKE_PREFIX_PATH=/home/gordonc/alpha_test/install/alpha_hardware:/home/gordonc/alpha_test/install/alpha_driver:/home/gordonc/alpha_test/install/alpha_description:/home/gordonc/colcon_ws/install/test_ros_gz_bridge:/home/gordonc/colcon_ws/install/ros_ign_interfaces:/home/gordonc/colcon_ws/install/ros_ign:/home/gordonc/colcon_ws/install/ros_ign_image:/home/gordonc/colcon_ws/install/ros_ign_gazebo_demos:/home/gordonc/colcon_ws/install/ros_ign_gazebo:/home/gordonc/colcon_ws/install/ros_ign_bridge:/home/gordonc/colcon_ws/install/ros_gz:/home/gordonc/colcon_ws/install/ros_gz_sim_demos:/home/gordonc/colcon_ws/install/ros_gz_sim:/home/gordonc/colcon_ws/install/ros_gz_image:/home/gordonc/colcon_ws/install/ros_gz_bridge:/home/gordonc/colcon_ws/install/ros_gz_interfaces:/home/gordonc/colcon_ws/install/orca_nav2:/home/gordonc/colcon_ws/install/orca_base:/home/gordonc/colcon_ws/install/orca_shared:/home/gordonc/colcon_ws/install/ros2_shared:/home/gordonc/colcon_ws/install/orca_msgs:/home/gordonc/colcon_ws/install/orca_description:/home/gordonc/colcon_ws/install/orca_bringup:/home/gordonc/colcon_ws/install/orb_slam2_ros:/home/gordonc/colcon_ws/install/bluerov2_ignition:/home/gordonc/colcon_ws/install/blue_control:/home/gordonc/colcon_ws/install/blue_dynamics:/home/gordonc/colcon_ws/install/blue_utils:/home/gordonc/colcon_ws/install/blue_description:/home/gordonc/colcon_ws/install/blue_bringup:/home/gordonc/colcon_ws/install/ardupilot_gazebo:/home/gordonc/colcon_ws/install/alpha_bringup:/home/gordonc/colcon_ws/install/alpha_hardware:/home/gordonc/colcon_ws/install/alpha_driver:/home/gordonc/colcon_ws/install/alpha_description:/home/gordonc/colcon_ws/install/blue_manager:/home/gordonc/colcon_ws/install/blue_localization:/home/gordonc/colcon_ws/install/blue_joy:/opt/ros/humble LD_LIBRARY_PATH=/home/gordonc/alpha_test/install/alpha_hardware/lib:/home/gordonc/alpha_test/install/alpha_driver/lib:${LD_LIBRARY_PATH} /usr/bin/cmake --build /home/gordonc/alpha_test/build/alpha_bringup -- -j8 -l8
[1.524s] DEBUG:colcon.colcon_core.event_handler.log_command:Invoked command in '/home/gordonc/alpha_test/build/alpha_bringup' returned '0': AMENT_PREFIX_PATH=/home/gordonc/alpha_test/install/alpha_hardware:/home/gordonc/alpha_test/install/alpha_driver:/home/gordonc/alpha_test/install/alpha_description:${AMENT_PREFIX_PATH} CMAKE_PREFIX_PATH=/home/gordonc/alpha_test/install/alpha_hardware:/home/gordonc/alpha_test/install/alpha_driver:/home/gordonc/alpha_test/install/alpha_description:/home/gordonc/colcon_ws/install/test_ros_gz_bridge:/home/gordonc/colcon_ws/install/ros_ign_interfaces:/home/gordonc/colcon_ws/install/ros_ign:/home/gordonc/colcon_ws/install/ros_ign_image:/home/gordonc/colcon_ws/install/ros_ign_gazebo_demos:/home/gordonc/colcon_ws/install/ros_ign_gazebo:/home/gordonc/colcon_ws/install/ros_ign_bridge:/home/gordonc/colcon_ws/install/ros_gz:/home/gordonc/colcon_ws/install/ros_gz_sim_demos:/home/gordonc/colcon_ws/install/ros_gz_sim:/home/gordonc/colcon_ws/install/ros_gz_image:/home/gordonc/colcon_ws/install/ros_gz_bridge:/home/gordonc/colcon_ws/install/ros_gz_interfaces:/home/gordonc/colcon_ws/install/orca_nav2:/home/gordonc/colcon_ws/install/orca_base:/home/gordonc/colcon_ws/install/orca_shared:/home/gordonc/colcon_ws/install/ros2_shared:/home/gordonc/colcon_ws/install/orca_msgs:/home/gordonc/colcon_ws/install/orca_description:/home/gordonc/colcon_ws/install/orca_bringup:/home/gordonc/colcon_ws/install/orb_slam2_ros:/home/gordonc/colcon_ws/install/bluerov2_ignition:/home/gordonc/colcon_ws/install/blue_control:/home/gordonc/colcon_ws/install/blue_dynamics:/home/gordonc/colcon_ws/install/blue_utils:/home/gordonc/colcon_ws/install/blue_description:/home/gordonc/colcon_ws/install/blue_bringup:/home/gordonc/colcon_ws/install/ardupilot_gazebo:/home/gordonc/colcon_ws/install/alpha_bringup:/home/gordonc/colcon_ws/install/alpha_hardware:/home/gordonc/colcon_ws/install/alpha_driver:/home/gordonc/colcon_ws/install/alpha_description:/home/gordonc/colcon_ws/install/blue_manager:/home/gordonc/colcon_ws/install/blue_localization:/home/gordonc/colcon_ws/install/blue_joy:/opt/ros/humble LD_LIBRARY_PATH=/home/gordonc/alpha_test/install/alpha_hardware/lib:/home/gordonc/alpha_test/install/alpha_driver/lib:${LD_LIBRARY_PATH} /usr/bin/cmake --build /home/gordonc/alpha_test/build/alpha_bringup -- -j8 -l8
[1.573s] DEBUG:colcon.colcon_core.event_handler.log_command:Invoking command in '/home/gordonc/alpha_test/build/alpha_bringup': AMENT_PREFIX_PATH=/home/gordonc/alpha_test/install/alpha_hardware:/home/gordonc/alpha_test/install/alpha_driver:/home/gordonc/alpha_test/install/alpha_description:${AMENT_PREFIX_PATH} CMAKE_PREFIX_PATH=/home/gordonc/alpha_test/install/alpha_hardware:/home/gordonc/alpha_test/install/alpha_driver:/home/gordonc/alpha_test/install/alpha_description:/home/gordonc/colcon_ws/install/test_ros_gz_bridge:/home/gordonc/colcon_ws/install/ros_ign_interfaces:/home/gordonc/colcon_ws/install/ros_ign:/home/gordonc/colcon_ws/install/ros_ign_image:/home/gordonc/colcon_ws/install/ros_ign_gazebo_demos:/home/gordonc/colcon_ws/install/ros_ign_gazebo:/home/gordonc/colcon_ws/install/ros_ign_bridge:/home/gordonc/colcon_ws/install/ros_gz:/home/gordonc/colcon_ws/install/ros_gz_sim_demos:/home/gordonc/colcon_ws/install/ros_gz_sim:/home/gordonc/colcon_ws/install/ros_gz_image:/home/gordonc/colcon_ws/install/ros_gz_bridge:/home/gordonc/colcon_ws/install/ros_gz_interfaces:/home/gordonc/colcon_ws/install/orca_nav2:/home/gordonc/colcon_ws/install/orca_base:/home/gordonc/colcon_ws/install/orca_shared:/home/gordonc/colcon_ws/install/ros2_shared:/home/gordonc/colcon_ws/install/orca_msgs:/home/gordonc/colcon_ws/install/orca_description:/home/gordonc/colcon_ws/install/orca_bringup:/home/gordonc/colcon_ws/install/orb_slam2_ros:/home/gordonc/colcon_ws/install/bluerov2_ignition:/home/gordonc/colcon_ws/install/blue_control:/home/gordonc/colcon_ws/install/blue_dynamics:/home/gordonc/colcon_ws/install/blue_utils:/home/gordonc/colcon_ws/install/blue_description:/home/gordonc/colcon_ws/install/blue_bringup:/home/gordonc/colcon_ws/install/ardupilot_gazebo:/home/gordonc/colcon_ws/install/alpha_bringup:/home/gordonc/colcon_ws/install/alpha_hardware:/home/gordonc/colcon_ws/install/alpha_driver:/home/gordonc/colcon_ws/install/alpha_description:/home/gordonc/colcon_ws/install/blue_manager:/home/gordonc/colcon_ws/install/blue_localization:/home/gordonc/colcon_ws/install/blue_joy:/opt/ros/humble LD_LIBRARY_PATH=/home/gordonc/alpha_test/install/alpha_hardware/lib:/home/gordonc/alpha_test/install/alpha_driver/lib:${LD_LIBRARY_PATH} /usr/bin/cmake --install /home/gordonc/alpha_test/build/alpha_bringup
[1.592s] Level 1:colcon.colcon_core.environment:create_environment_scripts_only(alpha_bringup)
[1.593s] Level 1:colcon.colcon_core.environment:checking '/home/gordonc/alpha_test/install/alpha_bringup' for CMake module files
[1.594s] DEBUG:colcon.colcon_core.event_handler.log_command:Invoked command in '/home/gordonc/alpha_test/build/alpha_bringup' returned '0': AMENT_PREFIX_PATH=/home/gordonc/alpha_test/install/alpha_hardware:/home/gordonc/alpha_test/install/alpha_driver:/home/gordonc/alpha_test/install/alpha_description:${AMENT_PREFIX_PATH} CMAKE_PREFIX_PATH=/home/gordonc/alpha_test/install/alpha_hardware:/home/gordonc/alpha_test/install/alpha_driver:/home/gordonc/alpha_test/install/alpha_description:/home/gordonc/colcon_ws/install/test_ros_gz_bridge:/home/gordonc/colcon_ws/install/ros_ign_interfaces:/home/gordonc/colcon_ws/install/ros_ign:/home/gordonc/colcon_ws/install/ros_ign_image:/home/gordonc/colcon_ws/install/ros_ign_gazebo_demos:/home/gordonc/colcon_ws/install/ros_ign_gazebo:/home/gordonc/colcon_ws/install/ros_ign_bridge:/home/gordonc/colcon_ws/install/ros_gz:/home/gordonc/colcon_ws/install/ros_gz_sim_demos:/home/gordonc/colcon_ws/install/ros_gz_sim:/home/gordonc/colcon_ws/install/ros_gz_image:/home/gordonc/colcon_ws/install/ros_gz_bridge:/home/gordonc/colcon_ws/install/ros_gz_interfaces:/home/gordonc/colcon_ws/install/orca_nav2:/home/gordonc/colcon_ws/install/orca_base:/home/gordonc/colcon_ws/install/orca_shared:/home/gordonc/colcon_ws/install/ros2_shared:/home/gordonc/colcon_ws/install/orca_msgs:/home/gordonc/colcon_ws/install/orca_description:/home/gordonc/colcon_ws/install/orca_bringup:/home/gordonc/colcon_ws/install/orb_slam2_ros:/home/gordonc/colcon_ws/install/bluerov2_ignition:/home/gordonc/colcon_ws/install/blue_control:/home/gordonc/colcon_ws/install/blue_dynamics:/home/gordonc/colcon_ws/install/blue_utils:/home/gordonc/colcon_ws/install/blue_description:/home/gordonc/colcon_ws/install/blue_bringup:/home/gordonc/colcon_ws/install/ardupilot_gazebo:/home/gordonc/colcon_ws/install/alpha_bringup:/home/gordonc/colcon_ws/install/alpha_hardware:/home/gordonc/colcon_ws/install/alpha_driver:/home/gordonc/colcon_ws/install/alpha_description:/home/gordonc/colcon_ws/install/blue_manager:/home/gordonc/colcon_ws/install/blue_localization:/home/gordonc/colcon_ws/install/blue_joy:/opt/ros/humble LD_LIBRARY_PATH=/home/gordonc/alpha_test/install/alpha_hardware/lib:/home/gordonc/alpha_test/install/alpha_driver/lib:${LD_LIBRARY_PATH} /usr/bin/cmake --install /home/gordonc/alpha_test/build/alpha_bringup
[1.595s] Level 1:colcon.colcon_core.environment:checking '/home/gordonc/alpha_test/install/alpha_bringup' for CMake config files
[1.595s] Level 1:colcon.colcon_core.shell:create_environment_hook('alpha_bringup', 'cmake_prefix_path')
[1.595s] INFO:colcon.colcon_core.shell:Creating environment hook '/home/gordonc/alpha_test/install/alpha_bringup/share/alpha_bringup/hook/cmake_prefix_path.ps1'
[1.596s] INFO:colcon.colcon_core.shell:Creating environment descriptor '/home/gordonc/alpha_test/install/alpha_bringup/share/alpha_bringup/hook/cmake_prefix_path.dsv'
[1.597s] INFO:colcon.colcon_core.shell:Creating environment hook '/home/gordonc/alpha_test/install/alpha_bringup/share/alpha_bringup/hook/cmake_prefix_path.sh'
[1.598s] Level 1:colcon.colcon_core.environment:checking '/home/gordonc/alpha_test/install/alpha_bringup/bin'
[1.598s] Level 1:colcon.colcon_core.environment:checking '/home/gordonc/alpha_test/install/alpha_bringup/lib/pkgconfig/alpha_bringup.pc'
[1.599s] Level 1:colcon.colcon_core.environment:checking '/home/gordonc/alpha_test/install/alpha_bringup/lib/python3.10/site-packages'
[1.599s] Level 1:colcon.colcon_core.environment:checking '/home/gordonc/alpha_test/install/alpha_bringup/bin'
[1.600s] INFO:colcon.colcon_core.shell:Creating package script '/home/gordonc/alpha_test/install/alpha_bringup/share/alpha_bringup/package.ps1'
[1.601s] INFO:colcon.colcon_core.shell:Creating package descriptor '/home/gordonc/alpha_test/install/alpha_bringup/share/alpha_bringup/package.dsv'
[1.602s] INFO:colcon.colcon_core.shell:Creating package script '/home/gordonc/alpha_test/install/alpha_bringup/share/alpha_bringup/package.sh'
[1.603s] INFO:colcon.colcon_core.shell:Creating package script '/home/gordonc/alpha_test/install/alpha_bringup/share/alpha_bringup/package.bash'
[1.603s] INFO:colcon.colcon_core.shell:Creating package script '/home/gordonc/alpha_test/install/alpha_bringup/share/alpha_bringup/package.zsh'
[1.604s] Level 1:colcon.colcon_core.environment:create_file_with_runtime_dependencies(/home/gordonc/alpha_test/install/alpha_bringup/share/colcon-core/packages/alpha_bringup)
[1.646s] Level 1:colcon.colcon_core.environment:create_environment_scripts_only(alpha_bringup)
[1.647s] Level 1:colcon.colcon_core.environment:checking '/home/gordonc/alpha_test/install/alpha_bringup' for CMake module files
[1.648s] Level 1:colcon.colcon_core.environment:checking '/home/gordonc/alpha_test/install/alpha_bringup' for CMake config files
[1.648s] Level 1:colcon.colcon_core.shell:create_environment_hook('alpha_bringup', 'cmake_prefix_path')
[1.648s] INFO:colcon.colcon_core.shell:Creating environment hook '/home/gordonc/alpha_test/install/alpha_bringup/share/alpha_bringup/hook/cmake_prefix_path.ps1'
[1.649s] INFO:colcon.colcon_core.shell:Creating environment descriptor '/home/gordonc/alpha_test/install/alpha_bringup/share/alpha_bringup/hook/cmake_prefix_path.dsv'
[1.649s] INFO:colcon.colcon_core.shell:Creating environment hook '/home/gordonc/alpha_test/install/alpha_bringup/share/alpha_bringup/hook/cmake_prefix_path.sh'
[1.650s] Level 1:colcon.colcon_core.environment:checking '/home/gordonc/alpha_test/install/alpha_bringup/bin'
[1.650s] Level 1:colcon.colcon_core.environment:checking '/home/gordonc/alpha_test/install/alpha_bringup/lib/pkgconfig/alpha_bringup.pc'
[1.651s] Level 1:colcon.colcon_core.environment:checking '/home/gordonc/alpha_test/install/alpha_bringup/lib/python3.10/site-packages'
[1.651s] Level 1:colcon.colcon_core.environment:checking '/home/gordonc/alpha_test/install/alpha_bringup/bin'
[1.651s] INFO:colcon.colcon_core.shell:Creating package script '/home/gordonc/alpha_test/install/alpha_bringup/share/alpha_bringup/package.ps1'
[1.652s] INFO:colcon.colcon_core.shell:Creating package descriptor '/home/gordonc/alpha_test/install/alpha_bringup/share/alpha_bringup/package.dsv'
[1.653s] INFO:colcon.colcon_core.shell:Creating package script '/home/gordonc/alpha_test/install/alpha_bringup/share/alpha_bringup/package.sh'
[1.653s] INFO:colcon.colcon_core.shell:Creating package script '/home/gordonc/alpha_test/install/alpha_bringup/share/alpha_bringup/package.bash'
[1.654s] INFO:colcon.colcon_core.shell:Creating package script '/home/gordonc/alpha_test/install/alpha_bringup/share/alpha_bringup/package.zsh'
[1.654s] Level 1:colcon.colcon_core.environment:create_file_with_runtime_dependencies(/home/gordonc/alpha_test/install/alpha_bringup/share/colcon-core/packages/alpha_bringup)
[1.655s] DEBUG:colcon.colcon_parallel_executor.executor.parallel:closing loop
[1.655s] DEBUG:colcon.colcon_parallel_executor.executor.parallel:loop closed
[1.655s] DEBUG:colcon.colcon_parallel_executor.executor.parallel:run_until_complete finished with '0'
[1.655s] DEBUG:colcon.colcon_core.event_reactor:joining thread
[1.665s] INFO:colcon.colcon_core.plugin_system:Skipping extension 'colcon_notification.desktop_notification.terminal_notifier': Not used on non-Darwin systems
[1.665s] INFO:colcon.colcon_core.plugin_system:Skipping extension 'colcon_notification.desktop_notification.win32': Not used on non-Windows systems
[1.665s] INFO:colcon.colcon_notification.desktop_notification:Sending desktop notification using 'notify2'
[1.692s] DEBUG:colcon.colcon_core.event_reactor:joined thread
[1.692s] INFO:colcon.colcon_core.shell:Creating prefix script '/home/gordonc/alpha_test/install/local_setup.ps1'
[1.694s] INFO:colcon.colcon_core.shell:Creating prefix util module '/home/gordonc/alpha_test/install/_local_setup_util_ps1.py'
[1.697s] INFO:colcon.colcon_core.shell:Creating prefix chain script '/home/gordonc/alpha_test/install/setup.ps1'
[1.701s] INFO:colcon.colcon_core.shell:Creating prefix script '/home/gordonc/alpha_test/install/local_setup.sh'
[1.702s] INFO:colcon.colcon_core.shell:Creating prefix util module '/home/gordonc/alpha_test/install/_local_setup_util_sh.py'
[1.703s] INFO:colcon.colcon_core.shell:Creating prefix chain script '/home/gordonc/alpha_test/install/setup.sh'
[1.707s] INFO:colcon.colcon_core.shell:Creating prefix script '/home/gordonc/alpha_test/install/local_setup.bash'
[1.707s] INFO:colcon.colcon_core.shell:Creating prefix chain script '/home/gordonc/alpha_test/install/setup.bash'
[1.711s] INFO:colcon.colcon_core.shell:Creating prefix script '/home/gordonc/alpha_test/install/local_setup.zsh'
[1.713s] INFO:colcon.colcon_core.shell:Creating prefix chain script '/home/gordonc/alpha_test/install/setup.zsh'
