[0.063s] Invoking command in '/home/gordonc/alpha_test/build/ros_gz_sim': CMAKE_PREFIX_PATH=${CMAKE_PREFIX_PATH}:/home/gordonc/colcon_ws/install/blue_manager:/home/gordonc/colcon_ws/install/blue_localization:/home/gordonc/colcon_ws/install/blue_joy:/opt/ros/humble /usr/bin/cmake --build /home/gordonc/alpha_test/build/ros_gz_sim -- -j8 -l8
[0.193s] [35m[1mConsolidate compiler generated dependencies of target gtest_main[0m
[0.195s] [35m[1mConsolidate compiler generated dependencies of target ros_gz_sim[0m
[0.212s] [35m[1mConsolidate compiler generated dependencies of target create[0m
[0.239s] [35m[1mConsolidate compiler generated dependencies of target gtest[0m
[0.255s] [ 20%] Built target gtest_main
[0.262s] [ 40%] Built target ros_gz_sim
[0.304s] [ 60%] Built target create
[0.330s] [ 80%] Built target gtest
[0.385s] [35m[1mConsolidate compiler generated dependencies of target test_stopwatch[0m
[0.504s] [100%] Built target test_stopwatch
[0.555s] Invoked command in '/home/gordonc/alpha_test/build/ros_gz_sim' returned '0': CMAKE_PREFIX_PATH=${CMAKE_PREFIX_PATH}:/home/gordonc/colcon_ws/install/blue_manager:/home/gordonc/colcon_ws/install/blue_localization:/home/gordonc/colcon_ws/install/blue_joy:/opt/ros/humble /usr/bin/cmake --build /home/gordonc/alpha_test/build/ros_gz_sim -- -j8 -l8
[0.702s] Invoking command in '/home/gordonc/alpha_test/build/ros_gz_sim': CMAKE_PREFIX_PATH=${CMAKE_PREFIX_PATH}:/home/gordonc/colcon_ws/install/blue_manager:/home/gordonc/colcon_ws/install/blue_localization:/home/gordonc/colcon_ws/install/blue_joy:/opt/ros/humble /usr/bin/cmake --install /home/gordonc/alpha_test/build/ros_gz_sim
[0.719s] -- Install configuration: ""
[0.719s] -- Up-to-date: /home/gordonc/alpha_test/install/ros_gz_sim/include/ros_gz_sim
[0.720s] -- Up-to-date: /home/gordonc/alpha_test/install/ros_gz_sim/include/ros_gz_sim/Stopwatch.hpp
[0.720s] -- Up-to-date: /home/gordonc/alpha_test/install/ros_gz_sim/share/ros_gz_sim/launch/gz_sim.launch.py
[0.720s] -- Up-to-date: /home/gordonc/alpha_test/install/ros_gz_sim/lib/ros_gz_sim/create
[0.723s] -- Up-to-date: /home/gordonc/alpha_test/install/ros_gz_sim/lib/libros_gz_sim.so
[0.723s] -- Up-to-date: /home/gordonc/alpha_test/install/ros_gz_sim/lib/ros_gz_sim/test_stopwatch
[0.724s] -- Up-to-date: /home/gordonc/alpha_test/install/ros_gz_sim/share/ament_index/resource_index/package_run_dependencies/ros_gz_sim
[0.725s] -- Up-to-date: /home/gordonc/alpha_test/install/ros_gz_sim/share/ament_index/resource_index/parent_prefix_path/ros_gz_sim
[0.725s] -- Up-to-date: /home/gordonc/alpha_test/install/ros_gz_sim/share/ros_gz_sim/environment/ament_prefix_path.sh
[0.725s] -- Up-to-date: /home/gordonc/alpha_test/install/ros_gz_sim/share/ros_gz_sim/environment/ament_prefix_path.dsv
[0.726s] -- Up-to-date: /home/gordonc/alpha_test/install/ros_gz_sim/share/ros_gz_sim/environment/path.sh
[0.726s] -- Up-to-date: /home/gordonc/alpha_test/install/ros_gz_sim/share/ros_gz_sim/environment/path.dsv
[0.726s] -- Up-to-date: /home/gordonc/alpha_test/install/ros_gz_sim/share/ros_gz_sim/local_setup.bash
[0.726s] -- Up-to-date: /home/gordonc/alpha_test/install/ros_gz_sim/share/ros_gz_sim/local_setup.sh
[0.727s] -- Up-to-date: /home/gordonc/alpha_test/install/ros_gz_sim/share/ros_gz_sim/local_setup.zsh
[0.727s] -- Up-to-date: /home/gordonc/alpha_test/install/ros_gz_sim/share/ros_gz_sim/local_setup.dsv
[0.727s] -- Installing: /home/gordonc/alpha_test/install/ros_gz_sim/share/ros_gz_sim/package.dsv
[0.728s] -- Up-to-date: /home/gordonc/alpha_test/install/ros_gz_sim/share/ament_index/resource_index/packages/ros_gz_sim
[0.728s] -- Up-to-date: /home/gordonc/alpha_test/install/ros_gz_sim/share/ros_gz_sim/cmake/ros_gz_simExport.cmake
[0.728s] -- Up-to-date: /home/gordonc/alpha_test/install/ros_gz_sim/share/ros_gz_sim/cmake/ros_gz_simExport-noconfig.cmake
[0.728s] -- Up-to-date: /home/gordonc/alpha_test/install/ros_gz_sim/share/ros_gz_sim/cmake/ament_cmake_export_targets-extras.cmake
[0.728s] -- Up-to-date: /home/gordonc/alpha_test/install/ros_gz_sim/share/ros_gz_sim/cmake/ament_cmake_export_dependencies-extras.cmake
[0.728s] -- Up-to-date: /home/gordonc/alpha_test/install/ros_gz_sim/share/ros_gz_sim/cmake/ros_gz_simConfig.cmake
[0.728s] -- Up-to-date: /home/gordonc/alpha_test/install/ros_gz_sim/share/ros_gz_sim/cmake/ros_gz_simConfig-version.cmake
[0.728s] -- Up-to-date: /home/gordonc/alpha_test/install/ros_gz_sim/share/ros_gz_sim/package.xml
[0.732s] Invoked command in '/home/gordonc/alpha_test/build/ros_gz_sim' returned '0': CMAKE_PREFIX_PATH=${CMAKE_PREFIX_PATH}:/home/gordonc/colcon_ws/install/blue_manager:/home/gordonc/colcon_ws/install/blue_localization:/home/gordonc/colcon_ws/install/blue_joy:/opt/ros/humble /usr/bin/cmake --install /home/gordonc/alpha_test/build/ros_gz_sim
