[0.067s] Invoking command in '/home/gordonc/alpha_test/build/alpha_driver': CMAKE_PREFIX_PATH=${CMAKE_PREFIX_PATH}:/home/gordonc/colcon_ws/install/blue_manager:/home/gordonc/colcon_ws/install/blue_localization:/home/gordonc/colcon_ws/install/blue_joy:/opt/ros/humble /usr/bin/cmake --build /home/gordonc/alpha_test/build/alpha_driver -- -j8 -l8
[0.232s] [  9%] Built target gtest
[0.240s] [ 19%] Built target gtest_main
[0.259s] [ 42%] Built target gmock_main
[0.260s] [ 42%] Built target gmock
[0.267s] [ 71%] Built target alpha_driver
[0.374s] [ 80%] Built target test_crc
[0.384s] [ 90%] Built target test_packet
[0.394s] [100%] Built target test_cobs
[0.442s] Invoked command in '/home/gordonc/alpha_test/build/alpha_driver' returned '0': CMAKE_PREFIX_PATH=${CMAKE_PREFIX_PATH}:/home/gordonc/colcon_ws/install/blue_manager:/home/gordonc/colcon_ws/install/blue_localization:/home/gordonc/colcon_ws/install/blue_joy:/opt/ros/humble /usr/bin/cmake --build /home/gordonc/alpha_test/build/alpha_driver -- -j8 -l8
[0.663s] Invoking command in '/home/gordonc/alpha_test/build/alpha_driver': CMAKE_PREFIX_PATH=${CMAKE_PREFIX_PATH}:/home/gordonc/colcon_ws/install/blue_manager:/home/gordonc/colcon_ws/install/blue_localization:/home/gordonc/colcon_ws/install/blue_joy:/opt/ros/humble /usr/bin/cmake --install /home/gordonc/alpha_test/build/alpha_driver
[0.683s] -- Install configuration: ""
[0.683s] -- Up-to-date: /home/gordonc/alpha_test/install/alpha_driver/include
[0.684s] -- Up-to-date: /home/gordonc/alpha_test/install/alpha_driver/include/alpha_driver
[0.684s] -- Up-to-date: /home/gordonc/alpha_test/install/alpha_driver/include/alpha_driver/packet.hpp
[0.684s] -- Up-to-date: /home/gordonc/alpha_test/install/alpha_driver/include/alpha_driver/mode.hpp
[0.685s] -- Up-to-date: /home/gordonc/alpha_test/install/alpha_driver/include/alpha_driver/crc.hpp
[0.685s] -- Up-to-date: /home/gordonc/alpha_test/install/alpha_driver/include/alpha_driver/cobs.hpp
[0.685s] -- Up-to-date: /home/gordonc/alpha_test/install/alpha_driver/include/alpha_driver/device_id.hpp
[0.685s] -- Up-to-date: /home/gordonc/alpha_test/install/alpha_driver/include/alpha_driver/serial_client.hpp
[0.686s] -- Up-to-date: /home/gordonc/alpha_test/install/alpha_driver/include/alpha_driver/packet_id.hpp
[0.686s] -- Up-to-date: /home/gordonc/alpha_test/install/alpha_driver/include/alpha_driver/driver.hpp
[0.687s] -- Up-to-date: /home/gordonc/alpha_test/install/alpha_driver/lib/libalpha_driver.so
[0.687s] -- Up-to-date: /home/gordonc/alpha_test/install/alpha_driver/share/alpha_driver/environment/library_path.sh
[0.687s] -- Up-to-date: /home/gordonc/alpha_test/install/alpha_driver/share/alpha_driver/environment/library_path.dsv
[0.688s] -- Up-to-date: /home/gordonc/alpha_test/install/alpha_driver/share/ament_index/resource_index/package_run_dependencies/alpha_driver
[0.688s] -- Up-to-date: /home/gordonc/alpha_test/install/alpha_driver/share/ament_index/resource_index/parent_prefix_path/alpha_driver
[0.688s] -- Up-to-date: /home/gordonc/alpha_test/install/alpha_driver/share/alpha_driver/environment/ament_prefix_path.sh
[0.688s] -- Up-to-date: /home/gordonc/alpha_test/install/alpha_driver/share/alpha_driver/environment/ament_prefix_path.dsv
[0.689s] -- Up-to-date: /home/gordonc/alpha_test/install/alpha_driver/share/alpha_driver/environment/path.sh
[0.689s] -- Up-to-date: /home/gordonc/alpha_test/install/alpha_driver/share/alpha_driver/environment/path.dsv
[0.689s] -- Up-to-date: /home/gordonc/alpha_test/install/alpha_driver/share/alpha_driver/local_setup.bash
[0.689s] -- Up-to-date: /home/gordonc/alpha_test/install/alpha_driver/share/alpha_driver/local_setup.sh
[0.690s] -- Up-to-date: /home/gordonc/alpha_test/install/alpha_driver/share/alpha_driver/local_setup.zsh
[0.690s] -- Up-to-date: /home/gordonc/alpha_test/install/alpha_driver/share/alpha_driver/local_setup.dsv
[0.690s] -- Installing: /home/gordonc/alpha_test/install/alpha_driver/share/alpha_driver/package.dsv
[0.691s] -- Up-to-date: /home/gordonc/alpha_test/install/alpha_driver/share/ament_index/resource_index/packages/alpha_driver
[0.692s] -- Up-to-date: /home/gordonc/alpha_test/install/alpha_driver/share/alpha_driver/cmake/alpha_driverExport.cmake
[0.693s] -- Up-to-date: /home/gordonc/alpha_test/install/alpha_driver/share/alpha_driver/cmake/alpha_driverExport-noconfig.cmake
[0.693s] -- Up-to-date: /home/gordonc/alpha_test/install/alpha_driver/share/alpha_driver/cmake/ament_cmake_export_targets-extras.cmake
[0.695s] -- Up-to-date: /home/gordonc/alpha_test/install/alpha_driver/share/alpha_driver/cmake/ament_cmake_export_dependencies-extras.cmake
[0.696s] -- Up-to-date: /home/gordonc/alpha_test/install/alpha_driver/share/alpha_driver/cmake/alpha_driverConfig.cmake
[0.696s] -- Up-to-date: /home/gordonc/alpha_test/install/alpha_driver/share/alpha_driver/cmake/alpha_driverConfig-version.cmake
[0.697s] -- Up-to-date: /home/gordonc/alpha_test/install/alpha_driver/share/alpha_driver/package.xml
[0.697s] Invoked command in '/home/gordonc/alpha_test/build/alpha_driver' returned '0': CMAKE_PREFIX_PATH=${CMAKE_PREFIX_PATH}:/home/gordonc/colcon_ws/install/blue_manager:/home/gordonc/colcon_ws/install/blue_localization:/home/gordonc/colcon_ws/install/blue_joy:/opt/ros/humble /usr/bin/cmake --install /home/gordonc/alpha_test/build/alpha_driver
