gmake[2]: Warning: File 'alpha_moveit' has modification time 25756 s in the future
gmake[2]: warning:  Clock skew detected.  Your build may be incomplete.
[100%] Built target alpha_moveit
-- Install configuration: ""
-- Up-to-date: /home/gordonc/alpha_test/install/alpha_moveit/lib/alpha_moveit/alpha_moveit
-- Up-to-date: /home/gordonc/alpha_test/install/alpha_moveit/share/ament_index/resource_index/package_run_dependencies/alpha_moveit
-- Up-to-date: /home/gordonc/alpha_test/install/alpha_moveit/share/ament_index/resource_index/parent_prefix_path/alpha_moveit
-- Up-to-date: /home/gordonc/alpha_test/install/alpha_moveit/share/alpha_moveit/environment/ament_prefix_path.sh
-- Up-to-date: /home/gordonc/alpha_test/install/alpha_moveit/share/alpha_moveit/environment/ament_prefix_path.dsv
-- Up-to-date: /home/gordonc/alpha_test/install/alpha_moveit/share/alpha_moveit/environment/path.sh
-- Up-to-date: /home/gordonc/alpha_test/install/alpha_moveit/share/alpha_moveit/environment/path.dsv
-- Up-to-date: /home/gordonc/alpha_test/install/alpha_moveit/share/alpha_moveit/local_setup.bash
-- Up-to-date: /home/gordonc/alpha_test/install/alpha_moveit/share/alpha_moveit/local_setup.sh
-- Up-to-date: /home/gordonc/alpha_test/install/alpha_moveit/share/alpha_moveit/local_setup.zsh
-- Up-to-date: /home/gordonc/alpha_test/install/alpha_moveit/share/alpha_moveit/local_setup.dsv
-- Up-to-date: /home/gordonc/alpha_test/install/alpha_moveit/share/alpha_moveit/package.dsv
-- Up-to-date: /home/gordonc/alpha_test/install/alpha_moveit/share/ament_index/resource_index/packages/alpha_moveit
-- Up-to-date: /home/gordonc/alpha_test/install/alpha_moveit/share/alpha_moveit/cmake/alpha_moveitConfig.cmake
-- Up-to-date: /home/gordonc/alpha_test/install/alpha_moveit/share/alpha_moveit/cmake/alpha_moveitConfig-version.cmake
-- Up-to-date: /home/gordonc/alpha_test/install/alpha_moveit/share/alpha_moveit/package.xml
