[0.041s] Invoking command in '/home/gordonc/alpha_test/build/alpha_moveit': CMAKE_PREFIX_PATH=${CMAKE_PREFIX_PATH}:/home/gordonc/colcon_ws/install/blue_manager:/home/gordonc/colcon_ws/install/blue_localization:/home/gordonc/colcon_ws/install/blue_joy:/opt/ros/humble /usr/bin/cmake --build /home/gordonc/alpha_test/build/alpha_moveit -- -j8 -l8
[0.102s] -- Found ament_cmake: 1.3.8 (/opt/ros/humble/share/ament_cmake/cmake)
[0.417s] -- Found moveit_ros_planning_interface: 2.5.5 (/opt/ros/humble/share/moveit_ros_planning_interface/cmake)
[0.439s] -- Found Boost: /usr/lib/x86_64-linux-gnu/cmake/Boost-1.74.0/BoostConfig.cmake (found version "1.74.0") found components: date_time filesystem program_options system thread 
[0.501s] -- Found rosidl_generator_c: 3.1.5 (/opt/ros/humble/share/rosidl_generator_c/cmake)
[0.508s] -- Found rosidl_adapter: 3.1.5 (/opt/ros/humble/share/rosidl_adapter/cmake)
[0.523s] -- Found rosidl_generator_cpp: 3.1.5 (/opt/ros/humble/share/rosidl_generator_cpp/cmake)
[0.553s] -- Using all available rosidl_typesupport_c: rosidl_typesupport_fastrtps_c;rosidl_typesupport_introspection_c
[0.593s] -- Using all available rosidl_typesupport_cpp: rosidl_typesupport_fastrtps_cpp;rosidl_typesupport_introspection_cpp
[1.972s] -- Found Boost: /usr/lib/x86_64-linux-gnu/cmake/Boost-1.74.0/BoostConfig.cmake (found version "1.74.0") found components: chrono date_time filesystem iostreams program_options regex serialization system thread 
[1.986s] -- Found parameter_traits: 0.3.8 (/opt/ros/humble/share/parameter_traits/cmake)
[2.065s] -- Found rmw_implementation_cmake: 6.1.1 (/opt/ros/humble/share/rmw_implementation_cmake/cmake)
[2.069s] -- Found rmw_fastrtps_cpp: 6.2.6 (/opt/ros/humble/share/rmw_fastrtps_cpp/cmake)
[2.268s] -- Using RMW implementation 'rmw_fastrtps_cpp' as default
[2.469s] -- Found rclcpp_lifecycle: 16.0.8 (/opt/ros/humble/share/rclcpp_lifecycle/cmake)
[2.533s] -- Found Boost: /usr/lib/x86_64-linux-gnu/cmake/Boost-1.74.0/BoostConfig.cmake (found version "1.74.0") found components: filesystem 
[2.599s] -- library: /usr/lib/x86_64-linux-gnu/libcurl.so
[2.799s] -- Ensuring Eigen3 include directory is part of orocos-kdl CMake target
[3.502s] -- Found Boost: /usr/lib/x86_64-linux-gnu/cmake/Boost-1.74.0/BoostConfig.cmake (found version "1.74.0") found components: system filesystem date_time program_options thread chrono 
[4.242s] -- Found Boost: /usr/lib/x86_64-linux-gnu/cmake/Boost-1.74.0/BoostConfig.cmake (found version "1.74.0") found components: thread system filesystem regex date_time program_options 
[4.623s] -- Found Boost: /usr/lib/x86_64-linux-gnu/cmake/Boost-1.74.0/BoostConfig.cmake (found version "1.74.0") found components: system filesystem date_time program_options thread 
[5.220s] -- Found ament_lint_auto: 0.12.10 (/opt/ros/humble/share/ament_lint_auto/cmake)
[5.314s] -- Added test 'cppcheck' to perform static code analysis on C / C++ code
[5.315s] -- Configured cppcheck include dirs: $<BUILD_INTERFACE:/home/gordonc/alpha_test/src/alpha_moveit/include>
[5.315s] -- Configured cppcheck exclude dirs and/or files: 
[5.316s] -- Added test 'lint_cmake' to check CMake code style
[5.319s] -- Added test 'uncrustify' to check C / C++ code style
[5.319s] -- Configured uncrustify additional arguments: 
[5.320s] -- Added test 'xmllint' to check XML markup files
[5.322s] -- Configuring done
[5.369s] -- Generating done
[5.373s] -- Build files have been written to: /home/gordonc/alpha_test/build/alpha_moveit
[5.416s] [35m[1mConsolidate compiler generated dependencies of target alpha_moveit[0m
[5.465s] [ 50%] [32mBuilding CXX object CMakeFiles/alpha_moveit.dir/src/alpha_moveit.cpp.o[0m
[17.941s] [100%] [32m[1mLinking CXX executable alpha_moveit[0m
[18.416s] [100%] Built target alpha_moveit
[18.448s] Invoked command in '/home/gordonc/alpha_test/build/alpha_moveit' returned '0': CMAKE_PREFIX_PATH=${CMAKE_PREFIX_PATH}:/home/gordonc/colcon_ws/install/blue_manager:/home/gordonc/colcon_ws/install/blue_localization:/home/gordonc/colcon_ws/install/blue_joy:/opt/ros/humble /usr/bin/cmake --build /home/gordonc/alpha_test/build/alpha_moveit -- -j8 -l8
[18.512s] Invoking command in '/home/gordonc/alpha_test/build/alpha_moveit': CMAKE_PREFIX_PATH=${CMAKE_PREFIX_PATH}:/home/gordonc/colcon_ws/install/blue_manager:/home/gordonc/colcon_ws/install/blue_localization:/home/gordonc/colcon_ws/install/blue_joy:/opt/ros/humble /usr/bin/cmake --install /home/gordonc/alpha_test/build/alpha_moveit
[18.528s] -- Install configuration: ""
[18.529s] -- Installing: /home/gordonc/alpha_test/install/alpha_moveit/lib/alpha_moveit/alpha_moveit
[18.530s] -- Set runtime path of "/home/gordonc/alpha_test/install/alpha_moveit/lib/alpha_moveit/alpha_moveit" to ""
[18.531s] -- Up-to-date: /home/gordonc/alpha_test/install/alpha_moveit/share/ament_index/resource_index/package_run_dependencies/alpha_moveit
[18.531s] -- Installing: /home/gordonc/alpha_test/install/alpha_moveit/share/ament_index/resource_index/parent_prefix_path/alpha_moveit
[18.531s] -- Up-to-date: /home/gordonc/alpha_test/install/alpha_moveit/share/alpha_moveit/environment/ament_prefix_path.sh
[18.532s] -- Installing: /home/gordonc/alpha_test/install/alpha_moveit/share/alpha_moveit/environment/ament_prefix_path.dsv
[18.532s] -- Up-to-date: /home/gordonc/alpha_test/install/alpha_moveit/share/alpha_moveit/environment/path.sh
[18.532s] -- Installing: /home/gordonc/alpha_test/install/alpha_moveit/share/alpha_moveit/environment/path.dsv
[18.533s] -- Up-to-date: /home/gordonc/alpha_test/install/alpha_moveit/share/alpha_moveit/local_setup.bash
[18.533s] -- Up-to-date: /home/gordonc/alpha_test/install/alpha_moveit/share/alpha_moveit/local_setup.sh
[18.533s] -- Up-to-date: /home/gordonc/alpha_test/install/alpha_moveit/share/alpha_moveit/local_setup.zsh
[18.533s] -- Installing: /home/gordonc/alpha_test/install/alpha_moveit/share/alpha_moveit/local_setup.dsv
[18.533s] -- Installing: /home/gordonc/alpha_test/install/alpha_moveit/share/alpha_moveit/package.dsv
[18.533s] -- Up-to-date: /home/gordonc/alpha_test/install/alpha_moveit/share/ament_index/resource_index/packages/alpha_moveit
[18.533s] -- Up-to-date: /home/gordonc/alpha_test/install/alpha_moveit/share/alpha_moveit/cmake/alpha_moveitConfig.cmake
[18.534s] -- Up-to-date: /home/gordonc/alpha_test/install/alpha_moveit/share/alpha_moveit/cmake/alpha_moveitConfig-version.cmake
[18.534s] -- Up-to-date: /home/gordonc/alpha_test/install/alpha_moveit/share/alpha_moveit/package.xml
[18.536s] Invoked command in '/home/gordonc/alpha_test/build/alpha_moveit' returned '0': CMAKE_PREFIX_PATH=${CMAKE_PREFIX_PATH}:/home/gordonc/colcon_ws/install/blue_manager:/home/gordonc/colcon_ws/install/blue_localization:/home/gordonc/colcon_ws/install/blue_joy:/opt/ros/humble /usr/bin/cmake --install /home/gordonc/alpha_test/build/alpha_moveit
