[0.212s] Invoking command in '/home/gordonc/alpha_test/build/moveit_common': CMAKE_PREFIX_PATH=${CMAKE_PREFIX_PATH}:/home/gordonc/colcon_ws/install/blue_manager:/home/gordonc/colcon_ws/install/blue_localization:/home/gordonc/colcon_ws/install/blue_joy:/opt/ros/humble /usr/bin/cmake /home/gordonc/alpha_test/src/moveit2/moveit_common -DCMAKE_INSTALL_PREFIX=/home/gordonc/alpha_test/install/moveit_common
[0.940s] -- Found ament_cmake: 1.3.8 (/opt/ros/humble/share/ament_cmake/cmake)
[2.374s] -- Found Python3: /usr/bin/python3 (found version "3.10.12") found components: Interpreter 
[3.706s] -- Configuring done
[3.723s] -- Generating done
[3.729s] -- Build files have been written to: /home/gordonc/alpha_test/build/moveit_common
[3.759s] Invoked command in '/home/gordonc/alpha_test/build/moveit_common' returned '0': CMAKE_PREFIX_PATH=${CMAKE_PREFIX_PATH}:/home/gordonc/colcon_ws/install/blue_manager:/home/gordonc/colcon_ws/install/blue_localization:/home/gordonc/colcon_ws/install/blue_joy:/opt/ros/humble /usr/bin/cmake /home/gordonc/alpha_test/src/moveit2/moveit_common -DCMAKE_INSTALL_PREFIX=/home/gordonc/alpha_test/install/moveit_common
[3.761s] Invoking command in '/home/gordonc/alpha_test/build/moveit_common': CMAKE_PREFIX_PATH=${CMAKE_PREFIX_PATH}:/home/gordonc/colcon_ws/install/blue_manager:/home/gordonc/colcon_ws/install/blue_localization:/home/gordonc/colcon_ws/install/blue_joy:/opt/ros/humble /usr/bin/cmake --build /home/gordonc/alpha_test/build/moveit_common -- -j8 -l8
[3.933s] Invoked command in '/home/gordonc/alpha_test/build/moveit_common' returned '0': CMAKE_PREFIX_PATH=${CMAKE_PREFIX_PATH}:/home/gordonc/colcon_ws/install/blue_manager:/home/gordonc/colcon_ws/install/blue_localization:/home/gordonc/colcon_ws/install/blue_joy:/opt/ros/humble /usr/bin/cmake --build /home/gordonc/alpha_test/build/moveit_common -- -j8 -l8
[4.030s] Invoking command in '/home/gordonc/alpha_test/build/moveit_common': CMAKE_PREFIX_PATH=${CMAKE_PREFIX_PATH}:/home/gordonc/colcon_ws/install/blue_manager:/home/gordonc/colcon_ws/install/blue_localization:/home/gordonc/colcon_ws/install/blue_joy:/opt/ros/humble /usr/bin/cmake --install /home/gordonc/alpha_test/build/moveit_common
[4.086s] -- Install configuration: ""
[4.086s] -- Installing: /home/gordonc/alpha_test/install/moveit_common/share/ament_index/resource_index/package_run_dependencies/moveit_common
[4.087s] -- Installing: /home/gordonc/alpha_test/install/moveit_common/share/ament_index/resource_index/parent_prefix_path/moveit_common
[4.087s] -- Installing: /home/gordonc/alpha_test/install/moveit_common/share/moveit_common/environment/ament_prefix_path.sh
[4.088s] -- Installing: /home/gordonc/alpha_test/install/moveit_common/share/moveit_common/environment/ament_prefix_path.dsv
[4.089s] -- Installing: /home/gordonc/alpha_test/install/moveit_common/share/moveit_common/environment/path.sh
[4.090s] -- Installing: /home/gordonc/alpha_test/install/moveit_common/share/moveit_common/environment/path.dsv
[4.090s] -- Installing: /home/gordonc/alpha_test/install/moveit_common/share/moveit_common/local_setup.bash
[4.090s] -- Installing: /home/gordonc/alpha_test/install/moveit_common/share/moveit_common/local_setup.sh
[4.096s] -- Installing: /home/gordonc/alpha_test/install/moveit_common/share/moveit_common/local_setup.zsh
[4.097s] -- Installing: /home/gordonc/alpha_test/install/moveit_common/share/moveit_common/local_setup.dsv
[4.097s] -- Installing: /home/gordonc/alpha_test/install/moveit_common/share/moveit_common/package.dsv
[4.097s] -- Installing: /home/gordonc/alpha_test/install/moveit_common/share/ament_index/resource_index/packages/moveit_common
[4.097s] -- Installing: /home/gordonc/alpha_test/install/moveit_common/share/moveit_common/cmake/moveit_common-extras.cmake
[4.098s] -- Installing: /home/gordonc/alpha_test/install/moveit_common/share/moveit_common/cmake/moveit_commonConfig.cmake
[4.102s] -- Installing: /home/gordonc/alpha_test/install/moveit_common/share/moveit_common/cmake/moveit_commonConfig-version.cmake
[4.109s] -- Installing: /home/gordonc/alpha_test/install/moveit_common/share/moveit_common/package.xml
[4.109s] -- Up-to-date: /home/gordonc/alpha_test/install/moveit_common/share/moveit_common/cmake
[4.110s] -- Installing: /home/gordonc/alpha_test/install/moveit_common/share/moveit_common/cmake/moveit_package.cmake
[4.110s] Invoked command in '/home/gordonc/alpha_test/build/moveit_common' returned '0': CMAKE_PREFIX_PATH=${CMAKE_PREFIX_PATH}:/home/gordonc/colcon_ws/install/blue_manager:/home/gordonc/colcon_ws/install/blue_localization:/home/gordonc/colcon_ws/install/blue_joy:/opt/ros/humble /usr/bin/cmake --install /home/gordonc/alpha_test/build/moveit_common
