[0.229s] DEBUG:colcon:Command line arguments: ['/usr/bin/colcon', 'build']
[0.229s] DEBUG:colcon:Parsed command line arguments: Namespace(log_base=None, log_level=None, verb_name='build', build_base='build', install_base='install', merge_install=False, symlink_install=False, test_result_base=None, continue_on_error=False, executor='parallel', parallel_workers=8, event_handlers=None, ignore_user_meta=False, metas=['./colcon.meta'], base_paths=['.'], packages_ignore=None, packages_ignore_regex=None, paths=None, packages_up_to=None, packages_up_to_regex=None, packages_above=None, packages_above_and_dependencies=None, packages_above_depth=None, packages_select_by_dep=None, packages_skip_by_dep=None, packages_skip_up_to=None, packages_select_build_failed=False, packages_skip_build_finished=False, packages_select_test_failures=False, packages_skip_test_passed=False, packages_select=None, packages_skip=None, packages_select_regex=None, packages_skip_regex=None, packages_start=None, packages_end=None, allow_overriding=[], cmake_args=None, cmake_target=None, cmake_target_skip_unavailable=False, cmake_clean_cache=False, cmake_clean_first=False, cmake_force_configure=False, ament_cmake_args=None, catkin_cmake_args=None, catkin_skip_building_tests=False, mixin_files=None, mixin=None, verb_parser=<colcon_mixin.mixin.mixin_argument.MixinArgumentDecorator object at 0x73e9b52646a0>, verb_extension=<colcon_core.verb.build.BuildVerb object at 0x73e9b5374cd0>, main=<bound method BuildVerb.main of <colcon_core.verb.build.BuildVerb object at 0x73e9b5374cd0>>, mixin_verb=('build',))
[0.310s] Level 1:colcon.colcon_core.package_discovery:discover_packages(colcon_meta) check parameters
[0.310s] Level 1:colcon.colcon_core.package_discovery:discover_packages(recursive) check parameters
[0.310s] Level 1:colcon.colcon_core.package_discovery:discover_packages(ignore) check parameters
[0.310s] Level 1:colcon.colcon_core.package_discovery:discover_packages(path) check parameters
[0.310s] Level 1:colcon.colcon_core.package_discovery:discover_packages(colcon_meta) discover
[0.310s] Level 1:colcon.colcon_core.package_discovery:discover_packages(recursive) discover
[0.310s] INFO:colcon.colcon_core.package_discovery:Crawling recursively for packages in '/home/gordonc/alpha_test'
[0.310s] Level 1:colcon.colcon_core.package_identification:_identify(.) by extensions ['ignore', 'ignore_ament_install']
[0.311s] Level 1:colcon.colcon_core.package_identification:_identify(.) by extension 'ignore'
[0.311s] Level 1:colcon.colcon_core.package_identification:_identify(.) by extension 'ignore_ament_install'
[0.311s] Level 1:colcon.colcon_core.package_identification:_identify(.) by extensions ['colcon_pkg']
[0.311s] Level 1:colcon.colcon_core.package_identification:_identify(.) by extension 'colcon_pkg'
[0.311s] Level 1:colcon.colcon_core.package_identification:_identify(.) by extensions ['colcon_meta']
[0.311s] Level 1:colcon.colcon_core.package_identification:_identify(.) by extension 'colcon_meta'
[0.311s] Level 1:colcon.colcon_core.package_identification:_identify(.) by extensions ['ros']
[0.311s] Level 1:colcon.colcon_core.package_identification:_identify(.) by extension 'ros'
[0.340s] Level 1:colcon.colcon_core.package_identification:_identify(.) by extensions ['cmake', 'python']
[0.341s] Level 1:colcon.colcon_core.package_identification:_identify(.) by extension 'cmake'
[0.341s] Level 1:colcon.colcon_core.package_identification:_identify(.) by extension 'python'
[0.341s] Level 1:colcon.colcon_core.package_identification:_identify(.) by extensions ['python_setup_py']
[0.341s] Level 1:colcon.colcon_core.package_identification:_identify(.) by extension 'python_setup_py'
[0.341s] Level 1:colcon.colcon_core.package_identification:_identify(build) by extensions ['ignore', 'ignore_ament_install']
[0.342s] Level 1:colcon.colcon_core.package_identification:_identify(build) by extension 'ignore'
[0.342s] Level 1:colcon.colcon_core.package_identification:_identify(build) ignored
[0.342s] Level 1:colcon.colcon_core.package_identification:_identify(install) by extensions ['ignore', 'ignore_ament_install']
[0.342s] Level 1:colcon.colcon_core.package_identification:_identify(install) by extension 'ignore'
[0.343s] Level 1:colcon.colcon_core.package_identification:_identify(install) ignored
[0.343s] Level 1:colcon.colcon_core.package_identification:_identify(log) by extensions ['ignore', 'ignore_ament_install']
[0.343s] Level 1:colcon.colcon_core.package_identification:_identify(log) by extension 'ignore'
[0.343s] Level 1:colcon.colcon_core.package_identification:_identify(log) ignored
[0.343s] Level 1:colcon.colcon_core.package_identification:_identify(src) by extensions ['ignore', 'ignore_ament_install']
[0.344s] Level 1:colcon.colcon_core.package_identification:_identify(src) by extension 'ignore'
[0.344s] Level 1:colcon.colcon_core.package_identification:_identify(src) by extension 'ignore_ament_install'
[0.344s] Level 1:colcon.colcon_core.package_identification:_identify(src) by extensions ['colcon_pkg']
[0.344s] Level 1:colcon.colcon_core.package_identification:_identify(src) by extension 'colcon_pkg'
[0.344s] Level 1:colcon.colcon_core.package_identification:_identify(src) by extensions ['colcon_meta']
[0.344s] Level 1:colcon.colcon_core.package_identification:_identify(src) by extension 'colcon_meta'
[0.344s] Level 1:colcon.colcon_core.package_identification:_identify(src) by extensions ['ros']
[0.344s] Level 1:colcon.colcon_core.package_identification:_identify(src) by extension 'ros'
[0.345s] Level 1:colcon.colcon_core.package_identification:_identify(src) by extensions ['cmake', 'python']
[0.345s] Level 1:colcon.colcon_core.package_identification:_identify(src) by extension 'cmake'
[0.345s] Level 1:colcon.colcon_core.package_identification:_identify(src) by extension 'python'
[0.345s] Level 1:colcon.colcon_core.package_identification:_identify(src) by extensions ['python_setup_py']
[0.345s] Level 1:colcon.colcon_core.package_identification:_identify(src) by extension 'python_setup_py'
[0.345s] Level 1:colcon.colcon_core.package_identification:_identify(src/alpha) by extensions ['ignore', 'ignore_ament_install']
[0.345s] Level 1:colcon.colcon_core.package_identification:_identify(src/alpha) by extension 'ignore'
[0.346s] Level 1:colcon.colcon_core.package_identification:_identify(src/alpha) by extension 'ignore_ament_install'
[0.346s] Level 1:colcon.colcon_core.package_identification:_identify(src/alpha) by extensions ['colcon_pkg']
[0.346s] Level 1:colcon.colcon_core.package_identification:_identify(src/alpha) by extension 'colcon_pkg'
[0.346s] Level 1:colcon.colcon_core.package_identification:_identify(src/alpha) by extensions ['colcon_meta']
[0.346s] Level 1:colcon.colcon_core.package_identification:_identify(src/alpha) by extension 'colcon_meta'
[0.346s] Level 1:colcon.colcon_core.package_identification:_identify(src/alpha) by extensions ['ros']
[0.346s] Level 1:colcon.colcon_core.package_identification:_identify(src/alpha) by extension 'ros'
[0.347s] Level 1:colcon.colcon_core.package_identification:_identify(src/alpha) by extensions ['cmake', 'python']
[0.347s] Level 1:colcon.colcon_core.package_identification:_identify(src/alpha) by extension 'cmake'
[0.347s] Level 1:colcon.colcon_core.package_identification:_identify(src/alpha) by extension 'python'
[0.347s] Level 1:colcon.colcon_core.package_identification:_identify(src/alpha) by extensions ['python_setup_py']
[0.347s] Level 1:colcon.colcon_core.package_identification:_identify(src/alpha) by extension 'python_setup_py'
[0.347s] Level 1:colcon.colcon_core.package_identification:_identify(src/alpha/alpha_bringup) by extensions ['ignore', 'ignore_ament_install']
[0.347s] Level 1:colcon.colcon_core.package_identification:_identify(src/alpha/alpha_bringup) by extension 'ignore'
[0.348s] Level 1:colcon.colcon_core.package_identification:_identify(src/alpha/alpha_bringup) by extension 'ignore_ament_install'
[0.348s] Level 1:colcon.colcon_core.package_identification:_identify(src/alpha/alpha_bringup) by extensions ['colcon_pkg']
[0.348s] Level 1:colcon.colcon_core.package_identification:_identify(src/alpha/alpha_bringup) by extension 'colcon_pkg'
[0.348s] Level 1:colcon.colcon_core.package_identification:_identify(src/alpha/alpha_bringup) by extensions ['colcon_meta']
[0.348s] Level 1:colcon.colcon_core.package_identification:_identify(src/alpha/alpha_bringup) by extension 'colcon_meta'
[0.348s] Level 1:colcon.colcon_core.package_identification:_identify(src/alpha/alpha_bringup) by extensions ['ros']
[0.348s] Level 1:colcon.colcon_core.package_identification:_identify(src/alpha/alpha_bringup) by extension 'ros'
[0.353s] DEBUG:colcon.colcon_core.package_identification:Package 'src/alpha/alpha_bringup' with type 'ros.ament_cmake' and name 'alpha_bringup'
[0.353s] Level 1:colcon.colcon_core.package_identification:_identify(src/alpha/alpha_description) by extensions ['ignore', 'ignore_ament_install']
[0.354s] Level 1:colcon.colcon_core.package_identification:_identify(src/alpha/alpha_description) by extension 'ignore'
[0.354s] Level 1:colcon.colcon_core.package_identification:_identify(src/alpha/alpha_description) by extension 'ignore_ament_install'
[0.354s] Level 1:colcon.colcon_core.package_identification:_identify(src/alpha/alpha_description) by extensions ['colcon_pkg']
[0.354s] Level 1:colcon.colcon_core.package_identification:_identify(src/alpha/alpha_description) by extension 'colcon_pkg'
[0.354s] Level 1:colcon.colcon_core.package_identification:_identify(src/alpha/alpha_description) by extensions ['colcon_meta']
[0.354s] Level 1:colcon.colcon_core.package_identification:_identify(src/alpha/alpha_description) by extension 'colcon_meta'
[0.354s] Level 1:colcon.colcon_core.package_identification:_identify(src/alpha/alpha_description) by extensions ['ros']
[0.354s] Level 1:colcon.colcon_core.package_identification:_identify(src/alpha/alpha_description) by extension 'ros'
[0.356s] DEBUG:colcon.colcon_core.package_identification:Package 'src/alpha/alpha_description' with type 'ros.ament_cmake' and name 'alpha_description'
[0.356s] Level 1:colcon.colcon_core.package_identification:_identify(src/alpha/alpha_driver) by extensions ['ignore', 'ignore_ament_install']
[0.356s] Level 1:colcon.colcon_core.package_identification:_identify(src/alpha/alpha_driver) by extension 'ignore'
[0.356s] Level 1:colcon.colcon_core.package_identification:_identify(src/alpha/alpha_driver) by extension 'ignore_ament_install'
[0.356s] Level 1:colcon.colcon_core.package_identification:_identify(src/alpha/alpha_driver) by extensions ['colcon_pkg']
[0.357s] Level 1:colcon.colcon_core.package_identification:_identify(src/alpha/alpha_driver) by extension 'colcon_pkg'
[0.357s] Level 1:colcon.colcon_core.package_identification:_identify(src/alpha/alpha_driver) by extensions ['colcon_meta']
[0.357s] Level 1:colcon.colcon_core.package_identification:_identify(src/alpha/alpha_driver) by extension 'colcon_meta'
[0.357s] Level 1:colcon.colcon_core.package_identification:_identify(src/alpha/alpha_driver) by extensions ['ros']
[0.357s] Level 1:colcon.colcon_core.package_identification:_identify(src/alpha/alpha_driver) by extension 'ros'
[0.358s] DEBUG:colcon.colcon_core.package_identification:Package 'src/alpha/alpha_driver' with type 'ros.ament_cmake' and name 'alpha_driver'
[0.358s] Level 1:colcon.colcon_core.package_identification:_identify(src/alpha/alpha_hardware) by extensions ['ignore', 'ignore_ament_install']
[0.358s] Level 1:colcon.colcon_core.package_identification:_identify(src/alpha/alpha_hardware) by extension 'ignore'
[0.358s] Level 1:colcon.colcon_core.package_identification:_identify(src/alpha/alpha_hardware) by extension 'ignore_ament_install'
[0.359s] Level 1:colcon.colcon_core.package_identification:_identify(src/alpha/alpha_hardware) by extensions ['colcon_pkg']
[0.359s] Level 1:colcon.colcon_core.package_identification:_identify(src/alpha/alpha_hardware) by extension 'colcon_pkg'
[0.359s] Level 1:colcon.colcon_core.package_identification:_identify(src/alpha/alpha_hardware) by extensions ['colcon_meta']
[0.359s] Level 1:colcon.colcon_core.package_identification:_identify(src/alpha/alpha_hardware) by extension 'colcon_meta'
[0.359s] Level 1:colcon.colcon_core.package_identification:_identify(src/alpha/alpha_hardware) by extensions ['ros']
[0.359s] Level 1:colcon.colcon_core.package_identification:_identify(src/alpha/alpha_hardware) by extension 'ros'
[0.361s] DEBUG:colcon.colcon_core.package_identification:Package 'src/alpha/alpha_hardware' with type 'ros.ament_cmake' and name 'alpha_hardware'
[0.361s] Level 1:colcon.colcon_core.package_identification:_identify(src/alpha/alpha_moveit) by extensions ['ignore', 'ignore_ament_install']
[0.361s] Level 1:colcon.colcon_core.package_identification:_identify(src/alpha/alpha_moveit) by extension 'ignore'
[0.361s] Level 1:colcon.colcon_core.package_identification:_identify(src/alpha/alpha_moveit) by extension 'ignore_ament_install'
[0.361s] Level 1:colcon.colcon_core.package_identification:_identify(src/alpha/alpha_moveit) by extensions ['colcon_pkg']
[0.361s] Level 1:colcon.colcon_core.package_identification:_identify(src/alpha/alpha_moveit) by extension 'colcon_pkg'
[0.361s] Level 1:colcon.colcon_core.package_identification:_identify(src/alpha/alpha_moveit) by extensions ['colcon_meta']
[0.361s] Level 1:colcon.colcon_core.package_identification:_identify(src/alpha/alpha_moveit) by extension 'colcon_meta'
[0.361s] Level 1:colcon.colcon_core.package_identification:_identify(src/alpha/alpha_moveit) by extensions ['ros']
[0.361s] Level 1:colcon.colcon_core.package_identification:_identify(src/alpha/alpha_moveit) by extension 'ros'
[0.362s] DEBUG:colcon.colcon_core.package_identification:Package 'src/alpha/alpha_moveit' with type 'ros.ament_cmake' and name 'alpha_moveit'
[0.362s] Level 1:colcon.colcon_core.package_discovery:discover_packages(recursive) using defaults
[0.363s] Level 1:colcon.colcon_core.package_discovery:discover_packages(ignore) discover
[0.363s] Level 1:colcon.colcon_core.package_discovery:discover_packages(ignore) using defaults
[0.363s] Level 1:colcon.colcon_core.package_discovery:discover_packages(path) discover
[0.363s] Level 1:colcon.colcon_core.package_discovery:discover_packages(path) using defaults
[0.406s] Level 1:colcon.colcon_core.package_discovery:discover_packages(prefix_path) check parameters
[0.406s] Level 1:colcon.colcon_core.package_discovery:discover_packages(prefix_path) discover
[0.413s] DEBUG:colcon.colcon_installed_package_information.package_discovery:Found 10 installed packages in /home/gordonc/alpha_test/install
[0.416s] DEBUG:colcon.colcon_installed_package_information.package_discovery:Found 35 installed packages in /home/gordonc/colcon_ws/install
[0.421s] DEBUG:colcon.colcon_installed_package_information.package_discovery:Found 425 installed packages in /opt/ros/humble
[0.426s] Level 1:colcon.colcon_core.package_discovery:discover_packages(prefix_path) using defaults
[0.540s] Level 5:colcon.colcon_core.verb:set package 'alpha_description' build argument 'cmake_args' from command line to 'None'
[0.540s] Level 5:colcon.colcon_core.verb:set package 'alpha_description' build argument 'cmake_target' from command line to 'None'
[0.540s] Level 5:colcon.colcon_core.verb:set package 'alpha_description' build argument 'cmake_target_skip_unavailable' from command line to 'False'
[0.540s] Level 5:colcon.colcon_core.verb:set package 'alpha_description' build argument 'cmake_clean_cache' from command line to 'False'
[0.540s] Level 5:colcon.colcon_core.verb:set package 'alpha_description' build argument 'cmake_clean_first' from command line to 'False'
[0.540s] Level 5:colcon.colcon_core.verb:set package 'alpha_description' build argument 'cmake_force_configure' from command line to 'False'
[0.540s] Level 5:colcon.colcon_core.verb:set package 'alpha_description' build argument 'ament_cmake_args' from command line to 'None'
[0.540s] Level 5:colcon.colcon_core.verb:set package 'alpha_description' build argument 'catkin_cmake_args' from command line to 'None'
[0.540s] Level 5:colcon.colcon_core.verb:set package 'alpha_description' build argument 'catkin_skip_building_tests' from command line to 'False'
[0.541s] DEBUG:colcon.colcon_core.verb:Building package 'alpha_description' with the following arguments: {'ament_cmake_args': None, 'build_base': '/home/gordonc/alpha_test/build/alpha_description', 'catkin_cmake_args': None, 'catkin_skip_building_tests': False, 'cmake_args': None, 'cmake_clean_cache': False, 'cmake_clean_first': False, 'cmake_force_configure': False, 'cmake_target': None, 'cmake_target_skip_unavailable': False, 'install_base': '/home/gordonc/alpha_test/install/alpha_description', 'merge_install': False, 'path': '/home/gordonc/alpha_test/src/alpha/alpha_description', 'symlink_install': False, 'test_result_base': None}
[0.541s] Level 5:colcon.colcon_core.verb:set package 'alpha_driver' build argument 'cmake_args' from command line to 'None'
[0.541s] Level 5:colcon.colcon_core.verb:set package 'alpha_driver' build argument 'cmake_target' from command line to 'None'
[0.541s] Level 5:colcon.colcon_core.verb:set package 'alpha_driver' build argument 'cmake_target_skip_unavailable' from command line to 'False'
[0.541s] Level 5:colcon.colcon_core.verb:set package 'alpha_driver' build argument 'cmake_clean_cache' from command line to 'False'
[0.541s] Level 5:colcon.colcon_core.verb:set package 'alpha_driver' build argument 'cmake_clean_first' from command line to 'False'
[0.541s] Level 5:colcon.colcon_core.verb:set package 'alpha_driver' build argument 'cmake_force_configure' from command line to 'False'
[0.542s] Level 5:colcon.colcon_core.verb:set package 'alpha_driver' build argument 'ament_cmake_args' from command line to 'None'
[0.542s] Level 5:colcon.colcon_core.verb:set package 'alpha_driver' build argument 'catkin_cmake_args' from command line to 'None'
[0.542s] Level 5:colcon.colcon_core.verb:set package 'alpha_driver' build argument 'catkin_skip_building_tests' from command line to 'False'
[0.542s] DEBUG:colcon.colcon_core.verb:Building package 'alpha_driver' with the following arguments: {'ament_cmake_args': None, 'build_base': '/home/gordonc/alpha_test/build/alpha_driver', 'catkin_cmake_args': None, 'catkin_skip_building_tests': False, 'cmake_args': None, 'cmake_clean_cache': False, 'cmake_clean_first': False, 'cmake_force_configure': False, 'cmake_target': None, 'cmake_target_skip_unavailable': False, 'install_base': '/home/gordonc/alpha_test/install/alpha_driver', 'merge_install': False, 'path': '/home/gordonc/alpha_test/src/alpha/alpha_driver', 'symlink_install': False, 'test_result_base': None}
[0.542s] Level 5:colcon.colcon_core.verb:set package 'alpha_moveit' build argument 'cmake_args' from command line to 'None'
[0.542s] Level 5:colcon.colcon_core.verb:set package 'alpha_moveit' build argument 'cmake_target' from command line to 'None'
[0.542s] Level 5:colcon.colcon_core.verb:set package 'alpha_moveit' build argument 'cmake_target_skip_unavailable' from command line to 'False'
[0.542s] Level 5:colcon.colcon_core.verb:set package 'alpha_moveit' build argument 'cmake_clean_cache' from command line to 'False'
[0.542s] Level 5:colcon.colcon_core.verb:set package 'alpha_moveit' build argument 'cmake_clean_first' from command line to 'False'
[0.543s] Level 5:colcon.colcon_core.verb:set package 'alpha_moveit' build argument 'cmake_force_configure' from command line to 'False'
[0.543s] Level 5:colcon.colcon_core.verb:set package 'alpha_moveit' build argument 'ament_cmake_args' from command line to 'None'
[0.543s] Level 5:colcon.colcon_core.verb:set package 'alpha_moveit' build argument 'catkin_cmake_args' from command line to 'None'
[0.543s] Level 5:colcon.colcon_core.verb:set package 'alpha_moveit' build argument 'catkin_skip_building_tests' from command line to 'False'
[0.543s] DEBUG:colcon.colcon_core.verb:Building package 'alpha_moveit' with the following arguments: {'ament_cmake_args': None, 'build_base': '/home/gordonc/alpha_test/build/alpha_moveit', 'catkin_cmake_args': None, 'catkin_skip_building_tests': False, 'cmake_args': None, 'cmake_clean_cache': False, 'cmake_clean_first': False, 'cmake_force_configure': False, 'cmake_target': None, 'cmake_target_skip_unavailable': False, 'install_base': '/home/gordonc/alpha_test/install/alpha_moveit', 'merge_install': False, 'path': '/home/gordonc/alpha_test/src/alpha/alpha_moveit', 'symlink_install': False, 'test_result_base': None}
[0.543s] Level 5:colcon.colcon_core.verb:set package 'alpha_hardware' build argument 'cmake_args' from command line to 'None'
[0.543s] Level 5:colcon.colcon_core.verb:set package 'alpha_hardware' build argument 'cmake_target' from command line to 'None'
[0.543s] Level 5:colcon.colcon_core.verb:set package 'alpha_hardware' build argument 'cmake_target_skip_unavailable' from command line to 'False'
[0.543s] Level 5:colcon.colcon_core.verb:set package 'alpha_hardware' build argument 'cmake_clean_cache' from command line to 'False'
[0.543s] Level 5:colcon.colcon_core.verb:set package 'alpha_hardware' build argument 'cmake_clean_first' from command line to 'False'
[0.543s] Level 5:colcon.colcon_core.verb:set package 'alpha_hardware' build argument 'cmake_force_configure' from command line to 'False'
[0.543s] Level 5:colcon.colcon_core.verb:set package 'alpha_hardware' build argument 'ament_cmake_args' from command line to 'None'
[0.543s] Level 5:colcon.colcon_core.verb:set package 'alpha_hardware' build argument 'catkin_cmake_args' from command line to 'None'
[0.543s] Level 5:colcon.colcon_core.verb:set package 'alpha_hardware' build argument 'catkin_skip_building_tests' from command line to 'False'
[0.544s] DEBUG:colcon.colcon_core.verb:Building package 'alpha_hardware' with the following arguments: {'ament_cmake_args': None, 'build_base': '/home/gordonc/alpha_test/build/alpha_hardware', 'catkin_cmake_args': None, 'catkin_skip_building_tests': False, 'cmake_args': None, 'cmake_clean_cache': False, 'cmake_clean_first': False, 'cmake_force_configure': False, 'cmake_target': None, 'cmake_target_skip_unavailable': False, 'install_base': '/home/gordonc/alpha_test/install/alpha_hardware', 'merge_install': False, 'path': '/home/gordonc/alpha_test/src/alpha/alpha_hardware', 'symlink_install': False, 'test_result_base': None}
[0.544s] Level 5:colcon.colcon_core.verb:set package 'alpha_bringup' build argument 'cmake_args' from command line to 'None'
[0.544s] Level 5:colcon.colcon_core.verb:set package 'alpha_bringup' build argument 'cmake_target' from command line to 'None'
[0.544s] Level 5:colcon.colcon_core.verb:set package 'alpha_bringup' build argument 'cmake_target_skip_unavailable' from command line to 'False'
[0.544s] Level 5:colcon.colcon_core.verb:set package 'alpha_bringup' build argument 'cmake_clean_cache' from command line to 'False'
[0.544s] Level 5:colcon.colcon_core.verb:set package 'alpha_bringup' build argument 'cmake_clean_first' from command line to 'False'
[0.544s] Level 5:colcon.colcon_core.verb:set package 'alpha_bringup' build argument 'cmake_force_configure' from command line to 'False'
[0.544s] Level 5:colcon.colcon_core.verb:set package 'alpha_bringup' build argument 'ament_cmake_args' from command line to 'None'
[0.544s] Level 5:colcon.colcon_core.verb:set package 'alpha_bringup' build argument 'catkin_cmake_args' from command line to 'None'
[0.544s] Level 5:colcon.colcon_core.verb:set package 'alpha_bringup' build argument 'catkin_skip_building_tests' from command line to 'False'
[0.545s] DEBUG:colcon.colcon_core.verb:Building package 'alpha_bringup' with the following arguments: {'ament_cmake_args': None, 'build_base': '/home/gordonc/alpha_test/build/alpha_bringup', 'catkin_cmake_args': None, 'catkin_skip_building_tests': False, 'cmake_args': None, 'cmake_clean_cache': False, 'cmake_clean_first': False, 'cmake_force_configure': False, 'cmake_target': None, 'cmake_target_skip_unavailable': False, 'install_base': '/home/gordonc/alpha_test/install/alpha_bringup', 'merge_install': False, 'path': '/home/gordonc/alpha_test/src/alpha/alpha_bringup', 'symlink_install': False, 'test_result_base': None}
[0.545s] INFO:colcon.colcon_core.executor:Executing jobs using 'parallel' executor
[0.546s] DEBUG:colcon.colcon_parallel_executor.executor.parallel:run_until_complete
[0.547s] INFO:colcon.colcon_ros.task.ament_cmake.build:Building ROS package in '/home/gordonc/alpha_test/src/alpha/alpha_driver' with build type 'ament_cmake'
[0.547s] INFO:colcon.colcon_cmake.task.cmake.build:Building CMake package in '/home/gordonc/alpha_test/src/alpha/alpha_driver'
[0.551s] INFO:colcon.colcon_core.plugin_system:Skipping extension 'colcon_core.shell.bat': Not used on non-Windows systems
[0.551s] INFO:colcon.colcon_core.shell:Skip shell extension 'powershell' for command environment: Not usable outside of PowerShell
[0.551s] DEBUG:colcon.colcon_core.shell:Skip shell extension 'dsv' for command environment
[0.568s] INFO:colcon.colcon_ros.task.ament_cmake.build:Building ROS package in '/home/gordonc/alpha_test/src/alpha/alpha_description' with build type 'ament_cmake'
[0.568s] INFO:colcon.colcon_cmake.task.cmake.build:Building CMake package in '/home/gordonc/alpha_test/src/alpha/alpha_description'
[0.569s] INFO:colcon.colcon_core.shell:Skip shell extension 'powershell' for command environment: Not usable outside of PowerShell
[0.569s] DEBUG:colcon.colcon_core.shell:Skip shell extension 'dsv' for command environment
[0.584s] INFO:colcon.colcon_ros.task.ament_cmake.build:Building ROS package in '/home/gordonc/alpha_test/src/alpha/alpha_moveit' with build type 'ament_cmake'
[0.584s] INFO:colcon.colcon_cmake.task.cmake.build:Building CMake package in '/home/gordonc/alpha_test/src/alpha/alpha_moveit'
[0.585s] INFO:colcon.colcon_core.shell:Skip shell extension 'powershell' for command environment: Not usable outside of PowerShell
[0.585s] DEBUG:colcon.colcon_core.shell:Skip shell extension 'dsv' for command environment
[0.611s] DEBUG:colcon.colcon_core.event_handler.log_command:Invoking command in '/home/gordonc/alpha_test/build/alpha_driver': CMAKE_PREFIX_PATH=${CMAKE_PREFIX_PATH}:/home/gordonc/colcon_ws/install/blue_manager:/home/gordonc/colcon_ws/install/blue_localization:/home/gordonc/colcon_ws/install/blue_joy:/opt/ros/humble /usr/bin/cmake --build /home/gordonc/alpha_test/build/alpha_driver -- -j8 -l8
[0.620s] DEBUG:colcon.colcon_core.event_handler.log_command:Invoking command in '/home/gordonc/alpha_test/build/alpha_description': CMAKE_PREFIX_PATH=${CMAKE_PREFIX_PATH}:/home/gordonc/colcon_ws/install/blue_manager:/home/gordonc/colcon_ws/install/blue_localization:/home/gordonc/colcon_ws/install/blue_joy:/opt/ros/humble /usr/bin/cmake --build /home/gordonc/alpha_test/build/alpha_description -- -j8 -l8
[0.632s] DEBUG:colcon.colcon_core.event_handler.log_command:Invoking command in '/home/gordonc/alpha_test/build/alpha_moveit': CMAKE_PREFIX_PATH=${CMAKE_PREFIX_PATH}:/home/gordonc/colcon_ws/install/blue_manager:/home/gordonc/colcon_ws/install/blue_localization:/home/gordonc/colcon_ws/install/blue_joy:/opt/ros/humble /usr/bin/cmake --build /home/gordonc/alpha_test/build/alpha_moveit -- -j8 -l8
[0.718s] DEBUG:colcon.colcon_core.event_handler.log_command:Invoked command in '/home/gordonc/alpha_test/build/alpha_description' returned '0': CMAKE_PREFIX_PATH=${CMAKE_PREFIX_PATH}:/home/gordonc/colcon_ws/install/blue_manager:/home/gordonc/colcon_ws/install/blue_localization:/home/gordonc/colcon_ws/install/blue_joy:/opt/ros/humble /usr/bin/cmake --build /home/gordonc/alpha_test/build/alpha_description -- -j8 -l8
[0.826s] DEBUG:colcon.colcon_core.event_handler.log_command:Invoking command in '/home/gordonc/alpha_test/build/alpha_description': CMAKE_PREFIX_PATH=${CMAKE_PREFIX_PATH}:/home/gordonc/colcon_ws/install/blue_manager:/home/gordonc/colcon_ws/install/blue_localization:/home/gordonc/colcon_ws/install/blue_joy:/opt/ros/humble /usr/bin/cmake --install /home/gordonc/alpha_test/build/alpha_description
[0.863s] Level 1:colcon.colcon_core.environment:create_environment_scripts_only(alpha_description)
[0.878s] Level 1:colcon.colcon_core.environment:checking '/home/gordonc/alpha_test/install/alpha_description' for CMake module files
[0.882s] Level 1:colcon.colcon_core.environment:checking '/home/gordonc/alpha_test/install/alpha_description' for CMake config files
[0.884s] DEBUG:colcon.colcon_core.event_handler.log_command:Invoked command in '/home/gordonc/alpha_test/build/alpha_description' returned '0': CMAKE_PREFIX_PATH=${CMAKE_PREFIX_PATH}:/home/gordonc/colcon_ws/install/blue_manager:/home/gordonc/colcon_ws/install/blue_localization:/home/gordonc/colcon_ws/install/blue_joy:/opt/ros/humble /usr/bin/cmake --install /home/gordonc/alpha_test/build/alpha_description
[0.887s] Level 1:colcon.colcon_core.shell:create_environment_hook('alpha_description', 'cmake_prefix_path')
[0.887s] INFO:colcon.colcon_core.shell:Creating environment hook '/home/gordonc/alpha_test/install/alpha_description/share/alpha_description/hook/cmake_prefix_path.ps1'
[0.889s] INFO:colcon.colcon_core.shell:Creating environment descriptor '/home/gordonc/alpha_test/install/alpha_description/share/alpha_description/hook/cmake_prefix_path.dsv'
[0.890s] INFO:colcon.colcon_core.shell:Creating environment hook '/home/gordonc/alpha_test/install/alpha_description/share/alpha_description/hook/cmake_prefix_path.sh'
[0.892s] Level 1:colcon.colcon_core.environment:checking '/home/gordonc/alpha_test/install/alpha_description/bin'
[0.892s] Level 1:colcon.colcon_core.environment:checking '/home/gordonc/alpha_test/install/alpha_description/lib/pkgconfig/alpha_description.pc'
[0.893s] Level 1:colcon.colcon_core.environment:checking '/home/gordonc/alpha_test/install/alpha_description/lib/python3.10/site-packages'
[0.893s] Level 1:colcon.colcon_core.environment:checking '/home/gordonc/alpha_test/install/alpha_description/bin'
[0.894s] INFO:colcon.colcon_core.shell:Creating package script '/home/gordonc/alpha_test/install/alpha_description/share/alpha_description/package.ps1'
[0.895s] INFO:colcon.colcon_core.shell:Creating package descriptor '/home/gordonc/alpha_test/install/alpha_description/share/alpha_description/package.dsv'
[0.897s] INFO:colcon.colcon_core.shell:Creating package script '/home/gordonc/alpha_test/install/alpha_description/share/alpha_description/package.sh'
[0.898s] INFO:colcon.colcon_core.shell:Creating package script '/home/gordonc/alpha_test/install/alpha_description/share/alpha_description/package.bash'
[0.899s] INFO:colcon.colcon_core.shell:Creating package script '/home/gordonc/alpha_test/install/alpha_description/share/alpha_description/package.zsh'
[0.901s] Level 1:colcon.colcon_core.environment:create_file_with_runtime_dependencies(/home/gordonc/alpha_test/install/alpha_description/share/colcon-core/packages/alpha_description)
[0.905s] DEBUG:colcon.colcon_core.event_handler.log_command:Invoked command in '/home/gordonc/alpha_test/build/alpha_driver' returned '0': CMAKE_PREFIX_PATH=${CMAKE_PREFIX_PATH}:/home/gordonc/colcon_ws/install/blue_manager:/home/gordonc/colcon_ws/install/blue_localization:/home/gordonc/colcon_ws/install/blue_joy:/opt/ros/humble /usr/bin/cmake --build /home/gordonc/alpha_test/build/alpha_driver -- -j8 -l8
[0.969s] Level 1:colcon.colcon_core.environment:create_environment_scripts_only(alpha_description)
[0.970s] Level 1:colcon.colcon_core.environment:checking '/home/gordonc/alpha_test/install/alpha_description' for CMake module files
[0.972s] Level 1:colcon.colcon_core.environment:checking '/home/gordonc/alpha_test/install/alpha_description' for CMake config files
[0.973s] Level 1:colcon.colcon_core.shell:create_environment_hook('alpha_description', 'cmake_prefix_path')
[0.974s] INFO:colcon.colcon_core.shell:Creating environment hook '/home/gordonc/alpha_test/install/alpha_description/share/alpha_description/hook/cmake_prefix_path.ps1'
[0.975s] INFO:colcon.colcon_core.shell:Creating environment descriptor '/home/gordonc/alpha_test/install/alpha_description/share/alpha_description/hook/cmake_prefix_path.dsv'
[0.976s] INFO:colcon.colcon_core.shell:Creating environment hook '/home/gordonc/alpha_test/install/alpha_description/share/alpha_description/hook/cmake_prefix_path.sh'
[0.977s] Level 1:colcon.colcon_core.environment:checking '/home/gordonc/alpha_test/install/alpha_description/bin'
[0.978s] Level 1:colcon.colcon_core.environment:checking '/home/gordonc/alpha_test/install/alpha_description/lib/pkgconfig/alpha_description.pc'
[0.978s] Level 1:colcon.colcon_core.environment:checking '/home/gordonc/alpha_test/install/alpha_description/lib/python3.10/site-packages'
[0.979s] Level 1:colcon.colcon_core.environment:checking '/home/gordonc/alpha_test/install/alpha_description/bin'
[0.981s] INFO:colcon.colcon_core.shell:Creating package script '/home/gordonc/alpha_test/install/alpha_description/share/alpha_description/package.ps1'
[0.983s] INFO:colcon.colcon_core.shell:Creating package descriptor '/home/gordonc/alpha_test/install/alpha_description/share/alpha_description/package.dsv'
[0.985s] INFO:colcon.colcon_core.shell:Creating package script '/home/gordonc/alpha_test/install/alpha_description/share/alpha_description/package.sh'
[0.986s] INFO:colcon.colcon_core.shell:Creating package script '/home/gordonc/alpha_test/install/alpha_description/share/alpha_description/package.bash'
[0.988s] INFO:colcon.colcon_core.shell:Creating package script '/home/gordonc/alpha_test/install/alpha_description/share/alpha_description/package.zsh'
[0.990s] Level 1:colcon.colcon_core.environment:create_file_with_runtime_dependencies(/home/gordonc/alpha_test/install/alpha_description/share/colcon-core/packages/alpha_description)
[1.073s] DEBUG:colcon.colcon_core.event_handler.log_command:Invoking command in '/home/gordonc/alpha_test/build/alpha_driver': CMAKE_PREFIX_PATH=${CMAKE_PREFIX_PATH}:/home/gordonc/colcon_ws/install/blue_manager:/home/gordonc/colcon_ws/install/blue_localization:/home/gordonc/colcon_ws/install/blue_joy:/opt/ros/humble /usr/bin/cmake --install /home/gordonc/alpha_test/build/alpha_driver
[1.099s] Level 1:colcon.colcon_core.environment:create_environment_scripts_only(alpha_driver)
[1.100s] Level 1:colcon.colcon_core.environment:checking '/home/gordonc/alpha_test/install/alpha_driver' for CMake module files
[1.101s] DEBUG:colcon.colcon_core.event_handler.log_command:Invoked command in '/home/gordonc/alpha_test/build/alpha_driver' returned '0': CMAKE_PREFIX_PATH=${CMAKE_PREFIX_PATH}:/home/gordonc/colcon_ws/install/blue_manager:/home/gordonc/colcon_ws/install/blue_localization:/home/gordonc/colcon_ws/install/blue_joy:/opt/ros/humble /usr/bin/cmake --install /home/gordonc/alpha_test/build/alpha_driver
[1.102s] Level 1:colcon.colcon_core.environment:checking '/home/gordonc/alpha_test/install/alpha_driver' for CMake config files
[1.103s] Level 1:colcon.colcon_core.shell:create_environment_hook('alpha_driver', 'cmake_prefix_path')
[1.104s] INFO:colcon.colcon_core.shell:Creating environment hook '/home/gordonc/alpha_test/install/alpha_driver/share/alpha_driver/hook/cmake_prefix_path.ps1'
[1.105s] INFO:colcon.colcon_core.shell:Creating environment descriptor '/home/gordonc/alpha_test/install/alpha_driver/share/alpha_driver/hook/cmake_prefix_path.dsv'
[1.105s] INFO:colcon.colcon_core.shell:Creating environment hook '/home/gordonc/alpha_test/install/alpha_driver/share/alpha_driver/hook/cmake_prefix_path.sh'
[1.107s] Level 1:colcon.colcon_core.environment:checking '/home/gordonc/alpha_test/install/alpha_driver/lib'
[1.107s] Level 1:colcon.colcon_core.shell:create_environment_hook('alpha_driver', 'ld_library_path_lib')
[1.108s] INFO:colcon.colcon_core.shell:Creating environment hook '/home/gordonc/alpha_test/install/alpha_driver/share/alpha_driver/hook/ld_library_path_lib.ps1'
[1.109s] INFO:colcon.colcon_core.shell:Creating environment descriptor '/home/gordonc/alpha_test/install/alpha_driver/share/alpha_driver/hook/ld_library_path_lib.dsv'
[1.109s] INFO:colcon.colcon_core.shell:Creating environment hook '/home/gordonc/alpha_test/install/alpha_driver/share/alpha_driver/hook/ld_library_path_lib.sh'
[1.110s] Level 1:colcon.colcon_core.environment:checking '/home/gordonc/alpha_test/install/alpha_driver/bin'
[1.110s] Level 1:colcon.colcon_core.environment:checking '/home/gordonc/alpha_test/install/alpha_driver/lib/pkgconfig/alpha_driver.pc'
[1.111s] Level 1:colcon.colcon_core.environment:checking '/home/gordonc/alpha_test/install/alpha_driver/lib/python3.10/site-packages'
[1.111s] Level 1:colcon.colcon_core.environment:checking '/home/gordonc/alpha_test/install/alpha_driver/bin'
[1.112s] INFO:colcon.colcon_core.shell:Creating package script '/home/gordonc/alpha_test/install/alpha_driver/share/alpha_driver/package.ps1'
[1.113s] INFO:colcon.colcon_core.shell:Creating package descriptor '/home/gordonc/alpha_test/install/alpha_driver/share/alpha_driver/package.dsv'
[1.114s] INFO:colcon.colcon_core.shell:Creating package script '/home/gordonc/alpha_test/install/alpha_driver/share/alpha_driver/package.sh'
[1.115s] INFO:colcon.colcon_core.shell:Creating package script '/home/gordonc/alpha_test/install/alpha_driver/share/alpha_driver/package.bash'
[1.115s] INFO:colcon.colcon_core.shell:Creating package script '/home/gordonc/alpha_test/install/alpha_driver/share/alpha_driver/package.zsh'
[1.116s] Level 1:colcon.colcon_core.environment:create_file_with_runtime_dependencies(/home/gordonc/alpha_test/install/alpha_driver/share/colcon-core/packages/alpha_driver)
[1.262s] Level 1:colcon.colcon_core.environment:create_environment_scripts_only(alpha_driver)
[1.263s] Level 1:colcon.colcon_core.environment:checking '/home/gordonc/alpha_test/install/alpha_driver' for CMake module files
[1.266s] Level 1:colcon.colcon_core.environment:checking '/home/gordonc/alpha_test/install/alpha_driver' for CMake config files
[1.268s] Level 1:colcon.colcon_core.shell:create_environment_hook('alpha_driver', 'cmake_prefix_path')
[1.269s] INFO:colcon.colcon_core.shell:Creating environment hook '/home/gordonc/alpha_test/install/alpha_driver/share/alpha_driver/hook/cmake_prefix_path.ps1'
[1.270s] INFO:colcon.colcon_core.shell:Creating environment descriptor '/home/gordonc/alpha_test/install/alpha_driver/share/alpha_driver/hook/cmake_prefix_path.dsv'
[1.271s] INFO:colcon.colcon_core.shell:Creating environment hook '/home/gordonc/alpha_test/install/alpha_driver/share/alpha_driver/hook/cmake_prefix_path.sh'
[1.273s] Level 1:colcon.colcon_core.environment:checking '/home/gordonc/alpha_test/install/alpha_driver/lib'
[1.273s] Level 1:colcon.colcon_core.shell:create_environment_hook('alpha_driver', 'ld_library_path_lib')
[1.274s] INFO:colcon.colcon_core.shell:Creating environment hook '/home/gordonc/alpha_test/install/alpha_driver/share/alpha_driver/hook/ld_library_path_lib.ps1'
[1.275s] INFO:colcon.colcon_core.shell:Creating environment descriptor '/home/gordonc/alpha_test/install/alpha_driver/share/alpha_driver/hook/ld_library_path_lib.dsv'
[1.276s] INFO:colcon.colcon_core.shell:Creating environment hook '/home/gordonc/alpha_test/install/alpha_driver/share/alpha_driver/hook/ld_library_path_lib.sh'
[1.277s] Level 1:colcon.colcon_core.environment:checking '/home/gordonc/alpha_test/install/alpha_driver/bin'
[1.277s] Level 1:colcon.colcon_core.environment:checking '/home/gordonc/alpha_test/install/alpha_driver/lib/pkgconfig/alpha_driver.pc'
[1.277s] Level 1:colcon.colcon_core.environment:checking '/home/gordonc/alpha_test/install/alpha_driver/lib/python3.10/site-packages'
[1.278s] Level 1:colcon.colcon_core.environment:checking '/home/gordonc/alpha_test/install/alpha_driver/bin'
[1.279s] INFO:colcon.colcon_core.shell:Creating package script '/home/gordonc/alpha_test/install/alpha_driver/share/alpha_driver/package.ps1'
[1.280s] INFO:colcon.colcon_core.shell:Creating package descriptor '/home/gordonc/alpha_test/install/alpha_driver/share/alpha_driver/package.dsv'
[1.281s] INFO:colcon.colcon_core.shell:Creating package script '/home/gordonc/alpha_test/install/alpha_driver/share/alpha_driver/package.sh'
[1.283s] INFO:colcon.colcon_core.shell:Creating package script '/home/gordonc/alpha_test/install/alpha_driver/share/alpha_driver/package.bash'
[1.284s] INFO:colcon.colcon_core.shell:Creating package script '/home/gordonc/alpha_test/install/alpha_driver/share/alpha_driver/package.zsh'
[1.285s] Level 1:colcon.colcon_core.environment:create_file_with_runtime_dependencies(/home/gordonc/alpha_test/install/alpha_driver/share/colcon-core/packages/alpha_driver)
[1.286s] INFO:colcon.colcon_ros.task.ament_cmake.build:Building ROS package in '/home/gordonc/alpha_test/src/alpha/alpha_hardware' with build type 'ament_cmake'
[1.286s] INFO:colcon.colcon_cmake.task.cmake.build:Building CMake package in '/home/gordonc/alpha_test/src/alpha/alpha_hardware'
[1.287s] INFO:colcon.colcon_core.shell:Skip shell extension 'powershell' for command environment: Not usable outside of PowerShell
[1.287s] DEBUG:colcon.colcon_core.shell:Skip shell extension 'dsv' for command environment
[1.323s] DEBUG:colcon.colcon_core.event_handler.log_command:Invoking command in '/home/gordonc/alpha_test/build/alpha_hardware': CMAKE_PREFIX_PATH=/home/gordonc/alpha_test/install/alpha_driver:/home/gordonc/alpha_test/install/ros_ign_interfaces:/home/gordonc/alpha_test/install/ros_ign_gazebo:/home/gordonc/alpha_test/install/ros_gz_sim:/home/gordonc/alpha_test/install/ros_gz_interfaces:/home/gordonc/alpha_test/install/ros2_shared:/home/gordonc/alpha_test/install/alpha_moveit:/home/gordonc/alpha_test/install/alpha_bringup:/home/gordonc/alpha_test/install/alpha_hardware:/home/gordonc/alpha_test/install/alpha_description:/home/gordonc/colcon_ws/install/test_ros_gz_bridge:/home/gordonc/colcon_ws/install/ros_ign_interfaces:/home/gordonc/colcon_ws/install/ros_ign:/home/gordonc/colcon_ws/install/ros_ign_image:/home/gordonc/colcon_ws/install/ros_ign_gazebo_demos:/home/gordonc/colcon_ws/install/ros_ign_gazebo:/home/gordonc/colcon_ws/install/ros_ign_bridge:/home/gordonc/colcon_ws/install/ros_gz:/home/gordonc/colcon_ws/install/ros_gz_sim_demos:/home/gordonc/colcon_ws/install/ros_gz_sim:/home/gordonc/colcon_ws/install/ros_gz_image:/home/gordonc/colcon_ws/install/ros_gz_bridge:/home/gordonc/colcon_ws/install/ros_gz_interfaces:/home/gordonc/colcon_ws/install/orca_nav2:/home/gordonc/colcon_ws/install/orca_base:/home/gordonc/colcon_ws/install/orca_shared:/home/gordonc/colcon_ws/install/ros2_shared:/home/gordonc/colcon_ws/install/orca_msgs:/home/gordonc/colcon_ws/install/orca_description:/home/gordonc/colcon_ws/install/orca_bringup:/home/gordonc/colcon_ws/install/orb_slam2_ros:/home/gordonc/colcon_ws/install/bluerov2_ignition:/home/gordonc/colcon_ws/install/blue_control:/home/gordonc/colcon_ws/install/blue_dynamics:/home/gordonc/colcon_ws/install/blue_utils:/home/gordonc/colcon_ws/install/blue_description:/home/gordonc/colcon_ws/install/blue_bringup:/home/gordonc/colcon_ws/install/ardupilot_gazebo:/home/gordonc/colcon_ws/install/alpha_bringup:/home/gordonc/colcon_ws/install/alpha_hardware:/home/gordonc/colcon_ws/install/alpha_driver:/home/gordonc/colcon_ws/install/alpha_description:/home/gordonc/colcon_ws/install/blue_manager:/home/gordonc/colcon_ws/install/blue_localization:/home/gordonc/colcon_ws/install/blue_joy:/opt/ros/humble LD_LIBRARY_PATH=/home/gordonc/alpha_test/install/alpha_driver/lib:/home/gordonc/alpha_test/install/ros_ign_interfaces/lib:/home/gordonc/alpha_test/install/ros_gz_sim/lib:/home/gordonc/alpha_test/install/ros_gz_interfaces/lib:/home/gordonc/alpha_test/install/alpha_hardware/lib:/home/gordonc/colcon_ws/install/ros_ign_interfaces/lib:/home/gordonc/colcon_ws/install/ros_gz_sim/lib:/home/gordonc/colcon_ws/install/ros_gz_bridge/lib:/home/gordonc/colcon_ws/install/ros_gz_interfaces/lib:/home/gordonc/colcon_ws/install/orca_nav2/lib:/home/gordonc/colcon_ws/install/orca_shared/lib:/home/gordonc/colcon_ws/install/orca_msgs/lib:/home/gordonc/colcon_ws/install/orb_slam2_ros/lib:/home/gordonc/colcon_ws/install/blue_dynamics/lib:/home/gordonc/colcon_ws/install/alpha_hardware/lib:/home/gordonc/colcon_ws/install/alpha_driver/lib:/opt/ros/humble/opt/rviz_ogre_vendor/lib:/opt/ros/humble/lib/x86_64-linux-gnu:/opt/ros/humble/lib /usr/bin/cmake --build /home/gordonc/alpha_test/build/alpha_hardware -- -j8 -l8
[1.489s] DEBUG:colcon.colcon_core.event_handler.log_command:Invoked command in '/home/gordonc/alpha_test/build/alpha_hardware' returned '0': CMAKE_PREFIX_PATH=/home/gordonc/alpha_test/install/alpha_driver:/home/gordonc/alpha_test/install/ros_ign_interfaces:/home/gordonc/alpha_test/install/ros_ign_gazebo:/home/gordonc/alpha_test/install/ros_gz_sim:/home/gordonc/alpha_test/install/ros_gz_interfaces:/home/gordonc/alpha_test/install/ros2_shared:/home/gordonc/alpha_test/install/alpha_moveit:/home/gordonc/alpha_test/install/alpha_bringup:/home/gordonc/alpha_test/install/alpha_hardware:/home/gordonc/alpha_test/install/alpha_description:/home/gordonc/colcon_ws/install/test_ros_gz_bridge:/home/gordonc/colcon_ws/install/ros_ign_interfaces:/home/gordonc/colcon_ws/install/ros_ign:/home/gordonc/colcon_ws/install/ros_ign_image:/home/gordonc/colcon_ws/install/ros_ign_gazebo_demos:/home/gordonc/colcon_ws/install/ros_ign_gazebo:/home/gordonc/colcon_ws/install/ros_ign_bridge:/home/gordonc/colcon_ws/install/ros_gz:/home/gordonc/colcon_ws/install/ros_gz_sim_demos:/home/gordonc/colcon_ws/install/ros_gz_sim:/home/gordonc/colcon_ws/install/ros_gz_image:/home/gordonc/colcon_ws/install/ros_gz_bridge:/home/gordonc/colcon_ws/install/ros_gz_interfaces:/home/gordonc/colcon_ws/install/orca_nav2:/home/gordonc/colcon_ws/install/orca_base:/home/gordonc/colcon_ws/install/orca_shared:/home/gordonc/colcon_ws/install/ros2_shared:/home/gordonc/colcon_ws/install/orca_msgs:/home/gordonc/colcon_ws/install/orca_description:/home/gordonc/colcon_ws/install/orca_bringup:/home/gordonc/colcon_ws/install/orb_slam2_ros:/home/gordonc/colcon_ws/install/bluerov2_ignition:/home/gordonc/colcon_ws/install/blue_control:/home/gordonc/colcon_ws/install/blue_dynamics:/home/gordonc/colcon_ws/install/blue_utils:/home/gordonc/colcon_ws/install/blue_description:/home/gordonc/colcon_ws/install/blue_bringup:/home/gordonc/colcon_ws/install/ardupilot_gazebo:/home/gordonc/colcon_ws/install/alpha_bringup:/home/gordonc/colcon_ws/install/alpha_hardware:/home/gordonc/colcon_ws/install/alpha_driver:/home/gordonc/colcon_ws/install/alpha_description:/home/gordonc/colcon_ws/install/blue_manager:/home/gordonc/colcon_ws/install/blue_localization:/home/gordonc/colcon_ws/install/blue_joy:/opt/ros/humble LD_LIBRARY_PATH=/home/gordonc/alpha_test/install/alpha_driver/lib:/home/gordonc/alpha_test/install/ros_ign_interfaces/lib:/home/gordonc/alpha_test/install/ros_gz_sim/lib:/home/gordonc/alpha_test/install/ros_gz_interfaces/lib:/home/gordonc/alpha_test/install/alpha_hardware/lib:/home/gordonc/colcon_ws/install/ros_ign_interfaces/lib:/home/gordonc/colcon_ws/install/ros_gz_sim/lib:/home/gordonc/colcon_ws/install/ros_gz_bridge/lib:/home/gordonc/colcon_ws/install/ros_gz_interfaces/lib:/home/gordonc/colcon_ws/install/orca_nav2/lib:/home/gordonc/colcon_ws/install/orca_shared/lib:/home/gordonc/colcon_ws/install/orca_msgs/lib:/home/gordonc/colcon_ws/install/orb_slam2_ros/lib:/home/gordonc/colcon_ws/install/blue_dynamics/lib:/home/gordonc/colcon_ws/install/alpha_hardware/lib:/home/gordonc/colcon_ws/install/alpha_driver/lib:/opt/ros/humble/opt/rviz_ogre_vendor/lib:/opt/ros/humble/lib/x86_64-linux-gnu:/opt/ros/humble/lib /usr/bin/cmake --build /home/gordonc/alpha_test/build/alpha_hardware -- -j8 -l8
[1.567s] DEBUG:colcon.colcon_core.event_handler.log_command:Invoking command in '/home/gordonc/alpha_test/build/alpha_hardware': CMAKE_PREFIX_PATH=/home/gordonc/alpha_test/install/alpha_driver:/home/gordonc/alpha_test/install/ros_ign_interfaces:/home/gordonc/alpha_test/install/ros_ign_gazebo:/home/gordonc/alpha_test/install/ros_gz_sim:/home/gordonc/alpha_test/install/ros_gz_interfaces:/home/gordonc/alpha_test/install/ros2_shared:/home/gordonc/alpha_test/install/alpha_moveit:/home/gordonc/alpha_test/install/alpha_bringup:/home/gordonc/alpha_test/install/alpha_hardware:/home/gordonc/alpha_test/install/alpha_description:/home/gordonc/colcon_ws/install/test_ros_gz_bridge:/home/gordonc/colcon_ws/install/ros_ign_interfaces:/home/gordonc/colcon_ws/install/ros_ign:/home/gordonc/colcon_ws/install/ros_ign_image:/home/gordonc/colcon_ws/install/ros_ign_gazebo_demos:/home/gordonc/colcon_ws/install/ros_ign_gazebo:/home/gordonc/colcon_ws/install/ros_ign_bridge:/home/gordonc/colcon_ws/install/ros_gz:/home/gordonc/colcon_ws/install/ros_gz_sim_demos:/home/gordonc/colcon_ws/install/ros_gz_sim:/home/gordonc/colcon_ws/install/ros_gz_image:/home/gordonc/colcon_ws/install/ros_gz_bridge:/home/gordonc/colcon_ws/install/ros_gz_interfaces:/home/gordonc/colcon_ws/install/orca_nav2:/home/gordonc/colcon_ws/install/orca_base:/home/gordonc/colcon_ws/install/orca_shared:/home/gordonc/colcon_ws/install/ros2_shared:/home/gordonc/colcon_ws/install/orca_msgs:/home/gordonc/colcon_ws/install/orca_description:/home/gordonc/colcon_ws/install/orca_bringup:/home/gordonc/colcon_ws/install/orb_slam2_ros:/home/gordonc/colcon_ws/install/bluerov2_ignition:/home/gordonc/colcon_ws/install/blue_control:/home/gordonc/colcon_ws/install/blue_dynamics:/home/gordonc/colcon_ws/install/blue_utils:/home/gordonc/colcon_ws/install/blue_description:/home/gordonc/colcon_ws/install/blue_bringup:/home/gordonc/colcon_ws/install/ardupilot_gazebo:/home/gordonc/colcon_ws/install/alpha_bringup:/home/gordonc/colcon_ws/install/alpha_hardware:/home/gordonc/colcon_ws/install/alpha_driver:/home/gordonc/colcon_ws/install/alpha_description:/home/gordonc/colcon_ws/install/blue_manager:/home/gordonc/colcon_ws/install/blue_localization:/home/gordonc/colcon_ws/install/blue_joy:/opt/ros/humble LD_LIBRARY_PATH=/home/gordonc/alpha_test/install/alpha_driver/lib:/home/gordonc/alpha_test/install/ros_ign_interfaces/lib:/home/gordonc/alpha_test/install/ros_gz_sim/lib:/home/gordonc/alpha_test/install/ros_gz_interfaces/lib:/home/gordonc/alpha_test/install/alpha_hardware/lib:/home/gordonc/colcon_ws/install/ros_ign_interfaces/lib:/home/gordonc/colcon_ws/install/ros_gz_sim/lib:/home/gordonc/colcon_ws/install/ros_gz_bridge/lib:/home/gordonc/colcon_ws/install/ros_gz_interfaces/lib:/home/gordonc/colcon_ws/install/orca_nav2/lib:/home/gordonc/colcon_ws/install/orca_shared/lib:/home/gordonc/colcon_ws/install/orca_msgs/lib:/home/gordonc/colcon_ws/install/orb_slam2_ros/lib:/home/gordonc/colcon_ws/install/blue_dynamics/lib:/home/gordonc/colcon_ws/install/alpha_hardware/lib:/home/gordonc/colcon_ws/install/alpha_driver/lib:/opt/ros/humble/opt/rviz_ogre_vendor/lib:/opt/ros/humble/lib/x86_64-linux-gnu:/opt/ros/humble/lib /usr/bin/cmake --install /home/gordonc/alpha_test/build/alpha_hardware
[1.592s] Level 1:colcon.colcon_core.environment:create_environment_scripts_only(alpha_hardware)
[1.593s] Level 1:colcon.colcon_core.environment:checking '/home/gordonc/alpha_test/install/alpha_hardware' for CMake module files
[1.594s] DEBUG:colcon.colcon_core.event_handler.log_command:Invoked command in '/home/gordonc/alpha_test/build/alpha_hardware' returned '0': CMAKE_PREFIX_PATH=/home/gordonc/alpha_test/install/alpha_driver:/home/gordonc/alpha_test/install/ros_ign_interfaces:/home/gordonc/alpha_test/install/ros_ign_gazebo:/home/gordonc/alpha_test/install/ros_gz_sim:/home/gordonc/alpha_test/install/ros_gz_interfaces:/home/gordonc/alpha_test/install/ros2_shared:/home/gordonc/alpha_test/install/alpha_moveit:/home/gordonc/alpha_test/install/alpha_bringup:/home/gordonc/alpha_test/install/alpha_hardware:/home/gordonc/alpha_test/install/alpha_description:/home/gordonc/colcon_ws/install/test_ros_gz_bridge:/home/gordonc/colcon_ws/install/ros_ign_interfaces:/home/gordonc/colcon_ws/install/ros_ign:/home/gordonc/colcon_ws/install/ros_ign_image:/home/gordonc/colcon_ws/install/ros_ign_gazebo_demos:/home/gordonc/colcon_ws/install/ros_ign_gazebo:/home/gordonc/colcon_ws/install/ros_ign_bridge:/home/gordonc/colcon_ws/install/ros_gz:/home/gordonc/colcon_ws/install/ros_gz_sim_demos:/home/gordonc/colcon_ws/install/ros_gz_sim:/home/gordonc/colcon_ws/install/ros_gz_image:/home/gordonc/colcon_ws/install/ros_gz_bridge:/home/gordonc/colcon_ws/install/ros_gz_interfaces:/home/gordonc/colcon_ws/install/orca_nav2:/home/gordonc/colcon_ws/install/orca_base:/home/gordonc/colcon_ws/install/orca_shared:/home/gordonc/colcon_ws/install/ros2_shared:/home/gordonc/colcon_ws/install/orca_msgs:/home/gordonc/colcon_ws/install/orca_description:/home/gordonc/colcon_ws/install/orca_bringup:/home/gordonc/colcon_ws/install/orb_slam2_ros:/home/gordonc/colcon_ws/install/bluerov2_ignition:/home/gordonc/colcon_ws/install/blue_control:/home/gordonc/colcon_ws/install/blue_dynamics:/home/gordonc/colcon_ws/install/blue_utils:/home/gordonc/colcon_ws/install/blue_description:/home/gordonc/colcon_ws/install/blue_bringup:/home/gordonc/colcon_ws/install/ardupilot_gazebo:/home/gordonc/colcon_ws/install/alpha_bringup:/home/gordonc/colcon_ws/install/alpha_hardware:/home/gordonc/colcon_ws/install/alpha_driver:/home/gordonc/colcon_ws/install/alpha_description:/home/gordonc/colcon_ws/install/blue_manager:/home/gordonc/colcon_ws/install/blue_localization:/home/gordonc/colcon_ws/install/blue_joy:/opt/ros/humble LD_LIBRARY_PATH=/home/gordonc/alpha_test/install/alpha_driver/lib:/home/gordonc/alpha_test/install/ros_ign_interfaces/lib:/home/gordonc/alpha_test/install/ros_gz_sim/lib:/home/gordonc/alpha_test/install/ros_gz_interfaces/lib:/home/gordonc/alpha_test/install/alpha_hardware/lib:/home/gordonc/colcon_ws/install/ros_ign_interfaces/lib:/home/gordonc/colcon_ws/install/ros_gz_sim/lib:/home/gordonc/colcon_ws/install/ros_gz_bridge/lib:/home/gordonc/colcon_ws/install/ros_gz_interfaces/lib:/home/gordonc/colcon_ws/install/orca_nav2/lib:/home/gordonc/colcon_ws/install/orca_shared/lib:/home/gordonc/colcon_ws/install/orca_msgs/lib:/home/gordonc/colcon_ws/install/orb_slam2_ros/lib:/home/gordonc/colcon_ws/install/blue_dynamics/lib:/home/gordonc/colcon_ws/install/alpha_hardware/lib:/home/gordonc/colcon_ws/install/alpha_driver/lib:/opt/ros/humble/opt/rviz_ogre_vendor/lib:/opt/ros/humble/lib/x86_64-linux-gnu:/opt/ros/humble/lib /usr/bin/cmake --install /home/gordonc/alpha_test/build/alpha_hardware
[1.595s] Level 1:colcon.colcon_core.environment:checking '/home/gordonc/alpha_test/install/alpha_hardware' for CMake config files
[1.596s] Level 1:colcon.colcon_core.shell:create_environment_hook('alpha_hardware', 'cmake_prefix_path')
[1.597s] INFO:colcon.colcon_core.shell:Creating environment hook '/home/gordonc/alpha_test/install/alpha_hardware/share/alpha_hardware/hook/cmake_prefix_path.ps1'
[1.598s] INFO:colcon.colcon_core.shell:Creating environment descriptor '/home/gordonc/alpha_test/install/alpha_hardware/share/alpha_hardware/hook/cmake_prefix_path.dsv'
[1.599s] INFO:colcon.colcon_core.shell:Creating environment hook '/home/gordonc/alpha_test/install/alpha_hardware/share/alpha_hardware/hook/cmake_prefix_path.sh'
[1.600s] Level 1:colcon.colcon_core.environment:checking '/home/gordonc/alpha_test/install/alpha_hardware/lib'
[1.600s] Level 1:colcon.colcon_core.shell:create_environment_hook('alpha_hardware', 'ld_library_path_lib')
[1.601s] INFO:colcon.colcon_core.shell:Creating environment hook '/home/gordonc/alpha_test/install/alpha_hardware/share/alpha_hardware/hook/ld_library_path_lib.ps1'
[1.602s] INFO:colcon.colcon_core.shell:Creating environment descriptor '/home/gordonc/alpha_test/install/alpha_hardware/share/alpha_hardware/hook/ld_library_path_lib.dsv'
[1.603s] INFO:colcon.colcon_core.shell:Creating environment hook '/home/gordonc/alpha_test/install/alpha_hardware/share/alpha_hardware/hook/ld_library_path_lib.sh'
[1.603s] Level 1:colcon.colcon_core.environment:checking '/home/gordonc/alpha_test/install/alpha_hardware/bin'
[1.604s] Level 1:colcon.colcon_core.environment:checking '/home/gordonc/alpha_test/install/alpha_hardware/lib/pkgconfig/alpha_hardware.pc'
[1.604s] Level 1:colcon.colcon_core.environment:checking '/home/gordonc/alpha_test/install/alpha_hardware/lib/python3.10/site-packages'
[1.605s] Level 1:colcon.colcon_core.environment:checking '/home/gordonc/alpha_test/install/alpha_hardware/bin'
[1.606s] INFO:colcon.colcon_core.shell:Creating package script '/home/gordonc/alpha_test/install/alpha_hardware/share/alpha_hardware/package.ps1'
[1.608s] INFO:colcon.colcon_core.shell:Creating package descriptor '/home/gordonc/alpha_test/install/alpha_hardware/share/alpha_hardware/package.dsv'
[1.609s] INFO:colcon.colcon_core.shell:Creating package script '/home/gordonc/alpha_test/install/alpha_hardware/share/alpha_hardware/package.sh'
[1.611s] INFO:colcon.colcon_core.shell:Creating package script '/home/gordonc/alpha_test/install/alpha_hardware/share/alpha_hardware/package.bash'
[1.612s] INFO:colcon.colcon_core.shell:Creating package script '/home/gordonc/alpha_test/install/alpha_hardware/share/alpha_hardware/package.zsh'
[1.612s] Level 1:colcon.colcon_core.environment:create_file_with_runtime_dependencies(/home/gordonc/alpha_test/install/alpha_hardware/share/colcon-core/packages/alpha_hardware)
[1.686s] Level 1:colcon.colcon_core.environment:create_environment_scripts_only(alpha_hardware)
[1.687s] Level 1:colcon.colcon_core.environment:checking '/home/gordonc/alpha_test/install/alpha_hardware' for CMake module files
[1.688s] Level 1:colcon.colcon_core.environment:checking '/home/gordonc/alpha_test/install/alpha_hardware' for CMake config files
[1.689s] Level 1:colcon.colcon_core.shell:create_environment_hook('alpha_hardware', 'cmake_prefix_path')
[1.689s] INFO:colcon.colcon_core.shell:Creating environment hook '/home/gordonc/alpha_test/install/alpha_hardware/share/alpha_hardware/hook/cmake_prefix_path.ps1'
[1.690s] INFO:colcon.colcon_core.shell:Creating environment descriptor '/home/gordonc/alpha_test/install/alpha_hardware/share/alpha_hardware/hook/cmake_prefix_path.dsv'
[1.691s] INFO:colcon.colcon_core.shell:Creating environment hook '/home/gordonc/alpha_test/install/alpha_hardware/share/alpha_hardware/hook/cmake_prefix_path.sh'
[1.692s] Level 1:colcon.colcon_core.environment:checking '/home/gordonc/alpha_test/install/alpha_hardware/lib'
[1.692s] Level 1:colcon.colcon_core.shell:create_environment_hook('alpha_hardware', 'ld_library_path_lib')
[1.693s] INFO:colcon.colcon_core.shell:Creating environment hook '/home/gordonc/alpha_test/install/alpha_hardware/share/alpha_hardware/hook/ld_library_path_lib.ps1'
[1.693s] INFO:colcon.colcon_core.shell:Creating environment descriptor '/home/gordonc/alpha_test/install/alpha_hardware/share/alpha_hardware/hook/ld_library_path_lib.dsv'
[1.694s] INFO:colcon.colcon_core.shell:Creating environment hook '/home/gordonc/alpha_test/install/alpha_hardware/share/alpha_hardware/hook/ld_library_path_lib.sh'
[1.694s] Level 1:colcon.colcon_core.environment:checking '/home/gordonc/alpha_test/install/alpha_hardware/bin'
[1.695s] Level 1:colcon.colcon_core.environment:checking '/home/gordonc/alpha_test/install/alpha_hardware/lib/pkgconfig/alpha_hardware.pc'
[1.695s] Level 1:colcon.colcon_core.environment:checking '/home/gordonc/alpha_test/install/alpha_hardware/lib/python3.10/site-packages'
[1.695s] Level 1:colcon.colcon_core.environment:checking '/home/gordonc/alpha_test/install/alpha_hardware/bin'
[1.696s] INFO:colcon.colcon_core.shell:Creating package script '/home/gordonc/alpha_test/install/alpha_hardware/share/alpha_hardware/package.ps1'
[1.697s] INFO:colcon.colcon_core.shell:Creating package descriptor '/home/gordonc/alpha_test/install/alpha_hardware/share/alpha_hardware/package.dsv'
[1.698s] INFO:colcon.colcon_core.shell:Creating package script '/home/gordonc/alpha_test/install/alpha_hardware/share/alpha_hardware/package.sh'
[1.698s] INFO:colcon.colcon_core.shell:Creating package script '/home/gordonc/alpha_test/install/alpha_hardware/share/alpha_hardware/package.bash'
[1.699s] INFO:colcon.colcon_core.shell:Creating package script '/home/gordonc/alpha_test/install/alpha_hardware/share/alpha_hardware/package.zsh'
[1.700s] Level 1:colcon.colcon_core.environment:create_file_with_runtime_dependencies(/home/gordonc/alpha_test/install/alpha_hardware/share/colcon-core/packages/alpha_hardware)
[1.700s] INFO:colcon.colcon_ros.task.ament_cmake.build:Building ROS package in '/home/gordonc/alpha_test/src/alpha/alpha_bringup' with build type 'ament_cmake'
[1.701s] INFO:colcon.colcon_cmake.task.cmake.build:Building CMake package in '/home/gordonc/alpha_test/src/alpha/alpha_bringup'
[1.702s] INFO:colcon.colcon_core.shell:Skip shell extension 'powershell' for command environment: Not usable outside of PowerShell
[1.702s] DEBUG:colcon.colcon_core.shell:Skip shell extension 'dsv' for command environment
[1.746s] DEBUG:colcon.colcon_core.event_handler.log_command:Invoking command in '/home/gordonc/alpha_test/build/alpha_bringup': CMAKE_PREFIX_PATH=/home/gordonc/alpha_test/install/alpha_hardware:/home/gordonc/alpha_test/install/alpha_driver:/home/gordonc/alpha_test/install/alpha_description:/home/gordonc/alpha_test/install/ros_ign_interfaces:/home/gordonc/alpha_test/install/ros_ign_gazebo:/home/gordonc/alpha_test/install/ros_gz_sim:/home/gordonc/alpha_test/install/ros_gz_interfaces:/home/gordonc/alpha_test/install/ros2_shared:/home/gordonc/alpha_test/install/alpha_moveit:/home/gordonc/alpha_test/install/alpha_bringup:/home/gordonc/colcon_ws/install/test_ros_gz_bridge:/home/gordonc/colcon_ws/install/ros_ign_interfaces:/home/gordonc/colcon_ws/install/ros_ign:/home/gordonc/colcon_ws/install/ros_ign_image:/home/gordonc/colcon_ws/install/ros_ign_gazebo_demos:/home/gordonc/colcon_ws/install/ros_ign_gazebo:/home/gordonc/colcon_ws/install/ros_ign_bridge:/home/gordonc/colcon_ws/install/ros_gz:/home/gordonc/colcon_ws/install/ros_gz_sim_demos:/home/gordonc/colcon_ws/install/ros_gz_sim:/home/gordonc/colcon_ws/install/ros_gz_image:/home/gordonc/colcon_ws/install/ros_gz_bridge:/home/gordonc/colcon_ws/install/ros_gz_interfaces:/home/gordonc/colcon_ws/install/orca_nav2:/home/gordonc/colcon_ws/install/orca_base:/home/gordonc/colcon_ws/install/orca_shared:/home/gordonc/colcon_ws/install/ros2_shared:/home/gordonc/colcon_ws/install/orca_msgs:/home/gordonc/colcon_ws/install/orca_description:/home/gordonc/colcon_ws/install/orca_bringup:/home/gordonc/colcon_ws/install/orb_slam2_ros:/home/gordonc/colcon_ws/install/bluerov2_ignition:/home/gordonc/colcon_ws/install/blue_control:/home/gordonc/colcon_ws/install/blue_dynamics:/home/gordonc/colcon_ws/install/blue_utils:/home/gordonc/colcon_ws/install/blue_description:/home/gordonc/colcon_ws/install/blue_bringup:/home/gordonc/colcon_ws/install/ardupilot_gazebo:/home/gordonc/colcon_ws/install/alpha_bringup:/home/gordonc/colcon_ws/install/alpha_hardware:/home/gordonc/colcon_ws/install/alpha_driver:/home/gordonc/colcon_ws/install/alpha_description:/home/gordonc/colcon_ws/install/blue_manager:/home/gordonc/colcon_ws/install/blue_localization:/home/gordonc/colcon_ws/install/blue_joy:/opt/ros/humble LD_LIBRARY_PATH=/home/gordonc/alpha_test/install/alpha_hardware/lib:/home/gordonc/alpha_test/install/alpha_driver/lib:/home/gordonc/alpha_test/install/ros_ign_interfaces/lib:/home/gordonc/alpha_test/install/ros_gz_sim/lib:/home/gordonc/alpha_test/install/ros_gz_interfaces/lib:/home/gordonc/colcon_ws/install/ros_ign_interfaces/lib:/home/gordonc/colcon_ws/install/ros_gz_sim/lib:/home/gordonc/colcon_ws/install/ros_gz_bridge/lib:/home/gordonc/colcon_ws/install/ros_gz_interfaces/lib:/home/gordonc/colcon_ws/install/orca_nav2/lib:/home/gordonc/colcon_ws/install/orca_shared/lib:/home/gordonc/colcon_ws/install/orca_msgs/lib:/home/gordonc/colcon_ws/install/orb_slam2_ros/lib:/home/gordonc/colcon_ws/install/blue_dynamics/lib:/home/gordonc/colcon_ws/install/alpha_hardware/lib:/home/gordonc/colcon_ws/install/alpha_driver/lib:/opt/ros/humble/opt/rviz_ogre_vendor/lib:/opt/ros/humble/lib/x86_64-linux-gnu:/opt/ros/humble/lib /usr/bin/cmake --build /home/gordonc/alpha_test/build/alpha_bringup -- -j8 -l8
[1.839s] DEBUG:colcon.colcon_core.event_handler.log_command:Invoked command in '/home/gordonc/alpha_test/build/alpha_bringup' returned '0': CMAKE_PREFIX_PATH=/home/gordonc/alpha_test/install/alpha_hardware:/home/gordonc/alpha_test/install/alpha_driver:/home/gordonc/alpha_test/install/alpha_description:/home/gordonc/alpha_test/install/ros_ign_interfaces:/home/gordonc/alpha_test/install/ros_ign_gazebo:/home/gordonc/alpha_test/install/ros_gz_sim:/home/gordonc/alpha_test/install/ros_gz_interfaces:/home/gordonc/alpha_test/install/ros2_shared:/home/gordonc/alpha_test/install/alpha_moveit:/home/gordonc/alpha_test/install/alpha_bringup:/home/gordonc/colcon_ws/install/test_ros_gz_bridge:/home/gordonc/colcon_ws/install/ros_ign_interfaces:/home/gordonc/colcon_ws/install/ros_ign:/home/gordonc/colcon_ws/install/ros_ign_image:/home/gordonc/colcon_ws/install/ros_ign_gazebo_demos:/home/gordonc/colcon_ws/install/ros_ign_gazebo:/home/gordonc/colcon_ws/install/ros_ign_bridge:/home/gordonc/colcon_ws/install/ros_gz:/home/gordonc/colcon_ws/install/ros_gz_sim_demos:/home/gordonc/colcon_ws/install/ros_gz_sim:/home/gordonc/colcon_ws/install/ros_gz_image:/home/gordonc/colcon_ws/install/ros_gz_bridge:/home/gordonc/colcon_ws/install/ros_gz_interfaces:/home/gordonc/colcon_ws/install/orca_nav2:/home/gordonc/colcon_ws/install/orca_base:/home/gordonc/colcon_ws/install/orca_shared:/home/gordonc/colcon_ws/install/ros2_shared:/home/gordonc/colcon_ws/install/orca_msgs:/home/gordonc/colcon_ws/install/orca_description:/home/gordonc/colcon_ws/install/orca_bringup:/home/gordonc/colcon_ws/install/orb_slam2_ros:/home/gordonc/colcon_ws/install/bluerov2_ignition:/home/gordonc/colcon_ws/install/blue_control:/home/gordonc/colcon_ws/install/blue_dynamics:/home/gordonc/colcon_ws/install/blue_utils:/home/gordonc/colcon_ws/install/blue_description:/home/gordonc/colcon_ws/install/blue_bringup:/home/gordonc/colcon_ws/install/ardupilot_gazebo:/home/gordonc/colcon_ws/install/alpha_bringup:/home/gordonc/colcon_ws/install/alpha_hardware:/home/gordonc/colcon_ws/install/alpha_driver:/home/gordonc/colcon_ws/install/alpha_description:/home/gordonc/colcon_ws/install/blue_manager:/home/gordonc/colcon_ws/install/blue_localization:/home/gordonc/colcon_ws/install/blue_joy:/opt/ros/humble LD_LIBRARY_PATH=/home/gordonc/alpha_test/install/alpha_hardware/lib:/home/gordonc/alpha_test/install/alpha_driver/lib:/home/gordonc/alpha_test/install/ros_ign_interfaces/lib:/home/gordonc/alpha_test/install/ros_gz_sim/lib:/home/gordonc/alpha_test/install/ros_gz_interfaces/lib:/home/gordonc/colcon_ws/install/ros_ign_interfaces/lib:/home/gordonc/colcon_ws/install/ros_gz_sim/lib:/home/gordonc/colcon_ws/install/ros_gz_bridge/lib:/home/gordonc/colcon_ws/install/ros_gz_interfaces/lib:/home/gordonc/colcon_ws/install/orca_nav2/lib:/home/gordonc/colcon_ws/install/orca_shared/lib:/home/gordonc/colcon_ws/install/orca_msgs/lib:/home/gordonc/colcon_ws/install/orb_slam2_ros/lib:/home/gordonc/colcon_ws/install/blue_dynamics/lib:/home/gordonc/colcon_ws/install/alpha_hardware/lib:/home/gordonc/colcon_ws/install/alpha_driver/lib:/opt/ros/humble/opt/rviz_ogre_vendor/lib:/opt/ros/humble/lib/x86_64-linux-gnu:/opt/ros/humble/lib /usr/bin/cmake --build /home/gordonc/alpha_test/build/alpha_bringup -- -j8 -l8
[1.904s] DEBUG:colcon.colcon_core.event_handler.log_command:Invoking command in '/home/gordonc/alpha_test/build/alpha_bringup': CMAKE_PREFIX_PATH=/home/gordonc/alpha_test/install/alpha_hardware:/home/gordonc/alpha_test/install/alpha_driver:/home/gordonc/alpha_test/install/alpha_description:/home/gordonc/alpha_test/install/ros_ign_interfaces:/home/gordonc/alpha_test/install/ros_ign_gazebo:/home/gordonc/alpha_test/install/ros_gz_sim:/home/gordonc/alpha_test/install/ros_gz_interfaces:/home/gordonc/alpha_test/install/ros2_shared:/home/gordonc/alpha_test/install/alpha_moveit:/home/gordonc/alpha_test/install/alpha_bringup:/home/gordonc/colcon_ws/install/test_ros_gz_bridge:/home/gordonc/colcon_ws/install/ros_ign_interfaces:/home/gordonc/colcon_ws/install/ros_ign:/home/gordonc/colcon_ws/install/ros_ign_image:/home/gordonc/colcon_ws/install/ros_ign_gazebo_demos:/home/gordonc/colcon_ws/install/ros_ign_gazebo:/home/gordonc/colcon_ws/install/ros_ign_bridge:/home/gordonc/colcon_ws/install/ros_gz:/home/gordonc/colcon_ws/install/ros_gz_sim_demos:/home/gordonc/colcon_ws/install/ros_gz_sim:/home/gordonc/colcon_ws/install/ros_gz_image:/home/gordonc/colcon_ws/install/ros_gz_bridge:/home/gordonc/colcon_ws/install/ros_gz_interfaces:/home/gordonc/colcon_ws/install/orca_nav2:/home/gordonc/colcon_ws/install/orca_base:/home/gordonc/colcon_ws/install/orca_shared:/home/gordonc/colcon_ws/install/ros2_shared:/home/gordonc/colcon_ws/install/orca_msgs:/home/gordonc/colcon_ws/install/orca_description:/home/gordonc/colcon_ws/install/orca_bringup:/home/gordonc/colcon_ws/install/orb_slam2_ros:/home/gordonc/colcon_ws/install/bluerov2_ignition:/home/gordonc/colcon_ws/install/blue_control:/home/gordonc/colcon_ws/install/blue_dynamics:/home/gordonc/colcon_ws/install/blue_utils:/home/gordonc/colcon_ws/install/blue_description:/home/gordonc/colcon_ws/install/blue_bringup:/home/gordonc/colcon_ws/install/ardupilot_gazebo:/home/gordonc/colcon_ws/install/alpha_bringup:/home/gordonc/colcon_ws/install/alpha_hardware:/home/gordonc/colcon_ws/install/alpha_driver:/home/gordonc/colcon_ws/install/alpha_description:/home/gordonc/colcon_ws/install/blue_manager:/home/gordonc/colcon_ws/install/blue_localization:/home/gordonc/colcon_ws/install/blue_joy:/opt/ros/humble LD_LIBRARY_PATH=/home/gordonc/alpha_test/install/alpha_hardware/lib:/home/gordonc/alpha_test/install/alpha_driver/lib:/home/gordonc/alpha_test/install/ros_ign_interfaces/lib:/home/gordonc/alpha_test/install/ros_gz_sim/lib:/home/gordonc/alpha_test/install/ros_gz_interfaces/lib:/home/gordonc/colcon_ws/install/ros_ign_interfaces/lib:/home/gordonc/colcon_ws/install/ros_gz_sim/lib:/home/gordonc/colcon_ws/install/ros_gz_bridge/lib:/home/gordonc/colcon_ws/install/ros_gz_interfaces/lib:/home/gordonc/colcon_ws/install/orca_nav2/lib:/home/gordonc/colcon_ws/install/orca_shared/lib:/home/gordonc/colcon_ws/install/orca_msgs/lib:/home/gordonc/colcon_ws/install/orb_slam2_ros/lib:/home/gordonc/colcon_ws/install/blue_dynamics/lib:/home/gordonc/colcon_ws/install/alpha_hardware/lib:/home/gordonc/colcon_ws/install/alpha_driver/lib:/opt/ros/humble/opt/rviz_ogre_vendor/lib:/opt/ros/humble/lib/x86_64-linux-gnu:/opt/ros/humble/lib /usr/bin/cmake --install /home/gordonc/alpha_test/build/alpha_bringup
[1.929s] Level 1:colcon.colcon_core.environment:create_environment_scripts_only(alpha_bringup)
[1.930s] Level 1:colcon.colcon_core.environment:checking '/home/gordonc/alpha_test/install/alpha_bringup' for CMake module files
[1.931s] DEBUG:colcon.colcon_core.event_handler.log_command:Invoked command in '/home/gordonc/alpha_test/build/alpha_bringup' returned '0': CMAKE_PREFIX_PATH=/home/gordonc/alpha_test/install/alpha_hardware:/home/gordonc/alpha_test/install/alpha_driver:/home/gordonc/alpha_test/install/alpha_description:/home/gordonc/alpha_test/install/ros_ign_interfaces:/home/gordonc/alpha_test/install/ros_ign_gazebo:/home/gordonc/alpha_test/install/ros_gz_sim:/home/gordonc/alpha_test/install/ros_gz_interfaces:/home/gordonc/alpha_test/install/ros2_shared:/home/gordonc/alpha_test/install/alpha_moveit:/home/gordonc/alpha_test/install/alpha_bringup:/home/gordonc/colcon_ws/install/test_ros_gz_bridge:/home/gordonc/colcon_ws/install/ros_ign_interfaces:/home/gordonc/colcon_ws/install/ros_ign:/home/gordonc/colcon_ws/install/ros_ign_image:/home/gordonc/colcon_ws/install/ros_ign_gazebo_demos:/home/gordonc/colcon_ws/install/ros_ign_gazebo:/home/gordonc/colcon_ws/install/ros_ign_bridge:/home/gordonc/colcon_ws/install/ros_gz:/home/gordonc/colcon_ws/install/ros_gz_sim_demos:/home/gordonc/colcon_ws/install/ros_gz_sim:/home/gordonc/colcon_ws/install/ros_gz_image:/home/gordonc/colcon_ws/install/ros_gz_bridge:/home/gordonc/colcon_ws/install/ros_gz_interfaces:/home/gordonc/colcon_ws/install/orca_nav2:/home/gordonc/colcon_ws/install/orca_base:/home/gordonc/colcon_ws/install/orca_shared:/home/gordonc/colcon_ws/install/ros2_shared:/home/gordonc/colcon_ws/install/orca_msgs:/home/gordonc/colcon_ws/install/orca_description:/home/gordonc/colcon_ws/install/orca_bringup:/home/gordonc/colcon_ws/install/orb_slam2_ros:/home/gordonc/colcon_ws/install/bluerov2_ignition:/home/gordonc/colcon_ws/install/blue_control:/home/gordonc/colcon_ws/install/blue_dynamics:/home/gordonc/colcon_ws/install/blue_utils:/home/gordonc/colcon_ws/install/blue_description:/home/gordonc/colcon_ws/install/blue_bringup:/home/gordonc/colcon_ws/install/ardupilot_gazebo:/home/gordonc/colcon_ws/install/alpha_bringup:/home/gordonc/colcon_ws/install/alpha_hardware:/home/gordonc/colcon_ws/install/alpha_driver:/home/gordonc/colcon_ws/install/alpha_description:/home/gordonc/colcon_ws/install/blue_manager:/home/gordonc/colcon_ws/install/blue_localization:/home/gordonc/colcon_ws/install/blue_joy:/opt/ros/humble LD_LIBRARY_PATH=/home/gordonc/alpha_test/install/alpha_hardware/lib:/home/gordonc/alpha_test/install/alpha_driver/lib:/home/gordonc/alpha_test/install/ros_ign_interfaces/lib:/home/gordonc/alpha_test/install/ros_gz_sim/lib:/home/gordonc/alpha_test/install/ros_gz_interfaces/lib:/home/gordonc/colcon_ws/install/ros_ign_interfaces/lib:/home/gordonc/colcon_ws/install/ros_gz_sim/lib:/home/gordonc/colcon_ws/install/ros_gz_bridge/lib:/home/gordonc/colcon_ws/install/ros_gz_interfaces/lib:/home/gordonc/colcon_ws/install/orca_nav2/lib:/home/gordonc/colcon_ws/install/orca_shared/lib:/home/gordonc/colcon_ws/install/orca_msgs/lib:/home/gordonc/colcon_ws/install/orb_slam2_ros/lib:/home/gordonc/colcon_ws/install/blue_dynamics/lib:/home/gordonc/colcon_ws/install/alpha_hardware/lib:/home/gordonc/colcon_ws/install/alpha_driver/lib:/opt/ros/humble/opt/rviz_ogre_vendor/lib:/opt/ros/humble/lib/x86_64-linux-gnu:/opt/ros/humble/lib /usr/bin/cmake --install /home/gordonc/alpha_test/build/alpha_bringup
[1.932s] Level 1:colcon.colcon_core.environment:checking '/home/gordonc/alpha_test/install/alpha_bringup' for CMake config files
[1.932s] Level 1:colcon.colcon_core.shell:create_environment_hook('alpha_bringup', 'cmake_prefix_path')
[1.933s] INFO:colcon.colcon_core.shell:Creating environment hook '/home/gordonc/alpha_test/install/alpha_bringup/share/alpha_bringup/hook/cmake_prefix_path.ps1'
[1.934s] INFO:colcon.colcon_core.shell:Creating environment descriptor '/home/gordonc/alpha_test/install/alpha_bringup/share/alpha_bringup/hook/cmake_prefix_path.dsv'
[1.935s] INFO:colcon.colcon_core.shell:Creating environment hook '/home/gordonc/alpha_test/install/alpha_bringup/share/alpha_bringup/hook/cmake_prefix_path.sh'
[1.936s] Level 1:colcon.colcon_core.environment:checking '/home/gordonc/alpha_test/install/alpha_bringup/bin'
[1.936s] Level 1:colcon.colcon_core.environment:checking '/home/gordonc/alpha_test/install/alpha_bringup/lib/pkgconfig/alpha_bringup.pc'
[1.937s] Level 1:colcon.colcon_core.environment:checking '/home/gordonc/alpha_test/install/alpha_bringup/lib/python3.10/site-packages'
[1.938s] Level 1:colcon.colcon_core.environment:checking '/home/gordonc/alpha_test/install/alpha_bringup/bin'
[1.939s] INFO:colcon.colcon_core.shell:Creating package script '/home/gordonc/alpha_test/install/alpha_bringup/share/alpha_bringup/package.ps1'
[1.939s] INFO:colcon.colcon_core.shell:Creating package descriptor '/home/gordonc/alpha_test/install/alpha_bringup/share/alpha_bringup/package.dsv'
[1.940s] INFO:colcon.colcon_core.shell:Creating package script '/home/gordonc/alpha_test/install/alpha_bringup/share/alpha_bringup/package.sh'
[1.941s] INFO:colcon.colcon_core.shell:Creating package script '/home/gordonc/alpha_test/install/alpha_bringup/share/alpha_bringup/package.bash'
[1.942s] INFO:colcon.colcon_core.shell:Creating package script '/home/gordonc/alpha_test/install/alpha_bringup/share/alpha_bringup/package.zsh'
[1.943s] Level 1:colcon.colcon_core.environment:create_file_with_runtime_dependencies(/home/gordonc/alpha_test/install/alpha_bringup/share/colcon-core/packages/alpha_bringup)
[2.004s] Level 1:colcon.colcon_core.environment:create_environment_scripts_only(alpha_bringup)
[2.005s] Level 1:colcon.colcon_core.environment:checking '/home/gordonc/alpha_test/install/alpha_bringup' for CMake module files
[2.006s] Level 1:colcon.colcon_core.environment:checking '/home/gordonc/alpha_test/install/alpha_bringup' for CMake config files
[2.006s] Level 1:colcon.colcon_core.shell:create_environment_hook('alpha_bringup', 'cmake_prefix_path')
[2.007s] INFO:colcon.colcon_core.shell:Creating environment hook '/home/gordonc/alpha_test/install/alpha_bringup/share/alpha_bringup/hook/cmake_prefix_path.ps1'
[2.008s] INFO:colcon.colcon_core.shell:Creating environment descriptor '/home/gordonc/alpha_test/install/alpha_bringup/share/alpha_bringup/hook/cmake_prefix_path.dsv'
[2.008s] INFO:colcon.colcon_core.shell:Creating environment hook '/home/gordonc/alpha_test/install/alpha_bringup/share/alpha_bringup/hook/cmake_prefix_path.sh'
[2.009s] Level 1:colcon.colcon_core.environment:checking '/home/gordonc/alpha_test/install/alpha_bringup/bin'
[2.009s] Level 1:colcon.colcon_core.environment:checking '/home/gordonc/alpha_test/install/alpha_bringup/lib/pkgconfig/alpha_bringup.pc'
[2.010s] Level 1:colcon.colcon_core.environment:checking '/home/gordonc/alpha_test/install/alpha_bringup/lib/python3.10/site-packages'
[2.010s] Level 1:colcon.colcon_core.environment:checking '/home/gordonc/alpha_test/install/alpha_bringup/bin'
[2.011s] INFO:colcon.colcon_core.shell:Creating package script '/home/gordonc/alpha_test/install/alpha_bringup/share/alpha_bringup/package.ps1'
[2.012s] INFO:colcon.colcon_core.shell:Creating package descriptor '/home/gordonc/alpha_test/install/alpha_bringup/share/alpha_bringup/package.dsv'
[2.013s] INFO:colcon.colcon_core.shell:Creating package script '/home/gordonc/alpha_test/install/alpha_bringup/share/alpha_bringup/package.sh'
[2.013s] INFO:colcon.colcon_core.shell:Creating package script '/home/gordonc/alpha_test/install/alpha_bringup/share/alpha_bringup/package.bash'
[2.014s] INFO:colcon.colcon_core.shell:Creating package script '/home/gordonc/alpha_test/install/alpha_bringup/share/alpha_bringup/package.zsh'
[2.015s] Level 1:colcon.colcon_core.environment:create_file_with_runtime_dependencies(/home/gordonc/alpha_test/install/alpha_bringup/share/colcon-core/packages/alpha_bringup)
[17.983s] DEBUG:colcon.colcon_core.event_handler.log_command:Invoked command in '/home/gordonc/alpha_test/build/alpha_moveit' returned '0': CMAKE_PREFIX_PATH=${CMAKE_PREFIX_PATH}:/home/gordonc/colcon_ws/install/blue_manager:/home/gordonc/colcon_ws/install/blue_localization:/home/gordonc/colcon_ws/install/blue_joy:/opt/ros/humble /usr/bin/cmake --build /home/gordonc/alpha_test/build/alpha_moveit -- -j8 -l8
[18.060s] DEBUG:colcon.colcon_core.event_handler.log_command:Invoking command in '/home/gordonc/alpha_test/build/alpha_moveit': CMAKE_PREFIX_PATH=${CMAKE_PREFIX_PATH}:/home/gordonc/colcon_ws/install/blue_manager:/home/gordonc/colcon_ws/install/blue_localization:/home/gordonc/colcon_ws/install/blue_joy:/opt/ros/humble /usr/bin/cmake --install /home/gordonc/alpha_test/build/alpha_moveit
[18.088s] Level 1:colcon.colcon_core.environment:create_environment_scripts_only(alpha_moveit)
[18.089s] Level 1:colcon.colcon_core.environment:checking '/home/gordonc/alpha_test/install/alpha_moveit' for CMake module files
[18.090s] DEBUG:colcon.colcon_core.event_handler.log_command:Invoked command in '/home/gordonc/alpha_test/build/alpha_moveit' returned '0': CMAKE_PREFIX_PATH=${CMAKE_PREFIX_PATH}:/home/gordonc/colcon_ws/install/blue_manager:/home/gordonc/colcon_ws/install/blue_localization:/home/gordonc/colcon_ws/install/blue_joy:/opt/ros/humble /usr/bin/cmake --install /home/gordonc/alpha_test/build/alpha_moveit
[18.090s] Level 1:colcon.colcon_core.environment:checking '/home/gordonc/alpha_test/install/alpha_moveit' for CMake config files
[18.090s] Level 1:colcon.colcon_core.shell:create_environment_hook('alpha_moveit', 'cmake_prefix_path')
[18.091s] INFO:colcon.colcon_core.shell:Creating environment hook '/home/gordonc/alpha_test/install/alpha_moveit/share/alpha_moveit/hook/cmake_prefix_path.ps1'
[18.091s] INFO:colcon.colcon_core.shell:Creating environment descriptor '/home/gordonc/alpha_test/install/alpha_moveit/share/alpha_moveit/hook/cmake_prefix_path.dsv'
[18.092s] INFO:colcon.colcon_core.shell:Creating environment hook '/home/gordonc/alpha_test/install/alpha_moveit/share/alpha_moveit/hook/cmake_prefix_path.sh'
[18.093s] Level 1:colcon.colcon_core.environment:checking '/home/gordonc/alpha_test/install/alpha_moveit/lib'
[18.093s] Level 1:colcon.colcon_core.environment:checking '/home/gordonc/alpha_test/install/alpha_moveit/bin'
[18.094s] Level 1:colcon.colcon_core.environment:checking '/home/gordonc/alpha_test/install/alpha_moveit/lib/pkgconfig/alpha_moveit.pc'
[18.094s] Level 1:colcon.colcon_core.environment:checking '/home/gordonc/alpha_test/install/alpha_moveit/lib/python3.10/site-packages'
[18.095s] Level 1:colcon.colcon_core.environment:checking '/home/gordonc/alpha_test/install/alpha_moveit/bin'
[18.095s] INFO:colcon.colcon_core.shell:Creating package script '/home/gordonc/alpha_test/install/alpha_moveit/share/alpha_moveit/package.ps1'
[18.096s] INFO:colcon.colcon_core.shell:Creating package descriptor '/home/gordonc/alpha_test/install/alpha_moveit/share/alpha_moveit/package.dsv'
[18.097s] INFO:colcon.colcon_core.shell:Creating package script '/home/gordonc/alpha_test/install/alpha_moveit/share/alpha_moveit/package.sh'
[18.098s] INFO:colcon.colcon_core.shell:Creating package script '/home/gordonc/alpha_test/install/alpha_moveit/share/alpha_moveit/package.bash'
[18.099s] INFO:colcon.colcon_core.shell:Creating package script '/home/gordonc/alpha_test/install/alpha_moveit/share/alpha_moveit/package.zsh'
[18.099s] Level 1:colcon.colcon_core.environment:create_file_with_runtime_dependencies(/home/gordonc/alpha_test/install/alpha_moveit/share/colcon-core/packages/alpha_moveit)
[18.182s] Level 1:colcon.colcon_core.environment:create_environment_scripts_only(alpha_moveit)
[18.183s] Level 1:colcon.colcon_core.environment:checking '/home/gordonc/alpha_test/install/alpha_moveit' for CMake module files
[18.185s] Level 1:colcon.colcon_core.environment:checking '/home/gordonc/alpha_test/install/alpha_moveit' for CMake config files
[18.186s] Level 1:colcon.colcon_core.shell:create_environment_hook('alpha_moveit', 'cmake_prefix_path')
[18.186s] INFO:colcon.colcon_core.shell:Creating environment hook '/home/gordonc/alpha_test/install/alpha_moveit/share/alpha_moveit/hook/cmake_prefix_path.ps1'
[18.187s] INFO:colcon.colcon_core.shell:Creating environment descriptor '/home/gordonc/alpha_test/install/alpha_moveit/share/alpha_moveit/hook/cmake_prefix_path.dsv'
[18.188s] INFO:colcon.colcon_core.shell:Creating environment hook '/home/gordonc/alpha_test/install/alpha_moveit/share/alpha_moveit/hook/cmake_prefix_path.sh'
[18.189s] Level 1:colcon.colcon_core.environment:checking '/home/gordonc/alpha_test/install/alpha_moveit/lib'
[18.190s] Level 1:colcon.colcon_core.environment:checking '/home/gordonc/alpha_test/install/alpha_moveit/bin'
[18.190s] Level 1:colcon.colcon_core.environment:checking '/home/gordonc/alpha_test/install/alpha_moveit/lib/pkgconfig/alpha_moveit.pc'
[18.190s] Level 1:colcon.colcon_core.environment:checking '/home/gordonc/alpha_test/install/alpha_moveit/lib/python3.10/site-packages'
[18.191s] Level 1:colcon.colcon_core.environment:checking '/home/gordonc/alpha_test/install/alpha_moveit/bin'
[18.191s] INFO:colcon.colcon_core.shell:Creating package script '/home/gordonc/alpha_test/install/alpha_moveit/share/alpha_moveit/package.ps1'
[18.192s] INFO:colcon.colcon_core.shell:Creating package descriptor '/home/gordonc/alpha_test/install/alpha_moveit/share/alpha_moveit/package.dsv'
[18.194s] INFO:colcon.colcon_core.shell:Creating package script '/home/gordonc/alpha_test/install/alpha_moveit/share/alpha_moveit/package.sh'
[18.196s] INFO:colcon.colcon_core.shell:Creating package script '/home/gordonc/alpha_test/install/alpha_moveit/share/alpha_moveit/package.bash'
[18.196s] INFO:colcon.colcon_core.shell:Creating package script '/home/gordonc/alpha_test/install/alpha_moveit/share/alpha_moveit/package.zsh'
[18.197s] Level 1:colcon.colcon_core.environment:create_file_with_runtime_dependencies(/home/gordonc/alpha_test/install/alpha_moveit/share/colcon-core/packages/alpha_moveit)
[18.198s] DEBUG:colcon.colcon_parallel_executor.executor.parallel:closing loop
[18.199s] DEBUG:colcon.colcon_parallel_executor.executor.parallel:loop closed
[18.199s] DEBUG:colcon.colcon_parallel_executor.executor.parallel:run_until_complete finished with '0'
[18.199s] DEBUG:colcon.colcon_core.event_reactor:joining thread
[18.211s] INFO:colcon.colcon_core.plugin_system:Skipping extension 'colcon_notification.desktop_notification.terminal_notifier': Not used on non-Darwin systems
[18.211s] INFO:colcon.colcon_core.plugin_system:Skipping extension 'colcon_notification.desktop_notification.win32': Not used on non-Windows systems
[18.211s] INFO:colcon.colcon_notification.desktop_notification:Sending desktop notification using 'notify2'
[18.231s] DEBUG:colcon.colcon_core.event_reactor:joined thread
[18.232s] INFO:colcon.colcon_core.shell:Creating prefix script '/home/gordonc/alpha_test/install/local_setup.ps1'
[18.234s] INFO:colcon.colcon_core.shell:Creating prefix util module '/home/gordonc/alpha_test/install/_local_setup_util_ps1.py'
[18.237s] INFO:colcon.colcon_core.shell:Creating prefix chain script '/home/gordonc/alpha_test/install/setup.ps1'
[18.244s] INFO:colcon.colcon_core.shell:Creating prefix script '/home/gordonc/alpha_test/install/local_setup.sh'
[18.245s] INFO:colcon.colcon_core.shell:Creating prefix util module '/home/gordonc/alpha_test/install/_local_setup_util_sh.py'
[18.246s] INFO:colcon.colcon_core.shell:Creating prefix chain script '/home/gordonc/alpha_test/install/setup.sh'
[18.252s] INFO:colcon.colcon_core.shell:Creating prefix script '/home/gordonc/alpha_test/install/local_setup.bash'
[18.253s] INFO:colcon.colcon_core.shell:Creating prefix chain script '/home/gordonc/alpha_test/install/setup.bash'
[18.261s] INFO:colcon.colcon_core.shell:Creating prefix script '/home/gordonc/alpha_test/install/local_setup.zsh'
[18.263s] INFO:colcon.colcon_core.shell:Creating prefix chain script '/home/gordonc/alpha_test/install/setup.zsh'
