-- The C compiler identification is GNU 11.4.0
-- The CXX compiler identification is GNU 11.4.0
-- Detecting C compiler ABI info
-- Detecting C compiler ABI info - done
-- Check for working C compiler: /usr/lib/ccache/cc - skipped
-- Detecting C compile features
-- Detecting C compile features - done
-- Detecting CXX compiler ABI info
-- Detecting CXX compiler ABI info - done
-- Check for working CXX compiler: /usr/lib/ccache/c++ - skipped
-- Detecting CXX compile features
-- Detecting CXX compile features - done
-- Found ament_cmake: 1.3.8 (/opt/ros/humble/share/ament_cmake/cmake)
-- Found Python3: /usr/bin/python3 (found version "3.10.12") found components: Interpreter 
-- Found rclcpp: 16.0.8 (/opt/ros/humble/share/rclcpp/cmake)
-- Found rosidl_generator_c: 3.1.5 (/opt/ros/humble/share/rosidl_generator_c/cmake)
-- Found rosidl_adapter: 3.1.5 (/opt/ros/humble/share/rosidl_adapter/cmake)
-- Found rosidl_generator_cpp: 3.1.5 (/opt/ros/humble/share/rosidl_generator_cpp/cmake)
-- Using all available rosidl_typesupport_c: rosidl_typesupport_fastrtps_c;rosidl_typesupport_introspection_c
-- Using all available rosidl_typesupport_cpp: rosidl_typesupport_fastrtps_cpp;rosidl_typesupport_introspection_cpp
-- Found rmw_implementation_cmake: 6.1.1 (/opt/ros/humble/share/rmw_implementation_cmake/cmake)
-- Found rmw_fastrtps_cpp: 6.2.6 (/opt/ros/humble/share/rmw_fastrtps_cpp/cmake)
-- Found OpenSSL: /usr/lib/x86_64-linux-gnu/libcrypto.so (found version "3.0.2")  
-- Found FastRTPS: /opt/ros/humble/include  
-- Using RMW implementation 'rmw_fastrtps_cpp' as default
-- Looking for pthread.h
-- Looking for pthread.h - found
-- Performing Test CMAKE_HAVE_LIBC_PTHREAD
-- Performing Test CMAKE_HAVE_LIBC_PTHREAD - Success
-- Found Threads: TRUE  
-- Looking for gz-math7 -- found version 7.4.0
-- Searching for dependencies of gz-math7
-- Looking for gz-utils2 -- found version 2.2.0
-- Searching for dependencies of gz-utils2
-- Looking for gz-transport12 -- found version 12.2.1
-- Searching for dependencies of gz-transport12
-- Found Protobuf: /usr/lib/x86_64-linux-gnu/libprotobuf.so (found version "3.12.4") 
-- Config-file not installed for ZeroMQ -- checking for pkg-config
-- Checking for module 'libzmq >= 4'
--   Found libzmq , version 4.3.4
-- Found ZeroMQ: TRUE (Required is at least version "4") 
-- Checking for module 'uuid'
--   Found uuid, version 2.37.2
-- Found UUID: TRUE  
-- Looking for gz-utils2 -- found version 2.2.0
-- Searching for dependencies of gz-utils2
-- Searching for <gz-utils2> component [cli]
-- Looking for gz-utils2-cli -- found version 2.2.0
-- Searching for dependencies of gz-utils2-cli
-- Looking for gz-msgs9 -- found version 9.5.0
-- Searching for dependencies of gz-msgs9
-- Looking for gz-math7 -- found version 7.4.0
-- Checking for module 'tinyxml2'
--   Found tinyxml2, version 9.0.0
-- Looking for gz-msgs9 -- found version 9.5.0
-- Looking for gz-sim7 -- found version 7.7.0
-- Searching for dependencies of gz-sim7
-- Looking for sdformat13 -- found version 13.6.0
-- Searching for dependencies of sdformat13
-- Looking for gz-math7 -- found version 7.4.0
-- Looking for gz-utils2 -- found version 2.2.0
-- Looking for gz-plugin2 -- found version 2.0.3
-- Searching for dependencies of gz-plugin2
-- Looking for gz-utils2 -- found version 2.2.0
-- Searching for <gz-plugin2> component [loader]
-- Looking for gz-plugin2-loader -- found version 2.0.3
-- Searching for dependencies of gz-plugin2-loader
-- Searching for <gz-plugin2> component [register]
-- Looking for gz-plugin2-register -- found version 2.0.3
-- Searching for dependencies of gz-plugin2-register
-- Looking for gz-transport12 -- found version 12.2.1
-- Searching for dependencies of gz-transport12
-- Config-file not installed for ZeroMQ -- checking for pkg-config
-- Checking for module 'libzmq >= 4'
--   Found libzmq , version 4.3.4
-- Looking for gz-utils2 -- found version 2.2.0
-- Looking for gz-msgs9 -- found version 9.5.0
-- Searching for <gz-transport12> component [log]
-- Looking for gz-transport12-log -- found version 12.2.1
-- Searching for dependencies of gz-transport12-log
-- Searching for <gz-transport12> component [parameters]
-- Looking for gz-transport12-parameters -- found version 12.2.1
-- Searching for dependencies of gz-transport12-parameters
-- Looking for gz-msgs9 -- found version 9.5.0
-- Looking for gz-common5 -- found version 5.5.1
-- Searching for dependencies of gz-common5
-- Looking for gz-utils2 -- found version 2.2.0
-- Looking for dlfcn.h - found
-- Looking for libdl - found
-- Found DL: TRUE  
-- Searching for <gz-common5> component [profiler]
-- Looking for gz-common5-profiler -- found version 5.5.1
-- Searching for dependencies of gz-common5-profiler
-- Searching for <gz-common5> component [events]
-- Looking for gz-common5-events -- found version 5.5.1
-- Searching for dependencies of gz-common5-events
-- Looking for gz-math7 -- found version 7.4.0
-- Searching for <gz-common5> component [av]
-- Looking for gz-common5-av -- found version 5.5.1
-- Searching for dependencies of gz-common5-av
-- Checking for module 'libswscale'
--   Found libswscale, version 5.9.100
-- Found SWSCALE: TRUE  
-- Checking for module 'libavdevice >= 56.4.100'
--   Found libavdevice , version 58.13.100
-- Found AVDEVICE: TRUE (Required is at least version "56.4.100") 
-- Checking for module 'libavformat'
--   Found libavformat, version 58.76.100
-- Found AVFORMAT: TRUE  
-- Checking for module 'libavcodec'
--   Found libavcodec, version 58.134.100
-- Found AVCODEC: TRUE  
-- Checking for module 'libavutil'
--   Found libavutil, version 56.70.100
-- Found AVUTIL: TRUE  
-- Searching for <gz-common5> component [io]
-- Looking for gz-common5-io -- found version 5.5.1
-- Searching for dependencies of gz-common5-io
-- Looking for gz-fuel_tools8 -- found version 8.1.0
-- Searching for dependencies of gz-fuel_tools8
-- Found CURL: /usr/lib/x86_64-linux-gnu/libcurl.so (found version "7.81.0")  
-- Checking for module 'jsoncpp'
--   Found jsoncpp, version 1.9.5
-- Found JSONCPP: TRUE  
-- Checking for module 'libzip'
--   Found libzip, version 1.7.3
-- Found ZIP: TRUE  
-- Looking for gz-utils2 -- found version 2.2.0
-- Looking for gz-common5 -- found version 5.5.1
-- Searching for dependencies of gz-common5
-- Looking for gz-utils2 -- found version 2.2.0
-- Looking for dlfcn.h - found
-- Looking for libdl - found
-- Searching for <gz-common5> component [testing]
-- Looking for gz-common5-testing -- found version 5.5.1
-- Searching for dependencies of gz-common5-testing
-- Looking for gz-math7 -- found version 7.4.0
-- Looking for gz-msgs9 -- found version 9.5.0
-- Looking for gz-gui7 -- found version 7.2.1
-- Searching for dependencies of gz-gui7
-- Looking for gz-utils2 -- found version 2.2.0
-- Looking for gz-math7 -- found version 7.4.0
-- Looking for gz-common5 -- found version 5.5.1
-- Looking for gz-plugin2 -- found version 2.0.3
-- Looking for gz-transport12 -- found version 12.2.1
-- Looking for gz-rendering7 -- found version 7.4.2
-- Searching for dependencies of gz-rendering7
-- Looking for gz-math7 -- found version 7.4.0
-- Searching for dependencies of gz-math7
-- Looking for gz-utils2 -- found version 2.2.0
-- Searching for <gz-math7> component [eigen3]
-- Looking for gz-math7-eigen3 -- found version 7.4.0
-- Searching for dependencies of gz-math7-eigen3
-- Looking for gz-common5 -- found version 5.5.1
-- Searching for dependencies of gz-common5
-- Looking for gz-utils2 -- found version 2.2.0
-- Looking for dlfcn.h - found
-- Looking for libdl - found
-- Searching for <gz-common5> component [graphics]
-- Looking for gz-common5-graphics -- found version 5.5.1
-- Searching for dependencies of gz-common5-graphics
-- Looking for gz-math7 -- found version 7.4.0
-- Found GzAssimp: TRUE (found version "5.2.0") 
-- Searching for <gz-common5> component [events]
-- Searching for <gz-common5> component [geospatial]
-- Looking for gz-common5-geospatial -- found version 5.5.1
-- Searching for dependencies of gz-common5-geospatial
-- Looking for gz-math7 -- found version 7.4.0
-- Looking for gz-common5 -- found version 5.5.1
-- Looking for gz-plugin2 -- found version 2.0.3
-- Searching for dependencies of gz-plugin2
-- Looking for gz-utils2 -- found version 2.2.0
-- Searching for <gz-plugin2> component [all]
-- Looking for all libraries of gz-plugin2 -- found version 2.0.3
-- Looking for gz-plugin2 -- found version 2.0.3
-- Looking for gz-utils2 -- found version 2.2.0
-- Found OpenGL: /usr/lib/x86_64-linux-gnu/libOpenGL.so  found components: OpenGL 
-- Looking for gz-msgs9 -- found version 9.5.0
-- Looking for gz-physics6 -- found version 6.5.1
-- Searching for dependencies of gz-physics6
-- Looking for gz-math7 -- found version 7.4.0
-- Looking for gz-plugin2 -- found version 2.0.3
-- Looking for gz-utils2 -- found version 2.2.0
-- Searching for <gz-physics6> component [heightmap]
-- Looking for gz-physics6-heightmap -- found version 6.5.1
-- Searching for dependencies of gz-physics6-heightmap
-- Looking for gz-common5 -- found version 5.5.1
-- Searching for <gz-physics6> component [mesh]
-- Looking for gz-physics6-mesh -- found version 6.5.1
-- Searching for dependencies of gz-physics6-mesh
-- Looking for gz-common5 -- found version 5.5.1
-- Searching for <gz-physics6> component [sdf]
-- Looking for gz-physics6-sdf -- found version 6.5.1
-- Searching for dependencies of gz-physics6-sdf
-- Looking for sdformat13 -- found version 13.6.0
-- Looking for gz-sensors7 -- found version 7.3.0
-- Searching for dependencies of gz-sensors7
-- Looking for gz-math7 -- found version 7.4.0
-- Looking for gz-common5 -- found version 5.5.1
-- Looking for gz-transport12 -- found version 12.2.1
-- Looking for gz-rendering7 -- found version 7.4.2
-- Looking for gz-msgs9 -- found version 9.5.0
-- Looking for sdformat13 -- found version 13.6.0
-- Searching for <gz-sensors7> component [air_pressure]
-- Looking for gz-sensors7-air_pressure -- found version 7.3.0
-- Searching for dependencies of gz-sensors7-air_pressure
-- Searching for <gz-sensors7> component [air_speed]
-- Looking for gz-sensors7-air_speed -- found version 7.3.0
-- Searching for dependencies of gz-sensors7-air_speed
-- Searching for <gz-sensors7> component [altimeter]
-- Looking for gz-sensors7-altimeter -- found version 7.3.0
-- Searching for dependencies of gz-sensors7-altimeter
-- Searching for <gz-sensors7> component [imu]
-- Looking for gz-sensors7-imu -- found version 7.3.0
-- Searching for dependencies of gz-sensors7-imu
-- Searching for <gz-sensors7> component [force_torque]
-- Looking for gz-sensors7-force_torque -- found version 7.3.0
-- Searching for dependencies of gz-sensors7-force_torque
-- Searching for <gz-sensors7> component [logical_camera]
-- Looking for gz-sensors7-logical_camera -- found version 7.3.0
-- Searching for dependencies of gz-sensors7-logical_camera
-- Searching for <gz-sensors7> component [magnetometer]
-- Looking for gz-sensors7-magnetometer -- found version 7.3.0
-- Searching for dependencies of gz-sensors7-magnetometer
-- Searching for <gz-sensors7> component [navsat]
-- Looking for gz-sensors7-navsat -- found version 7.3.0
-- Searching for dependencies of gz-sensors7-navsat
-- Searching for <gz-sensors7> component [rendering]
-- Looking for gz-sensors7-rendering -- found version 7.3.0
-- Searching for dependencies of gz-sensors7-rendering
-- Searching for <gz-sensors7> component [lidar]
-- Looking for gz-sensors7-lidar -- found version 7.3.0
-- Searching for dependencies of gz-sensors7-lidar
-- Looking for gz-sensors7 -- found version 7.3.0
-- Searching for <gz-sensors7> component [gpu_lidar]
-- Looking for gz-sensors7-gpu_lidar -- found version 7.3.0
-- Searching for dependencies of gz-sensors7-gpu_lidar
-- Looking for gz-sensors7 -- found version 7.3.0
-- Searching for <gz-sensors7> component [camera]
-- Looking for gz-sensors7-camera -- found version 7.3.0
-- Searching for dependencies of gz-sensors7-camera
-- Looking for gz-sensors7 -- found version 7.3.0
-- Searching for <gz-sensors7> component [boundingbox_camera]
-- Looking for gz-sensors7-boundingbox_camera -- found version 7.3.0
-- Searching for dependencies of gz-sensors7-boundingbox_camera
-- Searching for <gz-sensors7> component [segmentation_camera]
-- Looking for gz-sensors7-segmentation_camera -- found version 7.3.0
-- Searching for dependencies of gz-sensors7-segmentation_camera
-- Searching for <gz-sensors7> component [depth_camera]
-- Looking for gz-sensors7-depth_camera -- found version 7.3.0
-- Searching for dependencies of gz-sensors7-depth_camera
-- Looking for gz-sensors7 -- found version 7.3.0
-- Searching for <gz-sensors7> component [rgbd_camera]
-- Looking for gz-sensors7-rgbd_camera -- found version 7.3.0
-- Searching for dependencies of gz-sensors7-rgbd_camera
-- Looking for gz-sensors7 -- found version 7.3.0
-- Searching for <gz-sensors7> component [thermal_camera]
-- Looking for gz-sensors7-thermal_camera -- found version 7.3.0
-- Searching for dependencies of gz-sensors7-thermal_camera
-- Looking for gz-sensors7 -- found version 7.3.0
-- Searching for <gz-sensors7> component [wide_angle_camera]
-- Looking for gz-sensors7-wide_angle_camera -- found version 7.3.0
-- Searching for dependencies of gz-sensors7-wide_angle_camera
-- Looking for gz-rendering7 -- found version 7.4.2
-- Looking for gz-math7 -- found version 7.4.0
-- Looking for gz-utils2 -- found version 2.2.0
-- Compiling against Gazebo Garden
-- Looking for gflags - found

-- Found ament_lint_auto: 0.12.10 (/opt/ros/humble/share/ament_lint_auto/cmake)
-- Found ament_cmake_gtest: 1.3.8 (/opt/ros/humble/share/ament_cmake_gtest/cmake)
-- Found gtest sources under '/opt/ros/humble/src/gtest_vendor': C++ tests using 'Google Test' will be built
-- Added test 'copyright' to check source files copyright and LICENSE
-- Added test 'cppcheck' to perform static code analysis on C / C++ code
-- Configured cppcheck include dirs: $<BUILD_INTERFACE:/home/gordonc/alpha_test/src/ros_gz/ros_gz_sim/include>
-- Configured cppcheck exclude dirs and/or files: 
-- Added test 'cpplint' to check C / C++ code against the Google style
-- Configured cpplint exclude dirs and/or files: 
-- Added test 'lint_cmake' to check CMake code style
-- Added test 'uncrustify' to check C / C++ code style
-- Configured uncrustify additional arguments: 
-- Added test 'xmllint' to check XML markup files
-- Configuring done
-- Generating done
-- Build files have been written to: /home/gordonc/alpha_test/build/ros_gz_sim
[ 10%] [32mBuilding CXX object gtest/CMakeFiles/gtest_main.dir/src/gtest_main.cc.o[0m
[ 20%] [32mBuilding CXX object gtest/CMakeFiles/gtest.dir/src/gtest-all.cc.o[0m
[ 30%] [32mBuilding CXX object CMakeFiles/ros_gz_sim.dir/src/Stopwatch.cpp.o[0m
[ 40%] [32mBuilding CXX object CMakeFiles/create.dir/src/create.cpp.o[0m
[ 50%] [32m[1mLinking CXX static library libgtest_main.a[0m
[ 60%] [32m[1mLinking CXX static library libgtest.a[0m
[ 60%] Built target gtest_main
[ 60%] Built target gtest
[ 70%] [32m[1mLinking CXX shared library libros_gz_sim.so[0m
[ 70%] Built target ros_gz_sim
[ 80%] [32mBuilding CXX object CMakeFiles/test_stopwatch.dir/test/test_stopwatch.cpp.o[0m
[ 90%] [32m[1mLinking CXX executable test_stopwatch[0m
[ 90%] Built target test_stopwatch
[100%] [32m[1mLinking CXX executable create[0m
[100%] Built target create
-- Install configuration: ""
-- Installing: /home/gordonc/alpha_test/install/ros_gz_sim/include/ros_gz_sim
-- Installing: /home/gordonc/alpha_test/install/ros_gz_sim/include/ros_gz_sim/Stopwatch.hpp
-- Installing: /home/gordonc/alpha_test/install/ros_gz_sim/share/ros_gz_sim/launch/gz_sim.launch.py
-- Installing: /home/gordonc/alpha_test/install/ros_gz_sim/lib/ros_gz_sim/create
-- Set runtime path of "/home/gordonc/alpha_test/install/ros_gz_sim/lib/ros_gz_sim/create" to ""
-- Installing: /home/gordonc/alpha_test/install/ros_gz_sim/lib/libros_gz_sim.so
-- Set runtime path of "/home/gordonc/alpha_test/install/ros_gz_sim/lib/libros_gz_sim.so" to ""
-- Installing: /home/gordonc/alpha_test/install/ros_gz_sim/lib/ros_gz_sim/test_stopwatch
-- Set runtime path of "/home/gordonc/alpha_test/install/ros_gz_sim/lib/ros_gz_sim/test_stopwatch" to ""
-- Installing: /home/gordonc/alpha_test/install/ros_gz_sim/share/ament_index/resource_index/package_run_dependencies/ros_gz_sim
-- Installing: /home/gordonc/alpha_test/install/ros_gz_sim/share/ament_index/resource_index/parent_prefix_path/ros_gz_sim
-- Installing: /home/gordonc/alpha_test/install/ros_gz_sim/share/ros_gz_sim/environment/ament_prefix_path.sh
-- Installing: /home/gordonc/alpha_test/install/ros_gz_sim/share/ros_gz_sim/environment/ament_prefix_path.dsv
-- Installing: /home/gordonc/alpha_test/install/ros_gz_sim/share/ros_gz_sim/environment/path.sh
-- Installing: /home/gordonc/alpha_test/install/ros_gz_sim/share/ros_gz_sim/environment/path.dsv
-- Installing: /home/gordonc/alpha_test/install/ros_gz_sim/share/ros_gz_sim/local_setup.bash
-- Installing: /home/gordonc/alpha_test/install/ros_gz_sim/share/ros_gz_sim/local_setup.sh
-- Installing: /home/gordonc/alpha_test/install/ros_gz_sim/share/ros_gz_sim/local_setup.zsh
-- Installing: /home/gordonc/alpha_test/install/ros_gz_sim/share/ros_gz_sim/local_setup.dsv
-- Installing: /home/gordonc/alpha_test/install/ros_gz_sim/share/ros_gz_sim/package.dsv
-- Installing: /home/gordonc/alpha_test/install/ros_gz_sim/share/ament_index/resource_index/packages/ros_gz_sim
-- Installing: /home/gordonc/alpha_test/install/ros_gz_sim/share/ros_gz_sim/cmake/ros_gz_simExport.cmake
-- Installing: /home/gordonc/alpha_test/install/ros_gz_sim/share/ros_gz_sim/cmake/ros_gz_simExport-noconfig.cmake
-- Installing: /home/gordonc/alpha_test/install/ros_gz_sim/share/ros_gz_sim/cmake/ament_cmake_export_targets-extras.cmake
-- Installing: /home/gordonc/alpha_test/install/ros_gz_sim/share/ros_gz_sim/cmake/ament_cmake_export_dependencies-extras.cmake
-- Installing: /home/gordonc/alpha_test/install/ros_gz_sim/share/ros_gz_sim/cmake/ros_gz_simConfig.cmake
-- Installing: /home/gordonc/alpha_test/install/ros_gz_sim/share/ros_gz_sim/cmake/ros_gz_simConfig-version.cmake
-- Installing: /home/gordonc/alpha_test/install/ros_gz_sim/share/ros_gz_sim/package.xml
