[0.031s] Invoking command in '/home/gordonc/alpha_test/build/ros_ign_interfaces': CMAKE_PREFIX_PATH=/home/gordonc/alpha_test/install/ros_gz_interfaces:/home/gordonc/alpha_test/install/ros_ign_interfaces:/home/gordonc/alpha_test/install/ros_ign_gazebo:/home/gordonc/alpha_test/install/ros_gz_sim:/home/gordonc/alpha_test/install/ros2_shared:/home/gordonc/alpha_test/install/alpha_bringup:/home/gordonc/alpha_test/install/alpha_hardware:/home/gordonc/alpha_test/install/alpha_driver:/home/gordonc/alpha_test/install/alpha_description:/home/gordonc/colcon_ws/install/test_ros_gz_bridge:/home/gordonc/colcon_ws/install/ros_ign_interfaces:/home/gordonc/colcon_ws/install/ros_ign:/home/gordonc/colcon_ws/install/ros_ign_image:/home/gordonc/colcon_ws/install/ros_ign_gazebo_demos:/home/gordonc/colcon_ws/install/ros_ign_gazebo:/home/gordonc/colcon_ws/install/ros_ign_bridge:/home/gordonc/colcon_ws/install/ros_gz:/home/gordonc/colcon_ws/install/ros_gz_sim_demos:/home/gordonc/colcon_ws/install/ros_gz_sim:/home/gordonc/colcon_ws/install/ros_gz_image:/home/gordonc/colcon_ws/install/ros_gz_bridge:/home/gordonc/colcon_ws/install/ros_gz_interfaces:/home/gordonc/colcon_ws/install/orca_nav2:/home/gordonc/colcon_ws/install/orca_base:/home/gordonc/colcon_ws/install/orca_shared:/home/gordonc/colcon_ws/install/ros2_shared:/home/gordonc/colcon_ws/install/orca_msgs:/home/gordonc/colcon_ws/install/orca_description:/home/gordonc/colcon_ws/install/orca_bringup:/home/gordonc/colcon_ws/install/orb_slam2_ros:/home/gordonc/colcon_ws/install/bluerov2_ignition:/home/gordonc/colcon_ws/install/blue_control:/home/gordonc/colcon_ws/install/blue_dynamics:/home/gordonc/colcon_ws/install/blue_utils:/home/gordonc/colcon_ws/install/blue_description:/home/gordonc/colcon_ws/install/blue_bringup:/home/gordonc/colcon_ws/install/ardupilot_gazebo:/home/gordonc/colcon_ws/install/alpha_bringup:/home/gordonc/colcon_ws/install/alpha_hardware:/home/gordonc/colcon_ws/install/alpha_driver:/home/gordonc/colcon_ws/install/alpha_description:/home/gordonc/colcon_ws/install/blue_manager:/home/gordonc/colcon_ws/install/blue_localization:/home/gordonc/colcon_ws/install/blue_joy:/opt/ros/humble LD_LIBRARY_PATH=/home/gordonc/alpha_test/install/ros_gz_interfaces/lib:/home/gordonc/alpha_test/install/ros_ign_interfaces/lib:/home/gordonc/alpha_test/install/ros_gz_sim/lib:/home/gordonc/alpha_test/install/alpha_hardware/lib:/home/gordonc/alpha_test/install/alpha_driver/lib:/home/gordonc/colcon_ws/install/ros_ign_interfaces/lib:/home/gordonc/colcon_ws/install/ros_gz_sim/lib:/home/gordonc/colcon_ws/install/ros_gz_bridge/lib:/home/gordonc/colcon_ws/install/ros_gz_interfaces/lib:/home/gordonc/colcon_ws/install/orca_nav2/lib:/home/gordonc/colcon_ws/install/orca_shared/lib:/home/gordonc/colcon_ws/install/orca_msgs/lib:/home/gordonc/colcon_ws/install/orb_slam2_ros/lib:/home/gordonc/colcon_ws/install/blue_dynamics/lib:/home/gordonc/colcon_ws/install/alpha_hardware/lib:/home/gordonc/colcon_ws/install/alpha_driver/lib:/opt/ros/humble/opt/rviz_ogre_vendor/lib:/opt/ros/humble/lib/x86_64-linux-gnu:/opt/ros/humble/lib /usr/bin/cmake --build /home/gordonc/alpha_test/build/ros_ign_interfaces -- -j8 -l8
[0.173s] [35m[1mConsolidate compiler generated dependencies of target ros_ign_interfaces__rosidl_generator_c[0m
[0.178s] [  0%] Built target ros_ign_interfaces__cpp
[0.229s] [35m[1mConsolidate compiler generated dependencies of target ros_ign_interfaces__rosidl_typesupport_cpp[0m
[0.235s] [  0%] Built target ament_cmake_python_copy_ros_ign_interfaces
[0.240s] [35m[1mConsolidate compiler generated dependencies of target ros_ign_interfaces__rosidl_typesupport_introspection_cpp[0m
[0.241s] [ 12%] Built target ros_ign_interfaces__rosidl_generator_c
[0.277s] [35m[1mConsolidate compiler generated dependencies of target ros_ign_interfaces__rosidl_typesupport_fastrtps_cpp[0m
[0.313s] [35m[1mConsolidate compiler generated dependencies of target ros_ign_interfaces__rosidl_typesupport_introspection_c[0m
[0.327s] [35m[1mConsolidate compiler generated dependencies of target ros_ign_interfaces__rosidl_typesupport_fastrtps_c[0m
[0.329s] [ 24%] Built target ros_ign_interfaces__rosidl_typesupport_cpp
[0.340s] [35m[1mConsolidate compiler generated dependencies of target ros_ign_interfaces__rosidl_typesupport_c[0m
[0.359s] [ 36%] Built target ros_ign_interfaces__rosidl_typesupport_introspection_cpp
[0.433s] [ 48%] Built target ros_ign_interfaces__rosidl_typesupport_introspection_c
[0.450s] [ 60%] Built target ros_ign_interfaces__rosidl_typesupport_fastrtps_cpp
[0.461s] [ 72%] Built target ros_ign_interfaces__rosidl_typesupport_fastrtps_c
[0.466s] [ 84%] Built target ros_ign_interfaces__rosidl_typesupport_c
[0.585s] [ 84%] Built target ros_ign_interfaces
[0.729s] [ 85%] Built target ros_ign_interfaces__py
[0.873s] [35m[1mConsolidate compiler generated dependencies of target ros_ign_interfaces__rosidl_generator_py[0m
[0.968s] [ 96%] Built target ros_ign_interfaces__rosidl_generator_py
[1.005s] running egg_info
[1.035s] [35m[1mConsolidate compiler generated dependencies of target ros_ign_interfaces__rosidl_typesupport_introspection_c__pyext[0m
[1.052s] [35m[1mConsolidate compiler generated dependencies of target ros_ign_interfaces__rosidl_typesupport_c__pyext[0m
[1.059s] [35m[1mConsolidate compiler generated dependencies of target ros_ign_interfaces__rosidl_typesupport_fastrtps_c__pyext[0m
[1.070s] writing ros_ign_interfaces.egg-info/PKG-INFO
[1.071s] writing dependency_links to ros_ign_interfaces.egg-info/dependency_links.txt
[1.072s] writing top-level names to ros_ign_interfaces.egg-info/top_level.txt
[1.087s] [ 98%] Built target ros_ign_interfaces__rosidl_typesupport_introspection_c__pyext
[1.114s] [ 99%] Built target ros_ign_interfaces__rosidl_typesupport_c__pyext
[1.115s] [100%] Built target ros_ign_interfaces__rosidl_typesupport_fastrtps_c__pyext
[1.265s] reading manifest file 'ros_ign_interfaces.egg-info/SOURCES.txt'
[1.269s] writing manifest file 'ros_ign_interfaces.egg-info/SOURCES.txt'
[1.350s] [100%] Built target ament_cmake_python_build_ros_ign_interfaces_egg
[1.386s] Invoked command in '/home/gordonc/alpha_test/build/ros_ign_interfaces' returned '0': CMAKE_PREFIX_PATH=/home/gordonc/alpha_test/install/ros_gz_interfaces:/home/gordonc/alpha_test/install/ros_ign_interfaces:/home/gordonc/alpha_test/install/ros_ign_gazebo:/home/gordonc/alpha_test/install/ros_gz_sim:/home/gordonc/alpha_test/install/ros2_shared:/home/gordonc/alpha_test/install/alpha_bringup:/home/gordonc/alpha_test/install/alpha_hardware:/home/gordonc/alpha_test/install/alpha_driver:/home/gordonc/alpha_test/install/alpha_description:/home/gordonc/colcon_ws/install/test_ros_gz_bridge:/home/gordonc/colcon_ws/install/ros_ign_interfaces:/home/gordonc/colcon_ws/install/ros_ign:/home/gordonc/colcon_ws/install/ros_ign_image:/home/gordonc/colcon_ws/install/ros_ign_gazebo_demos:/home/gordonc/colcon_ws/install/ros_ign_gazebo:/home/gordonc/colcon_ws/install/ros_ign_bridge:/home/gordonc/colcon_ws/install/ros_gz:/home/gordonc/colcon_ws/install/ros_gz_sim_demos:/home/gordonc/colcon_ws/install/ros_gz_sim:/home/gordonc/colcon_ws/install/ros_gz_image:/home/gordonc/colcon_ws/install/ros_gz_bridge:/home/gordonc/colcon_ws/install/ros_gz_interfaces:/home/gordonc/colcon_ws/install/orca_nav2:/home/gordonc/colcon_ws/install/orca_base:/home/gordonc/colcon_ws/install/orca_shared:/home/gordonc/colcon_ws/install/ros2_shared:/home/gordonc/colcon_ws/install/orca_msgs:/home/gordonc/colcon_ws/install/orca_description:/home/gordonc/colcon_ws/install/orca_bringup:/home/gordonc/colcon_ws/install/orb_slam2_ros:/home/gordonc/colcon_ws/install/bluerov2_ignition:/home/gordonc/colcon_ws/install/blue_control:/home/gordonc/colcon_ws/install/blue_dynamics:/home/gordonc/colcon_ws/install/blue_utils:/home/gordonc/colcon_ws/install/blue_description:/home/gordonc/colcon_ws/install/blue_bringup:/home/gordonc/colcon_ws/install/ardupilot_gazebo:/home/gordonc/colcon_ws/install/alpha_bringup:/home/gordonc/colcon_ws/install/alpha_hardware:/home/gordonc/colcon_ws/install/alpha_driver:/home/gordonc/colcon_ws/install/alpha_description:/home/gordonc/colcon_ws/install/blue_manager:/home/gordonc/colcon_ws/install/blue_localization:/home/gordonc/colcon_ws/install/blue_joy:/opt/ros/humble LD_LIBRARY_PATH=/home/gordonc/alpha_test/install/ros_gz_interfaces/lib:/home/gordonc/alpha_test/install/ros_ign_interfaces/lib:/home/gordonc/alpha_test/install/ros_gz_sim/lib:/home/gordonc/alpha_test/install/alpha_hardware/lib:/home/gordonc/alpha_test/install/alpha_driver/lib:/home/gordonc/colcon_ws/install/ros_ign_interfaces/lib:/home/gordonc/colcon_ws/install/ros_gz_sim/lib:/home/gordonc/colcon_ws/install/ros_gz_bridge/lib:/home/gordonc/colcon_ws/install/ros_gz_interfaces/lib:/home/gordonc/colcon_ws/install/orca_nav2/lib:/home/gordonc/colcon_ws/install/orca_shared/lib:/home/gordonc/colcon_ws/install/orca_msgs/lib:/home/gordonc/colcon_ws/install/orb_slam2_ros/lib:/home/gordonc/colcon_ws/install/blue_dynamics/lib:/home/gordonc/colcon_ws/install/alpha_hardware/lib:/home/gordonc/colcon_ws/install/alpha_driver/lib:/opt/ros/humble/opt/rviz_ogre_vendor/lib:/opt/ros/humble/lib/x86_64-linux-gnu:/opt/ros/humble/lib /usr/bin/cmake --build /home/gordonc/alpha_test/build/ros_ign_interfaces -- -j8 -l8
[5.594s] Invoking command in '/home/gordonc/alpha_test/build/ros_ign_interfaces': CMAKE_PREFIX_PATH=/home/gordonc/alpha_test/install/ros_gz_interfaces:/home/gordonc/alpha_test/install/ros_ign_interfaces:/home/gordonc/alpha_test/install/ros_ign_gazebo:/home/gordonc/alpha_test/install/ros_gz_sim:/home/gordonc/alpha_test/install/ros2_shared:/home/gordonc/alpha_test/install/alpha_bringup:/home/gordonc/alpha_test/install/alpha_hardware:/home/gordonc/alpha_test/install/alpha_driver:/home/gordonc/alpha_test/install/alpha_description:/home/gordonc/colcon_ws/install/test_ros_gz_bridge:/home/gordonc/colcon_ws/install/ros_ign_interfaces:/home/gordonc/colcon_ws/install/ros_ign:/home/gordonc/colcon_ws/install/ros_ign_image:/home/gordonc/colcon_ws/install/ros_ign_gazebo_demos:/home/gordonc/colcon_ws/install/ros_ign_gazebo:/home/gordonc/colcon_ws/install/ros_ign_bridge:/home/gordonc/colcon_ws/install/ros_gz:/home/gordonc/colcon_ws/install/ros_gz_sim_demos:/home/gordonc/colcon_ws/install/ros_gz_sim:/home/gordonc/colcon_ws/install/ros_gz_image:/home/gordonc/colcon_ws/install/ros_gz_bridge:/home/gordonc/colcon_ws/install/ros_gz_interfaces:/home/gordonc/colcon_ws/install/orca_nav2:/home/gordonc/colcon_ws/install/orca_base:/home/gordonc/colcon_ws/install/orca_shared:/home/gordonc/colcon_ws/install/ros2_shared:/home/gordonc/colcon_ws/install/orca_msgs:/home/gordonc/colcon_ws/install/orca_description:/home/gordonc/colcon_ws/install/orca_bringup:/home/gordonc/colcon_ws/install/orb_slam2_ros:/home/gordonc/colcon_ws/install/bluerov2_ignition:/home/gordonc/colcon_ws/install/blue_control:/home/gordonc/colcon_ws/install/blue_dynamics:/home/gordonc/colcon_ws/install/blue_utils:/home/gordonc/colcon_ws/install/blue_description:/home/gordonc/colcon_ws/install/blue_bringup:/home/gordonc/colcon_ws/install/ardupilot_gazebo:/home/gordonc/colcon_ws/install/alpha_bringup:/home/gordonc/colcon_ws/install/alpha_hardware:/home/gordonc/colcon_ws/install/alpha_driver:/home/gordonc/colcon_ws/install/alpha_description:/home/gordonc/colcon_ws/install/blue_manager:/home/gordonc/colcon_ws/install/blue_localization:/home/gordonc/colcon_ws/install/blue_joy:/opt/ros/humble LD_LIBRARY_PATH=/home/gordonc/alpha_test/install/ros_gz_interfaces/lib:/home/gordonc/alpha_test/install/ros_ign_interfaces/lib:/home/gordonc/alpha_test/install/ros_gz_sim/lib:/home/gordonc/alpha_test/install/alpha_hardware/lib:/home/gordonc/alpha_test/install/alpha_driver/lib:/home/gordonc/colcon_ws/install/ros_ign_interfaces/lib:/home/gordonc/colcon_ws/install/ros_gz_sim/lib:/home/gordonc/colcon_ws/install/ros_gz_bridge/lib:/home/gordonc/colcon_ws/install/ros_gz_interfaces/lib:/home/gordonc/colcon_ws/install/orca_nav2/lib:/home/gordonc/colcon_ws/install/orca_shared/lib:/home/gordonc/colcon_ws/install/orca_msgs/lib:/home/gordonc/colcon_ws/install/orb_slam2_ros/lib:/home/gordonc/colcon_ws/install/blue_dynamics/lib:/home/gordonc/colcon_ws/install/alpha_hardware/lib:/home/gordonc/colcon_ws/install/alpha_driver/lib:/opt/ros/humble/opt/rviz_ogre_vendor/lib:/opt/ros/humble/lib/x86_64-linux-gnu:/opt/ros/humble/lib /usr/bin/cmake --install /home/gordonc/alpha_test/build/ros_ign_interfaces
[5.668s] -- Install configuration: ""
[5.668s] -- Up-to-date: /home/gordonc/alpha_test/install/ros_ign_interfaces/share/ament_index/resource_index/rosidl_interfaces/ros_ign_interfaces
[5.668s] -- Up-to-date: /home/gordonc/alpha_test/install/ros_ign_interfaces/include/ros_ign_interfaces/ros_ign_interfaces
[5.668s] -- Up-to-date: /home/gordonc/alpha_test/install/ros_ign_interfaces/include/ros_ign_interfaces/ros_ign_interfaces/srv
[5.669s] -- Up-to-date: /home/gordonc/alpha_test/install/ros_ign_interfaces/include/ros_ign_interfaces/ros_ign_interfaces/srv/set_entity_pose.h
[5.669s] -- Up-to-date: /home/gordonc/alpha_test/install/ros_ign_interfaces/include/ros_ign_interfaces/ros_ign_interfaces/srv/detail
[5.669s] -- Up-to-date: /home/gordonc/alpha_test/install/ros_ign_interfaces/include/ros_ign_interfaces/ros_ign_interfaces/srv/detail/set_entity_pose__functions.h
[5.670s] -- Up-to-date: /home/gordonc/alpha_test/install/ros_ign_interfaces/include/ros_ign_interfaces/ros_ign_interfaces/srv/detail/delete_entity__functions.c
[5.670s] -- Up-to-date: /home/gordonc/alpha_test/install/ros_ign_interfaces/include/ros_ign_interfaces/ros_ign_interfaces/srv/detail/spawn_entity__functions.h
[5.670s] -- Up-to-date: /home/gordonc/alpha_test/install/ros_ign_interfaces/include/ros_ign_interfaces/ros_ign_interfaces/srv/detail/delete_entity__functions.h
[5.670s] -- Up-to-date: /home/gordonc/alpha_test/install/ros_ign_interfaces/include/ros_ign_interfaces/ros_ign_interfaces/srv/detail/spawn_entity__functions.c
[5.671s] -- Up-to-date: /home/gordonc/alpha_test/install/ros_ign_interfaces/include/ros_ign_interfaces/ros_ign_interfaces/srv/detail/control_world__struct.h
[5.671s] -- Up-to-date: /home/gordonc/alpha_test/install/ros_ign_interfaces/include/ros_ign_interfaces/ros_ign_interfaces/srv/detail/spawn_entity__type_support.h
[5.671s] -- Up-to-date: /home/gordonc/alpha_test/install/ros_ign_interfaces/include/ros_ign_interfaces/ros_ign_interfaces/srv/detail/set_entity_pose__functions.c
[5.671s] -- Up-to-date: /home/gordonc/alpha_test/install/ros_ign_interfaces/include/ros_ign_interfaces/ros_ign_interfaces/srv/detail/delete_entity__struct.h
[5.672s] -- Up-to-date: /home/gordonc/alpha_test/install/ros_ign_interfaces/include/ros_ign_interfaces/ros_ign_interfaces/srv/detail/control_world__type_support.h
[5.672s] -- Up-to-date: /home/gordonc/alpha_test/install/ros_ign_interfaces/include/ros_ign_interfaces/ros_ign_interfaces/srv/detail/spawn_entity__struct.h
[5.672s] -- Up-to-date: /home/gordonc/alpha_test/install/ros_ign_interfaces/include/ros_ign_interfaces/ros_ign_interfaces/srv/detail/control_world__functions.h
[5.672s] -- Up-to-date: /home/gordonc/alpha_test/install/ros_ign_interfaces/include/ros_ign_interfaces/ros_ign_interfaces/srv/detail/delete_entity__type_support.h
[5.672s] -- Up-to-date: /home/gordonc/alpha_test/install/ros_ign_interfaces/include/ros_ign_interfaces/ros_ign_interfaces/srv/detail/set_entity_pose__type_support.h
[5.673s] -- Up-to-date: /home/gordonc/alpha_test/install/ros_ign_interfaces/include/ros_ign_interfaces/ros_ign_interfaces/srv/detail/set_entity_pose__struct.h
[5.673s] -- Up-to-date: /home/gordonc/alpha_test/install/ros_ign_interfaces/include/ros_ign_interfaces/ros_ign_interfaces/srv/detail/control_world__functions.c
[5.673s] -- Up-to-date: /home/gordonc/alpha_test/install/ros_ign_interfaces/include/ros_ign_interfaces/ros_ign_interfaces/srv/spawn_entity.h
[5.674s] -- Up-to-date: /home/gordonc/alpha_test/install/ros_ign_interfaces/include/ros_ign_interfaces/ros_ign_interfaces/srv/delete_entity.h
[5.674s] -- Up-to-date: /home/gordonc/alpha_test/install/ros_ign_interfaces/include/ros_ign_interfaces/ros_ign_interfaces/srv/control_world.h
[5.674s] -- Up-to-date: /home/gordonc/alpha_test/install/ros_ign_interfaces/include/ros_ign_interfaces/ros_ign_interfaces/msg
[5.675s] -- Up-to-date: /home/gordonc/alpha_test/install/ros_ign_interfaces/include/ros_ign_interfaces/ros_ign_interfaces/msg/rosidl_generator_c__visibility_control.h
[5.675s] -- Up-to-date: /home/gordonc/alpha_test/install/ros_ign_interfaces/include/ros_ign_interfaces/ros_ign_interfaces/msg/string_vec.h
[5.675s] -- Up-to-date: /home/gordonc/alpha_test/install/ros_ign_interfaces/include/ros_ign_interfaces/ros_ign_interfaces/msg/entity.h
[5.675s] -- Up-to-date: /home/gordonc/alpha_test/install/ros_ign_interfaces/include/ros_ign_interfaces/ros_ign_interfaces/msg/entity_factory.h
[5.675s] -- Up-to-date: /home/gordonc/alpha_test/install/ros_ign_interfaces/include/ros_ign_interfaces/ros_ign_interfaces/msg/detail
[5.676s] -- Up-to-date: /home/gordonc/alpha_test/install/ros_ign_interfaces/include/ros_ign_interfaces/ros_ign_interfaces/msg/detail/track_visual__type_support.h
[5.676s] -- Up-to-date: /home/gordonc/alpha_test/install/ros_ign_interfaces/include/ros_ign_interfaces/ros_ign_interfaces/msg/detail/track_visual__struct.h
[5.676s] -- Up-to-date: /home/gordonc/alpha_test/install/ros_ign_interfaces/include/ros_ign_interfaces/ros_ign_interfaces/msg/detail/world_reset__type_support.h
[5.676s] -- Up-to-date: /home/gordonc/alpha_test/install/ros_ign_interfaces/include/ros_ign_interfaces/ros_ign_interfaces/msg/detail/entity_factory__functions.h
[5.676s] -- Up-to-date: /home/gordonc/alpha_test/install/ros_ign_interfaces/include/ros_ign_interfaces/ros_ign_interfaces/msg/detail/world_control__type_support.h
[5.677s] -- Up-to-date: /home/gordonc/alpha_test/install/ros_ign_interfaces/include/ros_ign_interfaces/ros_ign_interfaces/msg/detail/light__functions.h
[5.677s] -- Up-to-date: /home/gordonc/alpha_test/install/ros_ign_interfaces/include/ros_ign_interfaces/ros_ign_interfaces/msg/detail/entity__functions.c
[5.677s] -- Up-to-date: /home/gordonc/alpha_test/install/ros_ign_interfaces/include/ros_ign_interfaces/ros_ign_interfaces/msg/detail/world_reset__functions.h
[5.678s] -- Up-to-date: /home/gordonc/alpha_test/install/ros_ign_interfaces/include/ros_ign_interfaces/ros_ign_interfaces/msg/detail/video_record__functions.c
[5.678s] -- Up-to-date: /home/gordonc/alpha_test/install/ros_ign_interfaces/include/ros_ign_interfaces/ros_ign_interfaces/msg/detail/contacts__struct.h
[5.678s] -- Up-to-date: /home/gordonc/alpha_test/install/ros_ign_interfaces/include/ros_ign_interfaces/ros_ign_interfaces/msg/detail/video_record__struct.h
[5.678s] -- Up-to-date: /home/gordonc/alpha_test/install/ros_ign_interfaces/include/ros_ign_interfaces/ros_ign_interfaces/msg/detail/contacts__functions.h
[5.679s] -- Up-to-date: /home/gordonc/alpha_test/install/ros_ign_interfaces/include/ros_ign_interfaces/ros_ign_interfaces/msg/detail/world_reset__struct.h
[5.679s] -- Up-to-date: /home/gordonc/alpha_test/install/ros_ign_interfaces/include/ros_ign_interfaces/ros_ign_interfaces/msg/detail/string_vec__type_support.h
[5.679s] -- Up-to-date: /home/gordonc/alpha_test/install/ros_ign_interfaces/include/ros_ign_interfaces/ros_ign_interfaces/msg/detail/world_control__struct.h
[5.679s] -- Up-to-date: /home/gordonc/alpha_test/install/ros_ign_interfaces/include/ros_ign_interfaces/ros_ign_interfaces/msg/detail/joint_wrench__functions.h
[5.679s] -- Up-to-date: /home/gordonc/alpha_test/install/ros_ign_interfaces/include/ros_ign_interfaces/ros_ign_interfaces/msg/detail/entity_factory__type_support.h
[5.679s] -- Up-to-date: /home/gordonc/alpha_test/install/ros_ign_interfaces/include/ros_ign_interfaces/ros_ign_interfaces/msg/detail/contacts__type_support.h
[5.680s] -- Up-to-date: /home/gordonc/alpha_test/install/ros_ign_interfaces/include/ros_ign_interfaces/ros_ign_interfaces/msg/detail/string_vec__struct.h
[5.680s] -- Up-to-date: /home/gordonc/alpha_test/install/ros_ign_interfaces/include/ros_ign_interfaces/ros_ign_interfaces/msg/detail/world_control__functions.c
[5.680s] -- Up-to-date: /home/gordonc/alpha_test/install/ros_ign_interfaces/include/ros_ign_interfaces/ros_ign_interfaces/msg/detail/light__functions.c
[5.680s] -- Up-to-date: /home/gordonc/alpha_test/install/ros_ign_interfaces/include/ros_ign_interfaces/ros_ign_interfaces/msg/detail/string_vec__functions.h
[5.681s] -- Up-to-date: /home/gordonc/alpha_test/install/ros_ign_interfaces/include/ros_ign_interfaces/ros_ign_interfaces/msg/detail/gui_camera__struct.h
[5.681s] -- Up-to-date: /home/gordonc/alpha_test/install/ros_ign_interfaces/include/ros_ign_interfaces/ros_ign_interfaces/msg/detail/gui_camera__functions.c
[5.681s] -- Up-to-date: /home/gordonc/alpha_test/install/ros_ign_interfaces/include/ros_ign_interfaces/ros_ign_interfaces/msg/detail/light__struct.h
[5.682s] -- Up-to-date: /home/gordonc/alpha_test/install/ros_ign_interfaces/include/ros_ign_interfaces/ros_ign_interfaces/msg/detail/entity_factory__functions.c
[5.682s] -- Up-to-date: /home/gordonc/alpha_test/install/ros_ign_interfaces/include/ros_ign_interfaces/ros_ign_interfaces/msg/detail/video_record__type_support.h
[5.682s] -- Up-to-date: /home/gordonc/alpha_test/install/ros_ign_interfaces/include/ros_ign_interfaces/ros_ign_interfaces/msg/detail/contact__functions.h
[5.682s] -- Up-to-date: /home/gordonc/alpha_test/install/ros_ign_interfaces/include/ros_ign_interfaces/ros_ign_interfaces/msg/detail/light__type_support.h
[5.682s] -- Up-to-date: /home/gordonc/alpha_test/install/ros_ign_interfaces/include/ros_ign_interfaces/ros_ign_interfaces/msg/detail/joint_wrench__struct.h
[5.683s] -- Up-to-date: /home/gordonc/alpha_test/install/ros_ign_interfaces/include/ros_ign_interfaces/ros_ign_interfaces/msg/detail/joint_wrench__type_support.h
[5.683s] -- Up-to-date: /home/gordonc/alpha_test/install/ros_ign_interfaces/include/ros_ign_interfaces/ros_ign_interfaces/msg/detail/contacts__functions.c
[5.683s] -- Up-to-date: /home/gordonc/alpha_test/install/ros_ign_interfaces/include/ros_ign_interfaces/ros_ign_interfaces/msg/detail/contact__struct.h
[5.683s] -- Up-to-date: /home/gordonc/alpha_test/install/ros_ign_interfaces/include/ros_ign_interfaces/ros_ign_interfaces/msg/detail/gui_camera__functions.h
[5.684s] -- Up-to-date: /home/gordonc/alpha_test/install/ros_ign_interfaces/include/ros_ign_interfaces/ros_ign_interfaces/msg/detail/gui_camera__type_support.h
[5.684s] -- Up-to-date: /home/gordonc/alpha_test/install/ros_ign_interfaces/include/ros_ign_interfaces/ros_ign_interfaces/msg/detail/entity__type_support.h
[5.684s] -- Up-to-date: /home/gordonc/alpha_test/install/ros_ign_interfaces/include/ros_ign_interfaces/ros_ign_interfaces/msg/detail/entity__functions.h
[5.684s] -- Up-to-date: /home/gordonc/alpha_test/install/ros_ign_interfaces/include/ros_ign_interfaces/ros_ign_interfaces/msg/detail/video_record__functions.h
[5.685s] -- Up-to-date: /home/gordonc/alpha_test/install/ros_ign_interfaces/include/ros_ign_interfaces/ros_ign_interfaces/msg/detail/track_visual__functions.c
[5.685s] -- Up-to-date: /home/gordonc/alpha_test/install/ros_ign_interfaces/include/ros_ign_interfaces/ros_ign_interfaces/msg/detail/string_vec__functions.c
[5.685s] -- Up-to-date: /home/gordonc/alpha_test/install/ros_ign_interfaces/include/ros_ign_interfaces/ros_ign_interfaces/msg/detail/contact__type_support.h
[5.686s] -- Up-to-date: /home/gordonc/alpha_test/install/ros_ign_interfaces/include/ros_ign_interfaces/ros_ign_interfaces/msg/detail/entity__struct.h
[5.686s] -- Up-to-date: /home/gordonc/alpha_test/install/ros_ign_interfaces/include/ros_ign_interfaces/ros_ign_interfaces/msg/detail/world_control__functions.h
[5.686s] -- Up-to-date: /home/gordonc/alpha_test/install/ros_ign_interfaces/include/ros_ign_interfaces/ros_ign_interfaces/msg/detail/contact__functions.c
[5.686s] -- Up-to-date: /home/gordonc/alpha_test/install/ros_ign_interfaces/include/ros_ign_interfaces/ros_ign_interfaces/msg/detail/track_visual__functions.h
[5.686s] -- Up-to-date: /home/gordonc/alpha_test/install/ros_ign_interfaces/include/ros_ign_interfaces/ros_ign_interfaces/msg/detail/world_reset__functions.c
[5.687s] -- Up-to-date: /home/gordonc/alpha_test/install/ros_ign_interfaces/include/ros_ign_interfaces/ros_ign_interfaces/msg/detail/entity_factory__struct.h
[5.687s] -- Up-to-date: /home/gordonc/alpha_test/install/ros_ign_interfaces/include/ros_ign_interfaces/ros_ign_interfaces/msg/detail/joint_wrench__functions.c
[5.687s] -- Up-to-date: /home/gordonc/alpha_test/install/ros_ign_interfaces/include/ros_ign_interfaces/ros_ign_interfaces/msg/joint_wrench.h
[5.687s] -- Up-to-date: /home/gordonc/alpha_test/install/ros_ign_interfaces/include/ros_ign_interfaces/ros_ign_interfaces/msg/contacts.h
[5.687s] -- Up-to-date: /home/gordonc/alpha_test/install/ros_ign_interfaces/include/ros_ign_interfaces/ros_ign_interfaces/msg/video_record.h
[5.688s] -- Up-to-date: /home/gordonc/alpha_test/install/ros_ign_interfaces/include/ros_ign_interfaces/ros_ign_interfaces/msg/gui_camera.h
[5.688s] -- Up-to-date: /home/gordonc/alpha_test/install/ros_ign_interfaces/include/ros_ign_interfaces/ros_ign_interfaces/msg/light.h
[5.688s] -- Up-to-date: /home/gordonc/alpha_test/install/ros_ign_interfaces/include/ros_ign_interfaces/ros_ign_interfaces/msg/world_reset.h
[5.688s] -- Up-to-date: /home/gordonc/alpha_test/install/ros_ign_interfaces/include/ros_ign_interfaces/ros_ign_interfaces/msg/track_visual.h
[5.689s] -- Up-to-date: /home/gordonc/alpha_test/install/ros_ign_interfaces/include/ros_ign_interfaces/ros_ign_interfaces/msg/contact.h
[5.689s] -- Up-to-date: /home/gordonc/alpha_test/install/ros_ign_interfaces/include/ros_ign_interfaces/ros_ign_interfaces/msg/world_control.h
[5.689s] -- Up-to-date: /home/gordonc/alpha_test/install/ros_ign_interfaces/share/ros_ign_interfaces/environment/library_path.sh
[5.690s] -- Up-to-date: /home/gordonc/alpha_test/install/ros_ign_interfaces/share/ros_ign_interfaces/environment/library_path.dsv
[5.706s] -- Up-to-date: /home/gordonc/alpha_test/install/ros_ign_interfaces/lib/libros_ign_interfaces__rosidl_generator_c.so
[5.706s] -- Up-to-date: /home/gordonc/alpha_test/install/ros_ign_interfaces/include/ros_ign_interfaces/ros_ign_interfaces
[5.707s] -- Up-to-date: /home/gordonc/alpha_test/install/ros_ign_interfaces/include/ros_ign_interfaces/ros_ign_interfaces/srv
[5.707s] -- Up-to-date: /home/gordonc/alpha_test/install/ros_ign_interfaces/include/ros_ign_interfaces/ros_ign_interfaces/srv/detail
[5.708s] -- Up-to-date: /home/gordonc/alpha_test/install/ros_ign_interfaces/include/ros_ign_interfaces/ros_ign_interfaces/srv/detail/set_entity_pose__rosidl_typesupport_fastrtps_c.h
[5.708s] -- Up-to-date: /home/gordonc/alpha_test/install/ros_ign_interfaces/include/ros_ign_interfaces/ros_ign_interfaces/srv/detail/spawn_entity__rosidl_typesupport_fastrtps_c.h
[5.708s] -- Up-to-date: /home/gordonc/alpha_test/install/ros_ign_interfaces/include/ros_ign_interfaces/ros_ign_interfaces/srv/detail/delete_entity__rosidl_typesupport_fastrtps_c.h
[5.709s] -- Up-to-date: /home/gordonc/alpha_test/install/ros_ign_interfaces/include/ros_ign_interfaces/ros_ign_interfaces/srv/detail/control_world__rosidl_typesupport_fastrtps_c.h
[5.709s] -- Up-to-date: /home/gordonc/alpha_test/install/ros_ign_interfaces/include/ros_ign_interfaces/ros_ign_interfaces/msg
[5.709s] -- Up-to-date: /home/gordonc/alpha_test/install/ros_ign_interfaces/include/ros_ign_interfaces/ros_ign_interfaces/msg/detail
[5.709s] -- Up-to-date: /home/gordonc/alpha_test/install/ros_ign_interfaces/include/ros_ign_interfaces/ros_ign_interfaces/msg/detail/gui_camera__rosidl_typesupport_fastrtps_c.h
[5.710s] -- Up-to-date: /home/gordonc/alpha_test/install/ros_ign_interfaces/include/ros_ign_interfaces/ros_ign_interfaces/msg/detail/track_visual__rosidl_typesupport_fastrtps_c.h
[5.710s] -- Up-to-date: /home/gordonc/alpha_test/install/ros_ign_interfaces/include/ros_ign_interfaces/ros_ign_interfaces/msg/detail/contacts__rosidl_typesupport_fastrtps_c.h
[5.710s] -- Up-to-date: /home/gordonc/alpha_test/install/ros_ign_interfaces/include/ros_ign_interfaces/ros_ign_interfaces/msg/detail/world_control__rosidl_typesupport_fastrtps_c.h
[5.710s] -- Up-to-date: /home/gordonc/alpha_test/install/ros_ign_interfaces/include/ros_ign_interfaces/ros_ign_interfaces/msg/detail/light__rosidl_typesupport_fastrtps_c.h
[5.711s] -- Up-to-date: /home/gordonc/alpha_test/install/ros_ign_interfaces/include/ros_ign_interfaces/ros_ign_interfaces/msg/detail/entity__rosidl_typesupport_fastrtps_c.h
[5.711s] -- Up-to-date: /home/gordonc/alpha_test/install/ros_ign_interfaces/include/ros_ign_interfaces/ros_ign_interfaces/msg/detail/video_record__rosidl_typesupport_fastrtps_c.h
[5.711s] -- Up-to-date: /home/gordonc/alpha_test/install/ros_ign_interfaces/include/ros_ign_interfaces/ros_ign_interfaces/msg/detail/joint_wrench__rosidl_typesupport_fastrtps_c.h
[5.712s] -- Up-to-date: /home/gordonc/alpha_test/install/ros_ign_interfaces/include/ros_ign_interfaces/ros_ign_interfaces/msg/detail/world_reset__rosidl_typesupport_fastrtps_c.h
[5.712s] -- Up-to-date: /home/gordonc/alpha_test/install/ros_ign_interfaces/include/ros_ign_interfaces/ros_ign_interfaces/msg/detail/string_vec__rosidl_typesupport_fastrtps_c.h
[5.712s] -- Up-to-date: /home/gordonc/alpha_test/install/ros_ign_interfaces/include/ros_ign_interfaces/ros_ign_interfaces/msg/detail/contact__rosidl_typesupport_fastrtps_c.h
[5.712s] -- Up-to-date: /home/gordonc/alpha_test/install/ros_ign_interfaces/include/ros_ign_interfaces/ros_ign_interfaces/msg/detail/entity_factory__rosidl_typesupport_fastrtps_c.h
[5.713s] -- Up-to-date: /home/gordonc/alpha_test/install/ros_ign_interfaces/include/ros_ign_interfaces/ros_ign_interfaces/msg/rosidl_typesupport_fastrtps_c__visibility_control.h
[5.713s] -- Up-to-date: /home/gordonc/alpha_test/install/ros_ign_interfaces/lib/libros_ign_interfaces__rosidl_typesupport_fastrtps_c.so
[5.713s] -- Up-to-date: /home/gordonc/alpha_test/install/ros_ign_interfaces/include/ros_ign_interfaces/ros_ign_interfaces
[5.713s] -- Up-to-date: /home/gordonc/alpha_test/install/ros_ign_interfaces/include/ros_ign_interfaces/ros_ign_interfaces/srv
[5.713s] -- Up-to-date: /home/gordonc/alpha_test/install/ros_ign_interfaces/include/ros_ign_interfaces/ros_ign_interfaces/srv/control_world.hpp
[5.714s] -- Up-to-date: /home/gordonc/alpha_test/install/ros_ign_interfaces/include/ros_ign_interfaces/ros_ign_interfaces/srv/detail
[5.714s] -- Up-to-date: /home/gordonc/alpha_test/install/ros_ign_interfaces/include/ros_ign_interfaces/ros_ign_interfaces/srv/detail/spawn_entity__traits.hpp
[5.714s] -- Up-to-date: /home/gordonc/alpha_test/install/ros_ign_interfaces/include/ros_ign_interfaces/ros_ign_interfaces/srv/detail/control_world__builder.hpp
[5.714s] -- Up-to-date: /home/gordonc/alpha_test/install/ros_ign_interfaces/include/ros_ign_interfaces/ros_ign_interfaces/srv/detail/control_world__struct.hpp
[5.715s] -- Up-to-date: /home/gordonc/alpha_test/install/ros_ign_interfaces/include/ros_ign_interfaces/ros_ign_interfaces/srv/detail/set_entity_pose__struct.hpp
[5.715s] -- Up-to-date: /home/gordonc/alpha_test/install/ros_ign_interfaces/include/ros_ign_interfaces/ros_ign_interfaces/srv/detail/delete_entity__builder.hpp
[5.715s] -- Up-to-date: /home/gordonc/alpha_test/install/ros_ign_interfaces/include/ros_ign_interfaces/ros_ign_interfaces/srv/detail/delete_entity__struct.hpp
[5.715s] -- Up-to-date: /home/gordonc/alpha_test/install/ros_ign_interfaces/include/ros_ign_interfaces/ros_ign_interfaces/srv/detail/spawn_entity__struct.hpp
[5.716s] -- Up-to-date: /home/gordonc/alpha_test/install/ros_ign_interfaces/include/ros_ign_interfaces/ros_ign_interfaces/srv/detail/set_entity_pose__builder.hpp
[5.716s] -- Up-to-date: /home/gordonc/alpha_test/install/ros_ign_interfaces/include/ros_ign_interfaces/ros_ign_interfaces/srv/detail/spawn_entity__builder.hpp
[5.717s] -- Up-to-date: /home/gordonc/alpha_test/install/ros_ign_interfaces/include/ros_ign_interfaces/ros_ign_interfaces/srv/detail/delete_entity__traits.hpp
[5.718s] -- Up-to-date: /home/gordonc/alpha_test/install/ros_ign_interfaces/include/ros_ign_interfaces/ros_ign_interfaces/srv/detail/set_entity_pose__traits.hpp
[5.719s] -- Up-to-date: /home/gordonc/alpha_test/install/ros_ign_interfaces/include/ros_ign_interfaces/ros_ign_interfaces/srv/detail/control_world__traits.hpp
[5.719s] -- Up-to-date: /home/gordonc/alpha_test/install/ros_ign_interfaces/include/ros_ign_interfaces/ros_ign_interfaces/srv/set_entity_pose.hpp
[5.719s] -- Up-to-date: /home/gordonc/alpha_test/install/ros_ign_interfaces/include/ros_ign_interfaces/ros_ign_interfaces/srv/delete_entity.hpp
[5.720s] -- Up-to-date: /home/gordonc/alpha_test/install/ros_ign_interfaces/include/ros_ign_interfaces/ros_ign_interfaces/srv/spawn_entity.hpp
[5.720s] -- Up-to-date: /home/gordonc/alpha_test/install/ros_ign_interfaces/include/ros_ign_interfaces/ros_ign_interfaces/msg
[5.720s] -- Up-to-date: /home/gordonc/alpha_test/install/ros_ign_interfaces/include/ros_ign_interfaces/ros_ign_interfaces/msg/world_control.hpp
[5.720s] -- Up-to-date: /home/gordonc/alpha_test/install/ros_ign_interfaces/include/ros_ign_interfaces/ros_ign_interfaces/msg/detail
[5.721s] -- Up-to-date: /home/gordonc/alpha_test/install/ros_ign_interfaces/include/ros_ign_interfaces/ros_ign_interfaces/msg/detail/contact__traits.hpp
[5.721s] -- Up-to-date: /home/gordonc/alpha_test/install/ros_ign_interfaces/include/ros_ign_interfaces/ros_ign_interfaces/msg/detail/gui_camera__builder.hpp
[5.721s] -- Up-to-date: /home/gordonc/alpha_test/install/ros_ign_interfaces/include/ros_ign_interfaces/ros_ign_interfaces/msg/detail/joint_wrench__traits.hpp
[5.721s] -- Up-to-date: /home/gordonc/alpha_test/install/ros_ign_interfaces/include/ros_ign_interfaces/ros_ign_interfaces/msg/detail/world_reset__traits.hpp
[5.721s] -- Up-to-date: /home/gordonc/alpha_test/install/ros_ign_interfaces/include/ros_ign_interfaces/ros_ign_interfaces/msg/detail/world_control__builder.hpp
[5.722s] -- Up-to-date: /home/gordonc/alpha_test/install/ros_ign_interfaces/include/ros_ign_interfaces/ros_ign_interfaces/msg/detail/world_control__traits.hpp
[5.722s] -- Up-to-date: /home/gordonc/alpha_test/install/ros_ign_interfaces/include/ros_ign_interfaces/ros_ign_interfaces/msg/detail/string_vec__traits.hpp
[5.722s] -- Up-to-date: /home/gordonc/alpha_test/install/ros_ign_interfaces/include/ros_ign_interfaces/ros_ign_interfaces/msg/detail/entity_factory__struct.hpp
[5.722s] -- Up-to-date: /home/gordonc/alpha_test/install/ros_ign_interfaces/include/ros_ign_interfaces/ros_ign_interfaces/msg/detail/track_visual__traits.hpp
[5.722s] -- Up-to-date: /home/gordonc/alpha_test/install/ros_ign_interfaces/include/ros_ign_interfaces/ros_ign_interfaces/msg/detail/contact__builder.hpp
[5.723s] -- Up-to-date: /home/gordonc/alpha_test/install/ros_ign_interfaces/include/ros_ign_interfaces/ros_ign_interfaces/msg/detail/joint_wrench__struct.hpp
[5.723s] -- Up-to-date: /home/gordonc/alpha_test/install/ros_ign_interfaces/include/ros_ign_interfaces/ros_ign_interfaces/msg/detail/contacts__traits.hpp
[5.723s] -- Up-to-date: /home/gordonc/alpha_test/install/ros_ign_interfaces/include/ros_ign_interfaces/ros_ign_interfaces/msg/detail/video_record__struct.hpp
[5.723s] -- Up-to-date: /home/gordonc/alpha_test/install/ros_ign_interfaces/include/ros_ign_interfaces/ros_ign_interfaces/msg/detail/string_vec__struct.hpp
[5.723s] -- Up-to-date: /home/gordonc/alpha_test/install/ros_ign_interfaces/include/ros_ign_interfaces/ros_ign_interfaces/msg/detail/string_vec__builder.hpp
[5.724s] -- Up-to-date: /home/gordonc/alpha_test/install/ros_ign_interfaces/include/ros_ign_interfaces/ros_ign_interfaces/msg/detail/joint_wrench__builder.hpp
[5.724s] -- Up-to-date: /home/gordonc/alpha_test/install/ros_ign_interfaces/include/ros_ign_interfaces/ros_ign_interfaces/msg/detail/entity_factory__builder.hpp
[5.724s] -- Up-to-date: /home/gordonc/alpha_test/install/ros_ign_interfaces/include/ros_ign_interfaces/ros_ign_interfaces/msg/detail/entity_factory__traits.hpp
[5.724s] -- Up-to-date: /home/gordonc/alpha_test/install/ros_ign_interfaces/include/ros_ign_interfaces/ros_ign_interfaces/msg/detail/world_reset__struct.hpp
[5.724s] -- Up-to-date: /home/gordonc/alpha_test/install/ros_ign_interfaces/include/ros_ign_interfaces/ros_ign_interfaces/msg/detail/video_record__traits.hpp
[5.725s] -- Up-to-date: /home/gordonc/alpha_test/install/ros_ign_interfaces/include/ros_ign_interfaces/ros_ign_interfaces/msg/detail/world_reset__builder.hpp
[5.725s] -- Up-to-date: /home/gordonc/alpha_test/install/ros_ign_interfaces/include/ros_ign_interfaces/ros_ign_interfaces/msg/detail/light__traits.hpp
[5.725s] -- Up-to-date: /home/gordonc/alpha_test/install/ros_ign_interfaces/include/ros_ign_interfaces/ros_ign_interfaces/msg/detail/contacts__struct.hpp
[5.725s] -- Up-to-date: /home/gordonc/alpha_test/install/ros_ign_interfaces/include/ros_ign_interfaces/ros_ign_interfaces/msg/detail/light__struct.hpp
[5.726s] -- Up-to-date: /home/gordonc/alpha_test/install/ros_ign_interfaces/include/ros_ign_interfaces/ros_ign_interfaces/msg/detail/track_visual__struct.hpp
[5.726s] -- Up-to-date: /home/gordonc/alpha_test/install/ros_ign_interfaces/include/ros_ign_interfaces/ros_ign_interfaces/msg/detail/gui_camera__struct.hpp
[5.726s] -- Up-to-date: /home/gordonc/alpha_test/install/ros_ign_interfaces/include/ros_ign_interfaces/ros_ign_interfaces/msg/detail/gui_camera__traits.hpp
[5.727s] -- Up-to-date: /home/gordonc/alpha_test/install/ros_ign_interfaces/include/ros_ign_interfaces/ros_ign_interfaces/msg/detail/light__builder.hpp
[5.727s] -- Up-to-date: /home/gordonc/alpha_test/install/ros_ign_interfaces/include/ros_ign_interfaces/ros_ign_interfaces/msg/detail/track_visual__builder.hpp
[5.727s] -- Up-to-date: /home/gordonc/alpha_test/install/ros_ign_interfaces/include/ros_ign_interfaces/ros_ign_interfaces/msg/detail/entity__traits.hpp
[5.727s] -- Up-to-date: /home/gordonc/alpha_test/install/ros_ign_interfaces/include/ros_ign_interfaces/ros_ign_interfaces/msg/detail/entity__builder.hpp
[5.728s] -- Up-to-date: /home/gordonc/alpha_test/install/ros_ign_interfaces/include/ros_ign_interfaces/ros_ign_interfaces/msg/detail/video_record__builder.hpp
[5.728s] -- Up-to-date: /home/gordonc/alpha_test/install/ros_ign_interfaces/include/ros_ign_interfaces/ros_ign_interfaces/msg/detail/contact__struct.hpp
[5.728s] -- Up-to-date: /home/gordonc/alpha_test/install/ros_ign_interfaces/include/ros_ign_interfaces/ros_ign_interfaces/msg/detail/entity__struct.hpp
[5.728s] -- Up-to-date: /home/gordonc/alpha_test/install/ros_ign_interfaces/include/ros_ign_interfaces/ros_ign_interfaces/msg/detail/contacts__builder.hpp
[5.728s] -- Up-to-date: /home/gordonc/alpha_test/install/ros_ign_interfaces/include/ros_ign_interfaces/ros_ign_interfaces/msg/detail/world_control__struct.hpp
[5.729s] -- Up-to-date: /home/gordonc/alpha_test/install/ros_ign_interfaces/include/ros_ign_interfaces/ros_ign_interfaces/msg/track_visual.hpp
[5.729s] -- Up-to-date: /home/gordonc/alpha_test/install/ros_ign_interfaces/include/ros_ign_interfaces/ros_ign_interfaces/msg/world_reset.hpp
[5.729s] -- Up-to-date: /home/gordonc/alpha_test/install/ros_ign_interfaces/include/ros_ign_interfaces/ros_ign_interfaces/msg/entity.hpp
[5.729s] -- Up-to-date: /home/gordonc/alpha_test/install/ros_ign_interfaces/include/ros_ign_interfaces/ros_ign_interfaces/msg/gui_camera.hpp
[5.729s] -- Up-to-date: /home/gordonc/alpha_test/install/ros_ign_interfaces/include/ros_ign_interfaces/ros_ign_interfaces/msg/joint_wrench.hpp
[5.730s] -- Up-to-date: /home/gordonc/alpha_test/install/ros_ign_interfaces/include/ros_ign_interfaces/ros_ign_interfaces/msg/entity_factory.hpp
[5.730s] -- Up-to-date: /home/gordonc/alpha_test/install/ros_ign_interfaces/include/ros_ign_interfaces/ros_ign_interfaces/msg/string_vec.hpp
[5.730s] -- Up-to-date: /home/gordonc/alpha_test/install/ros_ign_interfaces/include/ros_ign_interfaces/ros_ign_interfaces/msg/contacts.hpp
[5.730s] -- Up-to-date: /home/gordonc/alpha_test/install/ros_ign_interfaces/include/ros_ign_interfaces/ros_ign_interfaces/msg/contact.hpp
[5.731s] -- Up-to-date: /home/gordonc/alpha_test/install/ros_ign_interfaces/include/ros_ign_interfaces/ros_ign_interfaces/msg/light.hpp
[5.731s] -- Up-to-date: /home/gordonc/alpha_test/install/ros_ign_interfaces/include/ros_ign_interfaces/ros_ign_interfaces/msg/video_record.hpp
[5.731s] -- Up-to-date: /home/gordonc/alpha_test/install/ros_ign_interfaces/include/ros_ign_interfaces/ros_ign_interfaces
[5.731s] -- Up-to-date: /home/gordonc/alpha_test/install/ros_ign_interfaces/include/ros_ign_interfaces/ros_ign_interfaces/srv
[5.731s] -- Up-to-date: /home/gordonc/alpha_test/install/ros_ign_interfaces/include/ros_ign_interfaces/ros_ign_interfaces/srv/detail
[5.732s] -- Up-to-date: /home/gordonc/alpha_test/install/ros_ign_interfaces/include/ros_ign_interfaces/ros_ign_interfaces/srv/detail/set_entity_pose__rosidl_typesupport_fastrtps_cpp.hpp
[5.732s] -- Up-to-date: /home/gordonc/alpha_test/install/ros_ign_interfaces/include/ros_ign_interfaces/ros_ign_interfaces/srv/detail/spawn_entity__rosidl_typesupport_fastrtps_cpp.hpp
[5.732s] -- Up-to-date: /home/gordonc/alpha_test/install/ros_ign_interfaces/include/ros_ign_interfaces/ros_ign_interfaces/srv/detail/control_world__rosidl_typesupport_fastrtps_cpp.hpp
[5.732s] -- Up-to-date: /home/gordonc/alpha_test/install/ros_ign_interfaces/include/ros_ign_interfaces/ros_ign_interfaces/srv/detail/dds_fastrtps
[5.732s] -- Up-to-date: /home/gordonc/alpha_test/install/ros_ign_interfaces/include/ros_ign_interfaces/ros_ign_interfaces/srv/detail/delete_entity__rosidl_typesupport_fastrtps_cpp.hpp
[5.733s] -- Up-to-date: /home/gordonc/alpha_test/install/ros_ign_interfaces/include/ros_ign_interfaces/ros_ign_interfaces/msg
[5.733s] -- Up-to-date: /home/gordonc/alpha_test/install/ros_ign_interfaces/include/ros_ign_interfaces/ros_ign_interfaces/msg/detail
[5.733s] -- Up-to-date: /home/gordonc/alpha_test/install/ros_ign_interfaces/include/ros_ign_interfaces/ros_ign_interfaces/msg/detail/light__rosidl_typesupport_fastrtps_cpp.hpp
[5.734s] -- Up-to-date: /home/gordonc/alpha_test/install/ros_ign_interfaces/include/ros_ign_interfaces/ros_ign_interfaces/msg/detail/gui_camera__rosidl_typesupport_fastrtps_cpp.hpp
[5.734s] -- Up-to-date: /home/gordonc/alpha_test/install/ros_ign_interfaces/include/ros_ign_interfaces/ros_ign_interfaces/msg/detail/joint_wrench__rosidl_typesupport_fastrtps_cpp.hpp
[5.734s] -- Up-to-date: /home/gordonc/alpha_test/install/ros_ign_interfaces/include/ros_ign_interfaces/ros_ign_interfaces/msg/detail/entity_factory__rosidl_typesupport_fastrtps_cpp.hpp
[5.735s] -- Up-to-date: /home/gordonc/alpha_test/install/ros_ign_interfaces/include/ros_ign_interfaces/ros_ign_interfaces/msg/detail/track_visual__rosidl_typesupport_fastrtps_cpp.hpp
[5.735s] -- Up-to-date: /home/gordonc/alpha_test/install/ros_ign_interfaces/include/ros_ign_interfaces/ros_ign_interfaces/msg/detail/world_control__rosidl_typesupport_fastrtps_cpp.hpp
[5.735s] -- Up-to-date: /home/gordonc/alpha_test/install/ros_ign_interfaces/include/ros_ign_interfaces/ros_ign_interfaces/msg/detail/dds_fastrtps
[5.735s] -- Up-to-date: /home/gordonc/alpha_test/install/ros_ign_interfaces/include/ros_ign_interfaces/ros_ign_interfaces/msg/detail/video_record__rosidl_typesupport_fastrtps_cpp.hpp
[5.736s] -- Up-to-date: /home/gordonc/alpha_test/install/ros_ign_interfaces/include/ros_ign_interfaces/ros_ign_interfaces/msg/detail/string_vec__rosidl_typesupport_fastrtps_cpp.hpp
[5.736s] -- Up-to-date: /home/gordonc/alpha_test/install/ros_ign_interfaces/include/ros_ign_interfaces/ros_ign_interfaces/msg/detail/world_reset__rosidl_typesupport_fastrtps_cpp.hpp
[5.736s] -- Up-to-date: /home/gordonc/alpha_test/install/ros_ign_interfaces/include/ros_ign_interfaces/ros_ign_interfaces/msg/detail/contact__rosidl_typesupport_fastrtps_cpp.hpp
[5.737s] -- Up-to-date: /home/gordonc/alpha_test/install/ros_ign_interfaces/include/ros_ign_interfaces/ros_ign_interfaces/msg/detail/contacts__rosidl_typesupport_fastrtps_cpp.hpp
[5.737s] -- Up-to-date: /home/gordonc/alpha_test/install/ros_ign_interfaces/include/ros_ign_interfaces/ros_ign_interfaces/msg/detail/entity__rosidl_typesupport_fastrtps_cpp.hpp
[5.738s] -- Up-to-date: /home/gordonc/alpha_test/install/ros_ign_interfaces/include/ros_ign_interfaces/ros_ign_interfaces/msg/rosidl_typesupport_fastrtps_cpp__visibility_control.h
[5.738s] -- Up-to-date: /home/gordonc/alpha_test/install/ros_ign_interfaces/lib/libros_ign_interfaces__rosidl_typesupport_fastrtps_cpp.so
[5.739s] -- Up-to-date: /home/gordonc/alpha_test/install/ros_ign_interfaces/include/ros_ign_interfaces/ros_ign_interfaces
[5.739s] -- Up-to-date: /home/gordonc/alpha_test/install/ros_ign_interfaces/include/ros_ign_interfaces/ros_ign_interfaces/srv
[5.740s] -- Up-to-date: /home/gordonc/alpha_test/install/ros_ign_interfaces/include/ros_ign_interfaces/ros_ign_interfaces/srv/detail
[5.740s] -- Up-to-date: /home/gordonc/alpha_test/install/ros_ign_interfaces/include/ros_ign_interfaces/ros_ign_interfaces/srv/detail/set_entity_pose__rosidl_typesupport_introspection_c.h
[5.740s] -- Up-to-date: /home/gordonc/alpha_test/install/ros_ign_interfaces/include/ros_ign_interfaces/ros_ign_interfaces/srv/detail/set_entity_pose__type_support.c
[5.741s] -- Up-to-date: /home/gordonc/alpha_test/install/ros_ign_interfaces/include/ros_ign_interfaces/ros_ign_interfaces/srv/detail/delete_entity__type_support.c
[5.741s] -- Up-to-date: /home/gordonc/alpha_test/install/ros_ign_interfaces/include/ros_ign_interfaces/ros_ign_interfaces/srv/detail/control_world__type_support.c
[5.741s] -- Up-to-date: /home/gordonc/alpha_test/install/ros_ign_interfaces/include/ros_ign_interfaces/ros_ign_interfaces/srv/detail/spawn_entity__type_support.c
[5.742s] -- Up-to-date: /home/gordonc/alpha_test/install/ros_ign_interfaces/include/ros_ign_interfaces/ros_ign_interfaces/srv/detail/delete_entity__rosidl_typesupport_introspection_c.h
[5.742s] -- Up-to-date: /home/gordonc/alpha_test/install/ros_ign_interfaces/include/ros_ign_interfaces/ros_ign_interfaces/srv/detail/spawn_entity__rosidl_typesupport_introspection_c.h
[5.742s] -- Up-to-date: /home/gordonc/alpha_test/install/ros_ign_interfaces/include/ros_ign_interfaces/ros_ign_interfaces/srv/detail/control_world__rosidl_typesupport_introspection_c.h
[5.743s] -- Up-to-date: /home/gordonc/alpha_test/install/ros_ign_interfaces/include/ros_ign_interfaces/ros_ign_interfaces/msg
[5.743s] -- Up-to-date: /home/gordonc/alpha_test/install/ros_ign_interfaces/include/ros_ign_interfaces/ros_ign_interfaces/msg/detail
[5.743s] -- Up-to-date: /home/gordonc/alpha_test/install/ros_ign_interfaces/include/ros_ign_interfaces/ros_ign_interfaces/msg/detail/gui_camera__rosidl_typesupport_introspection_c.h
[5.744s] -- Up-to-date: /home/gordonc/alpha_test/install/ros_ign_interfaces/include/ros_ign_interfaces/ros_ign_interfaces/msg/detail/world_reset__type_support.c
[5.744s] -- Up-to-date: /home/gordonc/alpha_test/install/ros_ign_interfaces/include/ros_ign_interfaces/ros_ign_interfaces/msg/detail/contacts__type_support.c
[5.744s] -- Up-to-date: /home/gordonc/alpha_test/install/ros_ign_interfaces/include/ros_ign_interfaces/ros_ign_interfaces/msg/detail/video_record__rosidl_typesupport_introspection_c.h
[5.745s] -- Up-to-date: /home/gordonc/alpha_test/install/ros_ign_interfaces/include/ros_ign_interfaces/ros_ign_interfaces/msg/detail/contact__rosidl_typesupport_introspection_c.h
[5.745s] -- Up-to-date: /home/gordonc/alpha_test/install/ros_ign_interfaces/include/ros_ign_interfaces/ros_ign_interfaces/msg/detail/entity__rosidl_typesupport_introspection_c.h
[5.746s] -- Up-to-date: /home/gordonc/alpha_test/install/ros_ign_interfaces/include/ros_ign_interfaces/ros_ign_interfaces/msg/detail/string_vec__type_support.c
[5.746s] -- Up-to-date: /home/gordonc/alpha_test/install/ros_ign_interfaces/include/ros_ign_interfaces/ros_ign_interfaces/msg/detail/string_vec__rosidl_typesupport_introspection_c.h
[5.747s] -- Up-to-date: /home/gordonc/alpha_test/install/ros_ign_interfaces/include/ros_ign_interfaces/ros_ign_interfaces/msg/detail/track_visual__rosidl_typesupport_introspection_c.h
[5.748s] -- Up-to-date: /home/gordonc/alpha_test/install/ros_ign_interfaces/include/ros_ign_interfaces/ros_ign_interfaces/msg/detail/entity_factory__type_support.c
[5.749s] -- Up-to-date: /home/gordonc/alpha_test/install/ros_ign_interfaces/include/ros_ign_interfaces/ros_ign_interfaces/msg/detail/contacts__rosidl_typesupport_introspection_c.h
[5.749s] -- Up-to-date: /home/gordonc/alpha_test/install/ros_ign_interfaces/include/ros_ign_interfaces/ros_ign_interfaces/msg/detail/entity__type_support.c
[5.749s] -- Up-to-date: /home/gordonc/alpha_test/install/ros_ign_interfaces/include/ros_ign_interfaces/ros_ign_interfaces/msg/detail/contact__type_support.c
[5.750s] -- Up-to-date: /home/gordonc/alpha_test/install/ros_ign_interfaces/include/ros_ign_interfaces/ros_ign_interfaces/msg/detail/light__type_support.c
[5.750s] -- Up-to-date: /home/gordonc/alpha_test/install/ros_ign_interfaces/include/ros_ign_interfaces/ros_ign_interfaces/msg/detail/world_control__rosidl_typesupport_introspection_c.h
[5.750s] -- Up-to-date: /home/gordonc/alpha_test/install/ros_ign_interfaces/include/ros_ign_interfaces/ros_ign_interfaces/msg/detail/joint_wrench__rosidl_typesupport_introspection_c.h
[5.750s] -- Up-to-date: /home/gordonc/alpha_test/install/ros_ign_interfaces/include/ros_ign_interfaces/ros_ign_interfaces/msg/detail/world_control__type_support.c
[5.751s] -- Up-to-date: /home/gordonc/alpha_test/install/ros_ign_interfaces/include/ros_ign_interfaces/ros_ign_interfaces/msg/detail/light__rosidl_typesupport_introspection_c.h
[5.751s] -- Up-to-date: /home/gordonc/alpha_test/install/ros_ign_interfaces/include/ros_ign_interfaces/ros_ign_interfaces/msg/detail/joint_wrench__type_support.c
[5.751s] -- Up-to-date: /home/gordonc/alpha_test/install/ros_ign_interfaces/include/ros_ign_interfaces/ros_ign_interfaces/msg/detail/gui_camera__type_support.c
[5.751s] -- Up-to-date: /home/gordonc/alpha_test/install/ros_ign_interfaces/include/ros_ign_interfaces/ros_ign_interfaces/msg/detail/track_visual__type_support.c
[5.752s] -- Up-to-date: /home/gordonc/alpha_test/install/ros_ign_interfaces/include/ros_ign_interfaces/ros_ign_interfaces/msg/detail/entity_factory__rosidl_typesupport_introspection_c.h
[5.752s] -- Up-to-date: /home/gordonc/alpha_test/install/ros_ign_interfaces/include/ros_ign_interfaces/ros_ign_interfaces/msg/detail/video_record__type_support.c
[5.752s] -- Up-to-date: /home/gordonc/alpha_test/install/ros_ign_interfaces/include/ros_ign_interfaces/ros_ign_interfaces/msg/detail/world_reset__rosidl_typesupport_introspection_c.h
[5.752s] -- Up-to-date: /home/gordonc/alpha_test/install/ros_ign_interfaces/include/ros_ign_interfaces/ros_ign_interfaces/msg/rosidl_typesupport_introspection_c__visibility_control.h
[5.752s] -- Up-to-date: /home/gordonc/alpha_test/install/ros_ign_interfaces/lib/libros_ign_interfaces__rosidl_typesupport_introspection_c.so
[5.753s] -- Up-to-date: /home/gordonc/alpha_test/install/ros_ign_interfaces/lib/libros_ign_interfaces__rosidl_typesupport_c.so
[5.754s] -- Up-to-date: /home/gordonc/alpha_test/install/ros_ign_interfaces/include/ros_ign_interfaces/ros_ign_interfaces
[5.754s] -- Up-to-date: /home/gordonc/alpha_test/install/ros_ign_interfaces/include/ros_ign_interfaces/ros_ign_interfaces/srv
[5.754s] -- Up-to-date: /home/gordonc/alpha_test/install/ros_ign_interfaces/include/ros_ign_interfaces/ros_ign_interfaces/srv/detail
[5.755s] -- Up-to-date: /home/gordonc/alpha_test/install/ros_ign_interfaces/include/ros_ign_interfaces/ros_ign_interfaces/srv/detail/set_entity_pose__rosidl_typesupport_introspection_cpp.hpp
[5.755s] -- Up-to-date: /home/gordonc/alpha_test/install/ros_ign_interfaces/include/ros_ign_interfaces/ros_ign_interfaces/srv/detail/delete_entity__type_support.cpp
[5.755s] -- Up-to-date: /home/gordonc/alpha_test/install/ros_ign_interfaces/include/ros_ign_interfaces/ros_ign_interfaces/srv/detail/control_world__rosidl_typesupport_introspection_cpp.hpp
[5.756s] -- Up-to-date: /home/gordonc/alpha_test/install/ros_ign_interfaces/include/ros_ign_interfaces/ros_ign_interfaces/srv/detail/set_entity_pose__type_support.cpp
[5.757s] -- Up-to-date: /home/gordonc/alpha_test/install/ros_ign_interfaces/include/ros_ign_interfaces/ros_ign_interfaces/srv/detail/spawn_entity__type_support.cpp
[5.757s] -- Up-to-date: /home/gordonc/alpha_test/install/ros_ign_interfaces/include/ros_ign_interfaces/ros_ign_interfaces/srv/detail/delete_entity__rosidl_typesupport_introspection_cpp.hpp
[5.758s] -- Up-to-date: /home/gordonc/alpha_test/install/ros_ign_interfaces/include/ros_ign_interfaces/ros_ign_interfaces/srv/detail/spawn_entity__rosidl_typesupport_introspection_cpp.hpp
[5.758s] -- Up-to-date: /home/gordonc/alpha_test/install/ros_ign_interfaces/include/ros_ign_interfaces/ros_ign_interfaces/srv/detail/control_world__type_support.cpp
[5.758s] -- Up-to-date: /home/gordonc/alpha_test/install/ros_ign_interfaces/include/ros_ign_interfaces/ros_ign_interfaces/msg
[5.758s] -- Up-to-date: /home/gordonc/alpha_test/install/ros_ign_interfaces/include/ros_ign_interfaces/ros_ign_interfaces/msg/detail
[5.759s] -- Up-to-date: /home/gordonc/alpha_test/install/ros_ign_interfaces/include/ros_ign_interfaces/ros_ign_interfaces/msg/detail/contact__rosidl_typesupport_introspection_cpp.hpp
[5.759s] -- Up-to-date: /home/gordonc/alpha_test/install/ros_ign_interfaces/include/ros_ign_interfaces/ros_ign_interfaces/msg/detail/contact__type_support.cpp
[5.759s] -- Up-to-date: /home/gordonc/alpha_test/install/ros_ign_interfaces/include/ros_ign_interfaces/ros_ign_interfaces/msg/detail/gui_camera__type_support.cpp
[5.759s] -- Up-to-date: /home/gordonc/alpha_test/install/ros_ign_interfaces/include/ros_ign_interfaces/ros_ign_interfaces/msg/detail/joint_wrench__rosidl_typesupport_introspection_cpp.hpp
[5.759s] -- Up-to-date: /home/gordonc/alpha_test/install/ros_ign_interfaces/include/ros_ign_interfaces/ros_ign_interfaces/msg/detail/light__type_support.cpp
[5.760s] -- Up-to-date: /home/gordonc/alpha_test/install/ros_ign_interfaces/include/ros_ign_interfaces/ros_ign_interfaces/msg/detail/gui_camera__rosidl_typesupport_introspection_cpp.hpp
[5.760s] -- Up-to-date: /home/gordonc/alpha_test/install/ros_ign_interfaces/include/ros_ign_interfaces/ros_ign_interfaces/msg/detail/entity_factory__rosidl_typesupport_introspection_cpp.hpp
[5.760s] -- Up-to-date: /home/gordonc/alpha_test/install/ros_ign_interfaces/include/ros_ign_interfaces/ros_ign_interfaces/msg/detail/light__rosidl_typesupport_introspection_cpp.hpp
[5.760s] -- Up-to-date: /home/gordonc/alpha_test/install/ros_ign_interfaces/include/ros_ign_interfaces/ros_ign_interfaces/msg/detail/entity__rosidl_typesupport_introspection_cpp.hpp
[5.760s] -- Up-to-date: /home/gordonc/alpha_test/install/ros_ign_interfaces/include/ros_ign_interfaces/ros_ign_interfaces/msg/detail/video_record__type_support.cpp
[5.761s] -- Up-to-date: /home/gordonc/alpha_test/install/ros_ign_interfaces/include/ros_ign_interfaces/ros_ign_interfaces/msg/detail/track_visual__type_support.cpp
[5.761s] -- Up-to-date: /home/gordonc/alpha_test/install/ros_ign_interfaces/include/ros_ign_interfaces/ros_ign_interfaces/msg/detail/entity__type_support.cpp
[5.761s] -- Up-to-date: /home/gordonc/alpha_test/install/ros_ign_interfaces/include/ros_ign_interfaces/ros_ign_interfaces/msg/detail/track_visual__rosidl_typesupport_introspection_cpp.hpp
[5.761s] -- Up-to-date: /home/gordonc/alpha_test/install/ros_ign_interfaces/include/ros_ign_interfaces/ros_ign_interfaces/msg/detail/world_reset__rosidl_typesupport_introspection_cpp.hpp
[5.762s] -- Up-to-date: /home/gordonc/alpha_test/install/ros_ign_interfaces/include/ros_ign_interfaces/ros_ign_interfaces/msg/detail/string_vec__type_support.cpp
[5.762s] -- Up-to-date: /home/gordonc/alpha_test/install/ros_ign_interfaces/include/ros_ign_interfaces/ros_ign_interfaces/msg/detail/video_record__rosidl_typesupport_introspection_cpp.hpp
[5.762s] -- Up-to-date: /home/gordonc/alpha_test/install/ros_ign_interfaces/include/ros_ign_interfaces/ros_ign_interfaces/msg/detail/entity_factory__type_support.cpp
[5.762s] -- Up-to-date: /home/gordonc/alpha_test/install/ros_ign_interfaces/include/ros_ign_interfaces/ros_ign_interfaces/msg/detail/contacts__type_support.cpp
[5.762s] -- Up-to-date: /home/gordonc/alpha_test/install/ros_ign_interfaces/include/ros_ign_interfaces/ros_ign_interfaces/msg/detail/world_control__type_support.cpp
[5.763s] -- Up-to-date: /home/gordonc/alpha_test/install/ros_ign_interfaces/include/ros_ign_interfaces/ros_ign_interfaces/msg/detail/string_vec__rosidl_typesupport_introspection_cpp.hpp
[5.763s] -- Up-to-date: /home/gordonc/alpha_test/install/ros_ign_interfaces/include/ros_ign_interfaces/ros_ign_interfaces/msg/detail/world_reset__type_support.cpp
[5.763s] -- Up-to-date: /home/gordonc/alpha_test/install/ros_ign_interfaces/include/ros_ign_interfaces/ros_ign_interfaces/msg/detail/joint_wrench__type_support.cpp
[5.764s] -- Up-to-date: /home/gordonc/alpha_test/install/ros_ign_interfaces/include/ros_ign_interfaces/ros_ign_interfaces/msg/detail/world_control__rosidl_typesupport_introspection_cpp.hpp
[5.765s] -- Up-to-date: /home/gordonc/alpha_test/install/ros_ign_interfaces/include/ros_ign_interfaces/ros_ign_interfaces/msg/detail/contacts__rosidl_typesupport_introspection_cpp.hpp
[5.765s] -- Up-to-date: /home/gordonc/alpha_test/install/ros_ign_interfaces/lib/libros_ign_interfaces__rosidl_typesupport_introspection_cpp.so
[5.765s] -- Up-to-date: /home/gordonc/alpha_test/install/ros_ign_interfaces/lib/libros_ign_interfaces__rosidl_typesupport_cpp.so
[5.765s] -- Up-to-date: /home/gordonc/alpha_test/install/ros_ign_interfaces/share/ros_ign_interfaces/environment/pythonpath.sh
[5.766s] -- Up-to-date: /home/gordonc/alpha_test/install/ros_ign_interfaces/share/ros_ign_interfaces/environment/pythonpath.dsv
[5.766s] -- Up-to-date: /home/gordonc/alpha_test/install/ros_ign_interfaces/local/lib/python3.10/dist-packages/ros_ign_interfaces-0.244.13-py3.10.egg-info
[5.766s] -- Installing: /home/gordonc/alpha_test/install/ros_ign_interfaces/local/lib/python3.10/dist-packages/ros_ign_interfaces-0.244.13-py3.10.egg-info/dependency_links.txt
[5.766s] -- Installing: /home/gordonc/alpha_test/install/ros_ign_interfaces/local/lib/python3.10/dist-packages/ros_ign_interfaces-0.244.13-py3.10.egg-info/top_level.txt
[5.766s] -- Installing: /home/gordonc/alpha_test/install/ros_ign_interfaces/local/lib/python3.10/dist-packages/ros_ign_interfaces-0.244.13-py3.10.egg-info/SOURCES.txt
[5.767s] -- Installing: /home/gordonc/alpha_test/install/ros_ign_interfaces/local/lib/python3.10/dist-packages/ros_ign_interfaces-0.244.13-py3.10.egg-info/PKG-INFO
[5.767s] -- Up-to-date: /home/gordonc/alpha_test/install/ros_ign_interfaces/local/lib/python3.10/dist-packages/ros_ign_interfaces
[5.767s] -- Up-to-date: /home/gordonc/alpha_test/install/ros_ign_interfaces/local/lib/python3.10/dist-packages/ros_ign_interfaces/_ros_ign_interfaces_s.ep.rosidl_typesupport_c.c
[5.767s] -- Up-to-date: /home/gordonc/alpha_test/install/ros_ign_interfaces/local/lib/python3.10/dist-packages/ros_ign_interfaces/srv
[5.767s] -- Up-to-date: /home/gordonc/alpha_test/install/ros_ign_interfaces/local/lib/python3.10/dist-packages/ros_ign_interfaces/srv/_delete_entity_s.c
[5.768s] -- Up-to-date: /home/gordonc/alpha_test/install/ros_ign_interfaces/local/lib/python3.10/dist-packages/ros_ign_interfaces/srv/_set_entity_pose.py
[5.768s] -- Up-to-date: /home/gordonc/alpha_test/install/ros_ign_interfaces/local/lib/python3.10/dist-packages/ros_ign_interfaces/srv/__init__.py
[5.768s] -- Up-to-date: /home/gordonc/alpha_test/install/ros_ign_interfaces/local/lib/python3.10/dist-packages/ros_ign_interfaces/srv/_control_world.py
[5.768s] -- Up-to-date: /home/gordonc/alpha_test/install/ros_ign_interfaces/local/lib/python3.10/dist-packages/ros_ign_interfaces/srv/_spawn_entity.py
[5.769s] -- Up-to-date: /home/gordonc/alpha_test/install/ros_ign_interfaces/local/lib/python3.10/dist-packages/ros_ign_interfaces/srv/_delete_entity.py
[5.769s] -- Up-to-date: /home/gordonc/alpha_test/install/ros_ign_interfaces/local/lib/python3.10/dist-packages/ros_ign_interfaces/srv/_spawn_entity_s.c
[5.769s] -- Up-to-date: /home/gordonc/alpha_test/install/ros_ign_interfaces/local/lib/python3.10/dist-packages/ros_ign_interfaces/srv/_control_world_s.c
[5.769s] -- Up-to-date: /home/gordonc/alpha_test/install/ros_ign_interfaces/local/lib/python3.10/dist-packages/ros_ign_interfaces/srv/_set_entity_pose_s.c
[5.769s] -- Up-to-date: /home/gordonc/alpha_test/install/ros_ign_interfaces/local/lib/python3.10/dist-packages/ros_ign_interfaces/__init__.py
[5.775s] -- Up-to-date: /home/gordonc/alpha_test/install/ros_ign_interfaces/local/lib/python3.10/dist-packages/ros_ign_interfaces/ros_ign_interfaces_s__rosidl_typesupport_introspection_c.cpython-310-x86_64-linux-gnu.so
[5.776s] -- Up-to-date: /home/gordonc/alpha_test/install/ros_ign_interfaces/local/lib/python3.10/dist-packages/ros_ign_interfaces/ros_ign_interfaces_s__rosidl_typesupport_c.cpython-310-x86_64-linux-gnu.so
[5.776s] -- Up-to-date: /home/gordonc/alpha_test/install/ros_ign_interfaces/local/lib/python3.10/dist-packages/ros_ign_interfaces/_ros_ign_interfaces_s.ep.rosidl_typesupport_fastrtps_c.c
[5.776s] -- Up-to-date: /home/gordonc/alpha_test/install/ros_ign_interfaces/local/lib/python3.10/dist-packages/ros_ign_interfaces/libros_ign_interfaces__rosidl_generator_py.so
[5.776s] -- Up-to-date: /home/gordonc/alpha_test/install/ros_ign_interfaces/local/lib/python3.10/dist-packages/ros_ign_interfaces/msg
[5.777s] -- Up-to-date: /home/gordonc/alpha_test/install/ros_ign_interfaces/local/lib/python3.10/dist-packages/ros_ign_interfaces/msg/_contacts_s.c
[5.777s] -- Up-to-date: /home/gordonc/alpha_test/install/ros_ign_interfaces/local/lib/python3.10/dist-packages/ros_ign_interfaces/msg/_entity_factory.py
[5.777s] -- Up-to-date: /home/gordonc/alpha_test/install/ros_ign_interfaces/local/lib/python3.10/dist-packages/ros_ign_interfaces/msg/_contact_s.c
[5.777s] -- Up-to-date: /home/gordonc/alpha_test/install/ros_ign_interfaces/local/lib/python3.10/dist-packages/ros_ign_interfaces/msg/_video_record_s.c
[5.778s] -- Up-to-date: /home/gordonc/alpha_test/install/ros_ign_interfaces/local/lib/python3.10/dist-packages/ros_ign_interfaces/msg/_light_s.c
[5.778s] -- Up-to-date: /home/gordonc/alpha_test/install/ros_ign_interfaces/local/lib/python3.10/dist-packages/ros_ign_interfaces/msg/_entity_s.c
[5.778s] -- Up-to-date: /home/gordonc/alpha_test/install/ros_ign_interfaces/local/lib/python3.10/dist-packages/ros_ign_interfaces/msg/_gui_camera_s.c
[5.779s] -- Up-to-date: /home/gordonc/alpha_test/install/ros_ign_interfaces/local/lib/python3.10/dist-packages/ros_ign_interfaces/msg/_track_visual.py
[5.779s] -- Up-to-date: /home/gordonc/alpha_test/install/ros_ign_interfaces/local/lib/python3.10/dist-packages/ros_ign_interfaces/msg/_contacts.py
[5.780s] -- Up-to-date: /home/gordonc/alpha_test/install/ros_ign_interfaces/local/lib/python3.10/dist-packages/ros_ign_interfaces/msg/_joint_wrench.py
[5.780s] -- Up-to-date: /home/gordonc/alpha_test/install/ros_ign_interfaces/local/lib/python3.10/dist-packages/ros_ign_interfaces/msg/__init__.py
[5.780s] -- Up-to-date: /home/gordonc/alpha_test/install/ros_ign_interfaces/local/lib/python3.10/dist-packages/ros_ign_interfaces/msg/_world_reset.py
[5.780s] -- Up-to-date: /home/gordonc/alpha_test/install/ros_ign_interfaces/local/lib/python3.10/dist-packages/ros_ign_interfaces/msg/_world_reset_s.c
[5.780s] -- Up-to-date: /home/gordonc/alpha_test/install/ros_ign_interfaces/local/lib/python3.10/dist-packages/ros_ign_interfaces/msg/_entity.py
[5.781s] -- Up-to-date: /home/gordonc/alpha_test/install/ros_ign_interfaces/local/lib/python3.10/dist-packages/ros_ign_interfaces/msg/_video_record.py
[5.781s] -- Up-to-date: /home/gordonc/alpha_test/install/ros_ign_interfaces/local/lib/python3.10/dist-packages/ros_ign_interfaces/msg/_string_vec_s.c
[5.781s] -- Up-to-date: /home/gordonc/alpha_test/install/ros_ign_interfaces/local/lib/python3.10/dist-packages/ros_ign_interfaces/msg/_string_vec.py
[5.781s] -- Up-to-date: /home/gordonc/alpha_test/install/ros_ign_interfaces/local/lib/python3.10/dist-packages/ros_ign_interfaces/msg/_entity_factory_s.c
[5.781s] -- Up-to-date: /home/gordonc/alpha_test/install/ros_ign_interfaces/local/lib/python3.10/dist-packages/ros_ign_interfaces/msg/_contact.py
[5.782s] -- Up-to-date: /home/gordonc/alpha_test/install/ros_ign_interfaces/local/lib/python3.10/dist-packages/ros_ign_interfaces/msg/_world_control_s.c
[5.782s] -- Up-to-date: /home/gordonc/alpha_test/install/ros_ign_interfaces/local/lib/python3.10/dist-packages/ros_ign_interfaces/msg/_light.py
[5.782s] -- Up-to-date: /home/gordonc/alpha_test/install/ros_ign_interfaces/local/lib/python3.10/dist-packages/ros_ign_interfaces/msg/_gui_camera.py
[5.782s] -- Up-to-date: /home/gordonc/alpha_test/install/ros_ign_interfaces/local/lib/python3.10/dist-packages/ros_ign_interfaces/msg/_track_visual_s.c
[5.782s] -- Up-to-date: /home/gordonc/alpha_test/install/ros_ign_interfaces/local/lib/python3.10/dist-packages/ros_ign_interfaces/msg/_joint_wrench_s.c
[5.783s] -- Up-to-date: /home/gordonc/alpha_test/install/ros_ign_interfaces/local/lib/python3.10/dist-packages/ros_ign_interfaces/msg/_world_control.py
[5.783s] -- Up-to-date: /home/gordonc/alpha_test/install/ros_ign_interfaces/local/lib/python3.10/dist-packages/ros_ign_interfaces/ros_ign_interfaces_s__rosidl_typesupport_fastrtps_c.cpython-310-x86_64-linux-gnu.so
[5.783s] -- Up-to-date: /home/gordonc/alpha_test/install/ros_ign_interfaces/local/lib/python3.10/dist-packages/ros_ign_interfaces/_ros_ign_interfaces_s.ep.rosidl_typesupport_introspection_c.c
[5.993s] Listing '/home/gordonc/alpha_test/install/ros_ign_interfaces/local/lib/python3.10/dist-packages/ros_ign_interfaces'...
[5.993s] Listing '/home/gordonc/alpha_test/install/ros_ign_interfaces/local/lib/python3.10/dist-packages/ros_ign_interfaces/msg'...
[5.993s] Listing '/home/gordonc/alpha_test/install/ros_ign_interfaces/local/lib/python3.10/dist-packages/ros_ign_interfaces/srv'...
[6.004s] -- Up-to-date: /home/gordonc/alpha_test/install/ros_ign_interfaces/local/lib/python3.10/dist-packages/ros_ign_interfaces/ros_ign_interfaces_s__rosidl_typesupport_fastrtps_c.cpython-310-x86_64-linux-gnu.so
[6.006s] -- Up-to-date: /home/gordonc/alpha_test/install/ros_ign_interfaces/local/lib/python3.10/dist-packages/ros_ign_interfaces/ros_ign_interfaces_s__rosidl_typesupport_introspection_c.cpython-310-x86_64-linux-gnu.so
[6.007s] -- Up-to-date: /home/gordonc/alpha_test/install/ros_ign_interfaces/local/lib/python3.10/dist-packages/ros_ign_interfaces/ros_ign_interfaces_s__rosidl_typesupport_c.cpython-310-x86_64-linux-gnu.so
[6.009s] -- Up-to-date: /home/gordonc/alpha_test/install/ros_ign_interfaces/lib/libros_ign_interfaces__rosidl_generator_py.so
[6.009s] -- Up-to-date: /home/gordonc/alpha_test/install/ros_ign_interfaces/share/ros_ign_interfaces/msg/Contact.idl
[6.010s] -- Up-to-date: /home/gordonc/alpha_test/install/ros_ign_interfaces/share/ros_ign_interfaces/msg/Contacts.idl
[6.010s] -- Up-to-date: /home/gordonc/alpha_test/install/ros_ign_interfaces/share/ros_ign_interfaces/msg/Entity.idl
[6.010s] -- Up-to-date: /home/gordonc/alpha_test/install/ros_ign_interfaces/share/ros_ign_interfaces/msg/EntityFactory.idl
[6.011s] -- Up-to-date: /home/gordonc/alpha_test/install/ros_ign_interfaces/share/ros_ign_interfaces/msg/GuiCamera.idl
[6.011s] -- Up-to-date: /home/gordonc/alpha_test/install/ros_ign_interfaces/share/ros_ign_interfaces/msg/JointWrench.idl
[6.011s] -- Up-to-date: /home/gordonc/alpha_test/install/ros_ign_interfaces/share/ros_ign_interfaces/msg/Light.idl
[6.012s] -- Up-to-date: /home/gordonc/alpha_test/install/ros_ign_interfaces/share/ros_ign_interfaces/msg/StringVec.idl
[6.012s] -- Up-to-date: /home/gordonc/alpha_test/install/ros_ign_interfaces/share/ros_ign_interfaces/msg/TrackVisual.idl
[6.012s] -- Up-to-date: /home/gordonc/alpha_test/install/ros_ign_interfaces/share/ros_ign_interfaces/msg/VideoRecord.idl
[6.012s] -- Up-to-date: /home/gordonc/alpha_test/install/ros_ign_interfaces/share/ros_ign_interfaces/msg/WorldControl.idl
[6.013s] -- Up-to-date: /home/gordonc/alpha_test/install/ros_ign_interfaces/share/ros_ign_interfaces/msg/WorldReset.idl
[6.013s] -- Up-to-date: /home/gordonc/alpha_test/install/ros_ign_interfaces/share/ros_ign_interfaces/srv/ControlWorld.idl
[6.013s] -- Up-to-date: /home/gordonc/alpha_test/install/ros_ign_interfaces/share/ros_ign_interfaces/srv/DeleteEntity.idl
[6.014s] -- Up-to-date: /home/gordonc/alpha_test/install/ros_ign_interfaces/share/ros_ign_interfaces/srv/SetEntityPose.idl
[6.014s] -- Up-to-date: /home/gordonc/alpha_test/install/ros_ign_interfaces/share/ros_ign_interfaces/srv/SpawnEntity.idl
[6.014s] -- Up-to-date: /home/gordonc/alpha_test/install/ros_ign_interfaces/share/ros_ign_interfaces/msg/Contact.msg
[6.015s] -- Up-to-date: /home/gordonc/alpha_test/install/ros_ign_interfaces/share/ros_ign_interfaces/msg/Contacts.msg
[6.015s] -- Up-to-date: /home/gordonc/alpha_test/install/ros_ign_interfaces/share/ros_ign_interfaces/msg/Entity.msg
[6.015s] -- Up-to-date: /home/gordonc/alpha_test/install/ros_ign_interfaces/share/ros_ign_interfaces/msg/EntityFactory.msg
[6.015s] -- Up-to-date: /home/gordonc/alpha_test/install/ros_ign_interfaces/share/ros_ign_interfaces/msg/GuiCamera.msg
[6.016s] -- Up-to-date: /home/gordonc/alpha_test/install/ros_ign_interfaces/share/ros_ign_interfaces/msg/JointWrench.msg
[6.016s] -- Up-to-date: /home/gordonc/alpha_test/install/ros_ign_interfaces/share/ros_ign_interfaces/msg/Light.msg
[6.016s] -- Up-to-date: /home/gordonc/alpha_test/install/ros_ign_interfaces/share/ros_ign_interfaces/msg/StringVec.msg
[6.017s] -- Up-to-date: /home/gordonc/alpha_test/install/ros_ign_interfaces/share/ros_ign_interfaces/msg/TrackVisual.msg
[6.017s] -- Up-to-date: /home/gordonc/alpha_test/install/ros_ign_interfaces/share/ros_ign_interfaces/msg/VideoRecord.msg
[6.017s] -- Up-to-date: /home/gordonc/alpha_test/install/ros_ign_interfaces/share/ros_ign_interfaces/msg/WorldControl.msg
[6.017s] -- Up-to-date: /home/gordonc/alpha_test/install/ros_ign_interfaces/share/ros_ign_interfaces/msg/WorldReset.msg
[6.018s] -- Up-to-date: /home/gordonc/alpha_test/install/ros_ign_interfaces/share/ros_ign_interfaces/srv/ControlWorld.srv
[6.018s] -- Up-to-date: /home/gordonc/alpha_test/install/ros_ign_interfaces/share/ros_ign_interfaces/srv/ControlWorld_Request.msg
[6.018s] -- Up-to-date: /home/gordonc/alpha_test/install/ros_ign_interfaces/share/ros_ign_interfaces/srv/ControlWorld_Response.msg
[6.019s] -- Up-to-date: /home/gordonc/alpha_test/install/ros_ign_interfaces/share/ros_ign_interfaces/srv/DeleteEntity.srv
[6.019s] -- Up-to-date: /home/gordonc/alpha_test/install/ros_ign_interfaces/share/ros_ign_interfaces/srv/DeleteEntity_Request.msg
[6.030s] -- Up-to-date: /home/gordonc/alpha_test/install/ros_ign_interfaces/share/ros_ign_interfaces/srv/DeleteEntity_Response.msg
[6.030s] -- Up-to-date: /home/gordonc/alpha_test/install/ros_ign_interfaces/share/ros_ign_interfaces/srv/SetEntityPose.srv
[6.030s] -- Up-to-date: /home/gordonc/alpha_test/install/ros_ign_interfaces/share/ros_ign_interfaces/srv/SetEntityPose_Request.msg
[6.030s] -- Up-to-date: /home/gordonc/alpha_test/install/ros_ign_interfaces/share/ros_ign_interfaces/srv/SetEntityPose_Response.msg
[6.031s] -- Up-to-date: /home/gordonc/alpha_test/install/ros_ign_interfaces/share/ros_ign_interfaces/srv/SpawnEntity.srv
[6.031s] -- Up-to-date: /home/gordonc/alpha_test/install/ros_ign_interfaces/share/ros_ign_interfaces/srv/SpawnEntity_Request.msg
[6.031s] -- Up-to-date: /home/gordonc/alpha_test/install/ros_ign_interfaces/share/ros_ign_interfaces/srv/SpawnEntity_Response.msg
[6.034s] -- Up-to-date: /home/gordonc/alpha_test/install/ros_ign_interfaces/share/ament_index/resource_index/package_run_dependencies/ros_ign_interfaces
[6.034s] -- Up-to-date: /home/gordonc/alpha_test/install/ros_ign_interfaces/share/ament_index/resource_index/parent_prefix_path/ros_ign_interfaces
[6.034s] -- Up-to-date: /home/gordonc/alpha_test/install/ros_ign_interfaces/share/ros_ign_interfaces/environment/ament_prefix_path.sh
[6.035s] -- Up-to-date: /home/gordonc/alpha_test/install/ros_ign_interfaces/share/ros_ign_interfaces/environment/ament_prefix_path.dsv
[6.035s] -- Up-to-date: /home/gordonc/alpha_test/install/ros_ign_interfaces/share/ros_ign_interfaces/environment/path.sh
[6.035s] -- Up-to-date: /home/gordonc/alpha_test/install/ros_ign_interfaces/share/ros_ign_interfaces/environment/path.dsv
[6.036s] -- Up-to-date: /home/gordonc/alpha_test/install/ros_ign_interfaces/share/ros_ign_interfaces/local_setup.bash
[6.036s] -- Up-to-date: /home/gordonc/alpha_test/install/ros_ign_interfaces/share/ros_ign_interfaces/local_setup.sh
[6.036s] -- Up-to-date: /home/gordonc/alpha_test/install/ros_ign_interfaces/share/ros_ign_interfaces/local_setup.zsh
[6.037s] -- Up-to-date: /home/gordonc/alpha_test/install/ros_ign_interfaces/share/ros_ign_interfaces/local_setup.dsv
[6.037s] -- Installing: /home/gordonc/alpha_test/install/ros_ign_interfaces/share/ros_ign_interfaces/package.dsv
[6.038s] -- Up-to-date: /home/gordonc/alpha_test/install/ros_ign_interfaces/share/ament_index/resource_index/packages/ros_ign_interfaces
[6.038s] -- Up-to-date: /home/gordonc/alpha_test/install/ros_ign_interfaces/share/ros_ign_interfaces/cmake/export_ros_ign_interfaces__rosidl_generator_cExport.cmake
[6.039s] -- Up-to-date: /home/gordonc/alpha_test/install/ros_ign_interfaces/share/ros_ign_interfaces/cmake/export_ros_ign_interfaces__rosidl_generator_cExport-noconfig.cmake
[6.039s] -- Up-to-date: /home/gordonc/alpha_test/install/ros_ign_interfaces/share/ros_ign_interfaces/cmake/export_ros_ign_interfaces__rosidl_typesupport_fastrtps_cExport.cmake
[6.040s] -- Up-to-date: /home/gordonc/alpha_test/install/ros_ign_interfaces/share/ros_ign_interfaces/cmake/export_ros_ign_interfaces__rosidl_typesupport_fastrtps_cExport-noconfig.cmake
[6.040s] -- Up-to-date: /home/gordonc/alpha_test/install/ros_ign_interfaces/share/ros_ign_interfaces/cmake/export_ros_ign_interfaces__rosidl_generator_cppExport.cmake
[6.041s] -- Up-to-date: /home/gordonc/alpha_test/install/ros_ign_interfaces/share/ros_ign_interfaces/cmake/export_ros_ign_interfaces__rosidl_typesupport_fastrtps_cppExport.cmake
[6.042s] -- Up-to-date: /home/gordonc/alpha_test/install/ros_ign_interfaces/share/ros_ign_interfaces/cmake/export_ros_ign_interfaces__rosidl_typesupport_fastrtps_cppExport-noconfig.cmake
[6.042s] -- Up-to-date: /home/gordonc/alpha_test/install/ros_ign_interfaces/share/ros_ign_interfaces/cmake/ros_ign_interfaces__rosidl_typesupport_introspection_cExport.cmake
[6.042s] -- Up-to-date: /home/gordonc/alpha_test/install/ros_ign_interfaces/share/ros_ign_interfaces/cmake/ros_ign_interfaces__rosidl_typesupport_introspection_cExport-noconfig.cmake
[6.043s] -- Up-to-date: /home/gordonc/alpha_test/install/ros_ign_interfaces/share/ros_ign_interfaces/cmake/ros_ign_interfaces__rosidl_typesupport_cExport.cmake
[6.043s] -- Up-to-date: /home/gordonc/alpha_test/install/ros_ign_interfaces/share/ros_ign_interfaces/cmake/ros_ign_interfaces__rosidl_typesupport_cExport-noconfig.cmake
[6.044s] -- Up-to-date: /home/gordonc/alpha_test/install/ros_ign_interfaces/share/ros_ign_interfaces/cmake/ros_ign_interfaces__rosidl_typesupport_introspection_cppExport.cmake
[6.044s] -- Up-to-date: /home/gordonc/alpha_test/install/ros_ign_interfaces/share/ros_ign_interfaces/cmake/ros_ign_interfaces__rosidl_typesupport_introspection_cppExport-noconfig.cmake
[6.045s] -- Up-to-date: /home/gordonc/alpha_test/install/ros_ign_interfaces/share/ros_ign_interfaces/cmake/ros_ign_interfaces__rosidl_typesupport_cppExport.cmake
[6.045s] -- Up-to-date: /home/gordonc/alpha_test/install/ros_ign_interfaces/share/ros_ign_interfaces/cmake/ros_ign_interfaces__rosidl_typesupport_cppExport-noconfig.cmake
[6.046s] -- Up-to-date: /home/gordonc/alpha_test/install/ros_ign_interfaces/share/ros_ign_interfaces/cmake/export_ros_ign_interfaces__rosidl_generator_pyExport.cmake
[6.046s] -- Up-to-date: /home/gordonc/alpha_test/install/ros_ign_interfaces/share/ros_ign_interfaces/cmake/export_ros_ign_interfaces__rosidl_generator_pyExport-noconfig.cmake
[6.047s] -- Up-to-date: /home/gordonc/alpha_test/install/ros_ign_interfaces/share/ros_ign_interfaces/cmake/rosidl_cmake-extras.cmake
[6.047s] -- Up-to-date: /home/gordonc/alpha_test/install/ros_ign_interfaces/share/ros_ign_interfaces/cmake/ament_cmake_export_dependencies-extras.cmake
[6.047s] -- Up-to-date: /home/gordonc/alpha_test/install/ros_ign_interfaces/share/ros_ign_interfaces/cmake/ament_cmake_export_include_directories-extras.cmake
[6.048s] -- Up-to-date: /home/gordonc/alpha_test/install/ros_ign_interfaces/share/ros_ign_interfaces/cmake/ament_cmake_export_libraries-extras.cmake
[6.048s] -- Up-to-date: /home/gordonc/alpha_test/install/ros_ign_interfaces/share/ros_ign_interfaces/cmake/ament_cmake_export_targets-extras.cmake
[6.048s] -- Up-to-date: /home/gordonc/alpha_test/install/ros_ign_interfaces/share/ros_ign_interfaces/cmake/rosidl_cmake_export_typesupport_targets-extras.cmake
[6.049s] -- Up-to-date: /home/gordonc/alpha_test/install/ros_ign_interfaces/share/ros_ign_interfaces/cmake/rosidl_cmake_export_typesupport_libraries-extras.cmake
[6.049s] -- Up-to-date: /home/gordonc/alpha_test/install/ros_ign_interfaces/share/ros_ign_interfaces/cmake/ros_ign_interfacesConfig.cmake
[6.049s] -- Up-to-date: /home/gordonc/alpha_test/install/ros_ign_interfaces/share/ros_ign_interfaces/cmake/ros_ign_interfacesConfig-version.cmake
[6.050s] -- Up-to-date: /home/gordonc/alpha_test/install/ros_ign_interfaces/share/ros_ign_interfaces/package.xml
[6.061s] Invoked command in '/home/gordonc/alpha_test/build/ros_ign_interfaces' returned '0': CMAKE_PREFIX_PATH=/home/gordonc/alpha_test/install/ros_gz_interfaces:/home/gordonc/alpha_test/install/ros_ign_interfaces:/home/gordonc/alpha_test/install/ros_ign_gazebo:/home/gordonc/alpha_test/install/ros_gz_sim:/home/gordonc/alpha_test/install/ros2_shared:/home/gordonc/alpha_test/install/alpha_bringup:/home/gordonc/alpha_test/install/alpha_hardware:/home/gordonc/alpha_test/install/alpha_driver:/home/gordonc/alpha_test/install/alpha_description:/home/gordonc/colcon_ws/install/test_ros_gz_bridge:/home/gordonc/colcon_ws/install/ros_ign_interfaces:/home/gordonc/colcon_ws/install/ros_ign:/home/gordonc/colcon_ws/install/ros_ign_image:/home/gordonc/colcon_ws/install/ros_ign_gazebo_demos:/home/gordonc/colcon_ws/install/ros_ign_gazebo:/home/gordonc/colcon_ws/install/ros_ign_bridge:/home/gordonc/colcon_ws/install/ros_gz:/home/gordonc/colcon_ws/install/ros_gz_sim_demos:/home/gordonc/colcon_ws/install/ros_gz_sim:/home/gordonc/colcon_ws/install/ros_gz_image:/home/gordonc/colcon_ws/install/ros_gz_bridge:/home/gordonc/colcon_ws/install/ros_gz_interfaces:/home/gordonc/colcon_ws/install/orca_nav2:/home/gordonc/colcon_ws/install/orca_base:/home/gordonc/colcon_ws/install/orca_shared:/home/gordonc/colcon_ws/install/ros2_shared:/home/gordonc/colcon_ws/install/orca_msgs:/home/gordonc/colcon_ws/install/orca_description:/home/gordonc/colcon_ws/install/orca_bringup:/home/gordonc/colcon_ws/install/orb_slam2_ros:/home/gordonc/colcon_ws/install/bluerov2_ignition:/home/gordonc/colcon_ws/install/blue_control:/home/gordonc/colcon_ws/install/blue_dynamics:/home/gordonc/colcon_ws/install/blue_utils:/home/gordonc/colcon_ws/install/blue_description:/home/gordonc/colcon_ws/install/blue_bringup:/home/gordonc/colcon_ws/install/ardupilot_gazebo:/home/gordonc/colcon_ws/install/alpha_bringup:/home/gordonc/colcon_ws/install/alpha_hardware:/home/gordonc/colcon_ws/install/alpha_driver:/home/gordonc/colcon_ws/install/alpha_description:/home/gordonc/colcon_ws/install/blue_manager:/home/gordonc/colcon_ws/install/blue_localization:/home/gordonc/colcon_ws/install/blue_joy:/opt/ros/humble LD_LIBRARY_PATH=/home/gordonc/alpha_test/install/ros_gz_interfaces/lib:/home/gordonc/alpha_test/install/ros_ign_interfaces/lib:/home/gordonc/alpha_test/install/ros_gz_sim/lib:/home/gordonc/alpha_test/install/alpha_hardware/lib:/home/gordonc/alpha_test/install/alpha_driver/lib:/home/gordonc/colcon_ws/install/ros_ign_interfaces/lib:/home/gordonc/colcon_ws/install/ros_gz_sim/lib:/home/gordonc/colcon_ws/install/ros_gz_bridge/lib:/home/gordonc/colcon_ws/install/ros_gz_interfaces/lib:/home/gordonc/colcon_ws/install/orca_nav2/lib:/home/gordonc/colcon_ws/install/orca_shared/lib:/home/gordonc/colcon_ws/install/orca_msgs/lib:/home/gordonc/colcon_ws/install/orb_slam2_ros/lib:/home/gordonc/colcon_ws/install/blue_dynamics/lib:/home/gordonc/colcon_ws/install/alpha_hardware/lib:/home/gordonc/colcon_ws/install/alpha_driver/lib:/opt/ros/humble/opt/rviz_ogre_vendor/lib:/opt/ros/humble/lib/x86_64-linux-gnu:/opt/ros/humble/lib /usr/bin/cmake --install /home/gordonc/alpha_test/build/ros_ign_interfaces
