[0.088s] Invoking command in '/home/gordonc/alpha_test/build/rviz_visual_tools': CMAKE_PREFIX_PATH=${CMAKE_PREFIX_PATH}:/home/gordonc/colcon_ws/install/blue_manager:/home/gordonc/colcon_ws/install/blue_localization:/home/gordonc/colcon_ws/install/blue_joy:/opt/ros/humble /usr/bin/cmake --build /home/gordonc/alpha_test/build/rviz_visual_tools -- -j8 -l8
[0.296s] [  2%] [34m[1mAutomatic MOC for target rviz_visual_tools_remote_control[0m
[0.318s] [  7%] [34m[1mAutomatic MOC for target rviz_visual_tools_gui[0m
[0.326s] [  7%] [34m[1mAutomatic MOC for target gtest_main[0m
[0.341s] [ 10%] [34m[1mAutomatic MOC for target gtest[0m
[0.442s] [ 10%] Built target gtest_main_autogen
[0.444s] [ 10%] Built target gtest_autogen
[0.451s] [ 10%] Built target rviz_visual_tools_remote_control_autogen
[0.506s] [ 10%] Built target rviz_visual_tools_gui_autogen
[0.577s] [ 17%] Built target gtest_main
[0.637s] [ 25%] Built target rviz_visual_tools_remote_control
[0.657s] [ 38%] Built target rviz_visual_tools_gui
[0.664s] [ 46%] Built target gtest
[0.712s] [ 48%] [34m[1mAutomatic MOC for target rviz_visual_tools[0m
[0.776s] [ 48%] Built target rviz_visual_tools_autogen
[0.879s] [ 58%] Built target rviz_visual_tools
[0.940s] [ 61%] [34m[1mAutomatic MOC for target rviz_visual_tools_demo[0m
[0.942s] [ 64%] [34m[1mAutomatic MOC for target rviz_visual_tools_imarker_simple[0m
[0.949s] [ 66%] [34m[1mAutomatic MOC for target rviz_visual_tools_rvt_test[0m
[1.008s] [ 66%] Built target rviz_visual_tools_imarker_simple_autogen
[1.009s] [ 66%] Built target rviz_visual_tools_demo_autogen
[1.013s] [ 66%] Built target rviz_visual_tools_rvt_test_autogen
[1.099s] [ 74%] Built target rviz_visual_tools_rvt_test
[1.109s] [ 82%] Built target rviz_visual_tools_demo
[1.109s] [ 89%] Built target rviz_visual_tools_imarker_simple
[1.159s] [ 92%] [34m[1mAutomatic MOC for target rviz_visual_tools_imarker_simple_demo[0m
[1.236s] [ 92%] Built target rviz_visual_tools_imarker_simple_demo_autogen
[1.301s] [100%] Built target rviz_visual_tools_imarker_simple_demo
