[0.065s] Invoking command in '/home/gordonc/alpha_test/build/alpha_description': CMAKE_PREFIX_PATH=${CMAKE_PREFIX_PATH}:/home/gordonc/alpha_test/install/moveit_configs_utils:/home/gordonc/colcon_ws/install/blue_manager:/home/gordonc/colcon_ws/install/blue_localization:/home/gordonc/colcon_ws/install/blue_joy:/opt/ros/humble /usr/bin/cmake --build /home/gordonc/alpha_test/build/alpha_description -- -j8 -l8
[0.200s] Invoked command in '/home/gordonc/alpha_test/build/alpha_description' returned '0': CMAKE_PREFIX_PATH=${CMAKE_PREFIX_PATH}:/home/gordonc/alpha_test/install/moveit_configs_utils:/home/gordonc/colcon_ws/install/blue_manager:/home/gordonc/colcon_ws/install/blue_localization:/home/gordonc/colcon_ws/install/blue_joy:/opt/ros/humble /usr/bin/cmake --build /home/gordonc/alpha_test/build/alpha_description -- -j8 -l8
[0.381s] Invoking command in '/home/gordonc/alpha_test/build/alpha_description': CMAKE_PREFIX_PATH=${CMAKE_PREFIX_PATH}:/home/gordonc/alpha_test/install/moveit_configs_utils:/home/gordonc/colcon_ws/install/blue_manager:/home/gordonc/colcon_ws/install/blue_localization:/home/gordonc/colcon_ws/install/blue_joy:/opt/ros/humble /usr/bin/cmake --install /home/gordonc/alpha_test/build/alpha_description
[0.413s] -- Install configuration: ""
[0.416s] -- Up-to-date: /home/gordonc/alpha_test/install/alpha_description/share/alpha_description/config
[0.417s] -- Up-to-date: /home/gordonc/alpha_test/install/alpha_description/share/alpha_description/config/alpha.config.xacro
[0.417s] -- Up-to-date: /home/gordonc/alpha_test/install/alpha_description/share/alpha_description/config/alpha.config.srdf.xacro
[0.418s] -- Up-to-date: /home/gordonc/alpha_test/install/alpha_description/share/alpha_description/config/initial_velocities.yaml
[0.419s] -- Up-to-date: /home/gordonc/alpha_test/install/alpha_description/share/alpha_description/config/initial_positions.yaml
[0.419s] -- Up-to-date: /home/gordonc/alpha_test/install/alpha_description/share/alpha_description/config/alpha_controllers.yaml
[0.420s] -- Up-to-date: /home/gordonc/alpha_test/install/alpha_description/share/alpha_description/meshes
[0.420s] -- Up-to-date: /home/gordonc/alpha_test/install/alpha_description/share/alpha_description/meshes/M2-1-3.stl
[0.420s] -- Up-to-date: /home/gordonc/alpha_test/install/alpha_description/share/alpha_description/meshes/M2-1-1.stl
[0.421s] -- Up-to-date: /home/gordonc/alpha_test/install/alpha_description/share/alpha_description/meshes/LICENSE
[0.421s] -- Up-to-date: /home/gordonc/alpha_test/install/alpha_description/share/alpha_description/meshes/RS1-100-101-123.stl
[0.421s] -- Up-to-date: /home/gordonc/alpha_test/install/alpha_description/share/alpha_description/meshes/M3-INLINE.stl
[0.422s] -- Up-to-date: /home/gordonc/alpha_test/install/alpha_description/share/alpha_description/meshes/end_effectors
[0.422s] -- Up-to-date: /home/gordonc/alpha_test/install/alpha_description/share/alpha_description/meshes/end_effectors/RS1-124.stl
[0.422s] -- Up-to-date: /home/gordonc/alpha_test/install/alpha_description/share/alpha_description/meshes/end_effectors/RS1-139.stl
[0.423s] -- Up-to-date: /home/gordonc/alpha_test/install/alpha_description/share/alpha_description/meshes/end_effectors/RS1-130.stl
[0.423s] -- Up-to-date: /home/gordonc/alpha_test/install/alpha_description/share/alpha_description/meshes/M2.stl
[0.428s] -- Up-to-date: /home/gordonc/alpha_test/install/alpha_description/share/alpha_description/moveit2
[0.428s] -- Up-to-date: /home/gordonc/alpha_test/install/alpha_description/share/alpha_description/moveit2/kinematics.yaml
[0.428s] -- Up-to-date: /home/gordonc/alpha_test/install/alpha_description/share/alpha_description/moveit2/joint_limits.yaml
[0.429s] -- Up-to-date: /home/gordonc/alpha_test/install/alpha_description/share/alpha_description/moveit2/pilz_cartesian_limits.yaml
[0.429s] -- Up-to-date: /home/gordonc/alpha_test/install/alpha_description/share/alpha_description/moveit2/ompl_planning.yaml
[0.429s] -- Up-to-date: /home/gordonc/alpha_test/install/alpha_description/share/alpha_description/moveit2/moveit_controllers.yaml
[0.429s] -- Up-to-date: /home/gordonc/alpha_test/install/alpha_description/share/alpha_description/moveit2/planning_pipelines.yaml
[0.430s] -- Up-to-date: /home/gordonc/alpha_test/install/alpha_description/share/alpha_description/ros2_control
[0.430s] -- Up-to-date: /home/gordonc/alpha_test/install/alpha_description/share/alpha_description/ros2_control/alpha.ros2_control.xacro
[0.430s] -- Up-to-date: /home/gordonc/alpha_test/install/alpha_description/share/alpha_description/rviz
[0.431s] -- Up-to-date: /home/gordonc/alpha_test/install/alpha_description/share/alpha_description/rviz/moveit.rviz
[0.431s] -- Up-to-date: /home/gordonc/alpha_test/install/alpha_description/share/alpha_description/rviz/view_alpha.rviz
[0.431s] -- Up-to-date: /home/gordonc/alpha_test/install/alpha_description/share/alpha_description/srdf
[0.431s] -- Up-to-date: /home/gordonc/alpha_test/install/alpha_description/share/alpha_description/srdf/alpha.srdf.xacro
[0.432s] -- Up-to-date: /home/gordonc/alpha_test/install/alpha_description/share/alpha_description/urdf
[0.432s] -- Up-to-date: /home/gordonc/alpha_test/install/alpha_description/share/alpha_description/urdf/alpha.urdf.xacro
[0.432s] -- Up-to-date: /home/gordonc/alpha_test/install/alpha_description/share/alpha_description/urdf/LICENSE
[0.432s] -- Up-to-date: /home/gordonc/alpha_test/install/alpha_description/share/alpha_description/urdf/end_effectors
[0.433s] -- Up-to-date: /home/gordonc/alpha_test/install/alpha_description/share/alpha_description/urdf/end_effectors/standard_jaws.urdf.xacro
[0.433s] -- Up-to-date: /home/gordonc/alpha_test/install/alpha_description/share/alpha_description/gazebo
[0.433s] -- Up-to-date: /home/gordonc/alpha_test/install/alpha_description/share/alpha_description/gazebo/alpha.gazebo.xacro
[0.433s] -- Up-to-date: /home/gordonc/alpha_test/install/alpha_description/share/alpha_description/gazebo/worlds
[0.434s] -- Up-to-date: /home/gordonc/alpha_test/install/alpha_description/share/alpha_description/gazebo/worlds/empty.world
[0.434s] -- Up-to-date: /home/gordonc/alpha_test/install/alpha_description/share/ament_index/resource_index/package_run_dependencies/alpha_description
[0.434s] -- Up-to-date: /home/gordonc/alpha_test/install/alpha_description/share/ament_index/resource_index/parent_prefix_path/alpha_description
[0.435s] -- Up-to-date: /home/gordonc/alpha_test/install/alpha_description/share/alpha_description/environment/ament_prefix_path.sh
[0.435s] -- Up-to-date: /home/gordonc/alpha_test/install/alpha_description/share/alpha_description/environment/ament_prefix_path.dsv
[0.435s] -- Up-to-date: /home/gordonc/alpha_test/install/alpha_description/share/alpha_description/environment/path.sh
[0.435s] -- Up-to-date: /home/gordonc/alpha_test/install/alpha_description/share/alpha_description/environment/path.dsv
[0.436s] -- Up-to-date: /home/gordonc/alpha_test/install/alpha_description/share/alpha_description/local_setup.bash
[0.436s] -- Up-to-date: /home/gordonc/alpha_test/install/alpha_description/share/alpha_description/local_setup.sh
[0.436s] -- Up-to-date: /home/gordonc/alpha_test/install/alpha_description/share/alpha_description/local_setup.zsh
[0.436s] -- Up-to-date: /home/gordonc/alpha_test/install/alpha_description/share/alpha_description/local_setup.dsv
[0.436s] -- Installing: /home/gordonc/alpha_test/install/alpha_description/share/alpha_description/package.dsv
[0.437s] -- Up-to-date: /home/gordonc/alpha_test/install/alpha_description/share/ament_index/resource_index/packages/alpha_description
[0.438s] -- Up-to-date: /home/gordonc/alpha_test/install/alpha_description/share/alpha_description/cmake/alpha_descriptionConfig.cmake
[0.439s] -- Up-to-date: /home/gordonc/alpha_test/install/alpha_description/share/alpha_description/cmake/alpha_descriptionConfig-version.cmake
[0.440s] -- Up-to-date: /home/gordonc/alpha_test/install/alpha_description/share/alpha_description/package.xml
[0.442s] Invoked command in '/home/gordonc/alpha_test/build/alpha_description' returned '0': CMAKE_PREFIX_PATH=${CMAKE_PREFIX_PATH}:/home/gordonc/alpha_test/install/moveit_configs_utils:/home/gordonc/colcon_ws/install/blue_manager:/home/gordonc/colcon_ws/install/blue_localization:/home/gordonc/colcon_ws/install/blue_joy:/opt/ros/humble /usr/bin/cmake --install /home/gordonc/alpha_test/build/alpha_description
