[0.057s] Invoking command in '/home/gordonc/alpha_test/build/ros2_shared': CMAKE_PREFIX_PATH=${CMAKE_PREFIX_PATH}:/home/gordonc/colcon_ws/install/blue_manager:/home/gordonc/colcon_ws/install/blue_localization:/home/gordonc/colcon_ws/install/blue_joy:/opt/ros/humble /usr/bin/cmake --build /home/gordonc/alpha_test/build/ros2_shared -- -j8 -l8
[0.182s] Invoked command in '/home/gordonc/alpha_test/build/ros2_shared' returned '0': CMAKE_PREFIX_PATH=${CMAKE_PREFIX_PATH}:/home/gordonc/colcon_ws/install/blue_manager:/home/gordonc/colcon_ws/install/blue_localization:/home/gordonc/colcon_ws/install/blue_joy:/opt/ros/humble /usr/bin/cmake --build /home/gordonc/alpha_test/build/ros2_shared -- -j8 -l8
[0.365s] Invoking command in '/home/gordonc/alpha_test/build/ros2_shared': CMAKE_PREFIX_PATH=${CMAKE_PREFIX_PATH}:/home/gordonc/colcon_ws/install/blue_manager:/home/gordonc/colcon_ws/install/blue_localization:/home/gordonc/colcon_ws/install/blue_joy:/opt/ros/humble /usr/bin/cmake --install /home/gordonc/alpha_test/build/ros2_shared
[0.425s] -- Install configuration: ""
[0.431s] -- Up-to-date: /home/gordonc/alpha_test/install/ros2_shared/include
[0.431s] -- Up-to-date: /home/gordonc/alpha_test/install/ros2_shared/include/ros2_shared
[0.432s] -- Up-to-date: /home/gordonc/alpha_test/install/ros2_shared/include/ros2_shared/param_macros.hpp
[0.432s] -- Up-to-date: /home/gordonc/alpha_test/install/ros2_shared/include/ros2_shared/string_printf.hpp
[0.432s] -- Up-to-date: /home/gordonc/alpha_test/install/ros2_shared/include/ros2_shared/context_macros.hpp
[0.432s] -- Up-to-date: /home/gordonc/alpha_test/install/ros2_shared/share/ament_index/resource_index/package_run_dependencies/ros2_shared
[0.433s] -- Up-to-date: /home/gordonc/alpha_test/install/ros2_shared/share/ament_index/resource_index/parent_prefix_path/ros2_shared
[0.433s] -- Up-to-date: /home/gordonc/alpha_test/install/ros2_shared/share/ros2_shared/environment/ament_prefix_path.sh
[0.433s] -- Up-to-date: /home/gordonc/alpha_test/install/ros2_shared/share/ros2_shared/environment/ament_prefix_path.dsv
[0.433s] -- Up-to-date: /home/gordonc/alpha_test/install/ros2_shared/share/ros2_shared/environment/path.sh
[0.434s] -- Up-to-date: /home/gordonc/alpha_test/install/ros2_shared/share/ros2_shared/environment/path.dsv
[0.434s] -- Up-to-date: /home/gordonc/alpha_test/install/ros2_shared/share/ros2_shared/local_setup.bash
[0.434s] -- Up-to-date: /home/gordonc/alpha_test/install/ros2_shared/share/ros2_shared/local_setup.sh
[0.434s] -- Up-to-date: /home/gordonc/alpha_test/install/ros2_shared/share/ros2_shared/local_setup.zsh
[0.434s] -- Up-to-date: /home/gordonc/alpha_test/install/ros2_shared/share/ros2_shared/local_setup.dsv
[0.435s] -- Up-to-date: /home/gordonc/alpha_test/install/ros2_shared/share/ros2_shared/package.dsv
[0.435s] -- Up-to-date: /home/gordonc/alpha_test/install/ros2_shared/share/ament_index/resource_index/packages/ros2_shared
[0.436s] -- Up-to-date: /home/gordonc/alpha_test/install/ros2_shared/share/ros2_shared/cmake/ros2_shared_targetsExport.cmake
[0.436s] -- Up-to-date: /home/gordonc/alpha_test/install/ros2_shared/share/ros2_shared/cmake/ament_cmake_export_targets-extras.cmake
[0.436s] -- Up-to-date: /home/gordonc/alpha_test/install/ros2_shared/share/ros2_shared/cmake/ament_cmake_export_dependencies-extras.cmake
[0.436s] -- Up-to-date: /home/gordonc/alpha_test/install/ros2_shared/share/ros2_shared/cmake/ros2_sharedConfig.cmake
[0.437s] -- Up-to-date: /home/gordonc/alpha_test/install/ros2_shared/share/ros2_shared/cmake/ros2_sharedConfig-version.cmake
[0.437s] -- Up-to-date: /home/gordonc/alpha_test/install/ros2_shared/share/ros2_shared/package.xml
[0.469s] Invoked command in '/home/gordonc/alpha_test/build/ros2_shared' returned '0': CMAKE_PREFIX_PATH=${CMAKE_PREFIX_PATH}:/home/gordonc/colcon_ws/install/blue_manager:/home/gordonc/colcon_ws/install/blue_localization:/home/gordonc/colcon_ws/install/blue_joy:/opt/ros/humble /usr/bin/cmake --install /home/gordonc/alpha_test/build/ros2_shared
