[0.023s] Invoking command in '/home/gordonc/alpha_test/build/alpha_description': CMAKE_PREFIX_PATH=${CMAKE_PREFIX_PATH}:/home/gordonc/colcon_ws/install/blue_manager:/home/gordonc/colcon_ws/install/blue_localization:/home/gordonc/colcon_ws/install/blue_joy:/opt/ros/humble /usr/bin/cmake /home/gordonc/alpha_test/src/alpha/alpha_description -DCMAKE_INSTALL_PREFIX=/home/gordonc/alpha_test/install/alpha_description
[0.196s] -- The C compiler identification is GNU 11.4.0
[0.348s] -- The CXX compiler identification is GNU 11.4.0
[0.364s] -- Detecting C compiler ABI info
[0.464s] -- Detecting C compiler ABI info - done
[0.474s] -- Check for working C compiler: /usr/lib/ccache/cc - skipped
[0.475s] -- Detecting C compile features
[0.476s] -- Detecting C compile features - done
[0.481s] -- Detecting CXX compiler ABI info
[0.594s] -- Detecting CXX compiler ABI info - done
[0.606s] -- Check for working CXX compiler: /usr/lib/ccache/c++ - skipped
[0.606s] -- Detecting CXX compile features
[0.607s] -- Detecting CXX compile features - done
[0.623s] -- Found ament_cmake: 1.3.8 (/opt/ros/humble/share/ament_cmake/cmake)
[1.153s] -- Found Python3: /usr/bin/python3 (found version "3.10.12") found components: Interpreter 
[1.424s] -- Found ament_lint_auto: 0.12.10 (/opt/ros/humble/share/ament_lint_auto/cmake)
[1.615s] -- Added test 'copyright' to check source files copyright and LICENSE
[1.625s] -- Added test 'lint_cmake' to check CMake code style
[1.632s] -- Added test 'xmllint' to check XML markup files
[1.636s] -- Configuring done
[1.640s] -- Generating done
[1.642s] -- Build files have been written to: /home/gordonc/alpha_test/build/alpha_description
[1.649s] Invoked command in '/home/gordonc/alpha_test/build/alpha_description' returned '0': CMAKE_PREFIX_PATH=${CMAKE_PREFIX_PATH}:/home/gordonc/colcon_ws/install/blue_manager:/home/gordonc/colcon_ws/install/blue_localization:/home/gordonc/colcon_ws/install/blue_joy:/opt/ros/humble /usr/bin/cmake /home/gordonc/alpha_test/src/alpha/alpha_description -DCMAKE_INSTALL_PREFIX=/home/gordonc/alpha_test/install/alpha_description
[1.653s] Invoking command in '/home/gordonc/alpha_test/build/alpha_description': CMAKE_PREFIX_PATH=${CMAKE_PREFIX_PATH}:/home/gordonc/colcon_ws/install/blue_manager:/home/gordonc/colcon_ws/install/blue_localization:/home/gordonc/colcon_ws/install/blue_joy:/opt/ros/humble /usr/bin/cmake --build /home/gordonc/alpha_test/build/alpha_description -- -j8 -l8
[1.717s] Invoked command in '/home/gordonc/alpha_test/build/alpha_description' returned '0': CMAKE_PREFIX_PATH=${CMAKE_PREFIX_PATH}:/home/gordonc/colcon_ws/install/blue_manager:/home/gordonc/colcon_ws/install/blue_localization:/home/gordonc/colcon_ws/install/blue_joy:/opt/ros/humble /usr/bin/cmake --build /home/gordonc/alpha_test/build/alpha_description -- -j8 -l8
[1.778s] Invoking command in '/home/gordonc/alpha_test/build/alpha_description': CMAKE_PREFIX_PATH=${CMAKE_PREFIX_PATH}:/home/gordonc/colcon_ws/install/blue_manager:/home/gordonc/colcon_ws/install/blue_localization:/home/gordonc/colcon_ws/install/blue_joy:/opt/ros/humble /usr/bin/cmake --install /home/gordonc/alpha_test/build/alpha_description
[1.792s] -- Install configuration: ""
[1.792s] -- Installing: /home/gordonc/alpha_test/install/alpha_description/share/alpha_description/config
[1.793s] -- Installing: /home/gordonc/alpha_test/install/alpha_description/share/alpha_description/config/alpha.config.xacro
[1.793s] -- Installing: /home/gordonc/alpha_test/install/alpha_description/share/alpha_description/config/alpha.config.srdf.xacro
[1.793s] -- Installing: /home/gordonc/alpha_test/install/alpha_description/share/alpha_description/config/initial_velocities.yaml
[1.793s] -- Installing: /home/gordonc/alpha_test/install/alpha_description/share/alpha_description/config/initial_positions.yaml
[1.794s] -- Installing: /home/gordonc/alpha_test/install/alpha_description/share/alpha_description/config/alpha_controllers.yaml
[1.794s] -- Installing: /home/gordonc/alpha_test/install/alpha_description/share/alpha_description/meshes
[1.794s] -- Installing: /home/gordonc/alpha_test/install/alpha_description/share/alpha_description/meshes/M2-1-3.stl
[1.795s] -- Installing: /home/gordonc/alpha_test/install/alpha_description/share/alpha_description/meshes/M2-1-1.stl
[1.797s] -- Installing: /home/gordonc/alpha_test/install/alpha_description/share/alpha_description/meshes/LICENSE
[1.797s] -- Installing: /home/gordonc/alpha_test/install/alpha_description/share/alpha_description/meshes/RS1-100-101-123.stl
[1.799s] -- Installing: /home/gordonc/alpha_test/install/alpha_description/share/alpha_description/meshes/M3-INLINE.stl
[1.801s] -- Installing: /home/gordonc/alpha_test/install/alpha_description/share/alpha_description/meshes/end_effectors
[1.802s] -- Installing: /home/gordonc/alpha_test/install/alpha_description/share/alpha_description/meshes/end_effectors/RS1-124.stl
[1.803s] -- Installing: /home/gordonc/alpha_test/install/alpha_description/share/alpha_description/meshes/end_effectors/RS1-139.stl
[1.805s] -- Installing: /home/gordonc/alpha_test/install/alpha_description/share/alpha_description/meshes/end_effectors/RS1-130.stl
[1.807s] -- Installing: /home/gordonc/alpha_test/install/alpha_description/share/alpha_description/meshes/M2.stl
[1.808s] -- Installing: /home/gordonc/alpha_test/install/alpha_description/share/alpha_description/moveit2
[1.808s] -- Installing: /home/gordonc/alpha_test/install/alpha_description/share/alpha_description/moveit2/kinematics.yaml
[1.809s] -- Installing: /home/gordonc/alpha_test/install/alpha_description/share/alpha_description/moveit2/joint_limits.yaml
[1.809s] -- Installing: /home/gordonc/alpha_test/install/alpha_description/share/alpha_description/moveit2/pilz_cartesian_limits.yaml
[1.809s] -- Installing: /home/gordonc/alpha_test/install/alpha_description/share/alpha_description/moveit2/ompl_planning.yaml
[1.809s] -- Installing: /home/gordonc/alpha_test/install/alpha_description/share/alpha_description/moveit2/moveit_controllers.yaml
[1.810s] -- Installing: /home/gordonc/alpha_test/install/alpha_description/share/alpha_description/moveit2/planning_pipelines.yaml
[1.810s] -- Installing: /home/gordonc/alpha_test/install/alpha_description/share/alpha_description/ros2_control
[1.810s] -- Installing: /home/gordonc/alpha_test/install/alpha_description/share/alpha_description/ros2_control/alpha.ros2_control.xacro
[1.810s] -- Installing: /home/gordonc/alpha_test/install/alpha_description/share/alpha_description/rviz
[1.811s] -- Installing: /home/gordonc/alpha_test/install/alpha_description/share/alpha_description/rviz/moveit.rviz
[1.811s] -- Installing: /home/gordonc/alpha_test/install/alpha_description/share/alpha_description/rviz/view_alpha.rviz
[1.811s] -- Installing: /home/gordonc/alpha_test/install/alpha_description/share/alpha_description/srdf
[1.811s] -- Installing: /home/gordonc/alpha_test/install/alpha_description/share/alpha_description/srdf/alpha.srdf.xacro
[1.811s] -- Installing: /home/gordonc/alpha_test/install/alpha_description/share/alpha_description/urdf
[1.811s] -- Installing: /home/gordonc/alpha_test/install/alpha_description/share/alpha_description/urdf/alpha.urdf.xacro
[1.811s] -- Installing: /home/gordonc/alpha_test/install/alpha_description/share/alpha_description/urdf/LICENSE
[1.812s] -- Installing: /home/gordonc/alpha_test/install/alpha_description/share/alpha_description/urdf/end_effectors
[1.812s] -- Installing: /home/gordonc/alpha_test/install/alpha_description/share/alpha_description/urdf/end_effectors/standard_jaws.urdf.xacro
[1.812s] -- Installing: /home/gordonc/alpha_test/install/alpha_description/share/alpha_description/gazebo
[1.813s] -- Installing: /home/gordonc/alpha_test/install/alpha_description/share/alpha_description/gazebo/alpha.gazebo.xacro
[1.813s] -- Installing: /home/gordonc/alpha_test/install/alpha_description/share/alpha_description/gazebo/worlds
[1.813s] -- Installing: /home/gordonc/alpha_test/install/alpha_description/share/alpha_description/gazebo/worlds/empty.world
[1.814s] -- Installing: /home/gordonc/alpha_test/install/alpha_description/share/ament_index/resource_index/package_run_dependencies/alpha_description
[1.814s] -- Installing: /home/gordonc/alpha_test/install/alpha_description/share/ament_index/resource_index/parent_prefix_path/alpha_description
[1.814s] -- Installing: /home/gordonc/alpha_test/install/alpha_description/share/alpha_description/environment/ament_prefix_path.sh
[1.815s] -- Installing: /home/gordonc/alpha_test/install/alpha_description/share/alpha_description/environment/ament_prefix_path.dsv
[1.815s] -- Installing: /home/gordonc/alpha_test/install/alpha_description/share/alpha_description/environment/path.sh
[1.815s] -- Installing: /home/gordonc/alpha_test/install/alpha_description/share/alpha_description/environment/path.dsv
[1.815s] -- Installing: /home/gordonc/alpha_test/install/alpha_description/share/alpha_description/local_setup.bash
[1.816s] -- Installing: /home/gordonc/alpha_test/install/alpha_description/share/alpha_description/local_setup.sh
[1.816s] -- Installing: /home/gordonc/alpha_test/install/alpha_description/share/alpha_description/local_setup.zsh
[1.816s] -- Installing: /home/gordonc/alpha_test/install/alpha_description/share/alpha_description/local_setup.dsv
[1.816s] -- Installing: /home/gordonc/alpha_test/install/alpha_description/share/alpha_description/package.dsv
[1.817s] -- Installing: /home/gordonc/alpha_test/install/alpha_description/share/ament_index/resource_index/packages/alpha_description
[1.817s] -- Installing: /home/gordonc/alpha_test/install/alpha_description/share/alpha_description/cmake/alpha_descriptionConfig.cmake
[1.817s] -- Installing: /home/gordonc/alpha_test/install/alpha_description/share/alpha_description/cmake/alpha_descriptionConfig-version.cmake
[1.817s] -- Installing: /home/gordonc/alpha_test/install/alpha_description/share/alpha_description/package.xml
[1.819s] Invoked command in '/home/gordonc/alpha_test/build/alpha_description' returned '0': CMAKE_PREFIX_PATH=${CMAKE_PREFIX_PATH}:/home/gordonc/colcon_ws/install/blue_manager:/home/gordonc/colcon_ws/install/blue_localization:/home/gordonc/colcon_ws/install/blue_joy:/opt/ros/humble /usr/bin/cmake --install /home/gordonc/alpha_test/build/alpha_description
