[0.049s] Invoking command in '/home/gordonc/alpha_test/build/alpha_moveit': CMAKE_PREFIX_PATH=${CMAKE_PREFIX_PATH}:/home/gordonc/colcon_ws/install/blue_manager:/home/gordonc/colcon_ws/install/blue_localization:/home/gordonc/colcon_ws/install/blue_joy:/opt/ros/humble /usr/bin/cmake --build /home/gordonc/alpha_test/build/alpha_moveit -- -j8 -l8
[0.243s] [ 50%] [32mBuilding CXX object CMakeFiles/alpha_moveit.dir/src/alpha_moveit.cpp.o[0m
[0.573s] [100%] [32m[1mLinking CXX executable alpha_moveit[0m
[1.337s] [100%] Built target alpha_moveit
[1.369s] Invoked command in '/home/gordonc/alpha_test/build/alpha_moveit' returned '0': CMAKE_PREFIX_PATH=${CMAKE_PREFIX_PATH}:/home/gordonc/colcon_ws/install/blue_manager:/home/gordonc/colcon_ws/install/blue_localization:/home/gordonc/colcon_ws/install/blue_joy:/opt/ros/humble /usr/bin/cmake --build /home/gordonc/alpha_test/build/alpha_moveit -- -j8 -l8
[1.451s] Invoking command in '/home/gordonc/alpha_test/build/alpha_moveit': CMAKE_PREFIX_PATH=${CMAKE_PREFIX_PATH}:/home/gordonc/colcon_ws/install/blue_manager:/home/gordonc/colcon_ws/install/blue_localization:/home/gordonc/colcon_ws/install/blue_joy:/opt/ros/humble /usr/bin/cmake --install /home/gordonc/alpha_test/build/alpha_moveit
[1.471s] -- Install configuration: ""
[1.471s] -- Installing: /home/gordonc/alpha_test/install/alpha_moveit/lib/alpha_moveit/alpha_moveit
[1.475s] -- Set runtime path of "/home/gordonc/alpha_test/install/alpha_moveit/lib/alpha_moveit/alpha_moveit" to ""
[1.476s] -- Up-to-date: /home/gordonc/alpha_test/install/alpha_moveit/share/ament_index/resource_index/package_run_dependencies/alpha_moveit
[1.476s] -- Up-to-date: /home/gordonc/alpha_test/install/alpha_moveit/share/ament_index/resource_index/parent_prefix_path/alpha_moveit
[1.477s] -- Up-to-date: /home/gordonc/alpha_test/install/alpha_moveit/share/alpha_moveit/environment/ament_prefix_path.sh
[1.477s] -- Up-to-date: /home/gordonc/alpha_test/install/alpha_moveit/share/alpha_moveit/environment/ament_prefix_path.dsv
[1.477s] -- Up-to-date: /home/gordonc/alpha_test/install/alpha_moveit/share/alpha_moveit/environment/path.sh
[1.478s] -- Up-to-date: /home/gordonc/alpha_test/install/alpha_moveit/share/alpha_moveit/environment/path.dsv
[1.478s] -- Up-to-date: /home/gordonc/alpha_test/install/alpha_moveit/share/alpha_moveit/local_setup.bash
[1.478s] -- Up-to-date: /home/gordonc/alpha_test/install/alpha_moveit/share/alpha_moveit/local_setup.sh
[1.479s] -- Up-to-date: /home/gordonc/alpha_test/install/alpha_moveit/share/alpha_moveit/local_setup.zsh
[1.479s] -- Up-to-date: /home/gordonc/alpha_test/install/alpha_moveit/share/alpha_moveit/local_setup.dsv
[1.480s] -- Installing: /home/gordonc/alpha_test/install/alpha_moveit/share/alpha_moveit/package.dsv
[1.480s] -- Up-to-date: /home/gordonc/alpha_test/install/alpha_moveit/share/ament_index/resource_index/packages/alpha_moveit
[1.482s] -- Up-to-date: /home/gordonc/alpha_test/install/alpha_moveit/share/alpha_moveit/cmake/alpha_moveitConfig.cmake
[1.482s] -- Up-to-date: /home/gordonc/alpha_test/install/alpha_moveit/share/alpha_moveit/cmake/alpha_moveitConfig-version.cmake
[1.482s] -- Up-to-date: /home/gordonc/alpha_test/install/alpha_moveit/share/alpha_moveit/package.xml
[1.498s] Invoked command in '/home/gordonc/alpha_test/build/alpha_moveit' returned '0': CMAKE_PREFIX_PATH=${CMAKE_PREFIX_PATH}:/home/gordonc/colcon_ws/install/blue_manager:/home/gordonc/colcon_ws/install/blue_localization:/home/gordonc/colcon_ws/install/blue_joy:/opt/ros/humble /usr/bin/cmake --install /home/gordonc/alpha_test/build/alpha_moveit
