[0.074s] Invoking command in '/home/gordonc/alpha_test/build/rviz_visual_tools': CMAKE_PREFIX_PATH=${CMAKE_PREFIX_PATH}:/home/gordonc/colcon_ws/install/blue_manager:/home/gordonc/colcon_ws/install/blue_localization:/home/gordonc/colcon_ws/install/blue_joy:/opt/ros/humble /usr/bin/cmake --build /home/gordonc/alpha_test/build/rviz_visual_tools -- -j8 -l8
[0.270s] [  2%] [34m[1mAutomatic MOC for target gtest_main[0m
[0.271s] [  5%] [34m[1mAutomatic MOC for target rviz_visual_tools_gui[0m
[0.272s] [  7%] [34m[1mAutomatic MOC for target gtest[0m
[0.283s] [ 10%] [34m[1mAutomatic MOC for target rviz_visual_tools_remote_control[0m
[0.348s] [ 10%] Built target gtest_main_autogen
[0.363s] [ 10%] Built target rviz_visual_tools_gui_autogen
[0.370s] [ 10%] Built target gtest_autogen
[0.381s] [ 10%] Built target rviz_visual_tools_remote_control_autogen
[0.464s] [ 17%] Built target gtest_main
[0.477s] [ 25%] Built target gtest
[0.495s] [ 33%] Built target rviz_visual_tools_remote_control
[0.508s] [ 46%] Built target rviz_visual_tools_gui
[0.570s] [ 48%] [34m[1mAutomatic MOC for target rviz_visual_tools[0m
[0.628s] [ 48%] Built target rviz_visual_tools_autogen
[0.708s] [ 58%] Built target rviz_visual_tools
[0.779s] [ 61%] [34m[1mAutomatic MOC for target rviz_visual_tools_imarker_simple[0m
[0.783s] [ 64%] [34m[1mAutomatic MOC for target rviz_visual_tools_demo[0m
[0.790s] [ 66%] [34m[1mAutomatic MOC for target rviz_visual_tools_rvt_test[0m
[0.841s] [ 66%] Built target rviz_visual_tools_imarker_simple_autogen
[0.850s] [ 66%] Built target rviz_visual_tools_demo_autogen
[0.856s] [ 66%] Built target rviz_visual_tools_rvt_test_autogen
[0.939s] [ 74%] Built target rviz_visual_tools_imarker_simple
[0.944s] [ 82%] Built target rviz_visual_tools_demo
[0.959s] [ 89%] Built target rviz_visual_tools_rvt_test
[1.005s] [ 92%] [34m[1mAutomatic MOC for target rviz_visual_tools_imarker_simple_demo[0m
[1.055s] [ 92%] Built target rviz_visual_tools_imarker_simple_demo_autogen
[1.135s] [100%] Built target rviz_visual_tools_imarker_simple_demo
[1.162s] Invoked command in '/home/gordonc/alpha_test/build/rviz_visual_tools' returned '0': CMAKE_PREFIX_PATH=${CMAKE_PREFIX_PATH}:/home/gordonc/colcon_ws/install/blue_manager:/home/gordonc/colcon_ws/install/blue_localization:/home/gordonc/colcon_ws/install/blue_joy:/opt/ros/humble /usr/bin/cmake --build /home/gordonc/alpha_test/build/rviz_visual_tools -- -j8 -l8
[1.469s] Invoking command in '/home/gordonc/alpha_test/build/rviz_visual_tools': CMAKE_PREFIX_PATH=${CMAKE_PREFIX_PATH}:/home/gordonc/colcon_ws/install/blue_manager:/home/gordonc/colcon_ws/install/blue_localization:/home/gordonc/colcon_ws/install/blue_joy:/opt/ros/humble /usr/bin/cmake --install /home/gordonc/alpha_test/build/rviz_visual_tools
[1.493s] -- Install configuration: ""
[1.494s] -- Up-to-date: /home/gordonc/alpha_test/install/rviz_visual_tools/share/rviz_visual_tools/plugin_description.xml
[1.494s] -- Up-to-date: /home/gordonc/alpha_test/install/rviz_visual_tools/lib/librviz_visual_tools.so
[1.495s] -- Up-to-date: /home/gordonc/alpha_test/install/rviz_visual_tools/lib/librviz_visual_tools_remote_control.so
[1.496s] -- Up-to-date: /home/gordonc/alpha_test/install/rviz_visual_tools/lib/librviz_visual_tools_gui.so
[1.497s] -- Up-to-date: /home/gordonc/alpha_test/install/rviz_visual_tools/lib/librviz_visual_tools_imarker_simple.so
[1.498s] -- Up-to-date: /home/gordonc/alpha_test/install/rviz_visual_tools/lib/rviz_visual_tools/rviz_visual_tools_demo
[1.499s] -- Up-to-date: /home/gordonc/alpha_test/install/rviz_visual_tools/lib/rviz_visual_tools/rviz_visual_tools_imarker_simple_demo
[1.500s] -- Up-to-date: /home/gordonc/alpha_test/install/rviz_visual_tools/include
[1.501s] -- Up-to-date: /home/gordonc/alpha_test/install/rviz_visual_tools/include/rviz_visual_tools
[1.501s] -- Up-to-date: /home/gordonc/alpha_test/install/rviz_visual_tools/include/rviz_visual_tools/rviz_visual_tools.hpp
[1.502s] -- Up-to-date: /home/gordonc/alpha_test/install/rviz_visual_tools/include/rviz_visual_tools/rviz_visual_tools_gui.hpp
[1.502s] -- Up-to-date: /home/gordonc/alpha_test/install/rviz_visual_tools/include/rviz_visual_tools/imarker_simple.hpp
[1.502s] -- Up-to-date: /home/gordonc/alpha_test/install/rviz_visual_tools/include/rviz_visual_tools/key_tool.hpp
[1.503s] -- Up-to-date: /home/gordonc/alpha_test/install/rviz_visual_tools/include/rviz_visual_tools/remote_control.hpp
[1.503s] -- Up-to-date: /home/gordonc/alpha_test/install/rviz_visual_tools/include/rviz_visual_tools/tf_visual_tools.hpp
[1.504s] -- Up-to-date: /home/gordonc/alpha_test/install/rviz_visual_tools/include/rviz_visual_tools/remote_reciever.hpp
[1.504s] -- Up-to-date: /home/gordonc/alpha_test/install/rviz_visual_tools/share/rviz_visual_tools/launch
[1.504s] -- Up-to-date: /home/gordonc/alpha_test/install/rviz_visual_tools/share/rviz_visual_tools/launch/demo_rviz.launch.py
[1.505s] -- Up-to-date: /home/gordonc/alpha_test/install/rviz_visual_tools/share/rviz_visual_tools/launch/demo_combined.launch.py
[1.505s] -- Up-to-date: /home/gordonc/alpha_test/install/rviz_visual_tools/share/rviz_visual_tools/launch/rvt_test.launch
[1.505s] -- Up-to-date: /home/gordonc/alpha_test/install/rviz_visual_tools/share/rviz_visual_tools/launch/demo.rviz
[1.505s] -- Up-to-date: /home/gordonc/alpha_test/install/rviz_visual_tools/share/rviz_visual_tools/environment/library_path.sh
[1.505s] -- Up-to-date: /home/gordonc/alpha_test/install/rviz_visual_tools/share/rviz_visual_tools/environment/library_path.dsv
[1.506s] -- Up-to-date: /home/gordonc/alpha_test/install/rviz_visual_tools/share/ament_index/resource_index/package_run_dependencies/rviz_visual_tools
[1.506s] -- Up-to-date: /home/gordonc/alpha_test/install/rviz_visual_tools/share/ament_index/resource_index/parent_prefix_path/rviz_visual_tools
[1.506s] -- Up-to-date: /home/gordonc/alpha_test/install/rviz_visual_tools/share/rviz_visual_tools/environment/ament_prefix_path.sh
[1.507s] -- Up-to-date: /home/gordonc/alpha_test/install/rviz_visual_tools/share/rviz_visual_tools/environment/ament_prefix_path.dsv
[1.507s] -- Up-to-date: /home/gordonc/alpha_test/install/rviz_visual_tools/share/rviz_visual_tools/environment/path.sh
[1.507s] -- Up-to-date: /home/gordonc/alpha_test/install/rviz_visual_tools/share/rviz_visual_tools/environment/path.dsv
[1.508s] -- Up-to-date: /home/gordonc/alpha_test/install/rviz_visual_tools/share/rviz_visual_tools/local_setup.bash
[1.510s] -- Up-to-date: /home/gordonc/alpha_test/install/rviz_visual_tools/share/rviz_visual_tools/local_setup.sh
[1.511s] -- Up-to-date: /home/gordonc/alpha_test/install/rviz_visual_tools/share/rviz_visual_tools/local_setup.zsh
[1.511s] -- Up-to-date: /home/gordonc/alpha_test/install/rviz_visual_tools/share/rviz_visual_tools/local_setup.dsv
[1.512s] -- Installing: /home/gordonc/alpha_test/install/rviz_visual_tools/share/rviz_visual_tools/package.dsv
[1.512s] -- Up-to-date: /home/gordonc/alpha_test/install/rviz_visual_tools/share/ament_index/resource_index/packages/rviz_visual_tools
[1.513s] -- Up-to-date: /home/gordonc/alpha_test/install/rviz_visual_tools/share/ament_index/resource_index/rviz_common__pluginlib__plugin/rviz_visual_tools
[1.513s] -- Up-to-date: /home/gordonc/alpha_test/install/rviz_visual_tools/share/rviz_visual_tools/cmake/export_rviz_visual_toolsExport.cmake
[1.513s] -- Up-to-date: /home/gordonc/alpha_test/install/rviz_visual_tools/share/rviz_visual_tools/cmake/export_rviz_visual_toolsExport-noconfig.cmake
[1.514s] -- Up-to-date: /home/gordonc/alpha_test/install/rviz_visual_tools/share/rviz_visual_tools/cmake/ament_cmake_export_targets-extras.cmake
[1.514s] -- Up-to-date: /home/gordonc/alpha_test/install/rviz_visual_tools/share/rviz_visual_tools/cmake/ament_cmake_export_dependencies-extras.cmake
[1.514s] -- Up-to-date: /home/gordonc/alpha_test/install/rviz_visual_tools/share/rviz_visual_tools/cmake/ament_cmake_export_include_directories-extras.cmake
[1.527s] -- Up-to-date: /home/gordonc/alpha_test/install/rviz_visual_tools/share/rviz_visual_tools/cmake/ament_cmake_export_libraries-extras.cmake
[1.529s] -- Up-to-date: /home/gordonc/alpha_test/install/rviz_visual_tools/share/rviz_visual_tools/cmake/rviz_visual_toolsConfig.cmake
[1.533s] -- Up-to-date: /home/gordonc/alpha_test/install/rviz_visual_tools/share/rviz_visual_tools/cmake/rviz_visual_toolsConfig-version.cmake
[1.534s] -- Up-to-date: /home/gordonc/alpha_test/install/rviz_visual_tools/share/rviz_visual_tools/package.xml
[1.535s] Invoked command in '/home/gordonc/alpha_test/build/rviz_visual_tools' returned '0': CMAKE_PREFIX_PATH=${CMAKE_PREFIX_PATH}:/home/gordonc/colcon_ws/install/blue_manager:/home/gordonc/colcon_ws/install/blue_localization:/home/gordonc/colcon_ws/install/blue_joy:/opt/ros/humble /usr/bin/cmake --install /home/gordonc/alpha_test/build/rviz_visual_tools
