[0.035s] Invoking command in '/home/gordonc/alpha_test/build/alpha_moveit': CMAKE_PREFIX_PATH=${CMAKE_PREFIX_PATH}:/home/gordonc/colcon_ws/install/blue_manager:/home/gordonc/colcon_ws/install/blue_localization:/home/gordonc/colcon_ws/install/blue_joy:/opt/ros/humble /usr/bin/cmake /home/gordonc/alpha_test/src/alpha/alpha_moveit -DCMAKE_INSTALL_PREFIX=/home/gordonc/alpha_test/install/alpha_moveit
[0.224s] -- The C compiler identification is GNU 11.4.0
[0.382s] -- The CXX compiler identification is GNU 11.4.0
[0.395s] -- Detecting C compiler ABI info
[0.511s] -- Detecting C compiler ABI info - done
[0.538s] -- Check for working C compiler: /usr/lib/ccache/cc - skipped
[0.538s] -- Detecting C compile features
[0.539s] -- Detecting C compile features - done
[0.546s] -- Detecting CXX compiler ABI info
[0.660s] -- Detecting CXX compiler ABI info - done
[0.672s] -- Check for working CXX compiler: /usr/lib/ccache/c++ - skipped
[0.672s] -- Detecting CXX compile features
[0.673s] -- Detecting CXX compile features - done
[0.686s] -- Found ament_cmake: 1.3.8 (/opt/ros/humble/share/ament_cmake/cmake)
[1.245s] -- Found Python3: /usr/bin/python3 (found version "3.10.12") found components: Interpreter 
[1.448s] -- Found moveit_ros_planning_interface: 2.5.5 (/opt/ros/humble/share/moveit_ros_planning_interface/cmake)
[1.798s] -- Found Boost: /usr/lib/x86_64-linux-gnu/cmake/Boost-1.74.0/BoostConfig.cmake (found version "1.74.0") found components: date_time filesystem program_options system thread 
[1.919s] -- Found rosidl_generator_c: 3.1.5 (/opt/ros/humble/share/rosidl_generator_c/cmake)
[1.938s] -- Found rosidl_adapter: 3.1.5 (/opt/ros/humble/share/rosidl_adapter/cmake)
[1.961s] -- Found rosidl_generator_cpp: 3.1.5 (/opt/ros/humble/share/rosidl_generator_cpp/cmake)
[1.994s] -- Using all available rosidl_typesupport_c: rosidl_typesupport_fastrtps_c;rosidl_typesupport_introspection_c
[2.043s] -- Using all available rosidl_typesupport_cpp: rosidl_typesupport_fastrtps_cpp;rosidl_typesupport_introspection_cpp
[3.350s] -- Found Boost: /usr/lib/x86_64-linux-gnu/cmake/Boost-1.74.0/BoostConfig.cmake (found version "1.74.0") found components: chrono date_time filesystem iostreams program_options regex serialization system thread 
[3.396s] -- Found parameter_traits: 0.3.8 (/opt/ros/humble/share/parameter_traits/cmake)
[3.548s] -- Found rmw_implementation_cmake: 6.1.1 (/opt/ros/humble/share/rmw_implementation_cmake/cmake)
[3.558s] -- Found rmw_fastrtps_cpp: 6.2.6 (/opt/ros/humble/share/rmw_fastrtps_cpp/cmake)
[3.763s] -- Found OpenSSL: /usr/lib/x86_64-linux-gnu/libcrypto.so (found version "3.0.2")  
[3.819s] -- Found FastRTPS: /opt/ros/humble/include  
[3.900s] -- Using RMW implementation 'rmw_fastrtps_cpp' as default
[3.931s] -- Found Threads: TRUE  
[4.183s] -- Found rclcpp_lifecycle: 16.0.8 (/opt/ros/humble/share/rclcpp_lifecycle/cmake)
[4.267s] -- Found Boost: /usr/lib/x86_64-linux-gnu/cmake/Boost-1.74.0/BoostConfig.cmake (found version "1.74.0") found components: filesystem 
[4.483s] -- library: /usr/lib/x86_64-linux-gnu/libcurl.so
[4.728s] -- Found Eigen3: TRUE (found version "3.4.0") 
[4.728s] -- Ensuring Eigen3 include directory is part of orocos-kdl CMake target
[5.582s] -- Found Boost: /usr/lib/x86_64-linux-gnu/cmake/Boost-1.74.0/BoostConfig.cmake (found version "1.74.0") found components: system filesystem date_time program_options thread chrono 
[6.354s] -- Found Boost: /usr/lib/x86_64-linux-gnu/cmake/Boost-1.74.0/BoostConfig.cmake (found version "1.74.0") found components: thread system filesystem regex date_time program_options 
[6.751s] -- Found Boost: /usr/lib/x86_64-linux-gnu/cmake/Boost-1.74.0/BoostConfig.cmake (found version "1.74.0") found components: system filesystem date_time program_options thread 
[7.370s] -- Found ament_lint_auto: 0.12.10 (/opt/ros/humble/share/ament_lint_auto/cmake)
[7.561s] -- Added test 'cppcheck' to perform static code analysis on C / C++ code
[7.561s] -- Configured cppcheck include dirs: $<BUILD_INTERFACE:/home/gordonc/alpha_test/src/alpha/alpha_moveit/include>
[7.561s] -- Configured cppcheck exclude dirs and/or files: 
[7.562s] -- Added test 'lint_cmake' to check CMake code style
[7.565s] -- Added test 'uncrustify' to check C / C++ code style
[7.565s] -- Configured uncrustify additional arguments: 
[7.566s] -- Added test 'xmllint' to check XML markup files
[7.569s] -- Configuring done
[7.608s] -- Generating done
[7.611s] -- Build files have been written to: /home/gordonc/alpha_test/build/alpha_moveit
[7.627s] Invoked command in '/home/gordonc/alpha_test/build/alpha_moveit' returned '0': CMAKE_PREFIX_PATH=${CMAKE_PREFIX_PATH}:/home/gordonc/colcon_ws/install/blue_manager:/home/gordonc/colcon_ws/install/blue_localization:/home/gordonc/colcon_ws/install/blue_joy:/opt/ros/humble /usr/bin/cmake /home/gordonc/alpha_test/src/alpha/alpha_moveit -DCMAKE_INSTALL_PREFIX=/home/gordonc/alpha_test/install/alpha_moveit
[7.629s] Invoking command in '/home/gordonc/alpha_test/build/alpha_moveit': CMAKE_PREFIX_PATH=${CMAKE_PREFIX_PATH}:/home/gordonc/colcon_ws/install/blue_manager:/home/gordonc/colcon_ws/install/blue_localization:/home/gordonc/colcon_ws/install/blue_joy:/opt/ros/humble /usr/bin/cmake --build /home/gordonc/alpha_test/build/alpha_moveit -- -j8 -l8
[7.711s] [ 50%] [32mBuilding CXX object CMakeFiles/alpha_moveit.dir/src/alpha_moveit.cpp.o[0m
[18.296s] [100%] [32m[1mLinking CXX executable alpha_moveit[0m
[19.325s] [100%] Built target alpha_moveit
[19.363s] Invoked command in '/home/gordonc/alpha_test/build/alpha_moveit' returned '0': CMAKE_PREFIX_PATH=${CMAKE_PREFIX_PATH}:/home/gordonc/colcon_ws/install/blue_manager:/home/gordonc/colcon_ws/install/blue_localization:/home/gordonc/colcon_ws/install/blue_joy:/opt/ros/humble /usr/bin/cmake --build /home/gordonc/alpha_test/build/alpha_moveit -- -j8 -l8
[19.432s] Invoking command in '/home/gordonc/alpha_test/build/alpha_moveit': CMAKE_PREFIX_PATH=${CMAKE_PREFIX_PATH}:/home/gordonc/colcon_ws/install/blue_manager:/home/gordonc/colcon_ws/install/blue_localization:/home/gordonc/colcon_ws/install/blue_joy:/opt/ros/humble /usr/bin/cmake --install /home/gordonc/alpha_test/build/alpha_moveit
[19.445s] -- Install configuration: ""
[19.445s] -- Installing: /home/gordonc/alpha_test/install/alpha_moveit/lib/alpha_moveit/alpha_moveit
[19.446s] -- Set runtime path of "/home/gordonc/alpha_test/install/alpha_moveit/lib/alpha_moveit/alpha_moveit" to ""
[19.446s] -- Installing: /home/gordonc/alpha_test/install/alpha_moveit/share/ament_index/resource_index/package_run_dependencies/alpha_moveit
[19.446s] -- Installing: /home/gordonc/alpha_test/install/alpha_moveit/share/ament_index/resource_index/parent_prefix_path/alpha_moveit
[19.447s] -- Installing: /home/gordonc/alpha_test/install/alpha_moveit/share/alpha_moveit/environment/ament_prefix_path.sh
[19.447s] -- Installing: /home/gordonc/alpha_test/install/alpha_moveit/share/alpha_moveit/environment/ament_prefix_path.dsv
[19.447s] -- Installing: /home/gordonc/alpha_test/install/alpha_moveit/share/alpha_moveit/environment/path.sh
[19.447s] -- Installing: /home/gordonc/alpha_test/install/alpha_moveit/share/alpha_moveit/environment/path.dsv
[19.448s] -- Installing: /home/gordonc/alpha_test/install/alpha_moveit/share/alpha_moveit/local_setup.bash
[19.448s] -- Installing: /home/gordonc/alpha_test/install/alpha_moveit/share/alpha_moveit/local_setup.sh
[19.448s] -- Installing: /home/gordonc/alpha_test/install/alpha_moveit/share/alpha_moveit/local_setup.zsh
[19.448s] -- Installing: /home/gordonc/alpha_test/install/alpha_moveit/share/alpha_moveit/local_setup.dsv
[19.448s] -- Installing: /home/gordonc/alpha_test/install/alpha_moveit/share/alpha_moveit/package.dsv
[19.449s] -- Installing: /home/gordonc/alpha_test/install/alpha_moveit/share/ament_index/resource_index/packages/alpha_moveit
[19.449s] -- Installing: /home/gordonc/alpha_test/install/alpha_moveit/share/alpha_moveit/cmake/alpha_moveitConfig.cmake
[19.449s] -- Installing: /home/gordonc/alpha_test/install/alpha_moveit/share/alpha_moveit/cmake/alpha_moveitConfig-version.cmake
[19.450s] -- Installing: /home/gordonc/alpha_test/install/alpha_moveit/share/alpha_moveit/package.xml
[19.453s] Invoked command in '/home/gordonc/alpha_test/build/alpha_moveit' returned '0': CMAKE_PREFIX_PATH=${CMAKE_PREFIX_PATH}:/home/gordonc/colcon_ws/install/blue_manager:/home/gordonc/colcon_ws/install/blue_localization:/home/gordonc/colcon_ws/install/blue_joy:/opt/ros/humble /usr/bin/cmake --install /home/gordonc/alpha_test/build/alpha_moveit
