[0.034s] Invoking command in '/home/gordonc/alpha_test/build/moveit_visual_tools': CMAKE_PREFIX_PATH=${CMAKE_PREFIX_PATH}:/home/gordonc/colcon_ws/install/blue_manager:/home/gordonc/colcon_ws/install/blue_localization:/home/gordonc/colcon_ws/install/blue_joy:/opt/ros/humble /usr/bin/cmake /home/gordonc/alpha_test/src/moveit_visual_tools -DCMAKE_INSTALL_PREFIX=/home/gordonc/alpha_test/install/moveit_visual_tools
[0.221s] -- The C compiler identification is GNU 11.4.0
[0.419s] -- The CXX compiler identification is GNU 11.4.0
[0.437s] -- Detecting C compiler ABI info
[0.558s] -- Detecting C compiler ABI info - done
[0.574s] -- Check for working C compiler: /usr/lib/ccache/cc - skipped
[0.575s] -- Detecting C compile features
[0.577s] -- Detecting C compile features - done
[0.584s] -- Detecting CXX compiler ABI info
[0.730s] -- Detecting CXX compiler ABI info - done
[0.748s] -- Check for working CXX compiler: /usr/lib/ccache/c++ - skipped
[0.748s] -- Detecting CXX compile features
[0.750s] -- Detecting CXX compile features - done
[0.764s] -- Found moveit_common: 2.5.5 (/opt/ros/humble/share/moveit_common/cmake)
[0.780s] -- Found ament_cmake: 1.3.8 (/opt/ros/humble/share/ament_cmake/cmake)
[1.379s] -- Found Python3: /usr/bin/python3 (found version "3.10.12") found components: Interpreter 
[1.816s] -- Found libdw: /usr/lib/x86_64-linux-gnu/libdw.so  
[1.831s] -- Could NOT find libbfd (missing: LIBBFD_LIBRARY LIBBFD_INCLUDE_DIR) 
[1.832s] -- BACKWARD_HAS_UNWIND=1
[1.832s] -- BACKWARD_HAS_BACKTRACE=0
[1.832s] -- BACKWARD_HAS_BACKTRACE_SYMBOL=0
[1.832s] -- BACKWARD_HAS_DW=1
[1.832s] -- BACKWARD_HAS_BFD=0
[1.834s] -- Found Backward: /opt/ros/humble/share/backward_ros/cmake  
[1.835s] [0mmoveit_visual_tools: You did not request a specific build type: Choosing 'Release' for maximum performance[0m
[1.893s] -- Found Boost: /usr/lib/x86_64-linux-gnu/cmake/Boost-1.74.0/BoostConfig.cmake (found version "1.74.0") found components: system 
[1.939s] -- Found geometry_msgs: 4.2.3 (/opt/ros/humble/share/geometry_msgs/cmake)
[2.080s] -- Found rosidl_generator_c: 3.1.5 (/opt/ros/humble/share/rosidl_generator_c/cmake)
[2.103s] -- Found rosidl_adapter: 3.1.5 (/opt/ros/humble/share/rosidl_adapter/cmake)
[2.134s] -- Found rosidl_generator_cpp: 3.1.5 (/opt/ros/humble/share/rosidl_generator_cpp/cmake)
[2.174s] -- Using all available rosidl_typesupport_c: rosidl_typesupport_fastrtps_c;rosidl_typesupport_introspection_c
[2.229s] -- Using all available rosidl_typesupport_cpp: rosidl_typesupport_fastrtps_cpp;rosidl_typesupport_introspection_cpp
[2.422s] -- Found graph_msgs: 0.2.0 (/opt/ros/humble/share/graph_msgs/cmake)
[2.569s] -- Found moveit_core: 2.5.5 (/opt/ros/humble/share/moveit_core/cmake)
[3.176s] -- Found Boost: /usr/lib/x86_64-linux-gnu/cmake/Boost-1.74.0/BoostConfig.cmake (found version "1.74.0") found components: chrono date_time filesystem iostreams program_options regex serialization system thread 
[3.244s] -- Found parameter_traits: 0.3.8 (/opt/ros/humble/share/parameter_traits/cmake)
[3.419s] -- Found rmw_implementation_cmake: 6.1.1 (/opt/ros/humble/share/rmw_implementation_cmake/cmake)
[3.437s] -- Found rmw_fastrtps_cpp: 6.2.6 (/opt/ros/humble/share/rmw_fastrtps_cpp/cmake)
[3.735s] -- Found OpenSSL: /usr/lib/x86_64-linux-gnu/libcrypto.so (found version "3.0.2")  
[3.794s] -- Found FastRTPS: /opt/ros/humble/include  
[3.904s] -- Using RMW implementation 'rmw_fastrtps_cpp' as default
[3.950s] -- Found Threads: TRUE  
[4.265s] -- Found rclcpp_lifecycle: 16.0.8 (/opt/ros/humble/share/rclcpp_lifecycle/cmake)
[4.351s] -- Found Boost: /usr/lib/x86_64-linux-gnu/cmake/Boost-1.74.0/BoostConfig.cmake (found version "1.74.0") found components: filesystem 
[4.610s] -- library: /usr/lib/x86_64-linux-gnu/libcurl.so
[5.143s] -- Found Eigen3: TRUE (found version "3.4.0") 
[5.143s] -- Ensuring Eigen3 include directory is part of orocos-kdl CMake target
[6.846s] -- Found moveit_ros_planning: 2.5.5 (/opt/ros/humble/share/moveit_ros_planning/cmake)
[6.853s] -- Found Boost: /usr/lib/x86_64-linux-gnu/cmake/Boost-1.74.0/BoostConfig.cmake (found version "1.74.0") found components: system filesystem date_time program_options thread chrono 
[7.490s] [31mCMake Error at CMakeLists.txt:16 (find_package):
[7.490s]   By not providing "Findrviz_visual_tools.cmake" in CMAKE_MODULE_PATH this
[7.490s]   project has asked CMake to find a package configuration file provided by
[7.491s]   "rviz_visual_tools", but CMake did not find one.
[7.491s] 
[7.491s]   Could not find a package configuration file provided by "rviz_visual_tools"
[7.491s]   with any of the following names:
[7.491s] 
[7.491s]     rviz_visual_toolsConfig.cmake
[7.491s]     rviz_visual_tools-config.cmake
[7.491s] 
[7.492s]   Add the installation prefix of "rviz_visual_tools" to CMAKE_PREFIX_PATH or
[7.492s]   set "rviz_visual_tools_DIR" to a directory containing one of the above
[7.492s]   files.  If "rviz_visual_tools" provides a separate development package or
[7.492s]   SDK, be sure it has been installed.
[7.492s] 
[7.492s] [0m
[7.492s] -- Configuring incomplete, errors occurred!
[7.492s] See also "/home/gordonc/alpha_test/build/moveit_visual_tools/CMakeFiles/CMakeOutput.log".
[7.506s] Invoked command in '/home/gordonc/alpha_test/build/moveit_visual_tools' returned '1': CMAKE_PREFIX_PATH=${CMAKE_PREFIX_PATH}:/home/gordonc/colcon_ws/install/blue_manager:/home/gordonc/colcon_ws/install/blue_localization:/home/gordonc/colcon_ws/install/blue_joy:/opt/ros/humble /usr/bin/cmake /home/gordonc/alpha_test/src/moveit_visual_tools -DCMAKE_INSTALL_PREFIX=/home/gordonc/alpha_test/install/moveit_visual_tools
