[0.807s] Invoking command in '/home/gordonc/alpha_test/build/moveit_resources_prbt_support': CMAKE_PREFIX_PATH=${CMAKE_PREFIX_PATH}:/home/gordonc/colcon_ws/install/blue_manager:/home/gordonc/colcon_ws/install/blue_localization:/home/gordonc/colcon_ws/install/blue_joy:/opt/ros/humble /usr/bin/cmake /home/gordonc/alpha_test/src/moveit2/moveit_planners/test_configs/prbt_support -DCMAKE_INSTALL_PREFIX=/home/gordonc/alpha_test/install/moveit_resources_prbt_support
[1.496s] -- The C compiler identification is GNU 11.4.0
[2.068s] -- The CXX compiler identification is GNU 11.4.0
[2.178s] -- Detecting C compiler ABI info
[2.612s] -- Detecting C compiler ABI info - done
[2.685s] -- Check for working C compiler: /usr/lib/ccache/cc - skipped
[2.686s] -- Detecting C compile features
[2.688s] -- Detecting C compile features - done
[2.724s] -- Detecting CXX compiler ABI info
[3.356s] -- Detecting CXX compiler ABI info - done
[3.428s] -- Check for working CXX compiler: /usr/lib/ccache/c++ - skipped
[3.435s] -- Detecting CXX compile features
[3.438s] -- Detecting CXX compile features - done
[3.496s] -- Found ament_cmake: 1.3.8 (/opt/ros/humble/share/ament_cmake/cmake)
[5.151s] -- Found Python3: /usr/bin/python3 (found version "3.10.12") found components: Interpreter 
[6.102s] -- Configuring done
[6.110s] -- Generating done
[6.114s] -- Build files have been written to: /home/gordonc/alpha_test/build/moveit_resources_prbt_support
[6.140s] Invoked command in '/home/gordonc/alpha_test/build/moveit_resources_prbt_support' returned '0': CMAKE_PREFIX_PATH=${CMAKE_PREFIX_PATH}:/home/gordonc/colcon_ws/install/blue_manager:/home/gordonc/colcon_ws/install/blue_localization:/home/gordonc/colcon_ws/install/blue_joy:/opt/ros/humble /usr/bin/cmake /home/gordonc/alpha_test/src/moveit2/moveit_planners/test_configs/prbt_support -DCMAKE_INSTALL_PREFIX=/home/gordonc/alpha_test/install/moveit_resources_prbt_support
[6.166s] Invoking command in '/home/gordonc/alpha_test/build/moveit_resources_prbt_support': CMAKE_PREFIX_PATH=${CMAKE_PREFIX_PATH}:/home/gordonc/colcon_ws/install/blue_manager:/home/gordonc/colcon_ws/install/blue_localization:/home/gordonc/colcon_ws/install/blue_joy:/opt/ros/humble /usr/bin/cmake --build /home/gordonc/alpha_test/build/moveit_resources_prbt_support -- -j8 -l8
[6.385s] Invoked command in '/home/gordonc/alpha_test/build/moveit_resources_prbt_support' returned '0': CMAKE_PREFIX_PATH=${CMAKE_PREFIX_PATH}:/home/gordonc/colcon_ws/install/blue_manager:/home/gordonc/colcon_ws/install/blue_localization:/home/gordonc/colcon_ws/install/blue_joy:/opt/ros/humble /usr/bin/cmake --build /home/gordonc/alpha_test/build/moveit_resources_prbt_support -- -j8 -l8
[6.521s] Invoking command in '/home/gordonc/alpha_test/build/moveit_resources_prbt_support': CMAKE_PREFIX_PATH=${CMAKE_PREFIX_PATH}:/home/gordonc/colcon_ws/install/blue_manager:/home/gordonc/colcon_ws/install/blue_localization:/home/gordonc/colcon_ws/install/blue_joy:/opt/ros/humble /usr/bin/cmake --install /home/gordonc/alpha_test/build/moveit_resources_prbt_support
[6.596s] -- Install configuration: ""
[6.596s] -- Installing: /home/gordonc/alpha_test/install/moveit_resources_prbt_support/share/ament_index/resource_index/package_run_dependencies/moveit_resources_prbt_support
[6.596s] -- Installing: /home/gordonc/alpha_test/install/moveit_resources_prbt_support/share/ament_index/resource_index/parent_prefix_path/moveit_resources_prbt_support
[6.596s] -- Installing: /home/gordonc/alpha_test/install/moveit_resources_prbt_support/share/moveit_resources_prbt_support/environment/ament_prefix_path.sh
[6.597s] -- Installing: /home/gordonc/alpha_test/install/moveit_resources_prbt_support/share/moveit_resources_prbt_support/environment/ament_prefix_path.dsv
[6.597s] -- Installing: /home/gordonc/alpha_test/install/moveit_resources_prbt_support/share/moveit_resources_prbt_support/environment/path.sh
[6.597s] -- Installing: /home/gordonc/alpha_test/install/moveit_resources_prbt_support/share/moveit_resources_prbt_support/environment/path.dsv
[6.597s] -- Installing: /home/gordonc/alpha_test/install/moveit_resources_prbt_support/share/moveit_resources_prbt_support/local_setup.bash
[6.597s] -- Installing: /home/gordonc/alpha_test/install/moveit_resources_prbt_support/share/moveit_resources_prbt_support/local_setup.sh
[6.598s] -- Installing: /home/gordonc/alpha_test/install/moveit_resources_prbt_support/share/moveit_resources_prbt_support/local_setup.zsh
[6.598s] -- Installing: /home/gordonc/alpha_test/install/moveit_resources_prbt_support/share/moveit_resources_prbt_support/local_setup.dsv
[6.598s] -- Installing: /home/gordonc/alpha_test/install/moveit_resources_prbt_support/share/moveit_resources_prbt_support/package.dsv
[6.598s] -- Installing: /home/gordonc/alpha_test/install/moveit_resources_prbt_support/share/ament_index/resource_index/packages/moveit_resources_prbt_support
[6.599s] -- Installing: /home/gordonc/alpha_test/install/moveit_resources_prbt_support/share/moveit_resources_prbt_support/cmake/moveit_resources_prbt_supportConfig.cmake
[6.599s] -- Installing: /home/gordonc/alpha_test/install/moveit_resources_prbt_support/share/moveit_resources_prbt_support/cmake/moveit_resources_prbt_supportConfig-version.cmake
[6.599s] -- Installing: /home/gordonc/alpha_test/install/moveit_resources_prbt_support/share/moveit_resources_prbt_support/package.xml
[6.600s] -- Installing: /home/gordonc/alpha_test/install/moveit_resources_prbt_support/share/moveit_resources_prbt_support/urdf
[6.600s] -- Installing: /home/gordonc/alpha_test/install/moveit_resources_prbt_support/share/moveit_resources_prbt_support/urdf/prbt_macro.xacro
[6.600s] -- Installing: /home/gordonc/alpha_test/install/moveit_resources_prbt_support/share/moveit_resources_prbt_support/urdf/simple_gripper_brackets.urdf.xacro
[6.600s] -- Installing: /home/gordonc/alpha_test/install/moveit_resources_prbt_support/share/moveit_resources_prbt_support/urdf/prbt.ros2_control.xacro
[6.600s] -- Installing: /home/gordonc/alpha_test/install/moveit_resources_prbt_support/share/moveit_resources_prbt_support/urdf/prbt.xacro
[6.601s] -- Installing: /home/gordonc/alpha_test/install/moveit_resources_prbt_support/share/moveit_resources_prbt_support/meshes
[6.601s] -- Installing: /home/gordonc/alpha_test/install/moveit_resources_prbt_support/share/moveit_resources_prbt_support/meshes/link_2.stl
[6.601s] -- Installing: /home/gordonc/alpha_test/install/moveit_resources_prbt_support/share/moveit_resources_prbt_support/meshes/foot.stl
[6.603s] -- Installing: /home/gordonc/alpha_test/install/moveit_resources_prbt_support/share/moveit_resources_prbt_support/meshes/link_1.dae
[6.608s] -- Installing: /home/gordonc/alpha_test/install/moveit_resources_prbt_support/share/moveit_resources_prbt_support/meshes/link_3.stl
[6.608s] -- Installing: /home/gordonc/alpha_test/install/moveit_resources_prbt_support/share/moveit_resources_prbt_support/meshes/link_4.stl
[6.609s] -- Installing: /home/gordonc/alpha_test/install/moveit_resources_prbt_support/share/moveit_resources_prbt_support/meshes/link_1.stl
[6.609s] -- Installing: /home/gordonc/alpha_test/install/moveit_resources_prbt_support/share/moveit_resources_prbt_support/meshes/link_5.stl
[6.610s] -- Installing: /home/gordonc/alpha_test/install/moveit_resources_prbt_support/share/moveit_resources_prbt_support/meshes/link_5.dae
[6.612s] -- Installing: /home/gordonc/alpha_test/install/moveit_resources_prbt_support/share/moveit_resources_prbt_support/meshes/link_3.dae
[6.614s] -- Installing: /home/gordonc/alpha_test/install/moveit_resources_prbt_support/share/moveit_resources_prbt_support/meshes/foot.dae
[6.618s] -- Installing: /home/gordonc/alpha_test/install/moveit_resources_prbt_support/share/moveit_resources_prbt_support/meshes/flange.dae
[6.618s] -- Installing: /home/gordonc/alpha_test/install/moveit_resources_prbt_support/share/moveit_resources_prbt_support/meshes/link_4.dae
[6.621s] -- Installing: /home/gordonc/alpha_test/install/moveit_resources_prbt_support/share/moveit_resources_prbt_support/meshes/link_2.dae
[6.625s] -- Installing: /home/gordonc/alpha_test/install/moveit_resources_prbt_support/share/moveit_resources_prbt_support/meshes/flange.stl
[6.625s] -- Installing: /home/gordonc/alpha_test/install/moveit_resources_prbt_support/share/moveit_resources_prbt_support/config
[6.626s] -- Installing: /home/gordonc/alpha_test/install/moveit_resources_prbt_support/share/moveit_resources_prbt_support/config/manipulator_controller.yaml
[6.626s] -- Installing: /home/gordonc/alpha_test/install/moveit_resources_prbt_support/share/moveit_resources_prbt_support/config/manipulator_driver.yaml
[6.626s] -- Installing: /home/gordonc/alpha_test/install/moveit_resources_prbt_support/share/moveit_resources_prbt_support/config/prbt_0_1.dcf
[6.636s] Invoked command in '/home/gordonc/alpha_test/build/moveit_resources_prbt_support' returned '0': CMAKE_PREFIX_PATH=${CMAKE_PREFIX_PATH}:/home/gordonc/colcon_ws/install/blue_manager:/home/gordonc/colcon_ws/install/blue_localization:/home/gordonc/colcon_ws/install/blue_joy:/opt/ros/humble /usr/bin/cmake --install /home/gordonc/alpha_test/build/moveit_resources_prbt_support
