[0.077s] Invoking command in '/home/gordonc/alpha_test/build/rviz_visual_tools': CMAKE_PREFIX_PATH=${CMAKE_PREFIX_PATH}:/home/gordonc/colcon_ws/install/blue_manager:/home/gordonc/colcon_ws/install/blue_localization:/home/gordonc/colcon_ws/install/blue_joy:/opt/ros/humble /usr/bin/cmake --build /home/gordonc/alpha_test/build/rviz_visual_tools -- -j8 -l8
[0.258s] [  2%] [34m[1mAutomatic MOC for target gtest_main[0m
[0.273s] [  5%] [34m[1mAutomatic MOC for target rviz_visual_tools_gui[0m
[0.277s] [  7%] [34m[1mAutomatic MOC for target rviz_visual_tools_remote_control[0m
[0.283s] [ 10%] [34m[1mAutomatic MOC for target gtest[0m
[0.352s] [ 10%] Built target gtest_main_autogen
[0.371s] [ 10%] Built target rviz_visual_tools_remote_control_autogen
[0.380s] [ 10%] Built target gtest_autogen
[0.391s] [ 10%] Built target rviz_visual_tools_gui_autogen
[0.467s] [ 17%] Built target gtest_main
[0.499s] [ 25%] Built target gtest
[0.500s] [ 33%] Built target rviz_visual_tools_remote_control
[0.537s] [ 46%] Built target rviz_visual_tools_gui
[0.570s] [ 48%] [34m[1mAutomatic MOC for target rviz_visual_tools[0m
[0.628s] [ 48%] Built target rviz_visual_tools_autogen
[0.711s] [ 58%] Built target rviz_visual_tools
[0.785s] [ 61%] [34m[1mAutomatic MOC for target rviz_visual_tools_demo[0m
[0.786s] [ 64%] [34m[1mAutomatic MOC for target rviz_visual_tools_imarker_simple[0m
[0.788s] [ 66%] [34m[1mAutomatic MOC for target rviz_visual_tools_rvt_test[0m
[0.850s] [ 66%] Built target rviz_visual_tools_imarker_simple_autogen
[0.851s] [ 66%] Built target rviz_visual_tools_rvt_test_autogen
[0.851s] [ 66%] Built target rviz_visual_tools_demo_autogen
[0.937s] [ 82%] Built target rviz_visual_tools_rvt_test
[0.938s] [ 82%] Built target rviz_visual_tools_demo
[0.940s] [ 89%] Built target rviz_visual_tools_imarker_simple
[1.001s] [ 92%] [34m[1mAutomatic MOC for target rviz_visual_tools_imarker_simple_demo[0m
[1.056s] [ 92%] Built target rviz_visual_tools_imarker_simple_demo_autogen
[1.128s] [100%] Built target rviz_visual_tools_imarker_simple_demo
[1.159s] Invoked command in '/home/gordonc/alpha_test/build/rviz_visual_tools' returned '0': CMAKE_PREFIX_PATH=${CMAKE_PREFIX_PATH}:/home/gordonc/colcon_ws/install/blue_manager:/home/gordonc/colcon_ws/install/blue_localization:/home/gordonc/colcon_ws/install/blue_joy:/opt/ros/humble /usr/bin/cmake --build /home/gordonc/alpha_test/build/rviz_visual_tools -- -j8 -l8
[1.436s] Invoking command in '/home/gordonc/alpha_test/build/rviz_visual_tools': CMAKE_PREFIX_PATH=${CMAKE_PREFIX_PATH}:/home/gordonc/colcon_ws/install/blue_manager:/home/gordonc/colcon_ws/install/blue_localization:/home/gordonc/colcon_ws/install/blue_joy:/opt/ros/humble /usr/bin/cmake --install /home/gordonc/alpha_test/build/rviz_visual_tools
[1.455s] -- Install configuration: ""
[1.455s] -- Up-to-date: /home/gordonc/alpha_test/install/rviz_visual_tools/share/rviz_visual_tools/plugin_description.xml
[1.455s] -- Up-to-date: /home/gordonc/alpha_test/install/rviz_visual_tools/lib/librviz_visual_tools.so
[1.456s] -- Up-to-date: /home/gordonc/alpha_test/install/rviz_visual_tools/lib/librviz_visual_tools_remote_control.so
[1.457s] -- Up-to-date: /home/gordonc/alpha_test/install/rviz_visual_tools/lib/librviz_visual_tools_gui.so
[1.458s] -- Up-to-date: /home/gordonc/alpha_test/install/rviz_visual_tools/lib/librviz_visual_tools_imarker_simple.so
[1.459s] -- Up-to-date: /home/gordonc/alpha_test/install/rviz_visual_tools/lib/rviz_visual_tools/rviz_visual_tools_demo
[1.459s] -- Up-to-date: /home/gordonc/alpha_test/install/rviz_visual_tools/lib/rviz_visual_tools/rviz_visual_tools_imarker_simple_demo
[1.460s] -- Up-to-date: /home/gordonc/alpha_test/install/rviz_visual_tools/include
[1.460s] -- Up-to-date: /home/gordonc/alpha_test/install/rviz_visual_tools/include/rviz_visual_tools
[1.461s] -- Up-to-date: /home/gordonc/alpha_test/install/rviz_visual_tools/include/rviz_visual_tools/rviz_visual_tools.hpp
[1.461s] -- Up-to-date: /home/gordonc/alpha_test/install/rviz_visual_tools/include/rviz_visual_tools/rviz_visual_tools_gui.hpp
[1.462s] -- Up-to-date: /home/gordonc/alpha_test/install/rviz_visual_tools/include/rviz_visual_tools/imarker_simple.hpp
[1.462s] -- Up-to-date: /home/gordonc/alpha_test/install/rviz_visual_tools/include/rviz_visual_tools/key_tool.hpp
[1.463s] -- Up-to-date: /home/gordonc/alpha_test/install/rviz_visual_tools/include/rviz_visual_tools/remote_control.hpp
[1.463s] -- Up-to-date: /home/gordonc/alpha_test/install/rviz_visual_tools/include/rviz_visual_tools/tf_visual_tools.hpp
[1.463s] -- Up-to-date: /home/gordonc/alpha_test/install/rviz_visual_tools/include/rviz_visual_tools/remote_reciever.hpp
[1.464s] -- Up-to-date: /home/gordonc/alpha_test/install/rviz_visual_tools/share/rviz_visual_tools/launch
[1.465s] -- Up-to-date: /home/gordonc/alpha_test/install/rviz_visual_tools/share/rviz_visual_tools/launch/demo_rviz.launch.py
[1.466s] -- Up-to-date: /home/gordonc/alpha_test/install/rviz_visual_tools/share/rviz_visual_tools/launch/demo_combined.launch.py
[1.466s] -- Up-to-date: /home/gordonc/alpha_test/install/rviz_visual_tools/share/rviz_visual_tools/launch/rvt_test.launch
[1.466s] -- Up-to-date: /home/gordonc/alpha_test/install/rviz_visual_tools/share/rviz_visual_tools/launch/demo.rviz
[1.466s] -- Up-to-date: /home/gordonc/alpha_test/install/rviz_visual_tools/share/rviz_visual_tools/environment/library_path.sh
[1.466s] -- Up-to-date: /home/gordonc/alpha_test/install/rviz_visual_tools/share/rviz_visual_tools/environment/library_path.dsv
[1.467s] -- Up-to-date: /home/gordonc/alpha_test/install/rviz_visual_tools/share/ament_index/resource_index/package_run_dependencies/rviz_visual_tools
[1.467s] -- Up-to-date: /home/gordonc/alpha_test/install/rviz_visual_tools/share/ament_index/resource_index/parent_prefix_path/rviz_visual_tools
[1.467s] -- Up-to-date: /home/gordonc/alpha_test/install/rviz_visual_tools/share/rviz_visual_tools/environment/ament_prefix_path.sh
[1.467s] -- Up-to-date: /home/gordonc/alpha_test/install/rviz_visual_tools/share/rviz_visual_tools/environment/ament_prefix_path.dsv
[1.468s] -- Up-to-date: /home/gordonc/alpha_test/install/rviz_visual_tools/share/rviz_visual_tools/environment/path.sh
[1.468s] -- Up-to-date: /home/gordonc/alpha_test/install/rviz_visual_tools/share/rviz_visual_tools/environment/path.dsv
[1.468s] -- Up-to-date: /home/gordonc/alpha_test/install/rviz_visual_tools/share/rviz_visual_tools/local_setup.bash
[1.469s] -- Up-to-date: /home/gordonc/alpha_test/install/rviz_visual_tools/share/rviz_visual_tools/local_setup.sh
[1.470s] -- Up-to-date: /home/gordonc/alpha_test/install/rviz_visual_tools/share/rviz_visual_tools/local_setup.zsh
[1.472s] -- Up-to-date: /home/gordonc/alpha_test/install/rviz_visual_tools/share/rviz_visual_tools/local_setup.dsv
[1.472s] -- Installing: /home/gordonc/alpha_test/install/rviz_visual_tools/share/rviz_visual_tools/package.dsv
[1.473s] -- Up-to-date: /home/gordonc/alpha_test/install/rviz_visual_tools/share/ament_index/resource_index/packages/rviz_visual_tools
[1.473s] -- Up-to-date: /home/gordonc/alpha_test/install/rviz_visual_tools/share/ament_index/resource_index/rviz_common__pluginlib__plugin/rviz_visual_tools
[1.474s] -- Up-to-date: /home/gordonc/alpha_test/install/rviz_visual_tools/share/rviz_visual_tools/cmake/export_rviz_visual_toolsExport.cmake
[1.475s] -- Up-to-date: /home/gordonc/alpha_test/install/rviz_visual_tools/share/rviz_visual_tools/cmake/export_rviz_visual_toolsExport-noconfig.cmake
[1.475s] -- Up-to-date: /home/gordonc/alpha_test/install/rviz_visual_tools/share/rviz_visual_tools/cmake/ament_cmake_export_targets-extras.cmake
[1.476s] -- Up-to-date: /home/gordonc/alpha_test/install/rviz_visual_tools/share/rviz_visual_tools/cmake/ament_cmake_export_dependencies-extras.cmake
[1.476s] -- Up-to-date: /home/gordonc/alpha_test/install/rviz_visual_tools/share/rviz_visual_tools/cmake/ament_cmake_export_include_directories-extras.cmake
[1.476s] -- Up-to-date: /home/gordonc/alpha_test/install/rviz_visual_tools/share/rviz_visual_tools/cmake/ament_cmake_export_libraries-extras.cmake
[1.476s] -- Up-to-date: /home/gordonc/alpha_test/install/rviz_visual_tools/share/rviz_visual_tools/cmake/rviz_visual_toolsConfig.cmake
[1.477s] -- Up-to-date: /home/gordonc/alpha_test/install/rviz_visual_tools/share/rviz_visual_tools/cmake/rviz_visual_toolsConfig-version.cmake
[1.477s] -- Up-to-date: /home/gordonc/alpha_test/install/rviz_visual_tools/share/rviz_visual_tools/package.xml
[1.477s] Invoked command in '/home/gordonc/alpha_test/build/rviz_visual_tools' returned '0': CMAKE_PREFIX_PATH=${CMAKE_PREFIX_PATH}:/home/gordonc/colcon_ws/install/blue_manager:/home/gordonc/colcon_ws/install/blue_localization:/home/gordonc/colcon_ws/install/blue_joy:/opt/ros/humble /usr/bin/cmake --install /home/gordonc/alpha_test/build/rviz_visual_tools
