[0.163s] DEBUG:colcon:Command line arguments: ['/usr/bin/colcon', 'build']
[0.164s] DEBUG:colcon:Parsed command line arguments: Namespace(log_base=None, log_level=None, verb_name='build', build_base='build', install_base='install', merge_install=False, symlink_install=False, test_result_base=None, continue_on_error=False, executor='parallel', parallel_workers=8, event_handlers=None, ignore_user_meta=False, metas=['./colcon.meta'], base_paths=['.'], packages_ignore=None, packages_ignore_regex=None, paths=None, packages_up_to=None, packages_up_to_regex=None, packages_above=None, packages_above_and_dependencies=None, packages_above_depth=None, packages_select_by_dep=None, packages_skip_by_dep=None, packages_skip_up_to=None, packages_select_build_failed=False, packages_skip_build_finished=False, packages_select_test_failures=False, packages_skip_test_passed=False, packages_select=None, packages_skip=None, packages_select_regex=None, packages_skip_regex=None, packages_start=None, packages_end=None, allow_overriding=[], cmake_args=None, cmake_target=None, cmake_target_skip_unavailable=False, cmake_clean_cache=False, cmake_clean_first=False, cmake_force_configure=False, ament_cmake_args=None, catkin_cmake_args=None, catkin_skip_building_tests=False, mixin_files=None, mixin=None, verb_parser=<colcon_mixin.mixin.mixin_argument.MixinArgumentDecorator object at 0x7e533ab606a0>, verb_extension=<colcon_core.verb.build.BuildVerb object at 0x7e533ac70cd0>, main=<bound method BuildVerb.main of <colcon_core.verb.build.BuildVerb object at 0x7e533ac70cd0>>, mixin_verb=('build',))
[0.212s] Level 1:colcon.colcon_core.package_discovery:discover_packages(colcon_meta) check parameters
[0.212s] Level 1:colcon.colcon_core.package_discovery:discover_packages(recursive) check parameters
[0.212s] Level 1:colcon.colcon_core.package_discovery:discover_packages(ignore) check parameters
[0.212s] Level 1:colcon.colcon_core.package_discovery:discover_packages(path) check parameters
[0.212s] Level 1:colcon.colcon_core.package_discovery:discover_packages(colcon_meta) discover
[0.213s] Level 1:colcon.colcon_core.package_discovery:discover_packages(recursive) discover
[0.213s] INFO:colcon.colcon_core.package_discovery:Crawling recursively for packages in '/home/gordonc/alpha_test'
[0.213s] Level 1:colcon.colcon_core.package_identification:_identify(.) by extensions ['ignore', 'ignore_ament_install']
[0.213s] Level 1:colcon.colcon_core.package_identification:_identify(.) by extension 'ignore'
[0.213s] Level 1:colcon.colcon_core.package_identification:_identify(.) by extension 'ignore_ament_install'
[0.213s] Level 1:colcon.colcon_core.package_identification:_identify(.) by extensions ['colcon_pkg']
[0.213s] Level 1:colcon.colcon_core.package_identification:_identify(.) by extension 'colcon_pkg'
[0.213s] Level 1:colcon.colcon_core.package_identification:_identify(.) by extensions ['colcon_meta']
[0.213s] Level 1:colcon.colcon_core.package_identification:_identify(.) by extension 'colcon_meta'
[0.213s] Level 1:colcon.colcon_core.package_identification:_identify(.) by extensions ['ros']
[0.213s] Level 1:colcon.colcon_core.package_identification:_identify(.) by extension 'ros'
[0.233s] Level 1:colcon.colcon_core.package_identification:_identify(.) by extensions ['cmake', 'python']
[0.233s] Level 1:colcon.colcon_core.package_identification:_identify(.) by extension 'cmake'
[0.233s] Level 1:colcon.colcon_core.package_identification:_identify(.) by extension 'python'
[0.233s] Level 1:colcon.colcon_core.package_identification:_identify(.) by extensions ['python_setup_py']
[0.233s] Level 1:colcon.colcon_core.package_identification:_identify(.) by extension 'python_setup_py'
[0.234s] Level 1:colcon.colcon_core.package_identification:_identify(build) by extensions ['ignore', 'ignore_ament_install']
[0.234s] Level 1:colcon.colcon_core.package_identification:_identify(build) by extension 'ignore'
[0.234s] Level 1:colcon.colcon_core.package_identification:_identify(build) ignored
[0.234s] Level 1:colcon.colcon_core.package_identification:_identify(install) by extensions ['ignore', 'ignore_ament_install']
[0.234s] Level 1:colcon.colcon_core.package_identification:_identify(install) by extension 'ignore'
[0.234s] Level 1:colcon.colcon_core.package_identification:_identify(install) ignored
[0.234s] Level 1:colcon.colcon_core.package_identification:_identify(log) by extensions ['ignore', 'ignore_ament_install']
[0.234s] Level 1:colcon.colcon_core.package_identification:_identify(log) by extension 'ignore'
[0.235s] Level 1:colcon.colcon_core.package_identification:_identify(log) ignored
[0.235s] Level 1:colcon.colcon_core.package_identification:_identify(src) by extensions ['ignore', 'ignore_ament_install']
[0.235s] Level 1:colcon.colcon_core.package_identification:_identify(src) by extension 'ignore'
[0.235s] Level 1:colcon.colcon_core.package_identification:_identify(src) by extension 'ignore_ament_install'
[0.235s] Level 1:colcon.colcon_core.package_identification:_identify(src) by extensions ['colcon_pkg']
[0.235s] Level 1:colcon.colcon_core.package_identification:_identify(src) by extension 'colcon_pkg'
[0.235s] Level 1:colcon.colcon_core.package_identification:_identify(src) by extensions ['colcon_meta']
[0.235s] Level 1:colcon.colcon_core.package_identification:_identify(src) by extension 'colcon_meta'
[0.235s] Level 1:colcon.colcon_core.package_identification:_identify(src) by extensions ['ros']
[0.235s] Level 1:colcon.colcon_core.package_identification:_identify(src) by extension 'ros'
[0.235s] Level 1:colcon.colcon_core.package_identification:_identify(src) by extensions ['cmake', 'python']
[0.235s] Level 1:colcon.colcon_core.package_identification:_identify(src) by extension 'cmake'
[0.236s] Level 1:colcon.colcon_core.package_identification:_identify(src) by extension 'python'
[0.236s] Level 1:colcon.colcon_core.package_identification:_identify(src) by extensions ['python_setup_py']
[0.236s] Level 1:colcon.colcon_core.package_identification:_identify(src) by extension 'python_setup_py'
[0.236s] Level 1:colcon.colcon_core.package_identification:_identify(src/alpha) by extensions ['ignore', 'ignore_ament_install']
[0.236s] Level 1:colcon.colcon_core.package_identification:_identify(src/alpha) by extension 'ignore'
[0.236s] Level 1:colcon.colcon_core.package_identification:_identify(src/alpha) by extension 'ignore_ament_install'
[0.236s] Level 1:colcon.colcon_core.package_identification:_identify(src/alpha) by extensions ['colcon_pkg']
[0.236s] Level 1:colcon.colcon_core.package_identification:_identify(src/alpha) by extension 'colcon_pkg'
[0.236s] Level 1:colcon.colcon_core.package_identification:_identify(src/alpha) by extensions ['colcon_meta']
[0.236s] Level 1:colcon.colcon_core.package_identification:_identify(src/alpha) by extension 'colcon_meta'
[0.236s] Level 1:colcon.colcon_core.package_identification:_identify(src/alpha) by extensions ['ros']
[0.236s] Level 1:colcon.colcon_core.package_identification:_identify(src/alpha) by extension 'ros'
[0.236s] Level 1:colcon.colcon_core.package_identification:_identify(src/alpha) by extensions ['cmake', 'python']
[0.237s] Level 1:colcon.colcon_core.package_identification:_identify(src/alpha) by extension 'cmake'
[0.237s] Level 1:colcon.colcon_core.package_identification:_identify(src/alpha) by extension 'python'
[0.237s] Level 1:colcon.colcon_core.package_identification:_identify(src/alpha) by extensions ['python_setup_py']
[0.237s] Level 1:colcon.colcon_core.package_identification:_identify(src/alpha) by extension 'python_setup_py'
[0.237s] Level 1:colcon.colcon_core.package_identification:_identify(src/alpha/alpha_bringup) by extensions ['ignore', 'ignore_ament_install']
[0.237s] Level 1:colcon.colcon_core.package_identification:_identify(src/alpha/alpha_bringup) by extension 'ignore'
[0.237s] Level 1:colcon.colcon_core.package_identification:_identify(src/alpha/alpha_bringup) by extension 'ignore_ament_install'
[0.237s] Level 1:colcon.colcon_core.package_identification:_identify(src/alpha/alpha_bringup) by extensions ['colcon_pkg']
[0.237s] Level 1:colcon.colcon_core.package_identification:_identify(src/alpha/alpha_bringup) by extension 'colcon_pkg'
[0.237s] Level 1:colcon.colcon_core.package_identification:_identify(src/alpha/alpha_bringup) by extensions ['colcon_meta']
[0.237s] Level 1:colcon.colcon_core.package_identification:_identify(src/alpha/alpha_bringup) by extension 'colcon_meta'
[0.237s] Level 1:colcon.colcon_core.package_identification:_identify(src/alpha/alpha_bringup) by extensions ['ros']
[0.237s] Level 1:colcon.colcon_core.package_identification:_identify(src/alpha/alpha_bringup) by extension 'ros'
[0.241s] DEBUG:colcon.colcon_core.package_identification:Package 'src/alpha/alpha_bringup' with type 'ros.ament_cmake' and name 'alpha_bringup'
[0.241s] Level 1:colcon.colcon_core.package_identification:_identify(src/alpha/alpha_description) by extensions ['ignore', 'ignore_ament_install']
[0.241s] Level 1:colcon.colcon_core.package_identification:_identify(src/alpha/alpha_description) by extension 'ignore'
[0.241s] Level 1:colcon.colcon_core.package_identification:_identify(src/alpha/alpha_description) by extension 'ignore_ament_install'
[0.241s] Level 1:colcon.colcon_core.package_identification:_identify(src/alpha/alpha_description) by extensions ['colcon_pkg']
[0.241s] Level 1:colcon.colcon_core.package_identification:_identify(src/alpha/alpha_description) by extension 'colcon_pkg'
[0.241s] Level 1:colcon.colcon_core.package_identification:_identify(src/alpha/alpha_description) by extensions ['colcon_meta']
[0.241s] Level 1:colcon.colcon_core.package_identification:_identify(src/alpha/alpha_description) by extension 'colcon_meta'
[0.241s] Level 1:colcon.colcon_core.package_identification:_identify(src/alpha/alpha_description) by extensions ['ros']
[0.241s] Level 1:colcon.colcon_core.package_identification:_identify(src/alpha/alpha_description) by extension 'ros'
[0.242s] DEBUG:colcon.colcon_core.package_identification:Package 'src/alpha/alpha_description' with type 'ros.ament_cmake' and name 'alpha_description'
[0.242s] Level 1:colcon.colcon_core.package_identification:_identify(src/alpha/alpha_driver) by extensions ['ignore', 'ignore_ament_install']
[0.242s] Level 1:colcon.colcon_core.package_identification:_identify(src/alpha/alpha_driver) by extension 'ignore'
[0.242s] Level 1:colcon.colcon_core.package_identification:_identify(src/alpha/alpha_driver) by extension 'ignore_ament_install'
[0.242s] Level 1:colcon.colcon_core.package_identification:_identify(src/alpha/alpha_driver) by extensions ['colcon_pkg']
[0.242s] Level 1:colcon.colcon_core.package_identification:_identify(src/alpha/alpha_driver) by extension 'colcon_pkg'
[0.242s] Level 1:colcon.colcon_core.package_identification:_identify(src/alpha/alpha_driver) by extensions ['colcon_meta']
[0.242s] Level 1:colcon.colcon_core.package_identification:_identify(src/alpha/alpha_driver) by extension 'colcon_meta'
[0.242s] Level 1:colcon.colcon_core.package_identification:_identify(src/alpha/alpha_driver) by extensions ['ros']
[0.243s] Level 1:colcon.colcon_core.package_identification:_identify(src/alpha/alpha_driver) by extension 'ros'
[0.243s] DEBUG:colcon.colcon_core.package_identification:Package 'src/alpha/alpha_driver' with type 'ros.ament_cmake' and name 'alpha_driver'
[0.243s] Level 1:colcon.colcon_core.package_identification:_identify(src/alpha/alpha_hardware) by extensions ['ignore', 'ignore_ament_install']
[0.243s] Level 1:colcon.colcon_core.package_identification:_identify(src/alpha/alpha_hardware) by extension 'ignore'
[0.243s] Level 1:colcon.colcon_core.package_identification:_identify(src/alpha/alpha_hardware) by extension 'ignore_ament_install'
[0.244s] Level 1:colcon.colcon_core.package_identification:_identify(src/alpha/alpha_hardware) by extensions ['colcon_pkg']
[0.244s] Level 1:colcon.colcon_core.package_identification:_identify(src/alpha/alpha_hardware) by extension 'colcon_pkg'
[0.244s] Level 1:colcon.colcon_core.package_identification:_identify(src/alpha/alpha_hardware) by extensions ['colcon_meta']
[0.244s] Level 1:colcon.colcon_core.package_identification:_identify(src/alpha/alpha_hardware) by extension 'colcon_meta'
[0.244s] Level 1:colcon.colcon_core.package_identification:_identify(src/alpha/alpha_hardware) by extensions ['ros']
[0.244s] Level 1:colcon.colcon_core.package_identification:_identify(src/alpha/alpha_hardware) by extension 'ros'
[0.245s] DEBUG:colcon.colcon_core.package_identification:Package 'src/alpha/alpha_hardware' with type 'ros.ament_cmake' and name 'alpha_hardware'
[0.245s] Level 1:colcon.colcon_core.package_identification:_identify(src/alpha_moveit) by extensions ['ignore', 'ignore_ament_install']
[0.245s] Level 1:colcon.colcon_core.package_identification:_identify(src/alpha_moveit) by extension 'ignore'
[0.245s] Level 1:colcon.colcon_core.package_identification:_identify(src/alpha_moveit) by extension 'ignore_ament_install'
[0.245s] Level 1:colcon.colcon_core.package_identification:_identify(src/alpha_moveit) by extensions ['colcon_pkg']
[0.245s] Level 1:colcon.colcon_core.package_identification:_identify(src/alpha_moveit) by extension 'colcon_pkg'
[0.245s] Level 1:colcon.colcon_core.package_identification:_identify(src/alpha_moveit) by extensions ['colcon_meta']
[0.245s] Level 1:colcon.colcon_core.package_identification:_identify(src/alpha_moveit) by extension 'colcon_meta'
[0.245s] Level 1:colcon.colcon_core.package_identification:_identify(src/alpha_moveit) by extensions ['ros']
[0.246s] Level 1:colcon.colcon_core.package_identification:_identify(src/alpha_moveit) by extension 'ros'
[0.246s] DEBUG:colcon.colcon_core.package_identification:Package 'src/alpha_moveit' with type 'ros.ament_cmake' and name 'alpha_moveit'
[0.246s] Level 1:colcon.colcon_core.package_discovery:discover_packages(recursive) using defaults
[0.246s] Level 1:colcon.colcon_core.package_discovery:discover_packages(ignore) discover
[0.246s] Level 1:colcon.colcon_core.package_discovery:discover_packages(ignore) using defaults
[0.246s] Level 1:colcon.colcon_core.package_discovery:discover_packages(path) discover
[0.246s] Level 1:colcon.colcon_core.package_discovery:discover_packages(path) using defaults
[0.274s] Level 1:colcon.colcon_core.package_discovery:discover_packages(prefix_path) check parameters
[0.274s] Level 1:colcon.colcon_core.package_discovery:discover_packages(prefix_path) discover
[0.278s] DEBUG:colcon.colcon_installed_package_information.package_discovery:Found 10 installed packages in /home/gordonc/alpha_test/install
[0.280s] DEBUG:colcon.colcon_installed_package_information.package_discovery:Found 35 installed packages in /home/gordonc/colcon_ws/install
[0.283s] DEBUG:colcon.colcon_installed_package_information.package_discovery:Found 425 installed packages in /opt/ros/humble
[0.286s] Level 1:colcon.colcon_core.package_discovery:discover_packages(prefix_path) using defaults
[0.406s] Level 5:colcon.colcon_core.verb:set package 'alpha_description' build argument 'cmake_args' from command line to 'None'
[0.406s] Level 5:colcon.colcon_core.verb:set package 'alpha_description' build argument 'cmake_target' from command line to 'None'
[0.406s] Level 5:colcon.colcon_core.verb:set package 'alpha_description' build argument 'cmake_target_skip_unavailable' from command line to 'False'
[0.406s] Level 5:colcon.colcon_core.verb:set package 'alpha_description' build argument 'cmake_clean_cache' from command line to 'False'
[0.406s] Level 5:colcon.colcon_core.verb:set package 'alpha_description' build argument 'cmake_clean_first' from command line to 'False'
[0.406s] Level 5:colcon.colcon_core.verb:set package 'alpha_description' build argument 'cmake_force_configure' from command line to 'False'
[0.406s] Level 5:colcon.colcon_core.verb:set package 'alpha_description' build argument 'ament_cmake_args' from command line to 'None'
[0.406s] Level 5:colcon.colcon_core.verb:set package 'alpha_description' build argument 'catkin_cmake_args' from command line to 'None'
[0.406s] Level 5:colcon.colcon_core.verb:set package 'alpha_description' build argument 'catkin_skip_building_tests' from command line to 'False'
[0.406s] DEBUG:colcon.colcon_core.verb:Building package 'alpha_description' with the following arguments: {'ament_cmake_args': None, 'build_base': '/home/gordonc/alpha_test/build/alpha_description', 'catkin_cmake_args': None, 'catkin_skip_building_tests': False, 'cmake_args': None, 'cmake_clean_cache': False, 'cmake_clean_first': False, 'cmake_force_configure': False, 'cmake_target': None, 'cmake_target_skip_unavailable': False, 'install_base': '/home/gordonc/alpha_test/install/alpha_description', 'merge_install': False, 'path': '/home/gordonc/alpha_test/src/alpha/alpha_description', 'symlink_install': False, 'test_result_base': None}
[0.407s] Level 5:colcon.colcon_core.verb:set package 'alpha_driver' build argument 'cmake_args' from command line to 'None'
[0.407s] Level 5:colcon.colcon_core.verb:set package 'alpha_driver' build argument 'cmake_target' from command line to 'None'
[0.407s] Level 5:colcon.colcon_core.verb:set package 'alpha_driver' build argument 'cmake_target_skip_unavailable' from command line to 'False'
[0.407s] Level 5:colcon.colcon_core.verb:set package 'alpha_driver' build argument 'cmake_clean_cache' from command line to 'False'
[0.407s] Level 5:colcon.colcon_core.verb:set package 'alpha_driver' build argument 'cmake_clean_first' from command line to 'False'
[0.407s] Level 5:colcon.colcon_core.verb:set package 'alpha_driver' build argument 'cmake_force_configure' from command line to 'False'
[0.407s] Level 5:colcon.colcon_core.verb:set package 'alpha_driver' build argument 'ament_cmake_args' from command line to 'None'
[0.407s] Level 5:colcon.colcon_core.verb:set package 'alpha_driver' build argument 'catkin_cmake_args' from command line to 'None'
[0.407s] Level 5:colcon.colcon_core.verb:set package 'alpha_driver' build argument 'catkin_skip_building_tests' from command line to 'False'
[0.407s] DEBUG:colcon.colcon_core.verb:Building package 'alpha_driver' with the following arguments: {'ament_cmake_args': None, 'build_base': '/home/gordonc/alpha_test/build/alpha_driver', 'catkin_cmake_args': None, 'catkin_skip_building_tests': False, 'cmake_args': None, 'cmake_clean_cache': False, 'cmake_clean_first': False, 'cmake_force_configure': False, 'cmake_target': None, 'cmake_target_skip_unavailable': False, 'install_base': '/home/gordonc/alpha_test/install/alpha_driver', 'merge_install': False, 'path': '/home/gordonc/alpha_test/src/alpha/alpha_driver', 'symlink_install': False, 'test_result_base': None}
[0.407s] Level 5:colcon.colcon_core.verb:set package 'alpha_moveit' build argument 'cmake_args' from command line to 'None'
[0.407s] Level 5:colcon.colcon_core.verb:set package 'alpha_moveit' build argument 'cmake_target' from command line to 'None'
[0.407s] Level 5:colcon.colcon_core.verb:set package 'alpha_moveit' build argument 'cmake_target_skip_unavailable' from command line to 'False'
[0.407s] Level 5:colcon.colcon_core.verb:set package 'alpha_moveit' build argument 'cmake_clean_cache' from command line to 'False'
[0.407s] Level 5:colcon.colcon_core.verb:set package 'alpha_moveit' build argument 'cmake_clean_first' from command line to 'False'
[0.407s] Level 5:colcon.colcon_core.verb:set package 'alpha_moveit' build argument 'cmake_force_configure' from command line to 'False'
[0.407s] Level 5:colcon.colcon_core.verb:set package 'alpha_moveit' build argument 'ament_cmake_args' from command line to 'None'
[0.407s] Level 5:colcon.colcon_core.verb:set package 'alpha_moveit' build argument 'catkin_cmake_args' from command line to 'None'
[0.408s] Level 5:colcon.colcon_core.verb:set package 'alpha_moveit' build argument 'catkin_skip_building_tests' from command line to 'False'
[0.408s] DEBUG:colcon.colcon_core.verb:Building package 'alpha_moveit' with the following arguments: {'ament_cmake_args': None, 'build_base': '/home/gordonc/alpha_test/build/alpha_moveit', 'catkin_cmake_args': None, 'catkin_skip_building_tests': False, 'cmake_args': None, 'cmake_clean_cache': False, 'cmake_clean_first': False, 'cmake_force_configure': False, 'cmake_target': None, 'cmake_target_skip_unavailable': False, 'install_base': '/home/gordonc/alpha_test/install/alpha_moveit', 'merge_install': False, 'path': '/home/gordonc/alpha_test/src/alpha_moveit', 'symlink_install': False, 'test_result_base': None}
[0.408s] Level 5:colcon.colcon_core.verb:set package 'alpha_hardware' build argument 'cmake_args' from command line to 'None'
[0.408s] Level 5:colcon.colcon_core.verb:set package 'alpha_hardware' build argument 'cmake_target' from command line to 'None'
[0.408s] Level 5:colcon.colcon_core.verb:set package 'alpha_hardware' build argument 'cmake_target_skip_unavailable' from command line to 'False'
[0.408s] Level 5:colcon.colcon_core.verb:set package 'alpha_hardware' build argument 'cmake_clean_cache' from command line to 'False'
[0.408s] Level 5:colcon.colcon_core.verb:set package 'alpha_hardware' build argument 'cmake_clean_first' from command line to 'False'
[0.408s] Level 5:colcon.colcon_core.verb:set package 'alpha_hardware' build argument 'cmake_force_configure' from command line to 'False'
[0.408s] Level 5:colcon.colcon_core.verb:set package 'alpha_hardware' build argument 'ament_cmake_args' from command line to 'None'
[0.408s] Level 5:colcon.colcon_core.verb:set package 'alpha_hardware' build argument 'catkin_cmake_args' from command line to 'None'
[0.408s] Level 5:colcon.colcon_core.verb:set package 'alpha_hardware' build argument 'catkin_skip_building_tests' from command line to 'False'
[0.408s] DEBUG:colcon.colcon_core.verb:Building package 'alpha_hardware' with the following arguments: {'ament_cmake_args': None, 'build_base': '/home/gordonc/alpha_test/build/alpha_hardware', 'catkin_cmake_args': None, 'catkin_skip_building_tests': False, 'cmake_args': None, 'cmake_clean_cache': False, 'cmake_clean_first': False, 'cmake_force_configure': False, 'cmake_target': None, 'cmake_target_skip_unavailable': False, 'install_base': '/home/gordonc/alpha_test/install/alpha_hardware', 'merge_install': False, 'path': '/home/gordonc/alpha_test/src/alpha/alpha_hardware', 'symlink_install': False, 'test_result_base': None}
[0.409s] Level 5:colcon.colcon_core.verb:set package 'alpha_bringup' build argument 'cmake_args' from command line to 'None'
[0.409s] Level 5:colcon.colcon_core.verb:set package 'alpha_bringup' build argument 'cmake_target' from command line to 'None'
[0.409s] Level 5:colcon.colcon_core.verb:set package 'alpha_bringup' build argument 'cmake_target_skip_unavailable' from command line to 'False'
[0.409s] Level 5:colcon.colcon_core.verb:set package 'alpha_bringup' build argument 'cmake_clean_cache' from command line to 'False'
[0.409s] Level 5:colcon.colcon_core.verb:set package 'alpha_bringup' build argument 'cmake_clean_first' from command line to 'False'
[0.409s] Level 5:colcon.colcon_core.verb:set package 'alpha_bringup' build argument 'cmake_force_configure' from command line to 'False'
[0.409s] Level 5:colcon.colcon_core.verb:set package 'alpha_bringup' build argument 'ament_cmake_args' from command line to 'None'
[0.409s] Level 5:colcon.colcon_core.verb:set package 'alpha_bringup' build argument 'catkin_cmake_args' from command line to 'None'
[0.409s] Level 5:colcon.colcon_core.verb:set package 'alpha_bringup' build argument 'catkin_skip_building_tests' from command line to 'False'
[0.409s] DEBUG:colcon.colcon_core.verb:Building package 'alpha_bringup' with the following arguments: {'ament_cmake_args': None, 'build_base': '/home/gordonc/alpha_test/build/alpha_bringup', 'catkin_cmake_args': None, 'catkin_skip_building_tests': False, 'cmake_args': None, 'cmake_clean_cache': False, 'cmake_clean_first': False, 'cmake_force_configure': False, 'cmake_target': None, 'cmake_target_skip_unavailable': False, 'install_base': '/home/gordonc/alpha_test/install/alpha_bringup', 'merge_install': False, 'path': '/home/gordonc/alpha_test/src/alpha/alpha_bringup', 'symlink_install': False, 'test_result_base': None}
[0.409s] INFO:colcon.colcon_core.executor:Executing jobs using 'parallel' executor
[0.410s] DEBUG:colcon.colcon_parallel_executor.executor.parallel:run_until_complete
[0.411s] INFO:colcon.colcon_ros.task.ament_cmake.build:Building ROS package in '/home/gordonc/alpha_test/src/alpha/alpha_driver' with build type 'ament_cmake'
[0.411s] INFO:colcon.colcon_cmake.task.cmake.build:Building CMake package in '/home/gordonc/alpha_test/src/alpha/alpha_driver'
[0.414s] INFO:colcon.colcon_core.plugin_system:Skipping extension 'colcon_core.shell.bat': Not used on non-Windows systems
[0.414s] INFO:colcon.colcon_core.shell:Skip shell extension 'powershell' for command environment: Not usable outside of PowerShell
[0.414s] DEBUG:colcon.colcon_core.shell:Skip shell extension 'dsv' for command environment
[0.425s] INFO:colcon.colcon_ros.task.ament_cmake.build:Building ROS package in '/home/gordonc/alpha_test/src/alpha/alpha_description' with build type 'ament_cmake'
[0.425s] INFO:colcon.colcon_cmake.task.cmake.build:Building CMake package in '/home/gordonc/alpha_test/src/alpha/alpha_description'
[0.425s] INFO:colcon.colcon_core.shell:Skip shell extension 'powershell' for command environment: Not usable outside of PowerShell
[0.426s] DEBUG:colcon.colcon_core.shell:Skip shell extension 'dsv' for command environment
[0.436s] INFO:colcon.colcon_ros.task.ament_cmake.build:Building ROS package in '/home/gordonc/alpha_test/src/alpha_moveit' with build type 'ament_cmake'
[0.437s] INFO:colcon.colcon_cmake.task.cmake.build:Building CMake package in '/home/gordonc/alpha_test/src/alpha_moveit'
[0.437s] INFO:colcon.colcon_core.shell:Skip shell extension 'powershell' for command environment: Not usable outside of PowerShell
[0.437s] DEBUG:colcon.colcon_core.shell:Skip shell extension 'dsv' for command environment
[0.455s] DEBUG:colcon.colcon_core.event_handler.log_command:Invoking command in '/home/gordonc/alpha_test/build/alpha_driver': CMAKE_PREFIX_PATH=${CMAKE_PREFIX_PATH}:/home/gordonc/colcon_ws/install/blue_manager:/home/gordonc/colcon_ws/install/blue_localization:/home/gordonc/colcon_ws/install/blue_joy:/opt/ros/humble /usr/bin/cmake --build /home/gordonc/alpha_test/build/alpha_driver -- -j8 -l8
[0.463s] DEBUG:colcon.colcon_core.event_handler.log_command:Invoking command in '/home/gordonc/alpha_test/build/alpha_description': CMAKE_PREFIX_PATH=${CMAKE_PREFIX_PATH}:/home/gordonc/colcon_ws/install/blue_manager:/home/gordonc/colcon_ws/install/blue_localization:/home/gordonc/colcon_ws/install/blue_joy:/opt/ros/humble /usr/bin/cmake --build /home/gordonc/alpha_test/build/alpha_description -- -j8 -l8
[0.469s] DEBUG:colcon.colcon_core.event_handler.log_command:Invoking command in '/home/gordonc/alpha_test/build/alpha_moveit': CMAKE_PREFIX_PATH=${CMAKE_PREFIX_PATH}:/home/gordonc/colcon_ws/install/blue_manager:/home/gordonc/colcon_ws/install/blue_localization:/home/gordonc/colcon_ws/install/blue_joy:/opt/ros/humble /usr/bin/cmake --build /home/gordonc/alpha_test/build/alpha_moveit -- -j8 -l8
[0.532s] DEBUG:colcon.colcon_core.event_handler.log_command:Invoked command in '/home/gordonc/alpha_test/build/alpha_description' returned '0': CMAKE_PREFIX_PATH=${CMAKE_PREFIX_PATH}:/home/gordonc/colcon_ws/install/blue_manager:/home/gordonc/colcon_ws/install/blue_localization:/home/gordonc/colcon_ws/install/blue_joy:/opt/ros/humble /usr/bin/cmake --build /home/gordonc/alpha_test/build/alpha_description -- -j8 -l8
[0.604s] DEBUG:colcon.colcon_core.event_handler.log_command:Invoking command in '/home/gordonc/alpha_test/build/alpha_description': CMAKE_PREFIX_PATH=${CMAKE_PREFIX_PATH}:/home/gordonc/colcon_ws/install/blue_manager:/home/gordonc/colcon_ws/install/blue_localization:/home/gordonc/colcon_ws/install/blue_joy:/opt/ros/humble /usr/bin/cmake --install /home/gordonc/alpha_test/build/alpha_description
[0.631s] Level 1:colcon.colcon_core.environment:create_environment_scripts_only(alpha_description)
[0.642s] Level 1:colcon.colcon_core.environment:checking '/home/gordonc/alpha_test/install/alpha_description' for CMake module files
[0.645s] Level 1:colcon.colcon_core.environment:checking '/home/gordonc/alpha_test/install/alpha_description' for CMake config files
[0.646s] DEBUG:colcon.colcon_core.event_handler.log_command:Invoked command in '/home/gordonc/alpha_test/build/alpha_description' returned '0': CMAKE_PREFIX_PATH=${CMAKE_PREFIX_PATH}:/home/gordonc/colcon_ws/install/blue_manager:/home/gordonc/colcon_ws/install/blue_localization:/home/gordonc/colcon_ws/install/blue_joy:/opt/ros/humble /usr/bin/cmake --install /home/gordonc/alpha_test/build/alpha_description
[0.647s] Level 1:colcon.colcon_core.shell:create_environment_hook('alpha_description', 'cmake_prefix_path')
[0.647s] INFO:colcon.colcon_core.shell:Creating environment hook '/home/gordonc/alpha_test/install/alpha_description/share/alpha_description/hook/cmake_prefix_path.ps1'
[0.648s] INFO:colcon.colcon_core.shell:Creating environment descriptor '/home/gordonc/alpha_test/install/alpha_description/share/alpha_description/hook/cmake_prefix_path.dsv'
[0.649s] INFO:colcon.colcon_core.shell:Creating environment hook '/home/gordonc/alpha_test/install/alpha_description/share/alpha_description/hook/cmake_prefix_path.sh'
[0.650s] Level 1:colcon.colcon_core.environment:checking '/home/gordonc/alpha_test/install/alpha_description/bin'
[0.650s] Level 1:colcon.colcon_core.environment:checking '/home/gordonc/alpha_test/install/alpha_description/lib/pkgconfig/alpha_description.pc'
[0.650s] Level 1:colcon.colcon_core.environment:checking '/home/gordonc/alpha_test/install/alpha_description/lib/python3.10/site-packages'
[0.651s] Level 1:colcon.colcon_core.environment:checking '/home/gordonc/alpha_test/install/alpha_description/bin'
[0.651s] INFO:colcon.colcon_core.shell:Creating package script '/home/gordonc/alpha_test/install/alpha_description/share/alpha_description/package.ps1'
[0.652s] INFO:colcon.colcon_core.shell:Creating package descriptor '/home/gordonc/alpha_test/install/alpha_description/share/alpha_description/package.dsv'
[0.652s] INFO:colcon.colcon_core.shell:Creating package script '/home/gordonc/alpha_test/install/alpha_description/share/alpha_description/package.sh'
[0.654s] INFO:colcon.colcon_core.shell:Creating package script '/home/gordonc/alpha_test/install/alpha_description/share/alpha_description/package.bash'
[0.656s] INFO:colcon.colcon_core.shell:Creating package script '/home/gordonc/alpha_test/install/alpha_description/share/alpha_description/package.zsh'
[0.658s] Level 1:colcon.colcon_core.environment:create_file_with_runtime_dependencies(/home/gordonc/alpha_test/install/alpha_description/share/colcon-core/packages/alpha_description)
[0.660s] DEBUG:colcon.colcon_core.event_handler.log_command:Invoked command in '/home/gordonc/alpha_test/build/alpha_moveit' returned '0': CMAKE_PREFIX_PATH=${CMAKE_PREFIX_PATH}:/home/gordonc/colcon_ws/install/blue_manager:/home/gordonc/colcon_ws/install/blue_localization:/home/gordonc/colcon_ws/install/blue_joy:/opt/ros/humble /usr/bin/cmake --build /home/gordonc/alpha_test/build/alpha_moveit -- -j8 -l8
[0.662s] DEBUG:colcon.colcon_core.event_handler.log_command:Invoked command in '/home/gordonc/alpha_test/build/alpha_driver' returned '0': CMAKE_PREFIX_PATH=${CMAKE_PREFIX_PATH}:/home/gordonc/colcon_ws/install/blue_manager:/home/gordonc/colcon_ws/install/blue_localization:/home/gordonc/colcon_ws/install/blue_joy:/opt/ros/humble /usr/bin/cmake --build /home/gordonc/alpha_test/build/alpha_driver -- -j8 -l8
[0.699s] Level 1:colcon.colcon_core.environment:create_environment_scripts_only(alpha_description)
[0.700s] Level 1:colcon.colcon_core.environment:checking '/home/gordonc/alpha_test/install/alpha_description' for CMake module files
[0.700s] Level 1:colcon.colcon_core.environment:checking '/home/gordonc/alpha_test/install/alpha_description' for CMake config files
[0.701s] Level 1:colcon.colcon_core.shell:create_environment_hook('alpha_description', 'cmake_prefix_path')
[0.701s] INFO:colcon.colcon_core.shell:Creating environment hook '/home/gordonc/alpha_test/install/alpha_description/share/alpha_description/hook/cmake_prefix_path.ps1'
[0.702s] INFO:colcon.colcon_core.shell:Creating environment descriptor '/home/gordonc/alpha_test/install/alpha_description/share/alpha_description/hook/cmake_prefix_path.dsv'
[0.702s] INFO:colcon.colcon_core.shell:Creating environment hook '/home/gordonc/alpha_test/install/alpha_description/share/alpha_description/hook/cmake_prefix_path.sh'
[0.703s] Level 1:colcon.colcon_core.environment:checking '/home/gordonc/alpha_test/install/alpha_description/bin'
[0.703s] Level 1:colcon.colcon_core.environment:checking '/home/gordonc/alpha_test/install/alpha_description/lib/pkgconfig/alpha_description.pc'
[0.704s] Level 1:colcon.colcon_core.environment:checking '/home/gordonc/alpha_test/install/alpha_description/lib/python3.10/site-packages'
[0.704s] Level 1:colcon.colcon_core.environment:checking '/home/gordonc/alpha_test/install/alpha_description/bin'
[0.704s] INFO:colcon.colcon_core.shell:Creating package script '/home/gordonc/alpha_test/install/alpha_description/share/alpha_description/package.ps1'
[0.705s] INFO:colcon.colcon_core.shell:Creating package descriptor '/home/gordonc/alpha_test/install/alpha_description/share/alpha_description/package.dsv'
[0.705s] INFO:colcon.colcon_core.shell:Creating package script '/home/gordonc/alpha_test/install/alpha_description/share/alpha_description/package.sh'
[0.706s] INFO:colcon.colcon_core.shell:Creating package script '/home/gordonc/alpha_test/install/alpha_description/share/alpha_description/package.bash'
[0.708s] INFO:colcon.colcon_core.shell:Creating package script '/home/gordonc/alpha_test/install/alpha_description/share/alpha_description/package.zsh'
[0.708s] Level 1:colcon.colcon_core.environment:create_file_with_runtime_dependencies(/home/gordonc/alpha_test/install/alpha_description/share/colcon-core/packages/alpha_description)
[0.713s] DEBUG:colcon.colcon_core.event_handler.log_command:Invoking command in '/home/gordonc/alpha_test/build/alpha_moveit': CMAKE_PREFIX_PATH=${CMAKE_PREFIX_PATH}:/home/gordonc/colcon_ws/install/blue_manager:/home/gordonc/colcon_ws/install/blue_localization:/home/gordonc/colcon_ws/install/blue_joy:/opt/ros/humble /usr/bin/cmake --install /home/gordonc/alpha_test/build/alpha_moveit
[0.729s] Level 1:colcon.colcon_core.environment:create_environment_scripts_only(alpha_moveit)
[0.730s] Level 1:colcon.colcon_core.environment:checking '/home/gordonc/alpha_test/install/alpha_moveit' for CMake module files
[0.731s] DEBUG:colcon.colcon_core.event_handler.log_command:Invoked command in '/home/gordonc/alpha_test/build/alpha_moveit' returned '0': CMAKE_PREFIX_PATH=${CMAKE_PREFIX_PATH}:/home/gordonc/colcon_ws/install/blue_manager:/home/gordonc/colcon_ws/install/blue_localization:/home/gordonc/colcon_ws/install/blue_joy:/opt/ros/humble /usr/bin/cmake --install /home/gordonc/alpha_test/build/alpha_moveit
[0.731s] Level 1:colcon.colcon_core.environment:checking '/home/gordonc/alpha_test/install/alpha_moveit' for CMake config files
[0.732s] Level 1:colcon.colcon_core.shell:create_environment_hook('alpha_moveit', 'cmake_prefix_path')
[0.732s] INFO:colcon.colcon_core.shell:Creating environment hook '/home/gordonc/alpha_test/install/alpha_moveit/share/alpha_moveit/hook/cmake_prefix_path.ps1'
[0.733s] INFO:colcon.colcon_core.shell:Creating environment descriptor '/home/gordonc/alpha_test/install/alpha_moveit/share/alpha_moveit/hook/cmake_prefix_path.dsv'
[0.733s] INFO:colcon.colcon_core.shell:Creating environment hook '/home/gordonc/alpha_test/install/alpha_moveit/share/alpha_moveit/hook/cmake_prefix_path.sh'
[0.734s] Level 1:colcon.colcon_core.environment:checking '/home/gordonc/alpha_test/install/alpha_moveit/lib'
[0.734s] Level 1:colcon.colcon_core.environment:checking '/home/gordonc/alpha_test/install/alpha_moveit/bin'
[0.735s] Level 1:colcon.colcon_core.environment:checking '/home/gordonc/alpha_test/install/alpha_moveit/lib/pkgconfig/alpha_moveit.pc'
[0.735s] Level 1:colcon.colcon_core.environment:checking '/home/gordonc/alpha_test/install/alpha_moveit/lib/python3.10/site-packages'
[0.735s] Level 1:colcon.colcon_core.environment:checking '/home/gordonc/alpha_test/install/alpha_moveit/bin'
[0.736s] INFO:colcon.colcon_core.shell:Creating package script '/home/gordonc/alpha_test/install/alpha_moveit/share/alpha_moveit/package.ps1'
[0.737s] INFO:colcon.colcon_core.shell:Creating package descriptor '/home/gordonc/alpha_test/install/alpha_moveit/share/alpha_moveit/package.dsv'
[0.740s] INFO:colcon.colcon_core.shell:Creating package script '/home/gordonc/alpha_test/install/alpha_moveit/share/alpha_moveit/package.sh'
[0.741s] INFO:colcon.colcon_core.shell:Creating package script '/home/gordonc/alpha_test/install/alpha_moveit/share/alpha_moveit/package.bash'
[0.742s] INFO:colcon.colcon_core.shell:Creating package script '/home/gordonc/alpha_test/install/alpha_moveit/share/alpha_moveit/package.zsh'
[0.743s] Level 1:colcon.colcon_core.environment:create_file_with_runtime_dependencies(/home/gordonc/alpha_test/install/alpha_moveit/share/colcon-core/packages/alpha_moveit)
[0.768s] DEBUG:colcon.colcon_core.event_handler.log_command:Invoking command in '/home/gordonc/alpha_test/build/alpha_driver': CMAKE_PREFIX_PATH=${CMAKE_PREFIX_PATH}:/home/gordonc/colcon_ws/install/blue_manager:/home/gordonc/colcon_ws/install/blue_localization:/home/gordonc/colcon_ws/install/blue_joy:/opt/ros/humble /usr/bin/cmake --install /home/gordonc/alpha_test/build/alpha_driver
[0.790s] Level 1:colcon.colcon_core.environment:create_environment_scripts_only(alpha_driver)
[0.790s] Level 1:colcon.colcon_core.environment:checking '/home/gordonc/alpha_test/install/alpha_driver' for CMake module files
[0.792s] DEBUG:colcon.colcon_core.event_handler.log_command:Invoked command in '/home/gordonc/alpha_test/build/alpha_driver' returned '0': CMAKE_PREFIX_PATH=${CMAKE_PREFIX_PATH}:/home/gordonc/colcon_ws/install/blue_manager:/home/gordonc/colcon_ws/install/blue_localization:/home/gordonc/colcon_ws/install/blue_joy:/opt/ros/humble /usr/bin/cmake --install /home/gordonc/alpha_test/build/alpha_driver
[0.792s] Level 1:colcon.colcon_core.environment:checking '/home/gordonc/alpha_test/install/alpha_driver' for CMake config files
[0.793s] Level 1:colcon.colcon_core.shell:create_environment_hook('alpha_driver', 'cmake_prefix_path')
[0.793s] INFO:colcon.colcon_core.shell:Creating environment hook '/home/gordonc/alpha_test/install/alpha_driver/share/alpha_driver/hook/cmake_prefix_path.ps1'
[0.794s] INFO:colcon.colcon_core.shell:Creating environment descriptor '/home/gordonc/alpha_test/install/alpha_driver/share/alpha_driver/hook/cmake_prefix_path.dsv'
[0.794s] INFO:colcon.colcon_core.shell:Creating environment hook '/home/gordonc/alpha_test/install/alpha_driver/share/alpha_driver/hook/cmake_prefix_path.sh'
[0.795s] Level 1:colcon.colcon_core.environment:checking '/home/gordonc/alpha_test/install/alpha_driver/lib'
[0.795s] Level 1:colcon.colcon_core.shell:create_environment_hook('alpha_driver', 'ld_library_path_lib')
[0.795s] INFO:colcon.colcon_core.shell:Creating environment hook '/home/gordonc/alpha_test/install/alpha_driver/share/alpha_driver/hook/ld_library_path_lib.ps1'
[0.796s] INFO:colcon.colcon_core.shell:Creating environment descriptor '/home/gordonc/alpha_test/install/alpha_driver/share/alpha_driver/hook/ld_library_path_lib.dsv'
[0.796s] INFO:colcon.colcon_core.shell:Creating environment hook '/home/gordonc/alpha_test/install/alpha_driver/share/alpha_driver/hook/ld_library_path_lib.sh'
[0.797s] Level 1:colcon.colcon_core.environment:checking '/home/gordonc/alpha_test/install/alpha_driver/bin'
[0.797s] Level 1:colcon.colcon_core.environment:checking '/home/gordonc/alpha_test/install/alpha_driver/lib/pkgconfig/alpha_driver.pc'
[0.797s] Level 1:colcon.colcon_core.environment:checking '/home/gordonc/alpha_test/install/alpha_driver/lib/python3.10/site-packages'
[0.798s] Level 1:colcon.colcon_core.environment:checking '/home/gordonc/alpha_test/install/alpha_driver/bin'
[0.798s] INFO:colcon.colcon_core.shell:Creating package script '/home/gordonc/alpha_test/install/alpha_driver/share/alpha_driver/package.ps1'
[0.799s] INFO:colcon.colcon_core.shell:Creating package descriptor '/home/gordonc/alpha_test/install/alpha_driver/share/alpha_driver/package.dsv'
[0.800s] INFO:colcon.colcon_core.shell:Creating package script '/home/gordonc/alpha_test/install/alpha_driver/share/alpha_driver/package.sh'
[0.801s] INFO:colcon.colcon_core.shell:Creating package script '/home/gordonc/alpha_test/install/alpha_driver/share/alpha_driver/package.bash'
[0.802s] INFO:colcon.colcon_core.shell:Creating package script '/home/gordonc/alpha_test/install/alpha_driver/share/alpha_driver/package.zsh'
[0.803s] Level 1:colcon.colcon_core.environment:create_file_with_runtime_dependencies(/home/gordonc/alpha_test/install/alpha_driver/share/colcon-core/packages/alpha_driver)
[0.807s] Level 1:colcon.colcon_core.environment:create_environment_scripts_only(alpha_moveit)
[0.808s] Level 1:colcon.colcon_core.environment:checking '/home/gordonc/alpha_test/install/alpha_moveit' for CMake module files
[0.810s] Level 1:colcon.colcon_core.environment:checking '/home/gordonc/alpha_test/install/alpha_moveit' for CMake config files
[0.810s] Level 1:colcon.colcon_core.shell:create_environment_hook('alpha_moveit', 'cmake_prefix_path')
[0.811s] INFO:colcon.colcon_core.shell:Creating environment hook '/home/gordonc/alpha_test/install/alpha_moveit/share/alpha_moveit/hook/cmake_prefix_path.ps1'
[0.812s] INFO:colcon.colcon_core.shell:Creating environment descriptor '/home/gordonc/alpha_test/install/alpha_moveit/share/alpha_moveit/hook/cmake_prefix_path.dsv'
[0.812s] INFO:colcon.colcon_core.shell:Creating environment hook '/home/gordonc/alpha_test/install/alpha_moveit/share/alpha_moveit/hook/cmake_prefix_path.sh'
[0.813s] Level 1:colcon.colcon_core.environment:checking '/home/gordonc/alpha_test/install/alpha_moveit/lib'
[0.814s] Level 1:colcon.colcon_core.environment:checking '/home/gordonc/alpha_test/install/alpha_moveit/bin'
[0.814s] Level 1:colcon.colcon_core.environment:checking '/home/gordonc/alpha_test/install/alpha_moveit/lib/pkgconfig/alpha_moveit.pc'
[0.814s] Level 1:colcon.colcon_core.environment:checking '/home/gordonc/alpha_test/install/alpha_moveit/lib/python3.10/site-packages'
[0.815s] Level 1:colcon.colcon_core.environment:checking '/home/gordonc/alpha_test/install/alpha_moveit/bin'
[0.815s] INFO:colcon.colcon_core.shell:Creating package script '/home/gordonc/alpha_test/install/alpha_moveit/share/alpha_moveit/package.ps1'
[0.816s] INFO:colcon.colcon_core.shell:Creating package descriptor '/home/gordonc/alpha_test/install/alpha_moveit/share/alpha_moveit/package.dsv'
[0.817s] INFO:colcon.colcon_core.shell:Creating package script '/home/gordonc/alpha_test/install/alpha_moveit/share/alpha_moveit/package.sh'
[0.818s] INFO:colcon.colcon_core.shell:Creating package script '/home/gordonc/alpha_test/install/alpha_moveit/share/alpha_moveit/package.bash'
[0.819s] INFO:colcon.colcon_core.shell:Creating package script '/home/gordonc/alpha_test/install/alpha_moveit/share/alpha_moveit/package.zsh'
[0.819s] Level 1:colcon.colcon_core.environment:create_file_with_runtime_dependencies(/home/gordonc/alpha_test/install/alpha_moveit/share/colcon-core/packages/alpha_moveit)
[0.914s] Level 1:colcon.colcon_core.environment:create_environment_scripts_only(alpha_driver)
[0.915s] Level 1:colcon.colcon_core.environment:checking '/home/gordonc/alpha_test/install/alpha_driver' for CMake module files
[0.915s] Level 1:colcon.colcon_core.environment:checking '/home/gordonc/alpha_test/install/alpha_driver' for CMake config files
[0.916s] Level 1:colcon.colcon_core.shell:create_environment_hook('alpha_driver', 'cmake_prefix_path')
[0.916s] INFO:colcon.colcon_core.shell:Creating environment hook '/home/gordonc/alpha_test/install/alpha_driver/share/alpha_driver/hook/cmake_prefix_path.ps1'
[0.917s] INFO:colcon.colcon_core.shell:Creating environment descriptor '/home/gordonc/alpha_test/install/alpha_driver/share/alpha_driver/hook/cmake_prefix_path.dsv'
[0.917s] INFO:colcon.colcon_core.shell:Creating environment hook '/home/gordonc/alpha_test/install/alpha_driver/share/alpha_driver/hook/cmake_prefix_path.sh'
[0.918s] Level 1:colcon.colcon_core.environment:checking '/home/gordonc/alpha_test/install/alpha_driver/lib'
[0.918s] Level 1:colcon.colcon_core.shell:create_environment_hook('alpha_driver', 'ld_library_path_lib')
[0.918s] INFO:colcon.colcon_core.shell:Creating environment hook '/home/gordonc/alpha_test/install/alpha_driver/share/alpha_driver/hook/ld_library_path_lib.ps1'
[0.919s] INFO:colcon.colcon_core.shell:Creating environment descriptor '/home/gordonc/alpha_test/install/alpha_driver/share/alpha_driver/hook/ld_library_path_lib.dsv'
[0.919s] INFO:colcon.colcon_core.shell:Creating environment hook '/home/gordonc/alpha_test/install/alpha_driver/share/alpha_driver/hook/ld_library_path_lib.sh'
[0.919s] Level 1:colcon.colcon_core.environment:checking '/home/gordonc/alpha_test/install/alpha_driver/bin'
[0.920s] Level 1:colcon.colcon_core.environment:checking '/home/gordonc/alpha_test/install/alpha_driver/lib/pkgconfig/alpha_driver.pc'
[0.920s] Level 1:colcon.colcon_core.environment:checking '/home/gordonc/alpha_test/install/alpha_driver/lib/python3.10/site-packages'
[0.920s] Level 1:colcon.colcon_core.environment:checking '/home/gordonc/alpha_test/install/alpha_driver/bin'
[0.921s] INFO:colcon.colcon_core.shell:Creating package script '/home/gordonc/alpha_test/install/alpha_driver/share/alpha_driver/package.ps1'
[0.921s] INFO:colcon.colcon_core.shell:Creating package descriptor '/home/gordonc/alpha_test/install/alpha_driver/share/alpha_driver/package.dsv'
[0.922s] INFO:colcon.colcon_core.shell:Creating package script '/home/gordonc/alpha_test/install/alpha_driver/share/alpha_driver/package.sh'
[0.922s] INFO:colcon.colcon_core.shell:Creating package script '/home/gordonc/alpha_test/install/alpha_driver/share/alpha_driver/package.bash'
[0.923s] INFO:colcon.colcon_core.shell:Creating package script '/home/gordonc/alpha_test/install/alpha_driver/share/alpha_driver/package.zsh'
[0.923s] Level 1:colcon.colcon_core.environment:create_file_with_runtime_dependencies(/home/gordonc/alpha_test/install/alpha_driver/share/colcon-core/packages/alpha_driver)
[0.924s] INFO:colcon.colcon_ros.task.ament_cmake.build:Building ROS package in '/home/gordonc/alpha_test/src/alpha/alpha_hardware' with build type 'ament_cmake'
[0.924s] INFO:colcon.colcon_cmake.task.cmake.build:Building CMake package in '/home/gordonc/alpha_test/src/alpha/alpha_hardware'
[0.924s] INFO:colcon.colcon_core.shell:Skip shell extension 'powershell' for command environment: Not usable outside of PowerShell
[0.924s] DEBUG:colcon.colcon_core.shell:Skip shell extension 'dsv' for command environment
[0.956s] DEBUG:colcon.colcon_core.event_handler.log_command:Invoking command in '/home/gordonc/alpha_test/build/alpha_hardware': CMAKE_PREFIX_PATH=/home/gordonc/alpha_test/install/alpha_driver:/home/gordonc/alpha_test/install/ros_ign_interfaces:/home/gordonc/alpha_test/install/ros_ign_gazebo:/home/gordonc/alpha_test/install/ros_gz_sim:/home/gordonc/alpha_test/install/ros_gz_interfaces:/home/gordonc/alpha_test/install/ros2_shared:/home/gordonc/alpha_test/install/alpha_moveit:/home/gordonc/alpha_test/install/alpha_bringup:/home/gordonc/alpha_test/install/alpha_hardware:/home/gordonc/alpha_test/install/alpha_description:/home/gordonc/colcon_ws/install/test_ros_gz_bridge:/home/gordonc/colcon_ws/install/ros_ign_interfaces:/home/gordonc/colcon_ws/install/ros_ign:/home/gordonc/colcon_ws/install/ros_ign_image:/home/gordonc/colcon_ws/install/ros_ign_gazebo_demos:/home/gordonc/colcon_ws/install/ros_ign_gazebo:/home/gordonc/colcon_ws/install/ros_ign_bridge:/home/gordonc/colcon_ws/install/ros_gz:/home/gordonc/colcon_ws/install/ros_gz_sim_demos:/home/gordonc/colcon_ws/install/ros_gz_sim:/home/gordonc/colcon_ws/install/ros_gz_image:/home/gordonc/colcon_ws/install/ros_gz_bridge:/home/gordonc/colcon_ws/install/ros_gz_interfaces:/home/gordonc/colcon_ws/install/orca_nav2:/home/gordonc/colcon_ws/install/orca_base:/home/gordonc/colcon_ws/install/orca_shared:/home/gordonc/colcon_ws/install/ros2_shared:/home/gordonc/colcon_ws/install/orca_msgs:/home/gordonc/colcon_ws/install/orca_description:/home/gordonc/colcon_ws/install/orca_bringup:/home/gordonc/colcon_ws/install/orb_slam2_ros:/home/gordonc/colcon_ws/install/bluerov2_ignition:/home/gordonc/colcon_ws/install/blue_control:/home/gordonc/colcon_ws/install/blue_dynamics:/home/gordonc/colcon_ws/install/blue_utils:/home/gordonc/colcon_ws/install/blue_description:/home/gordonc/colcon_ws/install/blue_bringup:/home/gordonc/colcon_ws/install/ardupilot_gazebo:/home/gordonc/colcon_ws/install/alpha_bringup:/home/gordonc/colcon_ws/install/alpha_hardware:/home/gordonc/colcon_ws/install/alpha_driver:/home/gordonc/colcon_ws/install/alpha_description:/home/gordonc/colcon_ws/install/blue_manager:/home/gordonc/colcon_ws/install/blue_localization:/home/gordonc/colcon_ws/install/blue_joy:/opt/ros/humble LD_LIBRARY_PATH=/home/gordonc/alpha_test/install/alpha_driver/lib:/home/gordonc/alpha_test/install/ros_ign_interfaces/lib:/home/gordonc/alpha_test/install/ros_gz_sim/lib:/home/gordonc/alpha_test/install/ros_gz_interfaces/lib:/home/gordonc/alpha_test/install/alpha_hardware/lib:/home/gordonc/colcon_ws/install/ros_ign_interfaces/lib:/home/gordonc/colcon_ws/install/ros_gz_sim/lib:/home/gordonc/colcon_ws/install/ros_gz_bridge/lib:/home/gordonc/colcon_ws/install/ros_gz_interfaces/lib:/home/gordonc/colcon_ws/install/orca_nav2/lib:/home/gordonc/colcon_ws/install/orca_shared/lib:/home/gordonc/colcon_ws/install/orca_msgs/lib:/home/gordonc/colcon_ws/install/orb_slam2_ros/lib:/home/gordonc/colcon_ws/install/blue_dynamics/lib:/home/gordonc/colcon_ws/install/alpha_hardware/lib:/home/gordonc/colcon_ws/install/alpha_driver/lib:/opt/ros/humble/opt/rviz_ogre_vendor/lib:/opt/ros/humble/lib/x86_64-linux-gnu:/opt/ros/humble/lib /usr/bin/cmake --build /home/gordonc/alpha_test/build/alpha_hardware -- -j8 -l8
[1.087s] DEBUG:colcon.colcon_core.event_handler.log_command:Invoked command in '/home/gordonc/alpha_test/build/alpha_hardware' returned '0': CMAKE_PREFIX_PATH=/home/gordonc/alpha_test/install/alpha_driver:/home/gordonc/alpha_test/install/ros_ign_interfaces:/home/gordonc/alpha_test/install/ros_ign_gazebo:/home/gordonc/alpha_test/install/ros_gz_sim:/home/gordonc/alpha_test/install/ros_gz_interfaces:/home/gordonc/alpha_test/install/ros2_shared:/home/gordonc/alpha_test/install/alpha_moveit:/home/gordonc/alpha_test/install/alpha_bringup:/home/gordonc/alpha_test/install/alpha_hardware:/home/gordonc/alpha_test/install/alpha_description:/home/gordonc/colcon_ws/install/test_ros_gz_bridge:/home/gordonc/colcon_ws/install/ros_ign_interfaces:/home/gordonc/colcon_ws/install/ros_ign:/home/gordonc/colcon_ws/install/ros_ign_image:/home/gordonc/colcon_ws/install/ros_ign_gazebo_demos:/home/gordonc/colcon_ws/install/ros_ign_gazebo:/home/gordonc/colcon_ws/install/ros_ign_bridge:/home/gordonc/colcon_ws/install/ros_gz:/home/gordonc/colcon_ws/install/ros_gz_sim_demos:/home/gordonc/colcon_ws/install/ros_gz_sim:/home/gordonc/colcon_ws/install/ros_gz_image:/home/gordonc/colcon_ws/install/ros_gz_bridge:/home/gordonc/colcon_ws/install/ros_gz_interfaces:/home/gordonc/colcon_ws/install/orca_nav2:/home/gordonc/colcon_ws/install/orca_base:/home/gordonc/colcon_ws/install/orca_shared:/home/gordonc/colcon_ws/install/ros2_shared:/home/gordonc/colcon_ws/install/orca_msgs:/home/gordonc/colcon_ws/install/orca_description:/home/gordonc/colcon_ws/install/orca_bringup:/home/gordonc/colcon_ws/install/orb_slam2_ros:/home/gordonc/colcon_ws/install/bluerov2_ignition:/home/gordonc/colcon_ws/install/blue_control:/home/gordonc/colcon_ws/install/blue_dynamics:/home/gordonc/colcon_ws/install/blue_utils:/home/gordonc/colcon_ws/install/blue_description:/home/gordonc/colcon_ws/install/blue_bringup:/home/gordonc/colcon_ws/install/ardupilot_gazebo:/home/gordonc/colcon_ws/install/alpha_bringup:/home/gordonc/colcon_ws/install/alpha_hardware:/home/gordonc/colcon_ws/install/alpha_driver:/home/gordonc/colcon_ws/install/alpha_description:/home/gordonc/colcon_ws/install/blue_manager:/home/gordonc/colcon_ws/install/blue_localization:/home/gordonc/colcon_ws/install/blue_joy:/opt/ros/humble LD_LIBRARY_PATH=/home/gordonc/alpha_test/install/alpha_driver/lib:/home/gordonc/alpha_test/install/ros_ign_interfaces/lib:/home/gordonc/alpha_test/install/ros_gz_sim/lib:/home/gordonc/alpha_test/install/ros_gz_interfaces/lib:/home/gordonc/alpha_test/install/alpha_hardware/lib:/home/gordonc/colcon_ws/install/ros_ign_interfaces/lib:/home/gordonc/colcon_ws/install/ros_gz_sim/lib:/home/gordonc/colcon_ws/install/ros_gz_bridge/lib:/home/gordonc/colcon_ws/install/ros_gz_interfaces/lib:/home/gordonc/colcon_ws/install/orca_nav2/lib:/home/gordonc/colcon_ws/install/orca_shared/lib:/home/gordonc/colcon_ws/install/orca_msgs/lib:/home/gordonc/colcon_ws/install/orb_slam2_ros/lib:/home/gordonc/colcon_ws/install/blue_dynamics/lib:/home/gordonc/colcon_ws/install/alpha_hardware/lib:/home/gordonc/colcon_ws/install/alpha_driver/lib:/opt/ros/humble/opt/rviz_ogre_vendor/lib:/opt/ros/humble/lib/x86_64-linux-gnu:/opt/ros/humble/lib /usr/bin/cmake --build /home/gordonc/alpha_test/build/alpha_hardware -- -j8 -l8
[1.137s] DEBUG:colcon.colcon_core.event_handler.log_command:Invoking command in '/home/gordonc/alpha_test/build/alpha_hardware': CMAKE_PREFIX_PATH=/home/gordonc/alpha_test/install/alpha_driver:/home/gordonc/alpha_test/install/ros_ign_interfaces:/home/gordonc/alpha_test/install/ros_ign_gazebo:/home/gordonc/alpha_test/install/ros_gz_sim:/home/gordonc/alpha_test/install/ros_gz_interfaces:/home/gordonc/alpha_test/install/ros2_shared:/home/gordonc/alpha_test/install/alpha_moveit:/home/gordonc/alpha_test/install/alpha_bringup:/home/gordonc/alpha_test/install/alpha_hardware:/home/gordonc/alpha_test/install/alpha_description:/home/gordonc/colcon_ws/install/test_ros_gz_bridge:/home/gordonc/colcon_ws/install/ros_ign_interfaces:/home/gordonc/colcon_ws/install/ros_ign:/home/gordonc/colcon_ws/install/ros_ign_image:/home/gordonc/colcon_ws/install/ros_ign_gazebo_demos:/home/gordonc/colcon_ws/install/ros_ign_gazebo:/home/gordonc/colcon_ws/install/ros_ign_bridge:/home/gordonc/colcon_ws/install/ros_gz:/home/gordonc/colcon_ws/install/ros_gz_sim_demos:/home/gordonc/colcon_ws/install/ros_gz_sim:/home/gordonc/colcon_ws/install/ros_gz_image:/home/gordonc/colcon_ws/install/ros_gz_bridge:/home/gordonc/colcon_ws/install/ros_gz_interfaces:/home/gordonc/colcon_ws/install/orca_nav2:/home/gordonc/colcon_ws/install/orca_base:/home/gordonc/colcon_ws/install/orca_shared:/home/gordonc/colcon_ws/install/ros2_shared:/home/gordonc/colcon_ws/install/orca_msgs:/home/gordonc/colcon_ws/install/orca_description:/home/gordonc/colcon_ws/install/orca_bringup:/home/gordonc/colcon_ws/install/orb_slam2_ros:/home/gordonc/colcon_ws/install/bluerov2_ignition:/home/gordonc/colcon_ws/install/blue_control:/home/gordonc/colcon_ws/install/blue_dynamics:/home/gordonc/colcon_ws/install/blue_utils:/home/gordonc/colcon_ws/install/blue_description:/home/gordonc/colcon_ws/install/blue_bringup:/home/gordonc/colcon_ws/install/ardupilot_gazebo:/home/gordonc/colcon_ws/install/alpha_bringup:/home/gordonc/colcon_ws/install/alpha_hardware:/home/gordonc/colcon_ws/install/alpha_driver:/home/gordonc/colcon_ws/install/alpha_description:/home/gordonc/colcon_ws/install/blue_manager:/home/gordonc/colcon_ws/install/blue_localization:/home/gordonc/colcon_ws/install/blue_joy:/opt/ros/humble LD_LIBRARY_PATH=/home/gordonc/alpha_test/install/alpha_driver/lib:/home/gordonc/alpha_test/install/ros_ign_interfaces/lib:/home/gordonc/alpha_test/install/ros_gz_sim/lib:/home/gordonc/alpha_test/install/ros_gz_interfaces/lib:/home/gordonc/alpha_test/install/alpha_hardware/lib:/home/gordonc/colcon_ws/install/ros_ign_interfaces/lib:/home/gordonc/colcon_ws/install/ros_gz_sim/lib:/home/gordonc/colcon_ws/install/ros_gz_bridge/lib:/home/gordonc/colcon_ws/install/ros_gz_interfaces/lib:/home/gordonc/colcon_ws/install/orca_nav2/lib:/home/gordonc/colcon_ws/install/orca_shared/lib:/home/gordonc/colcon_ws/install/orca_msgs/lib:/home/gordonc/colcon_ws/install/orb_slam2_ros/lib:/home/gordonc/colcon_ws/install/blue_dynamics/lib:/home/gordonc/colcon_ws/install/alpha_hardware/lib:/home/gordonc/colcon_ws/install/alpha_driver/lib:/opt/ros/humble/opt/rviz_ogre_vendor/lib:/opt/ros/humble/lib/x86_64-linux-gnu:/opt/ros/humble/lib /usr/bin/cmake --install /home/gordonc/alpha_test/build/alpha_hardware
[1.156s] Level 1:colcon.colcon_core.environment:create_environment_scripts_only(alpha_hardware)
[1.158s] Level 1:colcon.colcon_core.environment:checking '/home/gordonc/alpha_test/install/alpha_hardware' for CMake module files
[1.158s] DEBUG:colcon.colcon_core.event_handler.log_command:Invoked command in '/home/gordonc/alpha_test/build/alpha_hardware' returned '0': CMAKE_PREFIX_PATH=/home/gordonc/alpha_test/install/alpha_driver:/home/gordonc/alpha_test/install/ros_ign_interfaces:/home/gordonc/alpha_test/install/ros_ign_gazebo:/home/gordonc/alpha_test/install/ros_gz_sim:/home/gordonc/alpha_test/install/ros_gz_interfaces:/home/gordonc/alpha_test/install/ros2_shared:/home/gordonc/alpha_test/install/alpha_moveit:/home/gordonc/alpha_test/install/alpha_bringup:/home/gordonc/alpha_test/install/alpha_hardware:/home/gordonc/alpha_test/install/alpha_description:/home/gordonc/colcon_ws/install/test_ros_gz_bridge:/home/gordonc/colcon_ws/install/ros_ign_interfaces:/home/gordonc/colcon_ws/install/ros_ign:/home/gordonc/colcon_ws/install/ros_ign_image:/home/gordonc/colcon_ws/install/ros_ign_gazebo_demos:/home/gordonc/colcon_ws/install/ros_ign_gazebo:/home/gordonc/colcon_ws/install/ros_ign_bridge:/home/gordonc/colcon_ws/install/ros_gz:/home/gordonc/colcon_ws/install/ros_gz_sim_demos:/home/gordonc/colcon_ws/install/ros_gz_sim:/home/gordonc/colcon_ws/install/ros_gz_image:/home/gordonc/colcon_ws/install/ros_gz_bridge:/home/gordonc/colcon_ws/install/ros_gz_interfaces:/home/gordonc/colcon_ws/install/orca_nav2:/home/gordonc/colcon_ws/install/orca_base:/home/gordonc/colcon_ws/install/orca_shared:/home/gordonc/colcon_ws/install/ros2_shared:/home/gordonc/colcon_ws/install/orca_msgs:/home/gordonc/colcon_ws/install/orca_description:/home/gordonc/colcon_ws/install/orca_bringup:/home/gordonc/colcon_ws/install/orb_slam2_ros:/home/gordonc/colcon_ws/install/bluerov2_ignition:/home/gordonc/colcon_ws/install/blue_control:/home/gordonc/colcon_ws/install/blue_dynamics:/home/gordonc/colcon_ws/install/blue_utils:/home/gordonc/colcon_ws/install/blue_description:/home/gordonc/colcon_ws/install/blue_bringup:/home/gordonc/colcon_ws/install/ardupilot_gazebo:/home/gordonc/colcon_ws/install/alpha_bringup:/home/gordonc/colcon_ws/install/alpha_hardware:/home/gordonc/colcon_ws/install/alpha_driver:/home/gordonc/colcon_ws/install/alpha_description:/home/gordonc/colcon_ws/install/blue_manager:/home/gordonc/colcon_ws/install/blue_localization:/home/gordonc/colcon_ws/install/blue_joy:/opt/ros/humble LD_LIBRARY_PATH=/home/gordonc/alpha_test/install/alpha_driver/lib:/home/gordonc/alpha_test/install/ros_ign_interfaces/lib:/home/gordonc/alpha_test/install/ros_gz_sim/lib:/home/gordonc/alpha_test/install/ros_gz_interfaces/lib:/home/gordonc/alpha_test/install/alpha_hardware/lib:/home/gordonc/colcon_ws/install/ros_ign_interfaces/lib:/home/gordonc/colcon_ws/install/ros_gz_sim/lib:/home/gordonc/colcon_ws/install/ros_gz_bridge/lib:/home/gordonc/colcon_ws/install/ros_gz_interfaces/lib:/home/gordonc/colcon_ws/install/orca_nav2/lib:/home/gordonc/colcon_ws/install/orca_shared/lib:/home/gordonc/colcon_ws/install/orca_msgs/lib:/home/gordonc/colcon_ws/install/orb_slam2_ros/lib:/home/gordonc/colcon_ws/install/blue_dynamics/lib:/home/gordonc/colcon_ws/install/alpha_hardware/lib:/home/gordonc/colcon_ws/install/alpha_driver/lib:/opt/ros/humble/opt/rviz_ogre_vendor/lib:/opt/ros/humble/lib/x86_64-linux-gnu:/opt/ros/humble/lib /usr/bin/cmake --install /home/gordonc/alpha_test/build/alpha_hardware
[1.159s] Level 1:colcon.colcon_core.environment:checking '/home/gordonc/alpha_test/install/alpha_hardware' for CMake config files
[1.159s] Level 1:colcon.colcon_core.shell:create_environment_hook('alpha_hardware', 'cmake_prefix_path')
[1.160s] INFO:colcon.colcon_core.shell:Creating environment hook '/home/gordonc/alpha_test/install/alpha_hardware/share/alpha_hardware/hook/cmake_prefix_path.ps1'
[1.160s] INFO:colcon.colcon_core.shell:Creating environment descriptor '/home/gordonc/alpha_test/install/alpha_hardware/share/alpha_hardware/hook/cmake_prefix_path.dsv'
[1.161s] INFO:colcon.colcon_core.shell:Creating environment hook '/home/gordonc/alpha_test/install/alpha_hardware/share/alpha_hardware/hook/cmake_prefix_path.sh'
[1.161s] Level 1:colcon.colcon_core.environment:checking '/home/gordonc/alpha_test/install/alpha_hardware/lib'
[1.161s] Level 1:colcon.colcon_core.shell:create_environment_hook('alpha_hardware', 'ld_library_path_lib')
[1.162s] INFO:colcon.colcon_core.shell:Creating environment hook '/home/gordonc/alpha_test/install/alpha_hardware/share/alpha_hardware/hook/ld_library_path_lib.ps1'
[1.162s] INFO:colcon.colcon_core.shell:Creating environment descriptor '/home/gordonc/alpha_test/install/alpha_hardware/share/alpha_hardware/hook/ld_library_path_lib.dsv'
[1.162s] INFO:colcon.colcon_core.shell:Creating environment hook '/home/gordonc/alpha_test/install/alpha_hardware/share/alpha_hardware/hook/ld_library_path_lib.sh'
[1.163s] Level 1:colcon.colcon_core.environment:checking '/home/gordonc/alpha_test/install/alpha_hardware/bin'
[1.163s] Level 1:colcon.colcon_core.environment:checking '/home/gordonc/alpha_test/install/alpha_hardware/lib/pkgconfig/alpha_hardware.pc'
[1.163s] Level 1:colcon.colcon_core.environment:checking '/home/gordonc/alpha_test/install/alpha_hardware/lib/python3.10/site-packages'
[1.163s] Level 1:colcon.colcon_core.environment:checking '/home/gordonc/alpha_test/install/alpha_hardware/bin'
[1.164s] INFO:colcon.colcon_core.shell:Creating package script '/home/gordonc/alpha_test/install/alpha_hardware/share/alpha_hardware/package.ps1'
[1.164s] INFO:colcon.colcon_core.shell:Creating package descriptor '/home/gordonc/alpha_test/install/alpha_hardware/share/alpha_hardware/package.dsv'
[1.165s] INFO:colcon.colcon_core.shell:Creating package script '/home/gordonc/alpha_test/install/alpha_hardware/share/alpha_hardware/package.sh'
[1.165s] INFO:colcon.colcon_core.shell:Creating package script '/home/gordonc/alpha_test/install/alpha_hardware/share/alpha_hardware/package.bash'
[1.166s] INFO:colcon.colcon_core.shell:Creating package script '/home/gordonc/alpha_test/install/alpha_hardware/share/alpha_hardware/package.zsh'
[1.166s] Level 1:colcon.colcon_core.environment:create_file_with_runtime_dependencies(/home/gordonc/alpha_test/install/alpha_hardware/share/colcon-core/packages/alpha_hardware)
[1.212s] Level 1:colcon.colcon_core.environment:create_environment_scripts_only(alpha_hardware)
[1.213s] Level 1:colcon.colcon_core.environment:checking '/home/gordonc/alpha_test/install/alpha_hardware' for CMake module files
[1.213s] Level 1:colcon.colcon_core.environment:checking '/home/gordonc/alpha_test/install/alpha_hardware' for CMake config files
[1.214s] Level 1:colcon.colcon_core.shell:create_environment_hook('alpha_hardware', 'cmake_prefix_path')
[1.214s] INFO:colcon.colcon_core.shell:Creating environment hook '/home/gordonc/alpha_test/install/alpha_hardware/share/alpha_hardware/hook/cmake_prefix_path.ps1'
[1.215s] INFO:colcon.colcon_core.shell:Creating environment descriptor '/home/gordonc/alpha_test/install/alpha_hardware/share/alpha_hardware/hook/cmake_prefix_path.dsv'
[1.215s] INFO:colcon.colcon_core.shell:Creating environment hook '/home/gordonc/alpha_test/install/alpha_hardware/share/alpha_hardware/hook/cmake_prefix_path.sh'
[1.216s] Level 1:colcon.colcon_core.environment:checking '/home/gordonc/alpha_test/install/alpha_hardware/lib'
[1.216s] Level 1:colcon.colcon_core.shell:create_environment_hook('alpha_hardware', 'ld_library_path_lib')
[1.216s] INFO:colcon.colcon_core.shell:Creating environment hook '/home/gordonc/alpha_test/install/alpha_hardware/share/alpha_hardware/hook/ld_library_path_lib.ps1'
[1.216s] INFO:colcon.colcon_core.shell:Creating environment descriptor '/home/gordonc/alpha_test/install/alpha_hardware/share/alpha_hardware/hook/ld_library_path_lib.dsv'
[1.217s] INFO:colcon.colcon_core.shell:Creating environment hook '/home/gordonc/alpha_test/install/alpha_hardware/share/alpha_hardware/hook/ld_library_path_lib.sh'
[1.219s] Level 1:colcon.colcon_core.environment:checking '/home/gordonc/alpha_test/install/alpha_hardware/bin'
[1.219s] Level 1:colcon.colcon_core.environment:checking '/home/gordonc/alpha_test/install/alpha_hardware/lib/pkgconfig/alpha_hardware.pc'
[1.219s] Level 1:colcon.colcon_core.environment:checking '/home/gordonc/alpha_test/install/alpha_hardware/lib/python3.10/site-packages'
[1.219s] Level 1:colcon.colcon_core.environment:checking '/home/gordonc/alpha_test/install/alpha_hardware/bin'
[1.220s] INFO:colcon.colcon_core.shell:Creating package script '/home/gordonc/alpha_test/install/alpha_hardware/share/alpha_hardware/package.ps1'
[1.221s] INFO:colcon.colcon_core.shell:Creating package descriptor '/home/gordonc/alpha_test/install/alpha_hardware/share/alpha_hardware/package.dsv'
[1.221s] INFO:colcon.colcon_core.shell:Creating package script '/home/gordonc/alpha_test/install/alpha_hardware/share/alpha_hardware/package.sh'
[1.222s] INFO:colcon.colcon_core.shell:Creating package script '/home/gordonc/alpha_test/install/alpha_hardware/share/alpha_hardware/package.bash'
[1.222s] INFO:colcon.colcon_core.shell:Creating package script '/home/gordonc/alpha_test/install/alpha_hardware/share/alpha_hardware/package.zsh'
[1.223s] Level 1:colcon.colcon_core.environment:create_file_with_runtime_dependencies(/home/gordonc/alpha_test/install/alpha_hardware/share/colcon-core/packages/alpha_hardware)
[1.223s] INFO:colcon.colcon_ros.task.ament_cmake.build:Building ROS package in '/home/gordonc/alpha_test/src/alpha/alpha_bringup' with build type 'ament_cmake'
[1.223s] INFO:colcon.colcon_cmake.task.cmake.build:Building CMake package in '/home/gordonc/alpha_test/src/alpha/alpha_bringup'
[1.224s] INFO:colcon.colcon_core.shell:Skip shell extension 'powershell' for command environment: Not usable outside of PowerShell
[1.224s] DEBUG:colcon.colcon_core.shell:Skip shell extension 'dsv' for command environment
[1.252s] DEBUG:colcon.colcon_core.event_handler.log_command:Invoking command in '/home/gordonc/alpha_test/build/alpha_bringup': CMAKE_PREFIX_PATH=/home/gordonc/alpha_test/install/alpha_hardware:/home/gordonc/alpha_test/install/alpha_driver:/home/gordonc/alpha_test/install/alpha_description:/home/gordonc/alpha_test/install/ros_ign_interfaces:/home/gordonc/alpha_test/install/ros_ign_gazebo:/home/gordonc/alpha_test/install/ros_gz_sim:/home/gordonc/alpha_test/install/ros_gz_interfaces:/home/gordonc/alpha_test/install/ros2_shared:/home/gordonc/alpha_test/install/alpha_moveit:/home/gordonc/alpha_test/install/alpha_bringup:/home/gordonc/colcon_ws/install/test_ros_gz_bridge:/home/gordonc/colcon_ws/install/ros_ign_interfaces:/home/gordonc/colcon_ws/install/ros_ign:/home/gordonc/colcon_ws/install/ros_ign_image:/home/gordonc/colcon_ws/install/ros_ign_gazebo_demos:/home/gordonc/colcon_ws/install/ros_ign_gazebo:/home/gordonc/colcon_ws/install/ros_ign_bridge:/home/gordonc/colcon_ws/install/ros_gz:/home/gordonc/colcon_ws/install/ros_gz_sim_demos:/home/gordonc/colcon_ws/install/ros_gz_sim:/home/gordonc/colcon_ws/install/ros_gz_image:/home/gordonc/colcon_ws/install/ros_gz_bridge:/home/gordonc/colcon_ws/install/ros_gz_interfaces:/home/gordonc/colcon_ws/install/orca_nav2:/home/gordonc/colcon_ws/install/orca_base:/home/gordonc/colcon_ws/install/orca_shared:/home/gordonc/colcon_ws/install/ros2_shared:/home/gordonc/colcon_ws/install/orca_msgs:/home/gordonc/colcon_ws/install/orca_description:/home/gordonc/colcon_ws/install/orca_bringup:/home/gordonc/colcon_ws/install/orb_slam2_ros:/home/gordonc/colcon_ws/install/bluerov2_ignition:/home/gordonc/colcon_ws/install/blue_control:/home/gordonc/colcon_ws/install/blue_dynamics:/home/gordonc/colcon_ws/install/blue_utils:/home/gordonc/colcon_ws/install/blue_description:/home/gordonc/colcon_ws/install/blue_bringup:/home/gordonc/colcon_ws/install/ardupilot_gazebo:/home/gordonc/colcon_ws/install/alpha_bringup:/home/gordonc/colcon_ws/install/alpha_hardware:/home/gordonc/colcon_ws/install/alpha_driver:/home/gordonc/colcon_ws/install/alpha_description:/home/gordonc/colcon_ws/install/blue_manager:/home/gordonc/colcon_ws/install/blue_localization:/home/gordonc/colcon_ws/install/blue_joy:/opt/ros/humble LD_LIBRARY_PATH=/home/gordonc/alpha_test/install/alpha_hardware/lib:/home/gordonc/alpha_test/install/alpha_driver/lib:/home/gordonc/alpha_test/install/ros_ign_interfaces/lib:/home/gordonc/alpha_test/install/ros_gz_sim/lib:/home/gordonc/alpha_test/install/ros_gz_interfaces/lib:/home/gordonc/colcon_ws/install/ros_ign_interfaces/lib:/home/gordonc/colcon_ws/install/ros_gz_sim/lib:/home/gordonc/colcon_ws/install/ros_gz_bridge/lib:/home/gordonc/colcon_ws/install/ros_gz_interfaces/lib:/home/gordonc/colcon_ws/install/orca_nav2/lib:/home/gordonc/colcon_ws/install/orca_shared/lib:/home/gordonc/colcon_ws/install/orca_msgs/lib:/home/gordonc/colcon_ws/install/orb_slam2_ros/lib:/home/gordonc/colcon_ws/install/blue_dynamics/lib:/home/gordonc/colcon_ws/install/alpha_hardware/lib:/home/gordonc/colcon_ws/install/alpha_driver/lib:/opt/ros/humble/opt/rviz_ogre_vendor/lib:/opt/ros/humble/lib/x86_64-linux-gnu:/opt/ros/humble/lib /usr/bin/cmake --build /home/gordonc/alpha_test/build/alpha_bringup -- -j8 -l8
[1.314s] DEBUG:colcon.colcon_core.event_handler.log_command:Invoked command in '/home/gordonc/alpha_test/build/alpha_bringup' returned '0': CMAKE_PREFIX_PATH=/home/gordonc/alpha_test/install/alpha_hardware:/home/gordonc/alpha_test/install/alpha_driver:/home/gordonc/alpha_test/install/alpha_description:/home/gordonc/alpha_test/install/ros_ign_interfaces:/home/gordonc/alpha_test/install/ros_ign_gazebo:/home/gordonc/alpha_test/install/ros_gz_sim:/home/gordonc/alpha_test/install/ros_gz_interfaces:/home/gordonc/alpha_test/install/ros2_shared:/home/gordonc/alpha_test/install/alpha_moveit:/home/gordonc/alpha_test/install/alpha_bringup:/home/gordonc/colcon_ws/install/test_ros_gz_bridge:/home/gordonc/colcon_ws/install/ros_ign_interfaces:/home/gordonc/colcon_ws/install/ros_ign:/home/gordonc/colcon_ws/install/ros_ign_image:/home/gordonc/colcon_ws/install/ros_ign_gazebo_demos:/home/gordonc/colcon_ws/install/ros_ign_gazebo:/home/gordonc/colcon_ws/install/ros_ign_bridge:/home/gordonc/colcon_ws/install/ros_gz:/home/gordonc/colcon_ws/install/ros_gz_sim_demos:/home/gordonc/colcon_ws/install/ros_gz_sim:/home/gordonc/colcon_ws/install/ros_gz_image:/home/gordonc/colcon_ws/install/ros_gz_bridge:/home/gordonc/colcon_ws/install/ros_gz_interfaces:/home/gordonc/colcon_ws/install/orca_nav2:/home/gordonc/colcon_ws/install/orca_base:/home/gordonc/colcon_ws/install/orca_shared:/home/gordonc/colcon_ws/install/ros2_shared:/home/gordonc/colcon_ws/install/orca_msgs:/home/gordonc/colcon_ws/install/orca_description:/home/gordonc/colcon_ws/install/orca_bringup:/home/gordonc/colcon_ws/install/orb_slam2_ros:/home/gordonc/colcon_ws/install/bluerov2_ignition:/home/gordonc/colcon_ws/install/blue_control:/home/gordonc/colcon_ws/install/blue_dynamics:/home/gordonc/colcon_ws/install/blue_utils:/home/gordonc/colcon_ws/install/blue_description:/home/gordonc/colcon_ws/install/blue_bringup:/home/gordonc/colcon_ws/install/ardupilot_gazebo:/home/gordonc/colcon_ws/install/alpha_bringup:/home/gordonc/colcon_ws/install/alpha_hardware:/home/gordonc/colcon_ws/install/alpha_driver:/home/gordonc/colcon_ws/install/alpha_description:/home/gordonc/colcon_ws/install/blue_manager:/home/gordonc/colcon_ws/install/blue_localization:/home/gordonc/colcon_ws/install/blue_joy:/opt/ros/humble LD_LIBRARY_PATH=/home/gordonc/alpha_test/install/alpha_hardware/lib:/home/gordonc/alpha_test/install/alpha_driver/lib:/home/gordonc/alpha_test/install/ros_ign_interfaces/lib:/home/gordonc/alpha_test/install/ros_gz_sim/lib:/home/gordonc/alpha_test/install/ros_gz_interfaces/lib:/home/gordonc/colcon_ws/install/ros_ign_interfaces/lib:/home/gordonc/colcon_ws/install/ros_gz_sim/lib:/home/gordonc/colcon_ws/install/ros_gz_bridge/lib:/home/gordonc/colcon_ws/install/ros_gz_interfaces/lib:/home/gordonc/colcon_ws/install/orca_nav2/lib:/home/gordonc/colcon_ws/install/orca_shared/lib:/home/gordonc/colcon_ws/install/orca_msgs/lib:/home/gordonc/colcon_ws/install/orb_slam2_ros/lib:/home/gordonc/colcon_ws/install/blue_dynamics/lib:/home/gordonc/colcon_ws/install/alpha_hardware/lib:/home/gordonc/colcon_ws/install/alpha_driver/lib:/opt/ros/humble/opt/rviz_ogre_vendor/lib:/opt/ros/humble/lib/x86_64-linux-gnu:/opt/ros/humble/lib /usr/bin/cmake --build /home/gordonc/alpha_test/build/alpha_bringup -- -j8 -l8
[1.356s] DEBUG:colcon.colcon_core.event_handler.log_command:Invoking command in '/home/gordonc/alpha_test/build/alpha_bringup': CMAKE_PREFIX_PATH=/home/gordonc/alpha_test/install/alpha_hardware:/home/gordonc/alpha_test/install/alpha_driver:/home/gordonc/alpha_test/install/alpha_description:/home/gordonc/alpha_test/install/ros_ign_interfaces:/home/gordonc/alpha_test/install/ros_ign_gazebo:/home/gordonc/alpha_test/install/ros_gz_sim:/home/gordonc/alpha_test/install/ros_gz_interfaces:/home/gordonc/alpha_test/install/ros2_shared:/home/gordonc/alpha_test/install/alpha_moveit:/home/gordonc/alpha_test/install/alpha_bringup:/home/gordonc/colcon_ws/install/test_ros_gz_bridge:/home/gordonc/colcon_ws/install/ros_ign_interfaces:/home/gordonc/colcon_ws/install/ros_ign:/home/gordonc/colcon_ws/install/ros_ign_image:/home/gordonc/colcon_ws/install/ros_ign_gazebo_demos:/home/gordonc/colcon_ws/install/ros_ign_gazebo:/home/gordonc/colcon_ws/install/ros_ign_bridge:/home/gordonc/colcon_ws/install/ros_gz:/home/gordonc/colcon_ws/install/ros_gz_sim_demos:/home/gordonc/colcon_ws/install/ros_gz_sim:/home/gordonc/colcon_ws/install/ros_gz_image:/home/gordonc/colcon_ws/install/ros_gz_bridge:/home/gordonc/colcon_ws/install/ros_gz_interfaces:/home/gordonc/colcon_ws/install/orca_nav2:/home/gordonc/colcon_ws/install/orca_base:/home/gordonc/colcon_ws/install/orca_shared:/home/gordonc/colcon_ws/install/ros2_shared:/home/gordonc/colcon_ws/install/orca_msgs:/home/gordonc/colcon_ws/install/orca_description:/home/gordonc/colcon_ws/install/orca_bringup:/home/gordonc/colcon_ws/install/orb_slam2_ros:/home/gordonc/colcon_ws/install/bluerov2_ignition:/home/gordonc/colcon_ws/install/blue_control:/home/gordonc/colcon_ws/install/blue_dynamics:/home/gordonc/colcon_ws/install/blue_utils:/home/gordonc/colcon_ws/install/blue_description:/home/gordonc/colcon_ws/install/blue_bringup:/home/gordonc/colcon_ws/install/ardupilot_gazebo:/home/gordonc/colcon_ws/install/alpha_bringup:/home/gordonc/colcon_ws/install/alpha_hardware:/home/gordonc/colcon_ws/install/alpha_driver:/home/gordonc/colcon_ws/install/alpha_description:/home/gordonc/colcon_ws/install/blue_manager:/home/gordonc/colcon_ws/install/blue_localization:/home/gordonc/colcon_ws/install/blue_joy:/opt/ros/humble LD_LIBRARY_PATH=/home/gordonc/alpha_test/install/alpha_hardware/lib:/home/gordonc/alpha_test/install/alpha_driver/lib:/home/gordonc/alpha_test/install/ros_ign_interfaces/lib:/home/gordonc/alpha_test/install/ros_gz_sim/lib:/home/gordonc/alpha_test/install/ros_gz_interfaces/lib:/home/gordonc/colcon_ws/install/ros_ign_interfaces/lib:/home/gordonc/colcon_ws/install/ros_gz_sim/lib:/home/gordonc/colcon_ws/install/ros_gz_bridge/lib:/home/gordonc/colcon_ws/install/ros_gz_interfaces/lib:/home/gordonc/colcon_ws/install/orca_nav2/lib:/home/gordonc/colcon_ws/install/orca_shared/lib:/home/gordonc/colcon_ws/install/orca_msgs/lib:/home/gordonc/colcon_ws/install/orb_slam2_ros/lib:/home/gordonc/colcon_ws/install/blue_dynamics/lib:/home/gordonc/colcon_ws/install/alpha_hardware/lib:/home/gordonc/colcon_ws/install/alpha_driver/lib:/opt/ros/humble/opt/rviz_ogre_vendor/lib:/opt/ros/humble/lib/x86_64-linux-gnu:/opt/ros/humble/lib /usr/bin/cmake --install /home/gordonc/alpha_test/build/alpha_bringup
[1.373s] Level 1:colcon.colcon_core.environment:create_environment_scripts_only(alpha_bringup)
[1.373s] Level 1:colcon.colcon_core.environment:checking '/home/gordonc/alpha_test/install/alpha_bringup' for CMake module files
[1.374s] DEBUG:colcon.colcon_core.event_handler.log_command:Invoked command in '/home/gordonc/alpha_test/build/alpha_bringup' returned '0': CMAKE_PREFIX_PATH=/home/gordonc/alpha_test/install/alpha_hardware:/home/gordonc/alpha_test/install/alpha_driver:/home/gordonc/alpha_test/install/alpha_description:/home/gordonc/alpha_test/install/ros_ign_interfaces:/home/gordonc/alpha_test/install/ros_ign_gazebo:/home/gordonc/alpha_test/install/ros_gz_sim:/home/gordonc/alpha_test/install/ros_gz_interfaces:/home/gordonc/alpha_test/install/ros2_shared:/home/gordonc/alpha_test/install/alpha_moveit:/home/gordonc/alpha_test/install/alpha_bringup:/home/gordonc/colcon_ws/install/test_ros_gz_bridge:/home/gordonc/colcon_ws/install/ros_ign_interfaces:/home/gordonc/colcon_ws/install/ros_ign:/home/gordonc/colcon_ws/install/ros_ign_image:/home/gordonc/colcon_ws/install/ros_ign_gazebo_demos:/home/gordonc/colcon_ws/install/ros_ign_gazebo:/home/gordonc/colcon_ws/install/ros_ign_bridge:/home/gordonc/colcon_ws/install/ros_gz:/home/gordonc/colcon_ws/install/ros_gz_sim_demos:/home/gordonc/colcon_ws/install/ros_gz_sim:/home/gordonc/colcon_ws/install/ros_gz_image:/home/gordonc/colcon_ws/install/ros_gz_bridge:/home/gordonc/colcon_ws/install/ros_gz_interfaces:/home/gordonc/colcon_ws/install/orca_nav2:/home/gordonc/colcon_ws/install/orca_base:/home/gordonc/colcon_ws/install/orca_shared:/home/gordonc/colcon_ws/install/ros2_shared:/home/gordonc/colcon_ws/install/orca_msgs:/home/gordonc/colcon_ws/install/orca_description:/home/gordonc/colcon_ws/install/orca_bringup:/home/gordonc/colcon_ws/install/orb_slam2_ros:/home/gordonc/colcon_ws/install/bluerov2_ignition:/home/gordonc/colcon_ws/install/blue_control:/home/gordonc/colcon_ws/install/blue_dynamics:/home/gordonc/colcon_ws/install/blue_utils:/home/gordonc/colcon_ws/install/blue_description:/home/gordonc/colcon_ws/install/blue_bringup:/home/gordonc/colcon_ws/install/ardupilot_gazebo:/home/gordonc/colcon_ws/install/alpha_bringup:/home/gordonc/colcon_ws/install/alpha_hardware:/home/gordonc/colcon_ws/install/alpha_driver:/home/gordonc/colcon_ws/install/alpha_description:/home/gordonc/colcon_ws/install/blue_manager:/home/gordonc/colcon_ws/install/blue_localization:/home/gordonc/colcon_ws/install/blue_joy:/opt/ros/humble LD_LIBRARY_PATH=/home/gordonc/alpha_test/install/alpha_hardware/lib:/home/gordonc/alpha_test/install/alpha_driver/lib:/home/gordonc/alpha_test/install/ros_ign_interfaces/lib:/home/gordonc/alpha_test/install/ros_gz_sim/lib:/home/gordonc/alpha_test/install/ros_gz_interfaces/lib:/home/gordonc/colcon_ws/install/ros_ign_interfaces/lib:/home/gordonc/colcon_ws/install/ros_gz_sim/lib:/home/gordonc/colcon_ws/install/ros_gz_bridge/lib:/home/gordonc/colcon_ws/install/ros_gz_interfaces/lib:/home/gordonc/colcon_ws/install/orca_nav2/lib:/home/gordonc/colcon_ws/install/orca_shared/lib:/home/gordonc/colcon_ws/install/orca_msgs/lib:/home/gordonc/colcon_ws/install/orb_slam2_ros/lib:/home/gordonc/colcon_ws/install/blue_dynamics/lib:/home/gordonc/colcon_ws/install/alpha_hardware/lib:/home/gordonc/colcon_ws/install/alpha_driver/lib:/opt/ros/humble/opt/rviz_ogre_vendor/lib:/opt/ros/humble/lib/x86_64-linux-gnu:/opt/ros/humble/lib /usr/bin/cmake --install /home/gordonc/alpha_test/build/alpha_bringup
[1.374s] Level 1:colcon.colcon_core.environment:checking '/home/gordonc/alpha_test/install/alpha_bringup' for CMake config files
[1.374s] Level 1:colcon.colcon_core.shell:create_environment_hook('alpha_bringup', 'cmake_prefix_path')
[1.375s] INFO:colcon.colcon_core.shell:Creating environment hook '/home/gordonc/alpha_test/install/alpha_bringup/share/alpha_bringup/hook/cmake_prefix_path.ps1'
[1.375s] INFO:colcon.colcon_core.shell:Creating environment descriptor '/home/gordonc/alpha_test/install/alpha_bringup/share/alpha_bringup/hook/cmake_prefix_path.dsv'
[1.375s] INFO:colcon.colcon_core.shell:Creating environment hook '/home/gordonc/alpha_test/install/alpha_bringup/share/alpha_bringup/hook/cmake_prefix_path.sh'
[1.376s] Level 1:colcon.colcon_core.environment:checking '/home/gordonc/alpha_test/install/alpha_bringup/bin'
[1.376s] Level 1:colcon.colcon_core.environment:checking '/home/gordonc/alpha_test/install/alpha_bringup/lib/pkgconfig/alpha_bringup.pc'
[1.376s] Level 1:colcon.colcon_core.environment:checking '/home/gordonc/alpha_test/install/alpha_bringup/lib/python3.10/site-packages'
[1.377s] Level 1:colcon.colcon_core.environment:checking '/home/gordonc/alpha_test/install/alpha_bringup/bin'
[1.377s] INFO:colcon.colcon_core.shell:Creating package script '/home/gordonc/alpha_test/install/alpha_bringup/share/alpha_bringup/package.ps1'
[1.378s] INFO:colcon.colcon_core.shell:Creating package descriptor '/home/gordonc/alpha_test/install/alpha_bringup/share/alpha_bringup/package.dsv'
[1.379s] INFO:colcon.colcon_core.shell:Creating package script '/home/gordonc/alpha_test/install/alpha_bringup/share/alpha_bringup/package.sh'
[1.380s] INFO:colcon.colcon_core.shell:Creating package script '/home/gordonc/alpha_test/install/alpha_bringup/share/alpha_bringup/package.bash'
[1.380s] INFO:colcon.colcon_core.shell:Creating package script '/home/gordonc/alpha_test/install/alpha_bringup/share/alpha_bringup/package.zsh'
[1.381s] Level 1:colcon.colcon_core.environment:create_file_with_runtime_dependencies(/home/gordonc/alpha_test/install/alpha_bringup/share/colcon-core/packages/alpha_bringup)
[1.421s] Level 1:colcon.colcon_core.environment:create_environment_scripts_only(alpha_bringup)
[1.421s] Level 1:colcon.colcon_core.environment:checking '/home/gordonc/alpha_test/install/alpha_bringup' for CMake module files
[1.422s] Level 1:colcon.colcon_core.environment:checking '/home/gordonc/alpha_test/install/alpha_bringup' for CMake config files
[1.422s] Level 1:colcon.colcon_core.shell:create_environment_hook('alpha_bringup', 'cmake_prefix_path')
[1.422s] INFO:colcon.colcon_core.shell:Creating environment hook '/home/gordonc/alpha_test/install/alpha_bringup/share/alpha_bringup/hook/cmake_prefix_path.ps1'
[1.423s] INFO:colcon.colcon_core.shell:Creating environment descriptor '/home/gordonc/alpha_test/install/alpha_bringup/share/alpha_bringup/hook/cmake_prefix_path.dsv'
[1.423s] INFO:colcon.colcon_core.shell:Creating environment hook '/home/gordonc/alpha_test/install/alpha_bringup/share/alpha_bringup/hook/cmake_prefix_path.sh'
[1.424s] Level 1:colcon.colcon_core.environment:checking '/home/gordonc/alpha_test/install/alpha_bringup/bin'
[1.424s] Level 1:colcon.colcon_core.environment:checking '/home/gordonc/alpha_test/install/alpha_bringup/lib/pkgconfig/alpha_bringup.pc'
[1.424s] Level 1:colcon.colcon_core.environment:checking '/home/gordonc/alpha_test/install/alpha_bringup/lib/python3.10/site-packages'
[1.425s] Level 1:colcon.colcon_core.environment:checking '/home/gordonc/alpha_test/install/alpha_bringup/bin'
[1.425s] INFO:colcon.colcon_core.shell:Creating package script '/home/gordonc/alpha_test/install/alpha_bringup/share/alpha_bringup/package.ps1'
[1.426s] INFO:colcon.colcon_core.shell:Creating package descriptor '/home/gordonc/alpha_test/install/alpha_bringup/share/alpha_bringup/package.dsv'
[1.426s] INFO:colcon.colcon_core.shell:Creating package script '/home/gordonc/alpha_test/install/alpha_bringup/share/alpha_bringup/package.sh'
[1.427s] INFO:colcon.colcon_core.shell:Creating package script '/home/gordonc/alpha_test/install/alpha_bringup/share/alpha_bringup/package.bash'
[1.428s] INFO:colcon.colcon_core.shell:Creating package script '/home/gordonc/alpha_test/install/alpha_bringup/share/alpha_bringup/package.zsh'
[1.428s] Level 1:colcon.colcon_core.environment:create_file_with_runtime_dependencies(/home/gordonc/alpha_test/install/alpha_bringup/share/colcon-core/packages/alpha_bringup)
[1.429s] DEBUG:colcon.colcon_parallel_executor.executor.parallel:closing loop
[1.429s] DEBUG:colcon.colcon_parallel_executor.executor.parallel:loop closed
[1.429s] DEBUG:colcon.colcon_parallel_executor.executor.parallel:run_until_complete finished with '0'
[1.429s] DEBUG:colcon.colcon_core.event_reactor:joining thread
[1.438s] INFO:colcon.colcon_core.plugin_system:Skipping extension 'colcon_notification.desktop_notification.terminal_notifier': Not used on non-Darwin systems
[1.438s] INFO:colcon.colcon_core.plugin_system:Skipping extension 'colcon_notification.desktop_notification.win32': Not used on non-Windows systems
[1.438s] INFO:colcon.colcon_notification.desktop_notification:Sending desktop notification using 'notify2'
[1.455s] DEBUG:colcon.colcon_core.event_reactor:joined thread
[1.455s] INFO:colcon.colcon_core.shell:Creating prefix script '/home/gordonc/alpha_test/install/local_setup.ps1'
[1.456s] INFO:colcon.colcon_core.shell:Creating prefix util module '/home/gordonc/alpha_test/install/_local_setup_util_ps1.py'
[1.459s] INFO:colcon.colcon_core.shell:Creating prefix chain script '/home/gordonc/alpha_test/install/setup.ps1'
[1.463s] INFO:colcon.colcon_core.shell:Creating prefix script '/home/gordonc/alpha_test/install/local_setup.sh'
[1.464s] INFO:colcon.colcon_core.shell:Creating prefix util module '/home/gordonc/alpha_test/install/_local_setup_util_sh.py'
[1.465s] INFO:colcon.colcon_core.shell:Creating prefix chain script '/home/gordonc/alpha_test/install/setup.sh'
[1.468s] INFO:colcon.colcon_core.shell:Creating prefix script '/home/gordonc/alpha_test/install/local_setup.bash'
[1.469s] INFO:colcon.colcon_core.shell:Creating prefix chain script '/home/gordonc/alpha_test/install/setup.bash'
[1.473s] INFO:colcon.colcon_core.shell:Creating prefix script '/home/gordonc/alpha_test/install/local_setup.zsh'
[1.474s] INFO:colcon.colcon_core.shell:Creating prefix chain script '/home/gordonc/alpha_test/install/setup.zsh'
