[0.076s] Invoking command in '/home/gordonc/alpha_test/build/alpha_description': CMAKE_PREFIX_PATH=${CMAKE_PREFIX_PATH}:/home/gordonc/colcon_ws/install/blue_manager:/home/gordonc/colcon_ws/install/blue_localization:/home/gordonc/colcon_ws/install/blue_joy:/opt/ros/humble /usr/bin/cmake --build /home/gordonc/alpha_test/build/alpha_description -- -j8 -l8
[0.199s] Invoked command in '/home/gordonc/alpha_test/build/alpha_description' returned '0': CMAKE_PREFIX_PATH=${CMAKE_PREFIX_PATH}:/home/gordonc/colcon_ws/install/blue_manager:/home/gordonc/colcon_ws/install/blue_localization:/home/gordonc/colcon_ws/install/blue_joy:/opt/ros/humble /usr/bin/cmake --build /home/gordonc/alpha_test/build/alpha_description -- -j8 -l8
[0.492s] Invoking command in '/home/gordonc/alpha_test/build/alpha_description': CMAKE_PREFIX_PATH=${CMAKE_PREFIX_PATH}:/home/gordonc/colcon_ws/install/blue_manager:/home/gordonc/colcon_ws/install/blue_localization:/home/gordonc/colcon_ws/install/blue_joy:/opt/ros/humble /usr/bin/cmake --install /home/gordonc/alpha_test/build/alpha_description
[0.524s] -- Install configuration: ""
[0.525s] -- Up-to-date: /home/gordonc/alpha_test/install/alpha_description/share/alpha_description/config
[0.525s] -- Up-to-date: /home/gordonc/alpha_test/install/alpha_description/share/alpha_description/config/alpha.config.xacro
[0.526s] -- Up-to-date: /home/gordonc/alpha_test/install/alpha_description/share/alpha_description/config/alpha.config.srdf.xacro
[0.526s] -- Up-to-date: /home/gordonc/alpha_test/install/alpha_description/share/alpha_description/config/initial_velocities.yaml
[0.527s] -- Up-to-date: /home/gordonc/alpha_test/install/alpha_description/share/alpha_description/config/initial_positions.yaml
[0.527s] -- Up-to-date: /home/gordonc/alpha_test/install/alpha_description/share/alpha_description/config/alpha_controllers.yaml
[0.527s] -- Up-to-date: /home/gordonc/alpha_test/install/alpha_description/share/alpha_description/meshes
[0.528s] -- Up-to-date: /home/gordonc/alpha_test/install/alpha_description/share/alpha_description/meshes/M2-1-3.stl
[0.528s] -- Up-to-date: /home/gordonc/alpha_test/install/alpha_description/share/alpha_description/meshes/M2-1-1.stl
[0.529s] -- Up-to-date: /home/gordonc/alpha_test/install/alpha_description/share/alpha_description/meshes/LICENSE
[0.536s] -- Up-to-date: /home/gordonc/alpha_test/install/alpha_description/share/alpha_description/meshes/RS1-100-101-123.stl
[0.537s] -- Up-to-date: /home/gordonc/alpha_test/install/alpha_description/share/alpha_description/meshes/M3-INLINE.stl
[0.537s] -- Up-to-date: /home/gordonc/alpha_test/install/alpha_description/share/alpha_description/meshes/end_effectors
[0.537s] -- Up-to-date: /home/gordonc/alpha_test/install/alpha_description/share/alpha_description/meshes/end_effectors/RS1-124.stl
[0.537s] -- Up-to-date: /home/gordonc/alpha_test/install/alpha_description/share/alpha_description/meshes/end_effectors/RS1-139.stl
[0.538s] -- Up-to-date: /home/gordonc/alpha_test/install/alpha_description/share/alpha_description/meshes/end_effectors/RS1-130.stl
[0.538s] -- Up-to-date: /home/gordonc/alpha_test/install/alpha_description/share/alpha_description/meshes/M2.stl
[0.538s] -- Up-to-date: /home/gordonc/alpha_test/install/alpha_description/share/alpha_description/moveit2
[0.538s] -- Up-to-date: /home/gordonc/alpha_test/install/alpha_description/share/alpha_description/moveit2/kinematics.yaml
[0.539s] -- Up-to-date: /home/gordonc/alpha_test/install/alpha_description/share/alpha_description/moveit2/joint_limits.yaml
[0.539s] -- Up-to-date: /home/gordonc/alpha_test/install/alpha_description/share/alpha_description/moveit2/pilz_cartesian_limits.yaml
[0.539s] -- Up-to-date: /home/gordonc/alpha_test/install/alpha_description/share/alpha_description/moveit2/ompl_planning.yaml
[0.539s] -- Up-to-date: /home/gordonc/alpha_test/install/alpha_description/share/alpha_description/moveit2/moveit_controllers.yaml
[0.540s] -- Up-to-date: /home/gordonc/alpha_test/install/alpha_description/share/alpha_description/moveit2/planning_pipelines.yaml
[0.540s] -- Up-to-date: /home/gordonc/alpha_test/install/alpha_description/share/alpha_description/ros2_control
[0.541s] -- Up-to-date: /home/gordonc/alpha_test/install/alpha_description/share/alpha_description/ros2_control/alpha.ros2_control.xacro
[0.543s] -- Up-to-date: /home/gordonc/alpha_test/install/alpha_description/share/alpha_description/rviz
[0.543s] -- Up-to-date: /home/gordonc/alpha_test/install/alpha_description/share/alpha_description/rviz/moveit.rviz
[0.544s] -- Up-to-date: /home/gordonc/alpha_test/install/alpha_description/share/alpha_description/rviz/view_alpha.rviz
[0.544s] -- Up-to-date: /home/gordonc/alpha_test/install/alpha_description/share/alpha_description/srdf
[0.544s] -- Up-to-date: /home/gordonc/alpha_test/install/alpha_description/share/alpha_description/srdf/alpha.srdf.xacro
[0.544s] -- Up-to-date: /home/gordonc/alpha_test/install/alpha_description/share/alpha_description/urdf
[0.545s] -- Up-to-date: /home/gordonc/alpha_test/install/alpha_description/share/alpha_description/urdf/alpha.urdf.xacro
[0.545s] -- Up-to-date: /home/gordonc/alpha_test/install/alpha_description/share/alpha_description/urdf/LICENSE
[0.545s] -- Up-to-date: /home/gordonc/alpha_test/install/alpha_description/share/alpha_description/urdf/end_effectors
[0.545s] -- Up-to-date: /home/gordonc/alpha_test/install/alpha_description/share/alpha_description/urdf/end_effectors/standard_jaws.urdf.xacro
[0.547s] -- Up-to-date: /home/gordonc/alpha_test/install/alpha_description/share/alpha_description/gazebo
[0.547s] -- Up-to-date: /home/gordonc/alpha_test/install/alpha_description/share/alpha_description/gazebo/alpha.gazebo.xacro
[0.548s] -- Up-to-date: /home/gordonc/alpha_test/install/alpha_description/share/alpha_description/gazebo/worlds
[0.548s] -- Up-to-date: /home/gordonc/alpha_test/install/alpha_description/share/alpha_description/gazebo/worlds/empty.world
[0.549s] -- Up-to-date: /home/gordonc/alpha_test/install/alpha_description/share/ament_index/resource_index/package_run_dependencies/alpha_description
[0.549s] -- Up-to-date: /home/gordonc/alpha_test/install/alpha_description/share/ament_index/resource_index/parent_prefix_path/alpha_description
[0.549s] -- Up-to-date: /home/gordonc/alpha_test/install/alpha_description/share/alpha_description/environment/ament_prefix_path.sh
[0.550s] -- Up-to-date: /home/gordonc/alpha_test/install/alpha_description/share/alpha_description/environment/ament_prefix_path.dsv
[0.550s] -- Up-to-date: /home/gordonc/alpha_test/install/alpha_description/share/alpha_description/environment/path.sh
[0.550s] -- Up-to-date: /home/gordonc/alpha_test/install/alpha_description/share/alpha_description/environment/path.dsv
[0.551s] -- Up-to-date: /home/gordonc/alpha_test/install/alpha_description/share/alpha_description/local_setup.bash
[0.552s] -- Up-to-date: /home/gordonc/alpha_test/install/alpha_description/share/alpha_description/local_setup.sh
[0.552s] -- Up-to-date: /home/gordonc/alpha_test/install/alpha_description/share/alpha_description/local_setup.zsh
[0.553s] -- Up-to-date: /home/gordonc/alpha_test/install/alpha_description/share/alpha_description/local_setup.dsv
[0.553s] -- Installing: /home/gordonc/alpha_test/install/alpha_description/share/alpha_description/package.dsv
[0.553s] -- Up-to-date: /home/gordonc/alpha_test/install/alpha_description/share/ament_index/resource_index/packages/alpha_description
[0.556s] -- Up-to-date: /home/gordonc/alpha_test/install/alpha_description/share/alpha_description/cmake/alpha_descriptionConfig.cmake
[0.556s] -- Up-to-date: /home/gordonc/alpha_test/install/alpha_description/share/alpha_description/cmake/alpha_descriptionConfig-version.cmake
[0.556s] -- Up-to-date: /home/gordonc/alpha_test/install/alpha_description/share/alpha_description/package.xml
[0.559s] Invoked command in '/home/gordonc/alpha_test/build/alpha_description' returned '0': CMAKE_PREFIX_PATH=${CMAKE_PREFIX_PATH}:/home/gordonc/colcon_ws/install/blue_manager:/home/gordonc/colcon_ws/install/blue_localization:/home/gordonc/colcon_ws/install/blue_joy:/opt/ros/humble /usr/bin/cmake --install /home/gordonc/alpha_test/build/alpha_description
