[0.070s] Invoking command in '/home/gordonc/alpha_test/build/ros_gz_interfaces': CMAKE_PREFIX_PATH=${CMAKE_PREFIX_PATH}:/home/gordonc/colcon_ws/install/blue_manager:/home/gordonc/colcon_ws/install/blue_localization:/home/gordonc/colcon_ws/install/blue_joy:/opt/ros/humble /usr/bin/cmake --build /home/gordonc/alpha_test/build/ros_gz_interfaces -- -j8 -l8
[0.302s] [35m[1mConsolidate compiler generated dependencies of target ros_gz_interfaces__rosidl_generator_c[0m
[0.333s] [  0%] Built target ros_gz_interfaces__cpp
[0.354s] [  0%] Built target ament_cmake_python_copy_ros_gz_interfaces
[0.384s] [ 12%] Built target ros_gz_interfaces__rosidl_generator_c
[0.423s] [35m[1mConsolidate compiler generated dependencies of target ros_gz_interfaces__rosidl_typesupport_cpp[0m
[0.454s] [35m[1mConsolidate compiler generated dependencies of target ros_gz_interfaces__rosidl_typesupport_introspection_cpp[0m
[0.494s] [35m[1mConsolidate compiler generated dependencies of target ros_gz_interfaces__rosidl_typesupport_c[0m
[0.511s] [35m[1mConsolidate compiler generated dependencies of target ros_gz_interfaces__rosidl_typesupport_fastrtps_cpp[0m
[0.512s] [35m[1mConsolidate compiler generated dependencies of target ros_gz_interfaces__rosidl_typesupport_fastrtps_c[0m
[0.516s] [35m[1mConsolidate compiler generated dependencies of target ros_gz_interfaces__rosidl_typesupport_introspection_c[0m
[0.570s] [ 24%] Built target ros_gz_interfaces__rosidl_typesupport_c
[0.592s] [ 36%] Built target ros_gz_interfaces__rosidl_typesupport_cpp
[0.609s] [ 49%] Built target ros_gz_interfaces__rosidl_typesupport_introspection_cpp
[0.626s] [ 61%] Built target ros_gz_interfaces__rosidl_typesupport_introspection_c
[0.638s] [ 73%] Built target ros_gz_interfaces__rosidl_typesupport_fastrtps_cpp
[0.653s] [ 85%] Built target ros_gz_interfaces__rosidl_typesupport_fastrtps_c
[0.709s] [ 85%] Built target ros_gz_interfaces
[0.769s] [ 86%] Built target ros_gz_interfaces__py
[0.814s] [35m[1mConsolidate compiler generated dependencies of target ros_gz_interfaces__rosidl_generator_py[0m
[0.890s] [ 97%] Built target ros_gz_interfaces__rosidl_generator_py
[0.921s] [35m[1mConsolidate compiler generated dependencies of target ros_gz_interfaces__rosidl_typesupport_introspection_c__pyext[0m
[0.923s] [35m[1mConsolidate compiler generated dependencies of target ros_gz_interfaces__rosidl_typesupport_fastrtps_c__pyext[0m
[0.927s] [35m[1mConsolidate compiler generated dependencies of target ros_gz_interfaces__rosidl_typesupport_c__pyext[0m
[0.966s] [ 98%] Built target ros_gz_interfaces__rosidl_typesupport_introspection_c__pyext
[0.969s] [ 99%] Built target ros_gz_interfaces__rosidl_typesupport_fastrtps_c__pyext
[0.973s] [100%] Built target ros_gz_interfaces__rosidl_typesupport_c__pyext
[1.069s] running egg_info
[1.102s] writing ros_gz_interfaces.egg-info/PKG-INFO
[1.103s] writing dependency_links to ros_gz_interfaces.egg-info/dependency_links.txt
[1.103s] writing top-level names to ros_gz_interfaces.egg-info/top_level.txt
[1.204s] reading manifest file 'ros_gz_interfaces.egg-info/SOURCES.txt'
[1.205s] writing manifest file 'ros_gz_interfaces.egg-info/SOURCES.txt'
[1.249s] [100%] Built target ament_cmake_python_build_ros_gz_interfaces_egg
[1.282s] Invoked command in '/home/gordonc/alpha_test/build/ros_gz_interfaces' returned '0': CMAKE_PREFIX_PATH=${CMAKE_PREFIX_PATH}:/home/gordonc/colcon_ws/install/blue_manager:/home/gordonc/colcon_ws/install/blue_localization:/home/gordonc/colcon_ws/install/blue_joy:/opt/ros/humble /usr/bin/cmake --build /home/gordonc/alpha_test/build/ros_gz_interfaces -- -j8 -l8
[2.552s] Invoking command in '/home/gordonc/alpha_test/build/ros_gz_interfaces': CMAKE_PREFIX_PATH=${CMAKE_PREFIX_PATH}:/home/gordonc/colcon_ws/install/blue_manager:/home/gordonc/colcon_ws/install/blue_localization:/home/gordonc/colcon_ws/install/blue_joy:/opt/ros/humble /usr/bin/cmake --install /home/gordonc/alpha_test/build/ros_gz_interfaces
[2.596s] -- Install configuration: ""
[2.596s] -- Up-to-date: /home/gordonc/alpha_test/install/ros_gz_interfaces/share/ament_index/resource_index/rosidl_interfaces/ros_gz_interfaces
[2.597s] -- Up-to-date: /home/gordonc/alpha_test/install/ros_gz_interfaces/include/ros_gz_interfaces/ros_gz_interfaces
[2.597s] -- Up-to-date: /home/gordonc/alpha_test/install/ros_gz_interfaces/include/ros_gz_interfaces/ros_gz_interfaces/srv
[2.598s] -- Up-to-date: /home/gordonc/alpha_test/install/ros_gz_interfaces/include/ros_gz_interfaces/ros_gz_interfaces/srv/set_entity_pose.h
[2.598s] -- Up-to-date: /home/gordonc/alpha_test/install/ros_gz_interfaces/include/ros_gz_interfaces/ros_gz_interfaces/srv/detail
[2.598s] -- Up-to-date: /home/gordonc/alpha_test/install/ros_gz_interfaces/include/ros_gz_interfaces/ros_gz_interfaces/srv/detail/set_entity_pose__functions.h
[2.599s] -- Up-to-date: /home/gordonc/alpha_test/install/ros_gz_interfaces/include/ros_gz_interfaces/ros_gz_interfaces/srv/detail/delete_entity__functions.c
[2.599s] -- Up-to-date: /home/gordonc/alpha_test/install/ros_gz_interfaces/include/ros_gz_interfaces/ros_gz_interfaces/srv/detail/spawn_entity__functions.h
[2.599s] -- Up-to-date: /home/gordonc/alpha_test/install/ros_gz_interfaces/include/ros_gz_interfaces/ros_gz_interfaces/srv/detail/delete_entity__functions.h
[2.600s] -- Up-to-date: /home/gordonc/alpha_test/install/ros_gz_interfaces/include/ros_gz_interfaces/ros_gz_interfaces/srv/detail/spawn_entity__functions.c
[2.600s] -- Up-to-date: /home/gordonc/alpha_test/install/ros_gz_interfaces/include/ros_gz_interfaces/ros_gz_interfaces/srv/detail/control_world__struct.h
[2.601s] -- Up-to-date: /home/gordonc/alpha_test/install/ros_gz_interfaces/include/ros_gz_interfaces/ros_gz_interfaces/srv/detail/spawn_entity__type_support.h
[2.601s] -- Up-to-date: /home/gordonc/alpha_test/install/ros_gz_interfaces/include/ros_gz_interfaces/ros_gz_interfaces/srv/detail/set_entity_pose__functions.c
[2.601s] -- Up-to-date: /home/gordonc/alpha_test/install/ros_gz_interfaces/include/ros_gz_interfaces/ros_gz_interfaces/srv/detail/delete_entity__struct.h
[2.602s] -- Up-to-date: /home/gordonc/alpha_test/install/ros_gz_interfaces/include/ros_gz_interfaces/ros_gz_interfaces/srv/detail/control_world__type_support.h
[2.602s] -- Up-to-date: /home/gordonc/alpha_test/install/ros_gz_interfaces/include/ros_gz_interfaces/ros_gz_interfaces/srv/detail/spawn_entity__struct.h
[2.602s] -- Up-to-date: /home/gordonc/alpha_test/install/ros_gz_interfaces/include/ros_gz_interfaces/ros_gz_interfaces/srv/detail/control_world__functions.h
[2.602s] -- Up-to-date: /home/gordonc/alpha_test/install/ros_gz_interfaces/include/ros_gz_interfaces/ros_gz_interfaces/srv/detail/delete_entity__type_support.h
[2.602s] -- Up-to-date: /home/gordonc/alpha_test/install/ros_gz_interfaces/include/ros_gz_interfaces/ros_gz_interfaces/srv/detail/set_entity_pose__type_support.h
[2.602s] -- Up-to-date: /home/gordonc/alpha_test/install/ros_gz_interfaces/include/ros_gz_interfaces/ros_gz_interfaces/srv/detail/set_entity_pose__struct.h
[2.603s] -- Up-to-date: /home/gordonc/alpha_test/install/ros_gz_interfaces/include/ros_gz_interfaces/ros_gz_interfaces/srv/detail/control_world__functions.c
[2.603s] -- Up-to-date: /home/gordonc/alpha_test/install/ros_gz_interfaces/include/ros_gz_interfaces/ros_gz_interfaces/srv/spawn_entity.h
[2.603s] -- Up-to-date: /home/gordonc/alpha_test/install/ros_gz_interfaces/include/ros_gz_interfaces/ros_gz_interfaces/srv/delete_entity.h
[2.604s] -- Up-to-date: /home/gordonc/alpha_test/install/ros_gz_interfaces/include/ros_gz_interfaces/ros_gz_interfaces/srv/control_world.h
[2.604s] -- Up-to-date: /home/gordonc/alpha_test/install/ros_gz_interfaces/include/ros_gz_interfaces/ros_gz_interfaces/msg
[2.604s] -- Up-to-date: /home/gordonc/alpha_test/install/ros_gz_interfaces/include/ros_gz_interfaces/ros_gz_interfaces/msg/param_vec.h
[2.604s] -- Up-to-date: /home/gordonc/alpha_test/install/ros_gz_interfaces/include/ros_gz_interfaces/ros_gz_interfaces/msg/rosidl_generator_c__visibility_control.h
[2.604s] -- Up-to-date: /home/gordonc/alpha_test/install/ros_gz_interfaces/include/ros_gz_interfaces/ros_gz_interfaces/msg/string_vec.h
[2.605s] -- Up-to-date: /home/gordonc/alpha_test/install/ros_gz_interfaces/include/ros_gz_interfaces/ros_gz_interfaces/msg/entity.h
[2.605s] -- Up-to-date: /home/gordonc/alpha_test/install/ros_gz_interfaces/include/ros_gz_interfaces/ros_gz_interfaces/msg/entity_factory.h
[2.605s] -- Up-to-date: /home/gordonc/alpha_test/install/ros_gz_interfaces/include/ros_gz_interfaces/ros_gz_interfaces/msg/altimeter.h
[2.605s] -- Up-to-date: /home/gordonc/alpha_test/install/ros_gz_interfaces/include/ros_gz_interfaces/ros_gz_interfaces/msg/detail
[2.606s] -- Up-to-date: /home/gordonc/alpha_test/install/ros_gz_interfaces/include/ros_gz_interfaces/ros_gz_interfaces/msg/detail/track_visual__type_support.h
[2.606s] -- Up-to-date: /home/gordonc/alpha_test/install/ros_gz_interfaces/include/ros_gz_interfaces/ros_gz_interfaces/msg/detail/track_visual__struct.h
[2.606s] -- Up-to-date: /home/gordonc/alpha_test/install/ros_gz_interfaces/include/ros_gz_interfaces/ros_gz_interfaces/msg/detail/altimeter__type_support.h
[2.607s] -- Up-to-date: /home/gordonc/alpha_test/install/ros_gz_interfaces/include/ros_gz_interfaces/ros_gz_interfaces/msg/detail/world_reset__type_support.h
[2.607s] -- Up-to-date: /home/gordonc/alpha_test/install/ros_gz_interfaces/include/ros_gz_interfaces/ros_gz_interfaces/msg/detail/entity_factory__functions.h
[2.607s] -- Up-to-date: /home/gordonc/alpha_test/install/ros_gz_interfaces/include/ros_gz_interfaces/ros_gz_interfaces/msg/detail/world_control__type_support.h
[2.608s] -- Up-to-date: /home/gordonc/alpha_test/install/ros_gz_interfaces/include/ros_gz_interfaces/ros_gz_interfaces/msg/detail/altimeter__functions.c
[2.608s] -- Up-to-date: /home/gordonc/alpha_test/install/ros_gz_interfaces/include/ros_gz_interfaces/ros_gz_interfaces/msg/detail/light__functions.h
[2.609s] -- Up-to-date: /home/gordonc/alpha_test/install/ros_gz_interfaces/include/ros_gz_interfaces/ros_gz_interfaces/msg/detail/altimeter__functions.h
[2.609s] -- Up-to-date: /home/gordonc/alpha_test/install/ros_gz_interfaces/include/ros_gz_interfaces/ros_gz_interfaces/msg/detail/entity__functions.c
[2.610s] -- Up-to-date: /home/gordonc/alpha_test/install/ros_gz_interfaces/include/ros_gz_interfaces/ros_gz_interfaces/msg/detail/world_reset__functions.h
[2.610s] -- Up-to-date: /home/gordonc/alpha_test/install/ros_gz_interfaces/include/ros_gz_interfaces/ros_gz_interfaces/msg/detail/video_record__functions.c
[2.610s] -- Up-to-date: /home/gordonc/alpha_test/install/ros_gz_interfaces/include/ros_gz_interfaces/ros_gz_interfaces/msg/detail/param_vec__functions.c
[2.611s] -- Up-to-date: /home/gordonc/alpha_test/install/ros_gz_interfaces/include/ros_gz_interfaces/ros_gz_interfaces/msg/detail/float32_array__struct.h
[2.611s] -- Up-to-date: /home/gordonc/alpha_test/install/ros_gz_interfaces/include/ros_gz_interfaces/ros_gz_interfaces/msg/detail/sensor_noise__functions.c
[2.611s] -- Up-to-date: /home/gordonc/alpha_test/install/ros_gz_interfaces/include/ros_gz_interfaces/ros_gz_interfaces/msg/detail/contacts__struct.h
[2.612s] -- Up-to-date: /home/gordonc/alpha_test/install/ros_gz_interfaces/include/ros_gz_interfaces/ros_gz_interfaces/msg/detail/video_record__struct.h
[2.612s] -- Up-to-date: /home/gordonc/alpha_test/install/ros_gz_interfaces/include/ros_gz_interfaces/ros_gz_interfaces/msg/detail/float32_array__functions.h
[2.612s] -- Up-to-date: /home/gordonc/alpha_test/install/ros_gz_interfaces/include/ros_gz_interfaces/ros_gz_interfaces/msg/detail/contacts__functions.h
[2.612s] -- Up-to-date: /home/gordonc/alpha_test/install/ros_gz_interfaces/include/ros_gz_interfaces/ros_gz_interfaces/msg/detail/world_reset__struct.h
[2.613s] -- Up-to-date: /home/gordonc/alpha_test/install/ros_gz_interfaces/include/ros_gz_interfaces/ros_gz_interfaces/msg/detail/string_vec__type_support.h
[2.613s] -- Up-to-date: /home/gordonc/alpha_test/install/ros_gz_interfaces/include/ros_gz_interfaces/ros_gz_interfaces/msg/detail/world_control__struct.h
[2.613s] -- Up-to-date: /home/gordonc/alpha_test/install/ros_gz_interfaces/include/ros_gz_interfaces/ros_gz_interfaces/msg/detail/joint_wrench__functions.h
[2.614s] -- Up-to-date: /home/gordonc/alpha_test/install/ros_gz_interfaces/include/ros_gz_interfaces/ros_gz_interfaces/msg/detail/sensor_noise__functions.h
[2.614s] -- Up-to-date: /home/gordonc/alpha_test/install/ros_gz_interfaces/include/ros_gz_interfaces/ros_gz_interfaces/msg/detail/entity_factory__type_support.h
[2.615s] -- Up-to-date: /home/gordonc/alpha_test/install/ros_gz_interfaces/include/ros_gz_interfaces/ros_gz_interfaces/msg/detail/contacts__type_support.h
[2.615s] -- Up-to-date: /home/gordonc/alpha_test/install/ros_gz_interfaces/include/ros_gz_interfaces/ros_gz_interfaces/msg/detail/altimeter__struct.h
[2.615s] -- Up-to-date: /home/gordonc/alpha_test/install/ros_gz_interfaces/include/ros_gz_interfaces/ros_gz_interfaces/msg/detail/string_vec__struct.h
[2.616s] -- Up-to-date: /home/gordonc/alpha_test/install/ros_gz_interfaces/include/ros_gz_interfaces/ros_gz_interfaces/msg/detail/world_control__functions.c
[2.616s] -- Up-to-date: /home/gordonc/alpha_test/install/ros_gz_interfaces/include/ros_gz_interfaces/ros_gz_interfaces/msg/detail/light__functions.c
[2.617s] -- Up-to-date: /home/gordonc/alpha_test/install/ros_gz_interfaces/include/ros_gz_interfaces/ros_gz_interfaces/msg/detail/string_vec__functions.h
[2.617s] -- Up-to-date: /home/gordonc/alpha_test/install/ros_gz_interfaces/include/ros_gz_interfaces/ros_gz_interfaces/msg/detail/dataframe__functions.c
[2.617s] -- Up-to-date: /home/gordonc/alpha_test/install/ros_gz_interfaces/include/ros_gz_interfaces/ros_gz_interfaces/msg/detail/param_vec__type_support.h
[2.617s] -- Up-to-date: /home/gordonc/alpha_test/install/ros_gz_interfaces/include/ros_gz_interfaces/ros_gz_interfaces/msg/detail/gui_camera__struct.h
[2.618s] -- Up-to-date: /home/gordonc/alpha_test/install/ros_gz_interfaces/include/ros_gz_interfaces/ros_gz_interfaces/msg/detail/float32_array__type_support.h
[2.618s] -- Up-to-date: /home/gordonc/alpha_test/install/ros_gz_interfaces/include/ros_gz_interfaces/ros_gz_interfaces/msg/detail/gui_camera__functions.c
[2.618s] -- Up-to-date: /home/gordonc/alpha_test/install/ros_gz_interfaces/include/ros_gz_interfaces/ros_gz_interfaces/msg/detail/param_vec__functions.h
[2.618s] -- Up-to-date: /home/gordonc/alpha_test/install/ros_gz_interfaces/include/ros_gz_interfaces/ros_gz_interfaces/msg/detail/sensor_noise__type_support.h
[2.619s] -- Up-to-date: /home/gordonc/alpha_test/install/ros_gz_interfaces/include/ros_gz_interfaces/ros_gz_interfaces/msg/detail/light__struct.h
[2.619s] -- Up-to-date: /home/gordonc/alpha_test/install/ros_gz_interfaces/include/ros_gz_interfaces/ros_gz_interfaces/msg/detail/entity_factory__functions.c
[2.619s] -- Up-to-date: /home/gordonc/alpha_test/install/ros_gz_interfaces/include/ros_gz_interfaces/ros_gz_interfaces/msg/detail/video_record__type_support.h
[2.619s] -- Up-to-date: /home/gordonc/alpha_test/install/ros_gz_interfaces/include/ros_gz_interfaces/ros_gz_interfaces/msg/detail/float32_array__functions.c
[2.620s] -- Up-to-date: /home/gordonc/alpha_test/install/ros_gz_interfaces/include/ros_gz_interfaces/ros_gz_interfaces/msg/detail/dataframe__type_support.h
[2.620s] -- Up-to-date: /home/gordonc/alpha_test/install/ros_gz_interfaces/include/ros_gz_interfaces/ros_gz_interfaces/msg/detail/contact__functions.h
[2.620s] -- Up-to-date: /home/gordonc/alpha_test/install/ros_gz_interfaces/include/ros_gz_interfaces/ros_gz_interfaces/msg/detail/material_color__functions.c
[2.621s] -- Up-to-date: /home/gordonc/alpha_test/install/ros_gz_interfaces/include/ros_gz_interfaces/ros_gz_interfaces/msg/detail/light__type_support.h
[2.621s] -- Up-to-date: /home/gordonc/alpha_test/install/ros_gz_interfaces/include/ros_gz_interfaces/ros_gz_interfaces/msg/detail/joint_wrench__struct.h
[2.621s] -- Up-to-date: /home/gordonc/alpha_test/install/ros_gz_interfaces/include/ros_gz_interfaces/ros_gz_interfaces/msg/detail/joint_wrench__type_support.h
[2.622s] -- Up-to-date: /home/gordonc/alpha_test/install/ros_gz_interfaces/include/ros_gz_interfaces/ros_gz_interfaces/msg/detail/material_color__functions.h
[2.622s] -- Up-to-date: /home/gordonc/alpha_test/install/ros_gz_interfaces/include/ros_gz_interfaces/ros_gz_interfaces/msg/detail/contacts__functions.c
[2.623s] -- Up-to-date: /home/gordonc/alpha_test/install/ros_gz_interfaces/include/ros_gz_interfaces/ros_gz_interfaces/msg/detail/contact__struct.h
[2.623s] -- Up-to-date: /home/gordonc/alpha_test/install/ros_gz_interfaces/include/ros_gz_interfaces/ros_gz_interfaces/msg/detail/gui_camera__functions.h
[2.623s] -- Up-to-date: /home/gordonc/alpha_test/install/ros_gz_interfaces/include/ros_gz_interfaces/ros_gz_interfaces/msg/detail/gui_camera__type_support.h
[2.624s] -- Up-to-date: /home/gordonc/alpha_test/install/ros_gz_interfaces/include/ros_gz_interfaces/ros_gz_interfaces/msg/detail/entity__type_support.h
[2.624s] -- Up-to-date: /home/gordonc/alpha_test/install/ros_gz_interfaces/include/ros_gz_interfaces/ros_gz_interfaces/msg/detail/entity__functions.h
[2.624s] -- Up-to-date: /home/gordonc/alpha_test/install/ros_gz_interfaces/include/ros_gz_interfaces/ros_gz_interfaces/msg/detail/video_record__functions.h
[2.624s] -- Up-to-date: /home/gordonc/alpha_test/install/ros_gz_interfaces/include/ros_gz_interfaces/ros_gz_interfaces/msg/detail/track_visual__functions.c
[2.625s] -- Up-to-date: /home/gordonc/alpha_test/install/ros_gz_interfaces/include/ros_gz_interfaces/ros_gz_interfaces/msg/detail/material_color__type_support.h
[2.625s] -- Up-to-date: /home/gordonc/alpha_test/install/ros_gz_interfaces/include/ros_gz_interfaces/ros_gz_interfaces/msg/detail/string_vec__functions.c
[2.625s] -- Up-to-date: /home/gordonc/alpha_test/install/ros_gz_interfaces/include/ros_gz_interfaces/ros_gz_interfaces/msg/detail/contact__type_support.h
[2.625s] -- Up-to-date: /home/gordonc/alpha_test/install/ros_gz_interfaces/include/ros_gz_interfaces/ros_gz_interfaces/msg/detail/sensor_noise__struct.h
[2.626s] -- Up-to-date: /home/gordonc/alpha_test/install/ros_gz_interfaces/include/ros_gz_interfaces/ros_gz_interfaces/msg/detail/material_color__struct.h
[2.626s] -- Up-to-date: /home/gordonc/alpha_test/install/ros_gz_interfaces/include/ros_gz_interfaces/ros_gz_interfaces/msg/detail/entity__struct.h
[2.626s] -- Up-to-date: /home/gordonc/alpha_test/install/ros_gz_interfaces/include/ros_gz_interfaces/ros_gz_interfaces/msg/detail/world_control__functions.h
[2.627s] -- Up-to-date: /home/gordonc/alpha_test/install/ros_gz_interfaces/include/ros_gz_interfaces/ros_gz_interfaces/msg/detail/contact__functions.c
[2.627s] -- Up-to-date: /home/gordonc/alpha_test/install/ros_gz_interfaces/include/ros_gz_interfaces/ros_gz_interfaces/msg/detail/track_visual__functions.h
[2.627s] -- Up-to-date: /home/gordonc/alpha_test/install/ros_gz_interfaces/include/ros_gz_interfaces/ros_gz_interfaces/msg/detail/param_vec__struct.h
[2.628s] -- Up-to-date: /home/gordonc/alpha_test/install/ros_gz_interfaces/include/ros_gz_interfaces/ros_gz_interfaces/msg/detail/world_reset__functions.c
[2.628s] -- Up-to-date: /home/gordonc/alpha_test/install/ros_gz_interfaces/include/ros_gz_interfaces/ros_gz_interfaces/msg/detail/entity_factory__struct.h
[2.628s] -- Up-to-date: /home/gordonc/alpha_test/install/ros_gz_interfaces/include/ros_gz_interfaces/ros_gz_interfaces/msg/detail/dataframe__functions.h
[2.628s] -- Up-to-date: /home/gordonc/alpha_test/install/ros_gz_interfaces/include/ros_gz_interfaces/ros_gz_interfaces/msg/detail/dataframe__struct.h
[2.629s] -- Up-to-date: /home/gordonc/alpha_test/install/ros_gz_interfaces/include/ros_gz_interfaces/ros_gz_interfaces/msg/detail/joint_wrench__functions.c
[2.629s] -- Up-to-date: /home/gordonc/alpha_test/install/ros_gz_interfaces/include/ros_gz_interfaces/ros_gz_interfaces/msg/dataframe.h
[2.630s] -- Up-to-date: /home/gordonc/alpha_test/install/ros_gz_interfaces/include/ros_gz_interfaces/ros_gz_interfaces/msg/joint_wrench.h
[2.631s] -- Up-to-date: /home/gordonc/alpha_test/install/ros_gz_interfaces/include/ros_gz_interfaces/ros_gz_interfaces/msg/contacts.h
[2.631s] -- Up-to-date: /home/gordonc/alpha_test/install/ros_gz_interfaces/include/ros_gz_interfaces/ros_gz_interfaces/msg/video_record.h
[2.631s] -- Up-to-date: /home/gordonc/alpha_test/install/ros_gz_interfaces/include/ros_gz_interfaces/ros_gz_interfaces/msg/gui_camera.h
[2.632s] -- Up-to-date: /home/gordonc/alpha_test/install/ros_gz_interfaces/include/ros_gz_interfaces/ros_gz_interfaces/msg/float32_array.h
[2.632s] -- Up-to-date: /home/gordonc/alpha_test/install/ros_gz_interfaces/include/ros_gz_interfaces/ros_gz_interfaces/msg/light.h
[2.633s] -- Up-to-date: /home/gordonc/alpha_test/install/ros_gz_interfaces/include/ros_gz_interfaces/ros_gz_interfaces/msg/world_reset.h
[2.633s] -- Up-to-date: /home/gordonc/alpha_test/install/ros_gz_interfaces/include/ros_gz_interfaces/ros_gz_interfaces/msg/track_visual.h
[2.633s] -- Up-to-date: /home/gordonc/alpha_test/install/ros_gz_interfaces/include/ros_gz_interfaces/ros_gz_interfaces/msg/sensor_noise.h
[2.634s] -- Up-to-date: /home/gordonc/alpha_test/install/ros_gz_interfaces/include/ros_gz_interfaces/ros_gz_interfaces/msg/material_color.h
[2.634s] -- Up-to-date: /home/gordonc/alpha_test/install/ros_gz_interfaces/include/ros_gz_interfaces/ros_gz_interfaces/msg/contact.h
[2.634s] -- Up-to-date: /home/gordonc/alpha_test/install/ros_gz_interfaces/include/ros_gz_interfaces/ros_gz_interfaces/msg/world_control.h
[2.634s] -- Up-to-date: /home/gordonc/alpha_test/install/ros_gz_interfaces/share/ros_gz_interfaces/environment/library_path.sh
[2.635s] -- Up-to-date: /home/gordonc/alpha_test/install/ros_gz_interfaces/share/ros_gz_interfaces/environment/library_path.dsv
[2.635s] -- Up-to-date: /home/gordonc/alpha_test/install/ros_gz_interfaces/lib/libros_gz_interfaces__rosidl_generator_c.so
[2.635s] -- Up-to-date: /home/gordonc/alpha_test/install/ros_gz_interfaces/include/ros_gz_interfaces/ros_gz_interfaces
[2.635s] -- Up-to-date: /home/gordonc/alpha_test/install/ros_gz_interfaces/include/ros_gz_interfaces/ros_gz_interfaces/srv
[2.635s] -- Up-to-date: /home/gordonc/alpha_test/install/ros_gz_interfaces/include/ros_gz_interfaces/ros_gz_interfaces/srv/detail
[2.635s] -- Up-to-date: /home/gordonc/alpha_test/install/ros_gz_interfaces/include/ros_gz_interfaces/ros_gz_interfaces/srv/detail/set_entity_pose__rosidl_typesupport_fastrtps_c.h
[2.636s] -- Up-to-date: /home/gordonc/alpha_test/install/ros_gz_interfaces/include/ros_gz_interfaces/ros_gz_interfaces/srv/detail/spawn_entity__rosidl_typesupport_fastrtps_c.h
[2.636s] -- Up-to-date: /home/gordonc/alpha_test/install/ros_gz_interfaces/include/ros_gz_interfaces/ros_gz_interfaces/srv/detail/delete_entity__rosidl_typesupport_fastrtps_c.h
[2.636s] -- Up-to-date: /home/gordonc/alpha_test/install/ros_gz_interfaces/include/ros_gz_interfaces/ros_gz_interfaces/srv/detail/control_world__rosidl_typesupport_fastrtps_c.h
[2.636s] -- Up-to-date: /home/gordonc/alpha_test/install/ros_gz_interfaces/include/ros_gz_interfaces/ros_gz_interfaces/msg
[2.637s] -- Up-to-date: /home/gordonc/alpha_test/install/ros_gz_interfaces/include/ros_gz_interfaces/ros_gz_interfaces/msg/detail
[2.637s] -- Up-to-date: /home/gordonc/alpha_test/install/ros_gz_interfaces/include/ros_gz_interfaces/ros_gz_interfaces/msg/detail/gui_camera__rosidl_typesupport_fastrtps_c.h
[2.637s] -- Up-to-date: /home/gordonc/alpha_test/install/ros_gz_interfaces/include/ros_gz_interfaces/ros_gz_interfaces/msg/detail/track_visual__rosidl_typesupport_fastrtps_c.h
[2.637s] -- Up-to-date: /home/gordonc/alpha_test/install/ros_gz_interfaces/include/ros_gz_interfaces/ros_gz_interfaces/msg/detail/contacts__rosidl_typesupport_fastrtps_c.h
[2.637s] -- Up-to-date: /home/gordonc/alpha_test/install/ros_gz_interfaces/include/ros_gz_interfaces/ros_gz_interfaces/msg/detail/world_control__rosidl_typesupport_fastrtps_c.h
[2.637s] -- Up-to-date: /home/gordonc/alpha_test/install/ros_gz_interfaces/include/ros_gz_interfaces/ros_gz_interfaces/msg/detail/float32_array__rosidl_typesupport_fastrtps_c.h
[2.637s] -- Up-to-date: /home/gordonc/alpha_test/install/ros_gz_interfaces/include/ros_gz_interfaces/ros_gz_interfaces/msg/detail/light__rosidl_typesupport_fastrtps_c.h
[2.637s] -- Up-to-date: /home/gordonc/alpha_test/install/ros_gz_interfaces/include/ros_gz_interfaces/ros_gz_interfaces/msg/detail/param_vec__rosidl_typesupport_fastrtps_c.h
[2.638s] -- Up-to-date: /home/gordonc/alpha_test/install/ros_gz_interfaces/include/ros_gz_interfaces/ros_gz_interfaces/msg/detail/entity__rosidl_typesupport_fastrtps_c.h
[2.638s] -- Up-to-date: /home/gordonc/alpha_test/install/ros_gz_interfaces/include/ros_gz_interfaces/ros_gz_interfaces/msg/detail/dataframe__rosidl_typesupport_fastrtps_c.h
[2.638s] -- Up-to-date: /home/gordonc/alpha_test/install/ros_gz_interfaces/include/ros_gz_interfaces/ros_gz_interfaces/msg/detail/video_record__rosidl_typesupport_fastrtps_c.h
[2.638s] -- Up-to-date: /home/gordonc/alpha_test/install/ros_gz_interfaces/include/ros_gz_interfaces/ros_gz_interfaces/msg/detail/joint_wrench__rosidl_typesupport_fastrtps_c.h
[2.638s] -- Up-to-date: /home/gordonc/alpha_test/install/ros_gz_interfaces/include/ros_gz_interfaces/ros_gz_interfaces/msg/detail/world_reset__rosidl_typesupport_fastrtps_c.h
[2.638s] -- Up-to-date: /home/gordonc/alpha_test/install/ros_gz_interfaces/include/ros_gz_interfaces/ros_gz_interfaces/msg/detail/sensor_noise__rosidl_typesupport_fastrtps_c.h
[2.638s] -- Up-to-date: /home/gordonc/alpha_test/install/ros_gz_interfaces/include/ros_gz_interfaces/ros_gz_interfaces/msg/detail/altimeter__rosidl_typesupport_fastrtps_c.h
[2.638s] -- Up-to-date: /home/gordonc/alpha_test/install/ros_gz_interfaces/include/ros_gz_interfaces/ros_gz_interfaces/msg/detail/string_vec__rosidl_typesupport_fastrtps_c.h
[2.639s] -- Up-to-date: /home/gordonc/alpha_test/install/ros_gz_interfaces/include/ros_gz_interfaces/ros_gz_interfaces/msg/detail/material_color__rosidl_typesupport_fastrtps_c.h
[2.639s] -- Up-to-date: /home/gordonc/alpha_test/install/ros_gz_interfaces/include/ros_gz_interfaces/ros_gz_interfaces/msg/detail/contact__rosidl_typesupport_fastrtps_c.h
[2.639s] -- Up-to-date: /home/gordonc/alpha_test/install/ros_gz_interfaces/include/ros_gz_interfaces/ros_gz_interfaces/msg/detail/entity_factory__rosidl_typesupport_fastrtps_c.h
[2.639s] -- Up-to-date: /home/gordonc/alpha_test/install/ros_gz_interfaces/include/ros_gz_interfaces/ros_gz_interfaces/msg/rosidl_typesupport_fastrtps_c__visibility_control.h
[2.639s] -- Up-to-date: /home/gordonc/alpha_test/install/ros_gz_interfaces/lib/libros_gz_interfaces__rosidl_typesupport_fastrtps_c.so
[2.639s] -- Up-to-date: /home/gordonc/alpha_test/install/ros_gz_interfaces/include/ros_gz_interfaces/ros_gz_interfaces
[2.639s] -- Up-to-date: /home/gordonc/alpha_test/install/ros_gz_interfaces/include/ros_gz_interfaces/ros_gz_interfaces/srv
[2.639s] -- Up-to-date: /home/gordonc/alpha_test/install/ros_gz_interfaces/include/ros_gz_interfaces/ros_gz_interfaces/srv/control_world.hpp
[2.639s] -- Up-to-date: /home/gordonc/alpha_test/install/ros_gz_interfaces/include/ros_gz_interfaces/ros_gz_interfaces/srv/detail
[2.640s] -- Up-to-date: /home/gordonc/alpha_test/install/ros_gz_interfaces/include/ros_gz_interfaces/ros_gz_interfaces/srv/detail/spawn_entity__traits.hpp
[2.640s] -- Up-to-date: /home/gordonc/alpha_test/install/ros_gz_interfaces/include/ros_gz_interfaces/ros_gz_interfaces/srv/detail/control_world__builder.hpp
[2.640s] -- Up-to-date: /home/gordonc/alpha_test/install/ros_gz_interfaces/include/ros_gz_interfaces/ros_gz_interfaces/srv/detail/control_world__struct.hpp
[2.640s] -- Up-to-date: /home/gordonc/alpha_test/install/ros_gz_interfaces/include/ros_gz_interfaces/ros_gz_interfaces/srv/detail/set_entity_pose__struct.hpp
[2.640s] -- Up-to-date: /home/gordonc/alpha_test/install/ros_gz_interfaces/include/ros_gz_interfaces/ros_gz_interfaces/srv/detail/delete_entity__builder.hpp
[2.640s] -- Up-to-date: /home/gordonc/alpha_test/install/ros_gz_interfaces/include/ros_gz_interfaces/ros_gz_interfaces/srv/detail/delete_entity__struct.hpp
[2.640s] -- Up-to-date: /home/gordonc/alpha_test/install/ros_gz_interfaces/include/ros_gz_interfaces/ros_gz_interfaces/srv/detail/spawn_entity__struct.hpp
[2.640s] -- Up-to-date: /home/gordonc/alpha_test/install/ros_gz_interfaces/include/ros_gz_interfaces/ros_gz_interfaces/srv/detail/set_entity_pose__builder.hpp
[2.640s] -- Up-to-date: /home/gordonc/alpha_test/install/ros_gz_interfaces/include/ros_gz_interfaces/ros_gz_interfaces/srv/detail/spawn_entity__builder.hpp
[2.640s] -- Up-to-date: /home/gordonc/alpha_test/install/ros_gz_interfaces/include/ros_gz_interfaces/ros_gz_interfaces/srv/detail/delete_entity__traits.hpp
[2.641s] -- Up-to-date: /home/gordonc/alpha_test/install/ros_gz_interfaces/include/ros_gz_interfaces/ros_gz_interfaces/srv/detail/set_entity_pose__traits.hpp
[2.641s] -- Up-to-date: /home/gordonc/alpha_test/install/ros_gz_interfaces/include/ros_gz_interfaces/ros_gz_interfaces/srv/detail/control_world__traits.hpp
[2.641s] -- Up-to-date: /home/gordonc/alpha_test/install/ros_gz_interfaces/include/ros_gz_interfaces/ros_gz_interfaces/srv/set_entity_pose.hpp
[2.641s] -- Up-to-date: /home/gordonc/alpha_test/install/ros_gz_interfaces/include/ros_gz_interfaces/ros_gz_interfaces/srv/delete_entity.hpp
[2.641s] -- Up-to-date: /home/gordonc/alpha_test/install/ros_gz_interfaces/include/ros_gz_interfaces/ros_gz_interfaces/srv/spawn_entity.hpp
[2.641s] -- Up-to-date: /home/gordonc/alpha_test/install/ros_gz_interfaces/include/ros_gz_interfaces/ros_gz_interfaces/msg
[2.641s] -- Up-to-date: /home/gordonc/alpha_test/install/ros_gz_interfaces/include/ros_gz_interfaces/ros_gz_interfaces/msg/dataframe.hpp
[2.641s] -- Up-to-date: /home/gordonc/alpha_test/install/ros_gz_interfaces/include/ros_gz_interfaces/ros_gz_interfaces/msg/sensor_noise.hpp
[2.641s] -- Up-to-date: /home/gordonc/alpha_test/install/ros_gz_interfaces/include/ros_gz_interfaces/ros_gz_interfaces/msg/world_control.hpp
[2.641s] -- Up-to-date: /home/gordonc/alpha_test/install/ros_gz_interfaces/include/ros_gz_interfaces/ros_gz_interfaces/msg/altimeter.hpp
[2.642s] -- Up-to-date: /home/gordonc/alpha_test/install/ros_gz_interfaces/include/ros_gz_interfaces/ros_gz_interfaces/msg/float32_array.hpp
[2.642s] -- Up-to-date: /home/gordonc/alpha_test/install/ros_gz_interfaces/include/ros_gz_interfaces/ros_gz_interfaces/msg/material_color.hpp
[2.642s] -- Up-to-date: /home/gordonc/alpha_test/install/ros_gz_interfaces/include/ros_gz_interfaces/ros_gz_interfaces/msg/detail
[2.642s] -- Up-to-date: /home/gordonc/alpha_test/install/ros_gz_interfaces/include/ros_gz_interfaces/ros_gz_interfaces/msg/detail/dataframe__builder.hpp
[2.642s] -- Up-to-date: /home/gordonc/alpha_test/install/ros_gz_interfaces/include/ros_gz_interfaces/ros_gz_interfaces/msg/detail/contact__traits.hpp
[2.642s] -- Up-to-date: /home/gordonc/alpha_test/install/ros_gz_interfaces/include/ros_gz_interfaces/ros_gz_interfaces/msg/detail/material_color__builder.hpp
[2.642s] -- Up-to-date: /home/gordonc/alpha_test/install/ros_gz_interfaces/include/ros_gz_interfaces/ros_gz_interfaces/msg/detail/param_vec__struct.hpp
[2.642s] -- Up-to-date: /home/gordonc/alpha_test/install/ros_gz_interfaces/include/ros_gz_interfaces/ros_gz_interfaces/msg/detail/gui_camera__builder.hpp
[2.642s] -- Up-to-date: /home/gordonc/alpha_test/install/ros_gz_interfaces/include/ros_gz_interfaces/ros_gz_interfaces/msg/detail/joint_wrench__traits.hpp
[2.642s] -- Up-to-date: /home/gordonc/alpha_test/install/ros_gz_interfaces/include/ros_gz_interfaces/ros_gz_interfaces/msg/detail/param_vec__traits.hpp
[2.643s] -- Up-to-date: /home/gordonc/alpha_test/install/ros_gz_interfaces/include/ros_gz_interfaces/ros_gz_interfaces/msg/detail/world_reset__traits.hpp
[2.643s] -- Up-to-date: /home/gordonc/alpha_test/install/ros_gz_interfaces/include/ros_gz_interfaces/ros_gz_interfaces/msg/detail/float32_array__traits.hpp
[2.643s] -- Up-to-date: /home/gordonc/alpha_test/install/ros_gz_interfaces/include/ros_gz_interfaces/ros_gz_interfaces/msg/detail/world_control__builder.hpp
[2.643s] -- Up-to-date: /home/gordonc/alpha_test/install/ros_gz_interfaces/include/ros_gz_interfaces/ros_gz_interfaces/msg/detail/material_color__traits.hpp
[2.643s] -- Up-to-date: /home/gordonc/alpha_test/install/ros_gz_interfaces/include/ros_gz_interfaces/ros_gz_interfaces/msg/detail/world_control__traits.hpp
[2.643s] -- Up-to-date: /home/gordonc/alpha_test/install/ros_gz_interfaces/include/ros_gz_interfaces/ros_gz_interfaces/msg/detail/string_vec__traits.hpp
[2.643s] -- Up-to-date: /home/gordonc/alpha_test/install/ros_gz_interfaces/include/ros_gz_interfaces/ros_gz_interfaces/msg/detail/entity_factory__struct.hpp
[2.643s] -- Up-to-date: /home/gordonc/alpha_test/install/ros_gz_interfaces/include/ros_gz_interfaces/ros_gz_interfaces/msg/detail/track_visual__traits.hpp
[2.643s] -- Up-to-date: /home/gordonc/alpha_test/install/ros_gz_interfaces/include/ros_gz_interfaces/ros_gz_interfaces/msg/detail/sensor_noise__traits.hpp
[2.643s] -- Up-to-date: /home/gordonc/alpha_test/install/ros_gz_interfaces/include/ros_gz_interfaces/ros_gz_interfaces/msg/detail/sensor_noise__builder.hpp
[2.644s] -- Up-to-date: /home/gordonc/alpha_test/install/ros_gz_interfaces/include/ros_gz_interfaces/ros_gz_interfaces/msg/detail/material_color__struct.hpp
[2.644s] -- Up-to-date: /home/gordonc/alpha_test/install/ros_gz_interfaces/include/ros_gz_interfaces/ros_gz_interfaces/msg/detail/contact__builder.hpp
[2.644s] -- Up-to-date: /home/gordonc/alpha_test/install/ros_gz_interfaces/include/ros_gz_interfaces/ros_gz_interfaces/msg/detail/joint_wrench__struct.hpp
[2.644s] -- Up-to-date: /home/gordonc/alpha_test/install/ros_gz_interfaces/include/ros_gz_interfaces/ros_gz_interfaces/msg/detail/contacts__traits.hpp
[2.644s] -- Up-to-date: /home/gordonc/alpha_test/install/ros_gz_interfaces/include/ros_gz_interfaces/ros_gz_interfaces/msg/detail/video_record__struct.hpp
[2.644s] -- Up-to-date: /home/gordonc/alpha_test/install/ros_gz_interfaces/include/ros_gz_interfaces/ros_gz_interfaces/msg/detail/string_vec__struct.hpp
[2.644s] -- Up-to-date: /home/gordonc/alpha_test/install/ros_gz_interfaces/include/ros_gz_interfaces/ros_gz_interfaces/msg/detail/altimeter__builder.hpp
[2.645s] -- Up-to-date: /home/gordonc/alpha_test/install/ros_gz_interfaces/include/ros_gz_interfaces/ros_gz_interfaces/msg/detail/string_vec__builder.hpp
[2.645s] -- Up-to-date: /home/gordonc/alpha_test/install/ros_gz_interfaces/include/ros_gz_interfaces/ros_gz_interfaces/msg/detail/joint_wrench__builder.hpp
[2.645s] -- Up-to-date: /home/gordonc/alpha_test/install/ros_gz_interfaces/include/ros_gz_interfaces/ros_gz_interfaces/msg/detail/param_vec__builder.hpp
[2.645s] -- Up-to-date: /home/gordonc/alpha_test/install/ros_gz_interfaces/include/ros_gz_interfaces/ros_gz_interfaces/msg/detail/entity_factory__builder.hpp
[2.645s] -- Up-to-date: /home/gordonc/alpha_test/install/ros_gz_interfaces/include/ros_gz_interfaces/ros_gz_interfaces/msg/detail/float32_array__builder.hpp
[2.645s] -- Up-to-date: /home/gordonc/alpha_test/install/ros_gz_interfaces/include/ros_gz_interfaces/ros_gz_interfaces/msg/detail/entity_factory__traits.hpp
[2.645s] -- Up-to-date: /home/gordonc/alpha_test/install/ros_gz_interfaces/include/ros_gz_interfaces/ros_gz_interfaces/msg/detail/world_reset__struct.hpp
[2.645s] -- Up-to-date: /home/gordonc/alpha_test/install/ros_gz_interfaces/include/ros_gz_interfaces/ros_gz_interfaces/msg/detail/dataframe__traits.hpp
[2.645s] -- Up-to-date: /home/gordonc/alpha_test/install/ros_gz_interfaces/include/ros_gz_interfaces/ros_gz_interfaces/msg/detail/video_record__traits.hpp
[2.645s] -- Up-to-date: /home/gordonc/alpha_test/install/ros_gz_interfaces/include/ros_gz_interfaces/ros_gz_interfaces/msg/detail/world_reset__builder.hpp
[2.646s] -- Up-to-date: /home/gordonc/alpha_test/install/ros_gz_interfaces/include/ros_gz_interfaces/ros_gz_interfaces/msg/detail/light__traits.hpp
[2.646s] -- Up-to-date: /home/gordonc/alpha_test/install/ros_gz_interfaces/include/ros_gz_interfaces/ros_gz_interfaces/msg/detail/float32_array__struct.hpp
[2.646s] -- Up-to-date: /home/gordonc/alpha_test/install/ros_gz_interfaces/include/ros_gz_interfaces/ros_gz_interfaces/msg/detail/altimeter__struct.hpp
[2.646s] -- Up-to-date: /home/gordonc/alpha_test/install/ros_gz_interfaces/include/ros_gz_interfaces/ros_gz_interfaces/msg/detail/contacts__struct.hpp
[2.646s] -- Up-to-date: /home/gordonc/alpha_test/install/ros_gz_interfaces/include/ros_gz_interfaces/ros_gz_interfaces/msg/detail/dataframe__struct.hpp
[2.646s] -- Up-to-date: /home/gordonc/alpha_test/install/ros_gz_interfaces/include/ros_gz_interfaces/ros_gz_interfaces/msg/detail/light__struct.hpp
[2.646s] -- Up-to-date: /home/gordonc/alpha_test/install/ros_gz_interfaces/include/ros_gz_interfaces/ros_gz_interfaces/msg/detail/track_visual__struct.hpp
[2.646s] -- Up-to-date: /home/gordonc/alpha_test/install/ros_gz_interfaces/include/ros_gz_interfaces/ros_gz_interfaces/msg/detail/gui_camera__struct.hpp
[2.646s] -- Up-to-date: /home/gordonc/alpha_test/install/ros_gz_interfaces/include/ros_gz_interfaces/ros_gz_interfaces/msg/detail/gui_camera__traits.hpp
[2.647s] -- Up-to-date: /home/gordonc/alpha_test/install/ros_gz_interfaces/include/ros_gz_interfaces/ros_gz_interfaces/msg/detail/light__builder.hpp
[2.647s] -- Up-to-date: /home/gordonc/alpha_test/install/ros_gz_interfaces/include/ros_gz_interfaces/ros_gz_interfaces/msg/detail/track_visual__builder.hpp
[2.647s] -- Up-to-date: /home/gordonc/alpha_test/install/ros_gz_interfaces/include/ros_gz_interfaces/ros_gz_interfaces/msg/detail/entity__traits.hpp
[2.647s] -- Up-to-date: /home/gordonc/alpha_test/install/ros_gz_interfaces/include/ros_gz_interfaces/ros_gz_interfaces/msg/detail/sensor_noise__struct.hpp
[2.647s] -- Up-to-date: /home/gordonc/alpha_test/install/ros_gz_interfaces/include/ros_gz_interfaces/ros_gz_interfaces/msg/detail/entity__builder.hpp
[2.647s] -- Up-to-date: /home/gordonc/alpha_test/install/ros_gz_interfaces/include/ros_gz_interfaces/ros_gz_interfaces/msg/detail/video_record__builder.hpp
[2.647s] -- Up-to-date: /home/gordonc/alpha_test/install/ros_gz_interfaces/include/ros_gz_interfaces/ros_gz_interfaces/msg/detail/contact__struct.hpp
[2.647s] -- Up-to-date: /home/gordonc/alpha_test/install/ros_gz_interfaces/include/ros_gz_interfaces/ros_gz_interfaces/msg/detail/entity__struct.hpp
[2.647s] -- Up-to-date: /home/gordonc/alpha_test/install/ros_gz_interfaces/include/ros_gz_interfaces/ros_gz_interfaces/msg/detail/contacts__builder.hpp
[2.647s] -- Up-to-date: /home/gordonc/alpha_test/install/ros_gz_interfaces/include/ros_gz_interfaces/ros_gz_interfaces/msg/detail/altimeter__traits.hpp
[2.648s] -- Up-to-date: /home/gordonc/alpha_test/install/ros_gz_interfaces/include/ros_gz_interfaces/ros_gz_interfaces/msg/detail/world_control__struct.hpp
[2.648s] -- Up-to-date: /home/gordonc/alpha_test/install/ros_gz_interfaces/include/ros_gz_interfaces/ros_gz_interfaces/msg/track_visual.hpp
[2.648s] -- Up-to-date: /home/gordonc/alpha_test/install/ros_gz_interfaces/include/ros_gz_interfaces/ros_gz_interfaces/msg/world_reset.hpp
[2.648s] -- Up-to-date: /home/gordonc/alpha_test/install/ros_gz_interfaces/include/ros_gz_interfaces/ros_gz_interfaces/msg/entity.hpp
[2.648s] -- Up-to-date: /home/gordonc/alpha_test/install/ros_gz_interfaces/include/ros_gz_interfaces/ros_gz_interfaces/msg/gui_camera.hpp
[2.648s] -- Up-to-date: /home/gordonc/alpha_test/install/ros_gz_interfaces/include/ros_gz_interfaces/ros_gz_interfaces/msg/joint_wrench.hpp
[2.648s] -- Up-to-date: /home/gordonc/alpha_test/install/ros_gz_interfaces/include/ros_gz_interfaces/ros_gz_interfaces/msg/entity_factory.hpp
[2.648s] -- Up-to-date: /home/gordonc/alpha_test/install/ros_gz_interfaces/include/ros_gz_interfaces/ros_gz_interfaces/msg/string_vec.hpp
[2.648s] -- Up-to-date: /home/gordonc/alpha_test/install/ros_gz_interfaces/include/ros_gz_interfaces/ros_gz_interfaces/msg/contacts.hpp
[2.649s] -- Up-to-date: /home/gordonc/alpha_test/install/ros_gz_interfaces/include/ros_gz_interfaces/ros_gz_interfaces/msg/contact.hpp
[2.649s] -- Up-to-date: /home/gordonc/alpha_test/install/ros_gz_interfaces/include/ros_gz_interfaces/ros_gz_interfaces/msg/light.hpp
[2.649s] -- Up-to-date: /home/gordonc/alpha_test/install/ros_gz_interfaces/include/ros_gz_interfaces/ros_gz_interfaces/msg/param_vec.hpp
[2.649s] -- Up-to-date: /home/gordonc/alpha_test/install/ros_gz_interfaces/include/ros_gz_interfaces/ros_gz_interfaces/msg/video_record.hpp
[2.649s] -- Up-to-date: /home/gordonc/alpha_test/install/ros_gz_interfaces/include/ros_gz_interfaces/ros_gz_interfaces
[2.649s] -- Up-to-date: /home/gordonc/alpha_test/install/ros_gz_interfaces/include/ros_gz_interfaces/ros_gz_interfaces/srv
[2.649s] -- Up-to-date: /home/gordonc/alpha_test/install/ros_gz_interfaces/include/ros_gz_interfaces/ros_gz_interfaces/srv/detail
[2.649s] -- Up-to-date: /home/gordonc/alpha_test/install/ros_gz_interfaces/include/ros_gz_interfaces/ros_gz_interfaces/srv/detail/set_entity_pose__rosidl_typesupport_fastrtps_cpp.hpp
[2.649s] -- Up-to-date: /home/gordonc/alpha_test/install/ros_gz_interfaces/include/ros_gz_interfaces/ros_gz_interfaces/srv/detail/spawn_entity__rosidl_typesupport_fastrtps_cpp.hpp
[2.650s] -- Up-to-date: /home/gordonc/alpha_test/install/ros_gz_interfaces/include/ros_gz_interfaces/ros_gz_interfaces/srv/detail/control_world__rosidl_typesupport_fastrtps_cpp.hpp
[2.650s] -- Up-to-date: /home/gordonc/alpha_test/install/ros_gz_interfaces/include/ros_gz_interfaces/ros_gz_interfaces/srv/detail/dds_fastrtps
[2.650s] -- Up-to-date: /home/gordonc/alpha_test/install/ros_gz_interfaces/include/ros_gz_interfaces/ros_gz_interfaces/srv/detail/delete_entity__rosidl_typesupport_fastrtps_cpp.hpp
[2.650s] -- Up-to-date: /home/gordonc/alpha_test/install/ros_gz_interfaces/include/ros_gz_interfaces/ros_gz_interfaces/msg
[2.650s] -- Up-to-date: /home/gordonc/alpha_test/install/ros_gz_interfaces/include/ros_gz_interfaces/ros_gz_interfaces/msg/detail
[2.650s] -- Up-to-date: /home/gordonc/alpha_test/install/ros_gz_interfaces/include/ros_gz_interfaces/ros_gz_interfaces/msg/detail/altimeter__rosidl_typesupport_fastrtps_cpp.hpp
[2.650s] -- Up-to-date: /home/gordonc/alpha_test/install/ros_gz_interfaces/include/ros_gz_interfaces/ros_gz_interfaces/msg/detail/light__rosidl_typesupport_fastrtps_cpp.hpp
[2.650s] -- Up-to-date: /home/gordonc/alpha_test/install/ros_gz_interfaces/include/ros_gz_interfaces/ros_gz_interfaces/msg/detail/gui_camera__rosidl_typesupport_fastrtps_cpp.hpp
[2.650s] -- Up-to-date: /home/gordonc/alpha_test/install/ros_gz_interfaces/include/ros_gz_interfaces/ros_gz_interfaces/msg/detail/joint_wrench__rosidl_typesupport_fastrtps_cpp.hpp
[2.650s] -- Up-to-date: /home/gordonc/alpha_test/install/ros_gz_interfaces/include/ros_gz_interfaces/ros_gz_interfaces/msg/detail/entity_factory__rosidl_typesupport_fastrtps_cpp.hpp
[2.651s] -- Up-to-date: /home/gordonc/alpha_test/install/ros_gz_interfaces/include/ros_gz_interfaces/ros_gz_interfaces/msg/detail/track_visual__rosidl_typesupport_fastrtps_cpp.hpp
[2.651s] -- Up-to-date: /home/gordonc/alpha_test/install/ros_gz_interfaces/include/ros_gz_interfaces/ros_gz_interfaces/msg/detail/param_vec__rosidl_typesupport_fastrtps_cpp.hpp
[2.651s] -- Up-to-date: /home/gordonc/alpha_test/install/ros_gz_interfaces/include/ros_gz_interfaces/ros_gz_interfaces/msg/detail/world_control__rosidl_typesupport_fastrtps_cpp.hpp
[2.651s] -- Up-to-date: /home/gordonc/alpha_test/install/ros_gz_interfaces/include/ros_gz_interfaces/ros_gz_interfaces/msg/detail/dds_fastrtps
[2.651s] -- Up-to-date: /home/gordonc/alpha_test/install/ros_gz_interfaces/include/ros_gz_interfaces/ros_gz_interfaces/msg/detail/video_record__rosidl_typesupport_fastrtps_cpp.hpp
[2.651s] -- Up-to-date: /home/gordonc/alpha_test/install/ros_gz_interfaces/include/ros_gz_interfaces/ros_gz_interfaces/msg/detail/string_vec__rosidl_typesupport_fastrtps_cpp.hpp
[2.651s] -- Up-to-date: /home/gordonc/alpha_test/install/ros_gz_interfaces/include/ros_gz_interfaces/ros_gz_interfaces/msg/detail/float32_array__rosidl_typesupport_fastrtps_cpp.hpp
[2.651s] -- Up-to-date: /home/gordonc/alpha_test/install/ros_gz_interfaces/include/ros_gz_interfaces/ros_gz_interfaces/msg/detail/world_reset__rosidl_typesupport_fastrtps_cpp.hpp
[2.652s] -- Up-to-date: /home/gordonc/alpha_test/install/ros_gz_interfaces/include/ros_gz_interfaces/ros_gz_interfaces/msg/detail/sensor_noise__rosidl_typesupport_fastrtps_cpp.hpp
[2.652s] -- Up-to-date: /home/gordonc/alpha_test/install/ros_gz_interfaces/include/ros_gz_interfaces/ros_gz_interfaces/msg/detail/contact__rosidl_typesupport_fastrtps_cpp.hpp
[2.652s] -- Up-to-date: /home/gordonc/alpha_test/install/ros_gz_interfaces/include/ros_gz_interfaces/ros_gz_interfaces/msg/detail/material_color__rosidl_typesupport_fastrtps_cpp.hpp
[2.652s] -- Up-to-date: /home/gordonc/alpha_test/install/ros_gz_interfaces/include/ros_gz_interfaces/ros_gz_interfaces/msg/detail/contacts__rosidl_typesupport_fastrtps_cpp.hpp
[2.652s] -- Up-to-date: /home/gordonc/alpha_test/install/ros_gz_interfaces/include/ros_gz_interfaces/ros_gz_interfaces/msg/detail/entity__rosidl_typesupport_fastrtps_cpp.hpp
[2.652s] -- Up-to-date: /home/gordonc/alpha_test/install/ros_gz_interfaces/include/ros_gz_interfaces/ros_gz_interfaces/msg/detail/dataframe__rosidl_typesupport_fastrtps_cpp.hpp
[2.652s] -- Up-to-date: /home/gordonc/alpha_test/install/ros_gz_interfaces/include/ros_gz_interfaces/ros_gz_interfaces/msg/rosidl_typesupport_fastrtps_cpp__visibility_control.h
[2.652s] -- Up-to-date: /home/gordonc/alpha_test/install/ros_gz_interfaces/lib/libros_gz_interfaces__rosidl_typesupport_fastrtps_cpp.so
[2.653s] -- Up-to-date: /home/gordonc/alpha_test/install/ros_gz_interfaces/include/ros_gz_interfaces/ros_gz_interfaces
[2.653s] -- Up-to-date: /home/gordonc/alpha_test/install/ros_gz_interfaces/include/ros_gz_interfaces/ros_gz_interfaces/srv
[2.653s] -- Up-to-date: /home/gordonc/alpha_test/install/ros_gz_interfaces/include/ros_gz_interfaces/ros_gz_interfaces/srv/detail
[2.653s] -- Up-to-date: /home/gordonc/alpha_test/install/ros_gz_interfaces/include/ros_gz_interfaces/ros_gz_interfaces/srv/detail/set_entity_pose__rosidl_typesupport_introspection_c.h
[2.653s] -- Up-to-date: /home/gordonc/alpha_test/install/ros_gz_interfaces/include/ros_gz_interfaces/ros_gz_interfaces/srv/detail/set_entity_pose__type_support.c
[2.653s] -- Up-to-date: /home/gordonc/alpha_test/install/ros_gz_interfaces/include/ros_gz_interfaces/ros_gz_interfaces/srv/detail/delete_entity__type_support.c
[2.653s] -- Up-to-date: /home/gordonc/alpha_test/install/ros_gz_interfaces/include/ros_gz_interfaces/ros_gz_interfaces/srv/detail/control_world__type_support.c
[2.653s] -- Up-to-date: /home/gordonc/alpha_test/install/ros_gz_interfaces/include/ros_gz_interfaces/ros_gz_interfaces/srv/detail/spawn_entity__type_support.c
[2.654s] -- Up-to-date: /home/gordonc/alpha_test/install/ros_gz_interfaces/include/ros_gz_interfaces/ros_gz_interfaces/srv/detail/delete_entity__rosidl_typesupport_introspection_c.h
[2.654s] -- Up-to-date: /home/gordonc/alpha_test/install/ros_gz_interfaces/include/ros_gz_interfaces/ros_gz_interfaces/srv/detail/spawn_entity__rosidl_typesupport_introspection_c.h
[2.654s] -- Up-to-date: /home/gordonc/alpha_test/install/ros_gz_interfaces/include/ros_gz_interfaces/ros_gz_interfaces/srv/detail/control_world__rosidl_typesupport_introspection_c.h
[2.654s] -- Up-to-date: /home/gordonc/alpha_test/install/ros_gz_interfaces/include/ros_gz_interfaces/ros_gz_interfaces/msg
[2.654s] -- Up-to-date: /home/gordonc/alpha_test/install/ros_gz_interfaces/include/ros_gz_interfaces/ros_gz_interfaces/msg/detail
[2.654s] -- Up-to-date: /home/gordonc/alpha_test/install/ros_gz_interfaces/include/ros_gz_interfaces/ros_gz_interfaces/msg/detail/gui_camera__rosidl_typesupport_introspection_c.h
[2.654s] -- Up-to-date: /home/gordonc/alpha_test/install/ros_gz_interfaces/include/ros_gz_interfaces/ros_gz_interfaces/msg/detail/world_reset__type_support.c
[2.654s] -- Up-to-date: /home/gordonc/alpha_test/install/ros_gz_interfaces/include/ros_gz_interfaces/ros_gz_interfaces/msg/detail/contacts__type_support.c
[2.655s] -- Up-to-date: /home/gordonc/alpha_test/install/ros_gz_interfaces/include/ros_gz_interfaces/ros_gz_interfaces/msg/detail/video_record__rosidl_typesupport_introspection_c.h
[2.655s] -- Up-to-date: /home/gordonc/alpha_test/install/ros_gz_interfaces/include/ros_gz_interfaces/ros_gz_interfaces/msg/detail/contact__rosidl_typesupport_introspection_c.h
[2.655s] -- Up-to-date: /home/gordonc/alpha_test/install/ros_gz_interfaces/include/ros_gz_interfaces/ros_gz_interfaces/msg/detail/entity__rosidl_typesupport_introspection_c.h
[2.655s] -- Up-to-date: /home/gordonc/alpha_test/install/ros_gz_interfaces/include/ros_gz_interfaces/ros_gz_interfaces/msg/detail/string_vec__type_support.c
[2.655s] -- Up-to-date: /home/gordonc/alpha_test/install/ros_gz_interfaces/include/ros_gz_interfaces/ros_gz_interfaces/msg/detail/float32_array__rosidl_typesupport_introspection_c.h
[2.655s] -- Up-to-date: /home/gordonc/alpha_test/install/ros_gz_interfaces/include/ros_gz_interfaces/ros_gz_interfaces/msg/detail/param_vec__rosidl_typesupport_introspection_c.h
[2.655s] -- Up-to-date: /home/gordonc/alpha_test/install/ros_gz_interfaces/include/ros_gz_interfaces/ros_gz_interfaces/msg/detail/string_vec__rosidl_typesupport_introspection_c.h
[2.655s] -- Up-to-date: /home/gordonc/alpha_test/install/ros_gz_interfaces/include/ros_gz_interfaces/ros_gz_interfaces/msg/detail/material_color__type_support.c
[2.655s] -- Up-to-date: /home/gordonc/alpha_test/install/ros_gz_interfaces/include/ros_gz_interfaces/ros_gz_interfaces/msg/detail/track_visual__rosidl_typesupport_introspection_c.h
[2.656s] -- Up-to-date: /home/gordonc/alpha_test/install/ros_gz_interfaces/include/ros_gz_interfaces/ros_gz_interfaces/msg/detail/entity_factory__type_support.c
[2.656s] -- Up-to-date: /home/gordonc/alpha_test/install/ros_gz_interfaces/include/ros_gz_interfaces/ros_gz_interfaces/msg/detail/contacts__rosidl_typesupport_introspection_c.h
[2.656s] -- Up-to-date: /home/gordonc/alpha_test/install/ros_gz_interfaces/include/ros_gz_interfaces/ros_gz_interfaces/msg/detail/entity__type_support.c
[2.656s] -- Up-to-date: /home/gordonc/alpha_test/install/ros_gz_interfaces/include/ros_gz_interfaces/ros_gz_interfaces/msg/detail/altimeter__type_support.c
[2.656s] -- Up-to-date: /home/gordonc/alpha_test/install/ros_gz_interfaces/include/ros_gz_interfaces/ros_gz_interfaces/msg/detail/contact__type_support.c
[2.656s] -- Up-to-date: /home/gordonc/alpha_test/install/ros_gz_interfaces/include/ros_gz_interfaces/ros_gz_interfaces/msg/detail/dataframe__type_support.c
[2.656s] -- Up-to-date: /home/gordonc/alpha_test/install/ros_gz_interfaces/include/ros_gz_interfaces/ros_gz_interfaces/msg/detail/material_color__rosidl_typesupport_introspection_c.h
[2.656s] -- Up-to-date: /home/gordonc/alpha_test/install/ros_gz_interfaces/include/ros_gz_interfaces/ros_gz_interfaces/msg/detail/dataframe__rosidl_typesupport_introspection_c.h
[2.656s] -- Up-to-date: /home/gordonc/alpha_test/install/ros_gz_interfaces/include/ros_gz_interfaces/ros_gz_interfaces/msg/detail/light__type_support.c
[2.656s] -- Up-to-date: /home/gordonc/alpha_test/install/ros_gz_interfaces/include/ros_gz_interfaces/ros_gz_interfaces/msg/detail/world_control__rosidl_typesupport_introspection_c.h
[2.657s] -- Up-to-date: /home/gordonc/alpha_test/install/ros_gz_interfaces/include/ros_gz_interfaces/ros_gz_interfaces/msg/detail/joint_wrench__rosidl_typesupport_introspection_c.h
[2.657s] -- Up-to-date: /home/gordonc/alpha_test/install/ros_gz_interfaces/include/ros_gz_interfaces/ros_gz_interfaces/msg/detail/sensor_noise__rosidl_typesupport_introspection_c.h
[2.657s] -- Up-to-date: /home/gordonc/alpha_test/install/ros_gz_interfaces/include/ros_gz_interfaces/ros_gz_interfaces/msg/detail/world_control__type_support.c
[2.657s] -- Up-to-date: /home/gordonc/alpha_test/install/ros_gz_interfaces/include/ros_gz_interfaces/ros_gz_interfaces/msg/detail/param_vec__type_support.c
[2.657s] -- Up-to-date: /home/gordonc/alpha_test/install/ros_gz_interfaces/include/ros_gz_interfaces/ros_gz_interfaces/msg/detail/light__rosidl_typesupport_introspection_c.h
[2.657s] -- Up-to-date: /home/gordonc/alpha_test/install/ros_gz_interfaces/include/ros_gz_interfaces/ros_gz_interfaces/msg/detail/joint_wrench__type_support.c
[2.657s] -- Up-to-date: /home/gordonc/alpha_test/install/ros_gz_interfaces/include/ros_gz_interfaces/ros_gz_interfaces/msg/detail/gui_camera__type_support.c
[2.657s] -- Up-to-date: /home/gordonc/alpha_test/install/ros_gz_interfaces/include/ros_gz_interfaces/ros_gz_interfaces/msg/detail/sensor_noise__type_support.c
[2.657s] -- Up-to-date: /home/gordonc/alpha_test/install/ros_gz_interfaces/include/ros_gz_interfaces/ros_gz_interfaces/msg/detail/track_visual__type_support.c
[2.658s] -- Up-to-date: /home/gordonc/alpha_test/install/ros_gz_interfaces/include/ros_gz_interfaces/ros_gz_interfaces/msg/detail/entity_factory__rosidl_typesupport_introspection_c.h
[2.658s] -- Up-to-date: /home/gordonc/alpha_test/install/ros_gz_interfaces/include/ros_gz_interfaces/ros_gz_interfaces/msg/detail/video_record__type_support.c
[2.658s] -- Up-to-date: /home/gordonc/alpha_test/install/ros_gz_interfaces/include/ros_gz_interfaces/ros_gz_interfaces/msg/detail/float32_array__type_support.c
[2.658s] -- Up-to-date: /home/gordonc/alpha_test/install/ros_gz_interfaces/include/ros_gz_interfaces/ros_gz_interfaces/msg/detail/altimeter__rosidl_typesupport_introspection_c.h
[2.658s] -- Up-to-date: /home/gordonc/alpha_test/install/ros_gz_interfaces/include/ros_gz_interfaces/ros_gz_interfaces/msg/detail/world_reset__rosidl_typesupport_introspection_c.h
[2.658s] -- Up-to-date: /home/gordonc/alpha_test/install/ros_gz_interfaces/include/ros_gz_interfaces/ros_gz_interfaces/msg/rosidl_typesupport_introspection_c__visibility_control.h
[2.658s] -- Up-to-date: /home/gordonc/alpha_test/install/ros_gz_interfaces/lib/libros_gz_interfaces__rosidl_typesupport_introspection_c.so
[2.658s] -- Up-to-date: /home/gordonc/alpha_test/install/ros_gz_interfaces/lib/libros_gz_interfaces__rosidl_typesupport_c.so
[2.658s] -- Up-to-date: /home/gordonc/alpha_test/install/ros_gz_interfaces/include/ros_gz_interfaces/ros_gz_interfaces
[2.658s] -- Up-to-date: /home/gordonc/alpha_test/install/ros_gz_interfaces/include/ros_gz_interfaces/ros_gz_interfaces/srv
[2.659s] -- Up-to-date: /home/gordonc/alpha_test/install/ros_gz_interfaces/include/ros_gz_interfaces/ros_gz_interfaces/srv/detail
[2.659s] -- Up-to-date: /home/gordonc/alpha_test/install/ros_gz_interfaces/include/ros_gz_interfaces/ros_gz_interfaces/srv/detail/set_entity_pose__rosidl_typesupport_introspection_cpp.hpp
[2.659s] -- Up-to-date: /home/gordonc/alpha_test/install/ros_gz_interfaces/include/ros_gz_interfaces/ros_gz_interfaces/srv/detail/delete_entity__type_support.cpp
[2.659s] -- Up-to-date: /home/gordonc/alpha_test/install/ros_gz_interfaces/include/ros_gz_interfaces/ros_gz_interfaces/srv/detail/control_world__rosidl_typesupport_introspection_cpp.hpp
[2.659s] -- Up-to-date: /home/gordonc/alpha_test/install/ros_gz_interfaces/include/ros_gz_interfaces/ros_gz_interfaces/srv/detail/set_entity_pose__type_support.cpp
[2.659s] -- Up-to-date: /home/gordonc/alpha_test/install/ros_gz_interfaces/include/ros_gz_interfaces/ros_gz_interfaces/srv/detail/spawn_entity__type_support.cpp
[2.659s] -- Up-to-date: /home/gordonc/alpha_test/install/ros_gz_interfaces/include/ros_gz_interfaces/ros_gz_interfaces/srv/detail/delete_entity__rosidl_typesupport_introspection_cpp.hpp
[2.659s] -- Up-to-date: /home/gordonc/alpha_test/install/ros_gz_interfaces/include/ros_gz_interfaces/ros_gz_interfaces/srv/detail/spawn_entity__rosidl_typesupport_introspection_cpp.hpp
[2.660s] -- Up-to-date: /home/gordonc/alpha_test/install/ros_gz_interfaces/include/ros_gz_interfaces/ros_gz_interfaces/srv/detail/control_world__type_support.cpp
[2.660s] -- Up-to-date: /home/gordonc/alpha_test/install/ros_gz_interfaces/include/ros_gz_interfaces/ros_gz_interfaces/msg
[2.660s] -- Up-to-date: /home/gordonc/alpha_test/install/ros_gz_interfaces/include/ros_gz_interfaces/ros_gz_interfaces/msg/detail
[2.660s] -- Up-to-date: /home/gordonc/alpha_test/install/ros_gz_interfaces/include/ros_gz_interfaces/ros_gz_interfaces/msg/detail/contact__rosidl_typesupport_introspection_cpp.hpp
[2.660s] -- Up-to-date: /home/gordonc/alpha_test/install/ros_gz_interfaces/include/ros_gz_interfaces/ros_gz_interfaces/msg/detail/float32_array__type_support.cpp
[2.660s] -- Up-to-date: /home/gordonc/alpha_test/install/ros_gz_interfaces/include/ros_gz_interfaces/ros_gz_interfaces/msg/detail/contact__type_support.cpp
[2.660s] -- Up-to-date: /home/gordonc/alpha_test/install/ros_gz_interfaces/include/ros_gz_interfaces/ros_gz_interfaces/msg/detail/sensor_noise__type_support.cpp
[2.660s] -- Up-to-date: /home/gordonc/alpha_test/install/ros_gz_interfaces/include/ros_gz_interfaces/ros_gz_interfaces/msg/detail/gui_camera__type_support.cpp
[2.660s] -- Up-to-date: /home/gordonc/alpha_test/install/ros_gz_interfaces/include/ros_gz_interfaces/ros_gz_interfaces/msg/detail/joint_wrench__rosidl_typesupport_introspection_cpp.hpp
[2.660s] -- Up-to-date: /home/gordonc/alpha_test/install/ros_gz_interfaces/include/ros_gz_interfaces/ros_gz_interfaces/msg/detail/light__type_support.cpp
[2.661s] -- Up-to-date: /home/gordonc/alpha_test/install/ros_gz_interfaces/include/ros_gz_interfaces/ros_gz_interfaces/msg/detail/dataframe__type_support.cpp
[2.661s] -- Up-to-date: /home/gordonc/alpha_test/install/ros_gz_interfaces/include/ros_gz_interfaces/ros_gz_interfaces/msg/detail/gui_camera__rosidl_typesupport_introspection_cpp.hpp
[2.661s] -- Up-to-date: /home/gordonc/alpha_test/install/ros_gz_interfaces/include/ros_gz_interfaces/ros_gz_interfaces/msg/detail/param_vec__rosidl_typesupport_introspection_cpp.hpp
[2.661s] -- Up-to-date: /home/gordonc/alpha_test/install/ros_gz_interfaces/include/ros_gz_interfaces/ros_gz_interfaces/msg/detail/entity_factory__rosidl_typesupport_introspection_cpp.hpp
[2.661s] -- Up-to-date: /home/gordonc/alpha_test/install/ros_gz_interfaces/include/ros_gz_interfaces/ros_gz_interfaces/msg/detail/light__rosidl_typesupport_introspection_cpp.hpp
[2.661s] -- Up-to-date: /home/gordonc/alpha_test/install/ros_gz_interfaces/include/ros_gz_interfaces/ros_gz_interfaces/msg/detail/entity__rosidl_typesupport_introspection_cpp.hpp
[2.661s] -- Up-to-date: /home/gordonc/alpha_test/install/ros_gz_interfaces/include/ros_gz_interfaces/ros_gz_interfaces/msg/detail/material_color__type_support.cpp
[2.661s] -- Up-to-date: /home/gordonc/alpha_test/install/ros_gz_interfaces/include/ros_gz_interfaces/ros_gz_interfaces/msg/detail/video_record__type_support.cpp
[2.661s] -- Up-to-date: /home/gordonc/alpha_test/install/ros_gz_interfaces/include/ros_gz_interfaces/ros_gz_interfaces/msg/detail/track_visual__type_support.cpp
[2.662s] -- Up-to-date: /home/gordonc/alpha_test/install/ros_gz_interfaces/include/ros_gz_interfaces/ros_gz_interfaces/msg/detail/entity__type_support.cpp
[2.662s] -- Up-to-date: /home/gordonc/alpha_test/install/ros_gz_interfaces/include/ros_gz_interfaces/ros_gz_interfaces/msg/detail/material_color__rosidl_typesupport_introspection_cpp.hpp
[2.662s] -- Up-to-date: /home/gordonc/alpha_test/install/ros_gz_interfaces/include/ros_gz_interfaces/ros_gz_interfaces/msg/detail/track_visual__rosidl_typesupport_introspection_cpp.hpp
[2.662s] -- Up-to-date: /home/gordonc/alpha_test/install/ros_gz_interfaces/include/ros_gz_interfaces/ros_gz_interfaces/msg/detail/world_reset__rosidl_typesupport_introspection_cpp.hpp
[2.662s] -- Up-to-date: /home/gordonc/alpha_test/install/ros_gz_interfaces/include/ros_gz_interfaces/ros_gz_interfaces/msg/detail/string_vec__type_support.cpp
[2.662s] -- Up-to-date: /home/gordonc/alpha_test/install/ros_gz_interfaces/include/ros_gz_interfaces/ros_gz_interfaces/msg/detail/video_record__rosidl_typesupport_introspection_cpp.hpp
[2.662s] -- Up-to-date: /home/gordonc/alpha_test/install/ros_gz_interfaces/include/ros_gz_interfaces/ros_gz_interfaces/msg/detail/dataframe__rosidl_typesupport_introspection_cpp.hpp
[2.662s] -- Up-to-date: /home/gordonc/alpha_test/install/ros_gz_interfaces/include/ros_gz_interfaces/ros_gz_interfaces/msg/detail/entity_factory__type_support.cpp
[2.662s] -- Up-to-date: /home/gordonc/alpha_test/install/ros_gz_interfaces/include/ros_gz_interfaces/ros_gz_interfaces/msg/detail/contacts__type_support.cpp
[2.662s] -- Up-to-date: /home/gordonc/alpha_test/install/ros_gz_interfaces/include/ros_gz_interfaces/ros_gz_interfaces/msg/detail/world_control__type_support.cpp
[2.663s] -- Up-to-date: /home/gordonc/alpha_test/install/ros_gz_interfaces/include/ros_gz_interfaces/ros_gz_interfaces/msg/detail/string_vec__rosidl_typesupport_introspection_cpp.hpp
[2.663s] -- Up-to-date: /home/gordonc/alpha_test/install/ros_gz_interfaces/include/ros_gz_interfaces/ros_gz_interfaces/msg/detail/altimeter__type_support.cpp
[2.663s] -- Up-to-date: /home/gordonc/alpha_test/install/ros_gz_interfaces/include/ros_gz_interfaces/ros_gz_interfaces/msg/detail/world_reset__type_support.cpp
[2.663s] -- Up-to-date: /home/gordonc/alpha_test/install/ros_gz_interfaces/include/ros_gz_interfaces/ros_gz_interfaces/msg/detail/joint_wrench__type_support.cpp
[2.663s] -- Up-to-date: /home/gordonc/alpha_test/install/ros_gz_interfaces/include/ros_gz_interfaces/ros_gz_interfaces/msg/detail/altimeter__rosidl_typesupport_introspection_cpp.hpp
[2.663s] -- Up-to-date: /home/gordonc/alpha_test/install/ros_gz_interfaces/include/ros_gz_interfaces/ros_gz_interfaces/msg/detail/float32_array__rosidl_typesupport_introspection_cpp.hpp
[2.663s] -- Up-to-date: /home/gordonc/alpha_test/install/ros_gz_interfaces/include/ros_gz_interfaces/ros_gz_interfaces/msg/detail/world_control__rosidl_typesupport_introspection_cpp.hpp
[2.663s] -- Up-to-date: /home/gordonc/alpha_test/install/ros_gz_interfaces/include/ros_gz_interfaces/ros_gz_interfaces/msg/detail/sensor_noise__rosidl_typesupport_introspection_cpp.hpp
[2.663s] -- Up-to-date: /home/gordonc/alpha_test/install/ros_gz_interfaces/include/ros_gz_interfaces/ros_gz_interfaces/msg/detail/contacts__rosidl_typesupport_introspection_cpp.hpp
[2.664s] -- Up-to-date: /home/gordonc/alpha_test/install/ros_gz_interfaces/include/ros_gz_interfaces/ros_gz_interfaces/msg/detail/param_vec__type_support.cpp
[2.664s] -- Up-to-date: /home/gordonc/alpha_test/install/ros_gz_interfaces/lib/libros_gz_interfaces__rosidl_typesupport_introspection_cpp.so
[2.664s] -- Up-to-date: /home/gordonc/alpha_test/install/ros_gz_interfaces/lib/libros_gz_interfaces__rosidl_typesupport_cpp.so
[2.664s] -- Up-to-date: /home/gordonc/alpha_test/install/ros_gz_interfaces/share/ros_gz_interfaces/environment/pythonpath.sh
[2.664s] -- Up-to-date: /home/gordonc/alpha_test/install/ros_gz_interfaces/share/ros_gz_interfaces/environment/pythonpath.dsv
[2.664s] -- Up-to-date: /home/gordonc/alpha_test/install/ros_gz_interfaces/local/lib/python3.10/dist-packages/ros_gz_interfaces-0.244.13-py3.10.egg-info
[2.664s] -- Installing: /home/gordonc/alpha_test/install/ros_gz_interfaces/local/lib/python3.10/dist-packages/ros_gz_interfaces-0.244.13-py3.10.egg-info/dependency_links.txt
[2.664s] -- Installing: /home/gordonc/alpha_test/install/ros_gz_interfaces/local/lib/python3.10/dist-packages/ros_gz_interfaces-0.244.13-py3.10.egg-info/top_level.txt
[2.664s] -- Installing: /home/gordonc/alpha_test/install/ros_gz_interfaces/local/lib/python3.10/dist-packages/ros_gz_interfaces-0.244.13-py3.10.egg-info/SOURCES.txt
[2.665s] -- Installing: /home/gordonc/alpha_test/install/ros_gz_interfaces/local/lib/python3.10/dist-packages/ros_gz_interfaces-0.244.13-py3.10.egg-info/PKG-INFO
[2.665s] -- Up-to-date: /home/gordonc/alpha_test/install/ros_gz_interfaces/local/lib/python3.10/dist-packages/ros_gz_interfaces
[2.665s] -- Up-to-date: /home/gordonc/alpha_test/install/ros_gz_interfaces/local/lib/python3.10/dist-packages/ros_gz_interfaces/_ros_gz_interfaces_s.ep.rosidl_typesupport_fastrtps_c.c
[2.665s] -- Up-to-date: /home/gordonc/alpha_test/install/ros_gz_interfaces/local/lib/python3.10/dist-packages/ros_gz_interfaces/ros_gz_interfaces_s__rosidl_typesupport_fastrtps_c.cpython-310-x86_64-linux-gnu.so
[2.665s] -- Up-to-date: /home/gordonc/alpha_test/install/ros_gz_interfaces/local/lib/python3.10/dist-packages/ros_gz_interfaces/_ros_gz_interfaces_s.ep.rosidl_typesupport_c.c
[2.665s] -- Up-to-date: /home/gordonc/alpha_test/install/ros_gz_interfaces/local/lib/python3.10/dist-packages/ros_gz_interfaces/libros_gz_interfaces__rosidl_generator_py.so
[2.665s] -- Up-to-date: /home/gordonc/alpha_test/install/ros_gz_interfaces/local/lib/python3.10/dist-packages/ros_gz_interfaces/srv
[2.665s] -- Up-to-date: /home/gordonc/alpha_test/install/ros_gz_interfaces/local/lib/python3.10/dist-packages/ros_gz_interfaces/srv/_delete_entity_s.c
[2.665s] -- Up-to-date: /home/gordonc/alpha_test/install/ros_gz_interfaces/local/lib/python3.10/dist-packages/ros_gz_interfaces/srv/_set_entity_pose.py
[2.666s] -- Up-to-date: /home/gordonc/alpha_test/install/ros_gz_interfaces/local/lib/python3.10/dist-packages/ros_gz_interfaces/srv/__init__.py
[2.666s] -- Up-to-date: /home/gordonc/alpha_test/install/ros_gz_interfaces/local/lib/python3.10/dist-packages/ros_gz_interfaces/srv/_control_world.py
[2.666s] -- Up-to-date: /home/gordonc/alpha_test/install/ros_gz_interfaces/local/lib/python3.10/dist-packages/ros_gz_interfaces/srv/_spawn_entity.py
[2.666s] -- Up-to-date: /home/gordonc/alpha_test/install/ros_gz_interfaces/local/lib/python3.10/dist-packages/ros_gz_interfaces/srv/_delete_entity.py
[2.666s] -- Up-to-date: /home/gordonc/alpha_test/install/ros_gz_interfaces/local/lib/python3.10/dist-packages/ros_gz_interfaces/srv/_spawn_entity_s.c
[2.666s] -- Up-to-date: /home/gordonc/alpha_test/install/ros_gz_interfaces/local/lib/python3.10/dist-packages/ros_gz_interfaces/srv/_control_world_s.c
[2.666s] -- Up-to-date: /home/gordonc/alpha_test/install/ros_gz_interfaces/local/lib/python3.10/dist-packages/ros_gz_interfaces/srv/_set_entity_pose_s.c
[2.666s] -- Up-to-date: /home/gordonc/alpha_test/install/ros_gz_interfaces/local/lib/python3.10/dist-packages/ros_gz_interfaces/_ros_gz_interfaces_s.ep.rosidl_typesupport_introspection_c.c
[2.666s] -- Up-to-date: /home/gordonc/alpha_test/install/ros_gz_interfaces/local/lib/python3.10/dist-packages/ros_gz_interfaces/ros_gz_interfaces_s__rosidl_typesupport_c.cpython-310-x86_64-linux-gnu.so
[2.666s] -- Up-to-date: /home/gordonc/alpha_test/install/ros_gz_interfaces/local/lib/python3.10/dist-packages/ros_gz_interfaces/__init__.py
[2.667s] -- Up-to-date: /home/gordonc/alpha_test/install/ros_gz_interfaces/local/lib/python3.10/dist-packages/ros_gz_interfaces/msg
[2.667s] -- Up-to-date: /home/gordonc/alpha_test/install/ros_gz_interfaces/local/lib/python3.10/dist-packages/ros_gz_interfaces/msg/_contacts_s.c
[2.667s] -- Up-to-date: /home/gordonc/alpha_test/install/ros_gz_interfaces/local/lib/python3.10/dist-packages/ros_gz_interfaces/msg/_entity_factory.py
[2.667s] -- Up-to-date: /home/gordonc/alpha_test/install/ros_gz_interfaces/local/lib/python3.10/dist-packages/ros_gz_interfaces/msg/_contact_s.c
[2.667s] -- Up-to-date: /home/gordonc/alpha_test/install/ros_gz_interfaces/local/lib/python3.10/dist-packages/ros_gz_interfaces/msg/_altimeter.py
[2.667s] -- Up-to-date: /home/gordonc/alpha_test/install/ros_gz_interfaces/local/lib/python3.10/dist-packages/ros_gz_interfaces/msg/_sensor_noise_s.c
[2.667s] -- Up-to-date: /home/gordonc/alpha_test/install/ros_gz_interfaces/local/lib/python3.10/dist-packages/ros_gz_interfaces/msg/_param_vec.py
[2.667s] -- Up-to-date: /home/gordonc/alpha_test/install/ros_gz_interfaces/local/lib/python3.10/dist-packages/ros_gz_interfaces/msg/_video_record_s.c
[2.667s] -- Up-to-date: /home/gordonc/alpha_test/install/ros_gz_interfaces/local/lib/python3.10/dist-packages/ros_gz_interfaces/msg/_light_s.c
[2.668s] -- Up-to-date: /home/gordonc/alpha_test/install/ros_gz_interfaces/local/lib/python3.10/dist-packages/ros_gz_interfaces/msg/_float32_array.py
[2.668s] -- Up-to-date: /home/gordonc/alpha_test/install/ros_gz_interfaces/local/lib/python3.10/dist-packages/ros_gz_interfaces/msg/_entity_s.c
[2.668s] -- Up-to-date: /home/gordonc/alpha_test/install/ros_gz_interfaces/local/lib/python3.10/dist-packages/ros_gz_interfaces/msg/_gui_camera_s.c
[2.668s] -- Up-to-date: /home/gordonc/alpha_test/install/ros_gz_interfaces/local/lib/python3.10/dist-packages/ros_gz_interfaces/msg/_track_visual.py
[2.668s] -- Up-to-date: /home/gordonc/alpha_test/install/ros_gz_interfaces/local/lib/python3.10/dist-packages/ros_gz_interfaces/msg/_contacts.py
[2.668s] -- Up-to-date: /home/gordonc/alpha_test/install/ros_gz_interfaces/local/lib/python3.10/dist-packages/ros_gz_interfaces/msg/_joint_wrench.py
[2.668s] -- Up-to-date: /home/gordonc/alpha_test/install/ros_gz_interfaces/local/lib/python3.10/dist-packages/ros_gz_interfaces/msg/__init__.py
[2.668s] -- Up-to-date: /home/gordonc/alpha_test/install/ros_gz_interfaces/local/lib/python3.10/dist-packages/ros_gz_interfaces/msg/_altimeter_s.c
[2.668s] -- Up-to-date: /home/gordonc/alpha_test/install/ros_gz_interfaces/local/lib/python3.10/dist-packages/ros_gz_interfaces/msg/_world_reset.py
[2.669s] -- Up-to-date: /home/gordonc/alpha_test/install/ros_gz_interfaces/local/lib/python3.10/dist-packages/ros_gz_interfaces/msg/_world_reset_s.c
[2.669s] -- Up-to-date: /home/gordonc/alpha_test/install/ros_gz_interfaces/local/lib/python3.10/dist-packages/ros_gz_interfaces/msg/_float32_array_s.c
[2.669s] -- Up-to-date: /home/gordonc/alpha_test/install/ros_gz_interfaces/local/lib/python3.10/dist-packages/ros_gz_interfaces/msg/_entity.py
[2.669s] -- Up-to-date: /home/gordonc/alpha_test/install/ros_gz_interfaces/local/lib/python3.10/dist-packages/ros_gz_interfaces/msg/_video_record.py
[2.669s] -- Up-to-date: /home/gordonc/alpha_test/install/ros_gz_interfaces/local/lib/python3.10/dist-packages/ros_gz_interfaces/msg/_string_vec_s.c
[2.669s] -- Up-to-date: /home/gordonc/alpha_test/install/ros_gz_interfaces/local/lib/python3.10/dist-packages/ros_gz_interfaces/msg/_dataframe.py
[2.669s] -- Up-to-date: /home/gordonc/alpha_test/install/ros_gz_interfaces/local/lib/python3.10/dist-packages/ros_gz_interfaces/msg/_string_vec.py
[2.669s] -- Up-to-date: /home/gordonc/alpha_test/install/ros_gz_interfaces/local/lib/python3.10/dist-packages/ros_gz_interfaces/msg/_entity_factory_s.c
[2.669s] -- Up-to-date: /home/gordonc/alpha_test/install/ros_gz_interfaces/local/lib/python3.10/dist-packages/ros_gz_interfaces/msg/_contact.py
[2.670s] -- Up-to-date: /home/gordonc/alpha_test/install/ros_gz_interfaces/local/lib/python3.10/dist-packages/ros_gz_interfaces/msg/_world_control_s.c
[2.670s] -- Up-to-date: /home/gordonc/alpha_test/install/ros_gz_interfaces/local/lib/python3.10/dist-packages/ros_gz_interfaces/msg/_material_color_s.c
[2.670s] -- Up-to-date: /home/gordonc/alpha_test/install/ros_gz_interfaces/local/lib/python3.10/dist-packages/ros_gz_interfaces/msg/_light.py
[2.670s] -- Up-to-date: /home/gordonc/alpha_test/install/ros_gz_interfaces/local/lib/python3.10/dist-packages/ros_gz_interfaces/msg/_param_vec_s.c
[2.670s] -- Up-to-date: /home/gordonc/alpha_test/install/ros_gz_interfaces/local/lib/python3.10/dist-packages/ros_gz_interfaces/msg/_gui_camera.py
[2.670s] -- Up-to-date: /home/gordonc/alpha_test/install/ros_gz_interfaces/local/lib/python3.10/dist-packages/ros_gz_interfaces/msg/_track_visual_s.c
[2.670s] -- Up-to-date: /home/gordonc/alpha_test/install/ros_gz_interfaces/local/lib/python3.10/dist-packages/ros_gz_interfaces/msg/_sensor_noise.py
[2.670s] -- Up-to-date: /home/gordonc/alpha_test/install/ros_gz_interfaces/local/lib/python3.10/dist-packages/ros_gz_interfaces/msg/_joint_wrench_s.c
[2.671s] -- Up-to-date: /home/gordonc/alpha_test/install/ros_gz_interfaces/local/lib/python3.10/dist-packages/ros_gz_interfaces/msg/_world_control.py
[2.671s] -- Up-to-date: /home/gordonc/alpha_test/install/ros_gz_interfaces/local/lib/python3.10/dist-packages/ros_gz_interfaces/msg/_dataframe_s.c
[2.671s] -- Up-to-date: /home/gordonc/alpha_test/install/ros_gz_interfaces/local/lib/python3.10/dist-packages/ros_gz_interfaces/msg/_material_color.py
[2.671s] -- Up-to-date: /home/gordonc/alpha_test/install/ros_gz_interfaces/local/lib/python3.10/dist-packages/ros_gz_interfaces/ros_gz_interfaces_s__rosidl_typesupport_introspection_c.cpython-310-x86_64-linux-gnu.so
[2.696s] Listing '/home/gordonc/alpha_test/install/ros_gz_interfaces/local/lib/python3.10/dist-packages/ros_gz_interfaces'...
[2.696s] Listing '/home/gordonc/alpha_test/install/ros_gz_interfaces/local/lib/python3.10/dist-packages/ros_gz_interfaces/msg'...
[2.696s] Listing '/home/gordonc/alpha_test/install/ros_gz_interfaces/local/lib/python3.10/dist-packages/ros_gz_interfaces/srv'...
[2.702s] -- Up-to-date: /home/gordonc/alpha_test/install/ros_gz_interfaces/local/lib/python3.10/dist-packages/ros_gz_interfaces/ros_gz_interfaces_s__rosidl_typesupport_fastrtps_c.cpython-310-x86_64-linux-gnu.so
[2.703s] -- Up-to-date: /home/gordonc/alpha_test/install/ros_gz_interfaces/local/lib/python3.10/dist-packages/ros_gz_interfaces/ros_gz_interfaces_s__rosidl_typesupport_introspection_c.cpython-310-x86_64-linux-gnu.so
[2.705s] -- Up-to-date: /home/gordonc/alpha_test/install/ros_gz_interfaces/local/lib/python3.10/dist-packages/ros_gz_interfaces/ros_gz_interfaces_s__rosidl_typesupport_c.cpython-310-x86_64-linux-gnu.so
[2.706s] -- Up-to-date: /home/gordonc/alpha_test/install/ros_gz_interfaces/lib/libros_gz_interfaces__rosidl_generator_py.so
[2.706s] -- Up-to-date: /home/gordonc/alpha_test/install/ros_gz_interfaces/share/ros_gz_interfaces/msg/Altimeter.idl
[2.707s] -- Up-to-date: /home/gordonc/alpha_test/install/ros_gz_interfaces/share/ros_gz_interfaces/msg/Contact.idl
[2.707s] -- Up-to-date: /home/gordonc/alpha_test/install/ros_gz_interfaces/share/ros_gz_interfaces/msg/Contacts.idl
[2.708s] -- Up-to-date: /home/gordonc/alpha_test/install/ros_gz_interfaces/share/ros_gz_interfaces/msg/Dataframe.idl
[2.708s] -- Up-to-date: /home/gordonc/alpha_test/install/ros_gz_interfaces/share/ros_gz_interfaces/msg/Entity.idl
[2.708s] -- Up-to-date: /home/gordonc/alpha_test/install/ros_gz_interfaces/share/ros_gz_interfaces/msg/EntityFactory.idl
[2.709s] -- Up-to-date: /home/gordonc/alpha_test/install/ros_gz_interfaces/share/ros_gz_interfaces/msg/Float32Array.idl
[2.709s] -- Up-to-date: /home/gordonc/alpha_test/install/ros_gz_interfaces/share/ros_gz_interfaces/msg/GuiCamera.idl
[2.709s] -- Up-to-date: /home/gordonc/alpha_test/install/ros_gz_interfaces/share/ros_gz_interfaces/msg/JointWrench.idl
[2.710s] -- Up-to-date: /home/gordonc/alpha_test/install/ros_gz_interfaces/share/ros_gz_interfaces/msg/Light.idl
[2.710s] -- Up-to-date: /home/gordonc/alpha_test/install/ros_gz_interfaces/share/ros_gz_interfaces/msg/MaterialColor.idl
[2.710s] -- Up-to-date: /home/gordonc/alpha_test/install/ros_gz_interfaces/share/ros_gz_interfaces/msg/ParamVec.idl
[2.711s] -- Up-to-date: /home/gordonc/alpha_test/install/ros_gz_interfaces/share/ros_gz_interfaces/msg/SensorNoise.idl
[2.711s] -- Up-to-date: /home/gordonc/alpha_test/install/ros_gz_interfaces/share/ros_gz_interfaces/msg/StringVec.idl
[2.711s] -- Up-to-date: /home/gordonc/alpha_test/install/ros_gz_interfaces/share/ros_gz_interfaces/msg/TrackVisual.idl
[2.712s] -- Up-to-date: /home/gordonc/alpha_test/install/ros_gz_interfaces/share/ros_gz_interfaces/msg/VideoRecord.idl
[2.712s] -- Up-to-date: /home/gordonc/alpha_test/install/ros_gz_interfaces/share/ros_gz_interfaces/msg/WorldControl.idl
[2.712s] -- Up-to-date: /home/gordonc/alpha_test/install/ros_gz_interfaces/share/ros_gz_interfaces/msg/WorldReset.idl
[2.713s] -- Up-to-date: /home/gordonc/alpha_test/install/ros_gz_interfaces/share/ros_gz_interfaces/srv/ControlWorld.idl
[2.713s] -- Up-to-date: /home/gordonc/alpha_test/install/ros_gz_interfaces/share/ros_gz_interfaces/srv/DeleteEntity.idl
[2.713s] -- Up-to-date: /home/gordonc/alpha_test/install/ros_gz_interfaces/share/ros_gz_interfaces/srv/SetEntityPose.idl
[2.713s] -- Up-to-date: /home/gordonc/alpha_test/install/ros_gz_interfaces/share/ros_gz_interfaces/srv/SpawnEntity.idl
[2.714s] -- Up-to-date: /home/gordonc/alpha_test/install/ros_gz_interfaces/share/ros_gz_interfaces/msg/Altimeter.msg
[2.714s] -- Up-to-date: /home/gordonc/alpha_test/install/ros_gz_interfaces/share/ros_gz_interfaces/msg/Contact.msg
[2.715s] -- Up-to-date: /home/gordonc/alpha_test/install/ros_gz_interfaces/share/ros_gz_interfaces/msg/Contacts.msg
[2.715s] -- Up-to-date: /home/gordonc/alpha_test/install/ros_gz_interfaces/share/ros_gz_interfaces/msg/Dataframe.msg
[2.715s] -- Up-to-date: /home/gordonc/alpha_test/install/ros_gz_interfaces/share/ros_gz_interfaces/msg/Entity.msg
[2.716s] -- Up-to-date: /home/gordonc/alpha_test/install/ros_gz_interfaces/share/ros_gz_interfaces/msg/EntityFactory.msg
[2.716s] -- Up-to-date: /home/gordonc/alpha_test/install/ros_gz_interfaces/share/ros_gz_interfaces/msg/Float32Array.msg
[2.716s] -- Up-to-date: /home/gordonc/alpha_test/install/ros_gz_interfaces/share/ros_gz_interfaces/msg/GuiCamera.msg
[2.717s] -- Up-to-date: /home/gordonc/alpha_test/install/ros_gz_interfaces/share/ros_gz_interfaces/msg/JointWrench.msg
[2.717s] -- Up-to-date: /home/gordonc/alpha_test/install/ros_gz_interfaces/share/ros_gz_interfaces/msg/Light.msg
[2.717s] -- Up-to-date: /home/gordonc/alpha_test/install/ros_gz_interfaces/share/ros_gz_interfaces/msg/MaterialColor.msg
[2.718s] -- Up-to-date: /home/gordonc/alpha_test/install/ros_gz_interfaces/share/ros_gz_interfaces/msg/ParamVec.msg
[2.718s] -- Up-to-date: /home/gordonc/alpha_test/install/ros_gz_interfaces/share/ros_gz_interfaces/msg/SensorNoise.msg
[2.718s] -- Up-to-date: /home/gordonc/alpha_test/install/ros_gz_interfaces/share/ros_gz_interfaces/msg/StringVec.msg
[2.719s] -- Up-to-date: /home/gordonc/alpha_test/install/ros_gz_interfaces/share/ros_gz_interfaces/msg/TrackVisual.msg
[2.719s] -- Up-to-date: /home/gordonc/alpha_test/install/ros_gz_interfaces/share/ros_gz_interfaces/msg/VideoRecord.msg
[2.719s] -- Up-to-date: /home/gordonc/alpha_test/install/ros_gz_interfaces/share/ros_gz_interfaces/msg/WorldControl.msg
[2.720s] -- Up-to-date: /home/gordonc/alpha_test/install/ros_gz_interfaces/share/ros_gz_interfaces/msg/WorldReset.msg
[2.720s] -- Up-to-date: /home/gordonc/alpha_test/install/ros_gz_interfaces/share/ros_gz_interfaces/srv/ControlWorld.srv
[2.720s] -- Up-to-date: /home/gordonc/alpha_test/install/ros_gz_interfaces/share/ros_gz_interfaces/srv/ControlWorld_Request.msg
[2.720s] -- Up-to-date: /home/gordonc/alpha_test/install/ros_gz_interfaces/share/ros_gz_interfaces/srv/ControlWorld_Response.msg
[2.721s] -- Up-to-date: /home/gordonc/alpha_test/install/ros_gz_interfaces/share/ros_gz_interfaces/srv/DeleteEntity.srv
[2.721s] -- Up-to-date: /home/gordonc/alpha_test/install/ros_gz_interfaces/share/ros_gz_interfaces/srv/DeleteEntity_Request.msg
[2.721s] -- Up-to-date: /home/gordonc/alpha_test/install/ros_gz_interfaces/share/ros_gz_interfaces/srv/DeleteEntity_Response.msg
[2.721s] -- Up-to-date: /home/gordonc/alpha_test/install/ros_gz_interfaces/share/ros_gz_interfaces/srv/SetEntityPose.srv
[2.721s] -- Up-to-date: /home/gordonc/alpha_test/install/ros_gz_interfaces/share/ros_gz_interfaces/srv/SetEntityPose_Request.msg
[2.722s] -- Up-to-date: /home/gordonc/alpha_test/install/ros_gz_interfaces/share/ros_gz_interfaces/srv/SetEntityPose_Response.msg
[2.722s] -- Up-to-date: /home/gordonc/alpha_test/install/ros_gz_interfaces/share/ros_gz_interfaces/srv/SpawnEntity.srv
[2.722s] -- Up-to-date: /home/gordonc/alpha_test/install/ros_gz_interfaces/share/ros_gz_interfaces/srv/SpawnEntity_Request.msg
[2.722s] -- Up-to-date: /home/gordonc/alpha_test/install/ros_gz_interfaces/share/ros_gz_interfaces/srv/SpawnEntity_Response.msg
[2.723s] -- Up-to-date: /home/gordonc/alpha_test/install/ros_gz_interfaces/share/ament_index/resource_index/package_run_dependencies/ros_gz_interfaces
[2.723s] -- Up-to-date: /home/gordonc/alpha_test/install/ros_gz_interfaces/share/ament_index/resource_index/parent_prefix_path/ros_gz_interfaces
[2.723s] -- Up-to-date: /home/gordonc/alpha_test/install/ros_gz_interfaces/share/ros_gz_interfaces/environment/ament_prefix_path.sh
[2.723s] -- Up-to-date: /home/gordonc/alpha_test/install/ros_gz_interfaces/share/ros_gz_interfaces/environment/ament_prefix_path.dsv
[2.724s] -- Up-to-date: /home/gordonc/alpha_test/install/ros_gz_interfaces/share/ros_gz_interfaces/environment/path.sh
[2.724s] -- Up-to-date: /home/gordonc/alpha_test/install/ros_gz_interfaces/share/ros_gz_interfaces/environment/path.dsv
[2.724s] -- Up-to-date: /home/gordonc/alpha_test/install/ros_gz_interfaces/share/ros_gz_interfaces/local_setup.bash
[2.724s] -- Up-to-date: /home/gordonc/alpha_test/install/ros_gz_interfaces/share/ros_gz_interfaces/local_setup.sh
[2.725s] -- Up-to-date: /home/gordonc/alpha_test/install/ros_gz_interfaces/share/ros_gz_interfaces/local_setup.zsh
[2.725s] -- Up-to-date: /home/gordonc/alpha_test/install/ros_gz_interfaces/share/ros_gz_interfaces/local_setup.dsv
[2.725s] -- Installing: /home/gordonc/alpha_test/install/ros_gz_interfaces/share/ros_gz_interfaces/package.dsv
[2.725s] -- Up-to-date: /home/gordonc/alpha_test/install/ros_gz_interfaces/share/ament_index/resource_index/packages/ros_gz_interfaces
[2.726s] -- Up-to-date: /home/gordonc/alpha_test/install/ros_gz_interfaces/share/ros_gz_interfaces/cmake/export_ros_gz_interfaces__rosidl_generator_cExport.cmake
[2.726s] -- Up-to-date: /home/gordonc/alpha_test/install/ros_gz_interfaces/share/ros_gz_interfaces/cmake/export_ros_gz_interfaces__rosidl_generator_cExport-noconfig.cmake
[2.726s] -- Up-to-date: /home/gordonc/alpha_test/install/ros_gz_interfaces/share/ros_gz_interfaces/cmake/export_ros_gz_interfaces__rosidl_typesupport_fastrtps_cExport.cmake
[2.727s] -- Up-to-date: /home/gordonc/alpha_test/install/ros_gz_interfaces/share/ros_gz_interfaces/cmake/export_ros_gz_interfaces__rosidl_typesupport_fastrtps_cExport-noconfig.cmake
[2.727s] -- Up-to-date: /home/gordonc/alpha_test/install/ros_gz_interfaces/share/ros_gz_interfaces/cmake/export_ros_gz_interfaces__rosidl_generator_cppExport.cmake
[2.727s] -- Up-to-date: /home/gordonc/alpha_test/install/ros_gz_interfaces/share/ros_gz_interfaces/cmake/export_ros_gz_interfaces__rosidl_typesupport_fastrtps_cppExport.cmake
[2.728s] -- Up-to-date: /home/gordonc/alpha_test/install/ros_gz_interfaces/share/ros_gz_interfaces/cmake/export_ros_gz_interfaces__rosidl_typesupport_fastrtps_cppExport-noconfig.cmake
[2.728s] -- Up-to-date: /home/gordonc/alpha_test/install/ros_gz_interfaces/share/ros_gz_interfaces/cmake/ros_gz_interfaces__rosidl_typesupport_introspection_cExport.cmake
[2.728s] -- Up-to-date: /home/gordonc/alpha_test/install/ros_gz_interfaces/share/ros_gz_interfaces/cmake/ros_gz_interfaces__rosidl_typesupport_introspection_cExport-noconfig.cmake
[2.729s] -- Up-to-date: /home/gordonc/alpha_test/install/ros_gz_interfaces/share/ros_gz_interfaces/cmake/ros_gz_interfaces__rosidl_typesupport_cExport.cmake
[2.729s] -- Up-to-date: /home/gordonc/alpha_test/install/ros_gz_interfaces/share/ros_gz_interfaces/cmake/ros_gz_interfaces__rosidl_typesupport_cExport-noconfig.cmake
[2.730s] -- Up-to-date: /home/gordonc/alpha_test/install/ros_gz_interfaces/share/ros_gz_interfaces/cmake/ros_gz_interfaces__rosidl_typesupport_introspection_cppExport.cmake
[2.730s] -- Up-to-date: /home/gordonc/alpha_test/install/ros_gz_interfaces/share/ros_gz_interfaces/cmake/ros_gz_interfaces__rosidl_typesupport_introspection_cppExport-noconfig.cmake
[2.730s] -- Up-to-date: /home/gordonc/alpha_test/install/ros_gz_interfaces/share/ros_gz_interfaces/cmake/ros_gz_interfaces__rosidl_typesupport_cppExport.cmake
[2.731s] -- Up-to-date: /home/gordonc/alpha_test/install/ros_gz_interfaces/share/ros_gz_interfaces/cmake/ros_gz_interfaces__rosidl_typesupport_cppExport-noconfig.cmake
[2.731s] -- Up-to-date: /home/gordonc/alpha_test/install/ros_gz_interfaces/share/ros_gz_interfaces/cmake/export_ros_gz_interfaces__rosidl_generator_pyExport.cmake
[2.731s] -- Up-to-date: /home/gordonc/alpha_test/install/ros_gz_interfaces/share/ros_gz_interfaces/cmake/export_ros_gz_interfaces__rosidl_generator_pyExport-noconfig.cmake
[2.731s] -- Up-to-date: /home/gordonc/alpha_test/install/ros_gz_interfaces/share/ros_gz_interfaces/cmake/rosidl_cmake-extras.cmake
[2.732s] -- Up-to-date: /home/gordonc/alpha_test/install/ros_gz_interfaces/share/ros_gz_interfaces/cmake/ament_cmake_export_dependencies-extras.cmake
[2.732s] -- Up-to-date: /home/gordonc/alpha_test/install/ros_gz_interfaces/share/ros_gz_interfaces/cmake/ament_cmake_export_include_directories-extras.cmake
[2.732s] -- Up-to-date: /home/gordonc/alpha_test/install/ros_gz_interfaces/share/ros_gz_interfaces/cmake/ament_cmake_export_libraries-extras.cmake
[2.732s] -- Up-to-date: /home/gordonc/alpha_test/install/ros_gz_interfaces/share/ros_gz_interfaces/cmake/ament_cmake_export_targets-extras.cmake
[2.732s] -- Up-to-date: /home/gordonc/alpha_test/install/ros_gz_interfaces/share/ros_gz_interfaces/cmake/rosidl_cmake_export_typesupport_targets-extras.cmake
[2.732s] -- Up-to-date: /home/gordonc/alpha_test/install/ros_gz_interfaces/share/ros_gz_interfaces/cmake/rosidl_cmake_export_typesupport_libraries-extras.cmake
[2.733s] -- Up-to-date: /home/gordonc/alpha_test/install/ros_gz_interfaces/share/ros_gz_interfaces/cmake/ros_gz_interfacesConfig.cmake
[2.733s] -- Up-to-date: /home/gordonc/alpha_test/install/ros_gz_interfaces/share/ros_gz_interfaces/cmake/ros_gz_interfacesConfig-version.cmake
[2.733s] -- Up-to-date: /home/gordonc/alpha_test/install/ros_gz_interfaces/share/ros_gz_interfaces/package.xml
[2.735s] Invoked command in '/home/gordonc/alpha_test/build/ros_gz_interfaces' returned '0': CMAKE_PREFIX_PATH=${CMAKE_PREFIX_PATH}:/home/gordonc/colcon_ws/install/blue_manager:/home/gordonc/colcon_ws/install/blue_localization:/home/gordonc/colcon_ws/install/blue_joy:/opt/ros/humble /usr/bin/cmake --install /home/gordonc/alpha_test/build/ros_gz_interfaces
