[0.107s] Invoking command in '/home/gordonc/alpha_test/build/rviz_visual_tools': CMAKE_PREFIX_PATH=${CMAKE_PREFIX_PATH}:/home/gordonc/colcon_ws/install/blue_manager:/home/gordonc/colcon_ws/install/blue_localization:/home/gordonc/colcon_ws/install/blue_joy:/opt/ros/humble /usr/bin/cmake --build /home/gordonc/alpha_test/build/rviz_visual_tools -- -j8 -l8
[0.444s] [  2%] [34m[1mAutomatic MOC for target rviz_visual_tools_gui[0m
[0.453s] [  5%] [34m[1mAutomatic MOC for target rviz_visual_tools_remote_control[0m
[0.481s] [  7%] [34m[1mAutomatic MOC for target gtest[0m
[0.522s] [ 10%] [34m[1mAutomatic MOC for target gtest_main[0m
[0.591s] [ 10%] Built target rviz_visual_tools_gui_autogen
[0.607s] [ 10%] Built target gtest_autogen
[0.610s] [ 10%] Built target rviz_visual_tools_remote_control_autogen
[0.738s] [ 10%] Built target gtest_main_autogen
[0.840s] [ 23%] Built target rviz_visual_tools_gui
[0.844s] [ 30%] Built target gtest_main
[0.861s] [ 38%] Built target gtest
[0.868s] [ 46%] Built target rviz_visual_tools_remote_control
[0.967s] [ 48%] [34m[1mAutomatic MOC for target rviz_visual_tools[0m
[1.046s] [ 48%] Built target rviz_visual_tools_autogen
[1.193s] [ 58%] Built target rviz_visual_tools
[1.254s] [ 61%] [34m[1mAutomatic MOC for target rviz_visual_tools_demo[0m
[1.311s] [ 64%] [34m[1mAutomatic MOC for target rviz_visual_tools_rvt_test[0m
[1.335s] [ 66%] [34m[1mAutomatic MOC for target rviz_visual_tools_imarker_simple[0m
[1.392s] [ 66%] Built target rviz_visual_tools_demo_autogen
[1.436s] [ 66%] Built target rviz_visual_tools_rvt_test_autogen
[1.457s] [ 66%] Built target rviz_visual_tools_imarker_simple_autogen
[1.555s] [ 74%] Built target rviz_visual_tools_demo
[1.590s] [ 82%] Built target rviz_visual_tools_rvt_test
[1.607s] [ 89%] Built target rviz_visual_tools_imarker_simple
[1.737s] [ 92%] [34m[1mAutomatic MOC for target rviz_visual_tools_imarker_simple_demo[0m
[1.836s] [ 92%] Built target rviz_visual_tools_imarker_simple_demo_autogen
[1.960s] [100%] Built target rviz_visual_tools_imarker_simple_demo
[2.015s] Invoked command in '/home/gordonc/alpha_test/build/rviz_visual_tools' returned '0': CMAKE_PREFIX_PATH=${CMAKE_PREFIX_PATH}:/home/gordonc/colcon_ws/install/blue_manager:/home/gordonc/colcon_ws/install/blue_localization:/home/gordonc/colcon_ws/install/blue_joy:/opt/ros/humble /usr/bin/cmake --build /home/gordonc/alpha_test/build/rviz_visual_tools -- -j8 -l8
[2.530s] Invoking command in '/home/gordonc/alpha_test/build/rviz_visual_tools': CMAKE_PREFIX_PATH=${CMAKE_PREFIX_PATH}:/home/gordonc/colcon_ws/install/blue_manager:/home/gordonc/colcon_ws/install/blue_localization:/home/gordonc/colcon_ws/install/blue_joy:/opt/ros/humble /usr/bin/cmake --install /home/gordonc/alpha_test/build/rviz_visual_tools
[2.569s] -- Install configuration: ""
[2.571s] -- Up-to-date: /home/gordonc/alpha_test/install/rviz_visual_tools/share/rviz_visual_tools/plugin_description.xml
[2.571s] -- Up-to-date: /home/gordonc/alpha_test/install/rviz_visual_tools/lib/librviz_visual_tools.so
[2.571s] -- Up-to-date: /home/gordonc/alpha_test/install/rviz_visual_tools/lib/librviz_visual_tools_remote_control.so
[2.572s] -- Up-to-date: /home/gordonc/alpha_test/install/rviz_visual_tools/lib/librviz_visual_tools_gui.so
[2.572s] -- Up-to-date: /home/gordonc/alpha_test/install/rviz_visual_tools/lib/librviz_visual_tools_imarker_simple.so
[2.572s] -- Up-to-date: /home/gordonc/alpha_test/install/rviz_visual_tools/lib/rviz_visual_tools/rviz_visual_tools_demo
[2.572s] -- Up-to-date: /home/gordonc/alpha_test/install/rviz_visual_tools/lib/rviz_visual_tools/rviz_visual_tools_imarker_simple_demo
[2.573s] -- Up-to-date: /home/gordonc/alpha_test/install/rviz_visual_tools/include
[2.574s] -- Up-to-date: /home/gordonc/alpha_test/install/rviz_visual_tools/include/rviz_visual_tools
[2.575s] -- Up-to-date: /home/gordonc/alpha_test/install/rviz_visual_tools/include/rviz_visual_tools/rviz_visual_tools.hpp
[2.575s] -- Up-to-date: /home/gordonc/alpha_test/install/rviz_visual_tools/include/rviz_visual_tools/rviz_visual_tools_gui.hpp
[2.575s] -- Up-to-date: /home/gordonc/alpha_test/install/rviz_visual_tools/include/rviz_visual_tools/imarker_simple.hpp
[2.576s] -- Up-to-date: /home/gordonc/alpha_test/install/rviz_visual_tools/include/rviz_visual_tools/key_tool.hpp
[2.576s] -- Up-to-date: /home/gordonc/alpha_test/install/rviz_visual_tools/include/rviz_visual_tools/remote_control.hpp
[2.576s] -- Up-to-date: /home/gordonc/alpha_test/install/rviz_visual_tools/include/rviz_visual_tools/tf_visual_tools.hpp
[2.576s] -- Up-to-date: /home/gordonc/alpha_test/install/rviz_visual_tools/include/rviz_visual_tools/remote_reciever.hpp
[2.576s] -- Up-to-date: /home/gordonc/alpha_test/install/rviz_visual_tools/share/rviz_visual_tools/launch
[2.577s] -- Up-to-date: /home/gordonc/alpha_test/install/rviz_visual_tools/share/rviz_visual_tools/launch/demo_rviz.launch.py
[2.577s] -- Up-to-date: /home/gordonc/alpha_test/install/rviz_visual_tools/share/rviz_visual_tools/launch/demo_combined.launch.py
[2.577s] -- Up-to-date: /home/gordonc/alpha_test/install/rviz_visual_tools/share/rviz_visual_tools/launch/rvt_test.launch
[2.578s] -- Up-to-date: /home/gordonc/alpha_test/install/rviz_visual_tools/share/rviz_visual_tools/launch/demo.rviz
[2.589s] -- Up-to-date: /home/gordonc/alpha_test/install/rviz_visual_tools/share/rviz_visual_tools/environment/library_path.sh
[2.590s] -- Up-to-date: /home/gordonc/alpha_test/install/rviz_visual_tools/share/rviz_visual_tools/environment/library_path.dsv
[2.591s] -- Up-to-date: /home/gordonc/alpha_test/install/rviz_visual_tools/share/ament_index/resource_index/package_run_dependencies/rviz_visual_tools
[2.591s] -- Up-to-date: /home/gordonc/alpha_test/install/rviz_visual_tools/share/ament_index/resource_index/parent_prefix_path/rviz_visual_tools
[2.592s] -- Up-to-date: /home/gordonc/alpha_test/install/rviz_visual_tools/share/rviz_visual_tools/environment/ament_prefix_path.sh
[2.592s] -- Up-to-date: /home/gordonc/alpha_test/install/rviz_visual_tools/share/rviz_visual_tools/environment/ament_prefix_path.dsv
[2.593s] -- Up-to-date: /home/gordonc/alpha_test/install/rviz_visual_tools/share/rviz_visual_tools/environment/path.sh
[2.593s] -- Up-to-date: /home/gordonc/alpha_test/install/rviz_visual_tools/share/rviz_visual_tools/environment/path.dsv
[2.594s] -- Up-to-date: /home/gordonc/alpha_test/install/rviz_visual_tools/share/rviz_visual_tools/local_setup.bash
[2.594s] -- Up-to-date: /home/gordonc/alpha_test/install/rviz_visual_tools/share/rviz_visual_tools/local_setup.sh
[2.595s] -- Up-to-date: /home/gordonc/alpha_test/install/rviz_visual_tools/share/rviz_visual_tools/local_setup.zsh
[2.595s] -- Up-to-date: /home/gordonc/alpha_test/install/rviz_visual_tools/share/rviz_visual_tools/local_setup.dsv
[2.595s] -- Installing: /home/gordonc/alpha_test/install/rviz_visual_tools/share/rviz_visual_tools/package.dsv
[2.595s] -- Up-to-date: /home/gordonc/alpha_test/install/rviz_visual_tools/share/ament_index/resource_index/packages/rviz_visual_tools
[2.596s] -- Up-to-date: /home/gordonc/alpha_test/install/rviz_visual_tools/share/ament_index/resource_index/rviz_common__pluginlib__plugin/rviz_visual_tools
[2.596s] -- Up-to-date: /home/gordonc/alpha_test/install/rviz_visual_tools/share/rviz_visual_tools/cmake/export_rviz_visual_toolsExport.cmake
[2.596s] -- Up-to-date: /home/gordonc/alpha_test/install/rviz_visual_tools/share/rviz_visual_tools/cmake/export_rviz_visual_toolsExport-noconfig.cmake
[2.596s] -- Up-to-date: /home/gordonc/alpha_test/install/rviz_visual_tools/share/rviz_visual_tools/cmake/ament_cmake_export_targets-extras.cmake
[2.597s] -- Up-to-date: /home/gordonc/alpha_test/install/rviz_visual_tools/share/rviz_visual_tools/cmake/ament_cmake_export_dependencies-extras.cmake
[2.597s] -- Up-to-date: /home/gordonc/alpha_test/install/rviz_visual_tools/share/rviz_visual_tools/cmake/ament_cmake_export_include_directories-extras.cmake
[2.597s] -- Up-to-date: /home/gordonc/alpha_test/install/rviz_visual_tools/share/rviz_visual_tools/cmake/ament_cmake_export_libraries-extras.cmake
[2.598s] -- Up-to-date: /home/gordonc/alpha_test/install/rviz_visual_tools/share/rviz_visual_tools/cmake/rviz_visual_toolsConfig.cmake
[2.598s] -- Up-to-date: /home/gordonc/alpha_test/install/rviz_visual_tools/share/rviz_visual_tools/cmake/rviz_visual_toolsConfig-version.cmake
[2.598s] -- Up-to-date: /home/gordonc/alpha_test/install/rviz_visual_tools/share/rviz_visual_tools/package.xml
[2.607s] Invoked command in '/home/gordonc/alpha_test/build/rviz_visual_tools' returned '0': CMAKE_PREFIX_PATH=${CMAKE_PREFIX_PATH}:/home/gordonc/colcon_ws/install/blue_manager:/home/gordonc/colcon_ws/install/blue_localization:/home/gordonc/colcon_ws/install/blue_joy:/opt/ros/humble /usr/bin/cmake --install /home/gordonc/alpha_test/build/rviz_visual_tools
