[0.050s] Invoking command in '/home/gordonc/alpha_test/build/ros2_shared': CMAKE_PREFIX_PATH=${CMAKE_PREFIX_PATH}:/home/gordonc/colcon_ws/install/blue_manager:/home/gordonc/colcon_ws/install/blue_localization:/home/gordonc/colcon_ws/install/blue_joy:/opt/ros/humble /usr/bin/cmake /home/gordonc/alpha_test/src/ros2_shared -DCMAKE_INSTALL_PREFIX=/home/gordonc/alpha_test/install/ros2_shared
[0.219s] -- The C compiler identification is GNU 11.4.0
[0.404s] -- The CXX compiler identification is GNU 11.4.0
[0.430s] -- Detecting C compiler ABI info
[0.567s] -- Detecting C compiler ABI info - done
[0.594s] -- Check for working C compiler: /usr/lib/ccache/cc - skipped
[0.595s] -- Detecting C compile features
[0.596s] -- Detecting C compile features - done
[0.606s] -- Detecting CXX compiler ABI info
[0.758s] -- Detecting CXX compiler ABI info - done
[0.792s] -- Check for working CXX compiler: /usr/lib/ccache/c++ - skipped
[0.793s] -- Detecting CXX compile features
[0.795s] -- Detecting CXX compile features - done
[0.816s] -- Found ament_cmake: 1.3.8 (/opt/ros/humble/share/ament_cmake/cmake)
[1.552s] -- Found Python3: /usr/bin/python3 (found version "3.10.12") found components: Interpreter 
[1.822s] -- Found rclcpp: 16.0.8 (/opt/ros/humble/share/rclcpp/cmake)
[1.983s] -- Found rosidl_generator_c: 3.1.5 (/opt/ros/humble/share/rosidl_generator_c/cmake)
[2.009s] -- Found rosidl_adapter: 3.1.5 (/opt/ros/humble/share/rosidl_adapter/cmake)
[2.039s] -- Found rosidl_generator_cpp: 3.1.5 (/opt/ros/humble/share/rosidl_generator_cpp/cmake)
[2.079s] -- Using all available rosidl_typesupport_c: rosidl_typesupport_fastrtps_c;rosidl_typesupport_introspection_c
[2.140s] -- Using all available rosidl_typesupport_cpp: rosidl_typesupport_fastrtps_cpp;rosidl_typesupport_introspection_cpp
[2.341s] -- Found rmw_implementation_cmake: 6.1.1 (/opt/ros/humble/share/rmw_implementation_cmake/cmake)
[2.355s] -- Found rmw_fastrtps_cpp: 6.2.6 (/opt/ros/humble/share/rmw_fastrtps_cpp/cmake)
[2.608s] -- Found OpenSSL: /usr/lib/x86_64-linux-gnu/libcrypto.so (found version "3.0.2")  
[2.670s] -- Found FastRTPS: /opt/ros/humble/include  
[2.780s] -- Using RMW implementation 'rmw_fastrtps_cpp' as default
[2.824s] -- Looking for pthread.h
[3.001s] -- Looking for pthread.h - found
[3.002s] -- Performing Test CMAKE_HAVE_LIBC_PTHREAD
[3.172s] -- Performing Test CMAKE_HAVE_LIBC_PTHREAD - Success
[3.174s] -- Found Threads: TRUE  
[3.663s] -- Configuring done
[3.672s] -- Generating done
[3.674s] -- Build files have been written to: /home/gordonc/alpha_test/build/ros2_shared
[3.690s] Invoked command in '/home/gordonc/alpha_test/build/ros2_shared' returned '0': CMAKE_PREFIX_PATH=${CMAKE_PREFIX_PATH}:/home/gordonc/colcon_ws/install/blue_manager:/home/gordonc/colcon_ws/install/blue_localization:/home/gordonc/colcon_ws/install/blue_joy:/opt/ros/humble /usr/bin/cmake /home/gordonc/alpha_test/src/ros2_shared -DCMAKE_INSTALL_PREFIX=/home/gordonc/alpha_test/install/ros2_shared
[3.693s] Invoking command in '/home/gordonc/alpha_test/build/ros2_shared': CMAKE_PREFIX_PATH=${CMAKE_PREFIX_PATH}:/home/gordonc/colcon_ws/install/blue_manager:/home/gordonc/colcon_ws/install/blue_localization:/home/gordonc/colcon_ws/install/blue_joy:/opt/ros/humble /usr/bin/cmake --build /home/gordonc/alpha_test/build/ros2_shared -- -j8 -l8
[3.770s] Invoked command in '/home/gordonc/alpha_test/build/ros2_shared' returned '0': CMAKE_PREFIX_PATH=${CMAKE_PREFIX_PATH}:/home/gordonc/colcon_ws/install/blue_manager:/home/gordonc/colcon_ws/install/blue_localization:/home/gordonc/colcon_ws/install/blue_joy:/opt/ros/humble /usr/bin/cmake --build /home/gordonc/alpha_test/build/ros2_shared -- -j8 -l8
[3.828s] Invoking command in '/home/gordonc/alpha_test/build/ros2_shared': CMAKE_PREFIX_PATH=${CMAKE_PREFIX_PATH}:/home/gordonc/colcon_ws/install/blue_manager:/home/gordonc/colcon_ws/install/blue_localization:/home/gordonc/colcon_ws/install/blue_joy:/opt/ros/humble /usr/bin/cmake --install /home/gordonc/alpha_test/build/ros2_shared
[3.845s] -- Install configuration: ""
[3.845s] -- Installing: /home/gordonc/alpha_test/install/ros2_shared/include
[3.845s] -- Installing: /home/gordonc/alpha_test/install/ros2_shared/include/ros2_shared
[3.845s] -- Installing: /home/gordonc/alpha_test/install/ros2_shared/include/ros2_shared/param_macros.hpp
[3.845s] -- Installing: /home/gordonc/alpha_test/install/ros2_shared/include/ros2_shared/string_printf.hpp
[3.846s] -- Installing: /home/gordonc/alpha_test/install/ros2_shared/include/ros2_shared/context_macros.hpp
[3.846s] -- Installing: /home/gordonc/alpha_test/install/ros2_shared/share/ament_index/resource_index/package_run_dependencies/ros2_shared
[3.847s] -- Installing: /home/gordonc/alpha_test/install/ros2_shared/share/ament_index/resource_index/parent_prefix_path/ros2_shared
[3.847s] -- Installing: /home/gordonc/alpha_test/install/ros2_shared/share/ros2_shared/environment/ament_prefix_path.sh
[3.847s] -- Installing: /home/gordonc/alpha_test/install/ros2_shared/share/ros2_shared/environment/ament_prefix_path.dsv
[3.848s] -- Installing: /home/gordonc/alpha_test/install/ros2_shared/share/ros2_shared/environment/path.sh
[3.848s] -- Installing: /home/gordonc/alpha_test/install/ros2_shared/share/ros2_shared/environment/path.dsv
[3.848s] -- Installing: /home/gordonc/alpha_test/install/ros2_shared/share/ros2_shared/local_setup.bash
[3.848s] -- Installing: /home/gordonc/alpha_test/install/ros2_shared/share/ros2_shared/local_setup.sh
[3.848s] -- Installing: /home/gordonc/alpha_test/install/ros2_shared/share/ros2_shared/local_setup.zsh
[3.849s] -- Installing: /home/gordonc/alpha_test/install/ros2_shared/share/ros2_shared/local_setup.dsv
[3.849s] -- Installing: /home/gordonc/alpha_test/install/ros2_shared/share/ros2_shared/package.dsv
[3.849s] -- Installing: /home/gordonc/alpha_test/install/ros2_shared/share/ament_index/resource_index/packages/ros2_shared
[3.850s] -- Installing: /home/gordonc/alpha_test/install/ros2_shared/share/ros2_shared/cmake/ros2_shared_targetsExport.cmake
[3.850s] -- Installing: /home/gordonc/alpha_test/install/ros2_shared/share/ros2_shared/cmake/ament_cmake_export_targets-extras.cmake
[3.851s] -- Installing: /home/gordonc/alpha_test/install/ros2_shared/share/ros2_shared/cmake/ament_cmake_export_dependencies-extras.cmake
[3.851s] -- Installing: /home/gordonc/alpha_test/install/ros2_shared/share/ros2_shared/cmake/ros2_sharedConfig.cmake
[3.851s] -- Installing: /home/gordonc/alpha_test/install/ros2_shared/share/ros2_shared/cmake/ros2_sharedConfig-version.cmake
[3.851s] -- Installing: /home/gordonc/alpha_test/install/ros2_shared/share/ros2_shared/package.xml
[3.855s] Invoked command in '/home/gordonc/alpha_test/build/ros2_shared' returned '0': CMAKE_PREFIX_PATH=${CMAKE_PREFIX_PATH}:/home/gordonc/colcon_ws/install/blue_manager:/home/gordonc/colcon_ws/install/blue_localization:/home/gordonc/colcon_ws/install/blue_joy:/opt/ros/humble /usr/bin/cmake --install /home/gordonc/alpha_test/build/ros2_shared
