-- Install configuration: ""
-- Up-to-date: /home/gordonc/alpha_test/install/alpha_description/share/alpha_description/config
-- Up-to-date: /home/gordonc/alpha_test/install/alpha_description/share/alpha_description/config/alpha.config.xacro
-- Up-to-date: /home/gordonc/alpha_test/install/alpha_description/share/alpha_description/config/alpha.config.srdf.xacro
-- Up-to-date: /home/gordonc/alpha_test/install/alpha_description/share/alpha_description/config/initial_velocities.yaml
-- Up-to-date: /home/gordonc/alpha_test/install/alpha_description/share/alpha_description/config/initial_positions.yaml
-- Up-to-date: /home/gordonc/alpha_test/install/alpha_description/share/alpha_description/config/alpha_controllers.yaml
-- Up-to-date: /home/gordonc/alpha_test/install/alpha_description/share/alpha_description/meshes
-- Up-to-date: /home/gordonc/alpha_test/install/alpha_description/share/alpha_description/meshes/M2-1-3.stl
-- Up-to-date: /home/gordonc/alpha_test/install/alpha_description/share/alpha_description/meshes/M2-1-1.stl
-- Up-to-date: /home/gordonc/alpha_test/install/alpha_description/share/alpha_description/meshes/LICENSE
-- Up-to-date: /home/gordonc/alpha_test/install/alpha_description/share/alpha_description/meshes/RS1-100-101-123.stl
-- Up-to-date: /home/gordonc/alpha_test/install/alpha_description/share/alpha_description/meshes/M3-INLINE.stl
-- Up-to-date: /home/gordonc/alpha_test/install/alpha_description/share/alpha_description/meshes/end_effectors
-- Up-to-date: /home/gordonc/alpha_test/install/alpha_description/share/alpha_description/meshes/end_effectors/RS1-124.stl
-- Up-to-date: /home/gordonc/alpha_test/install/alpha_description/share/alpha_description/meshes/end_effectors/RS1-139.stl
-- Up-to-date: /home/gordonc/alpha_test/install/alpha_description/share/alpha_description/meshes/end_effectors/RS1-130.stl
-- Up-to-date: /home/gordonc/alpha_test/install/alpha_description/share/alpha_description/meshes/M2.stl
-- Up-to-date: /home/gordonc/alpha_test/install/alpha_description/share/alpha_description/moveit2
-- Up-to-date: /home/gordonc/alpha_test/install/alpha_description/share/alpha_description/moveit2/kinematics.yaml
-- Up-to-date: /home/gordonc/alpha_test/install/alpha_description/share/alpha_description/moveit2/joint_limits.yaml
-- Up-to-date: /home/gordonc/alpha_test/install/alpha_description/share/alpha_description/moveit2/pilz_cartesian_limits.yaml
-- Up-to-date: /home/gordonc/alpha_test/install/alpha_description/share/alpha_description/moveit2/ompl_planning.yaml
-- Up-to-date: /home/gordonc/alpha_test/install/alpha_description/share/alpha_description/moveit2/moveit_controllers.yaml
-- Up-to-date: /home/gordonc/alpha_test/install/alpha_description/share/alpha_description/moveit2/planning_pipelines.yaml
-- Up-to-date: /home/gordonc/alpha_test/install/alpha_description/share/alpha_description/ros2_control
-- Up-to-date: /home/gordonc/alpha_test/install/alpha_description/share/alpha_description/ros2_control/alpha.ros2_control.xacro
-- Up-to-date: /home/gordonc/alpha_test/install/alpha_description/share/alpha_description/rviz
-- Up-to-date: /home/gordonc/alpha_test/install/alpha_description/share/alpha_description/rviz/moveit.rviz
-- Up-to-date: /home/gordonc/alpha_test/install/alpha_description/share/alpha_description/rviz/view_alpha.rviz
-- Up-to-date: /home/gordonc/alpha_test/install/alpha_description/share/alpha_description/srdf
-- Up-to-date: /home/gordonc/alpha_test/install/alpha_description/share/alpha_description/srdf/alpha.srdf.xacro
-- Up-to-date: /home/gordonc/alpha_test/install/alpha_description/share/alpha_description/urdf
-- Up-to-date: /home/gordonc/alpha_test/install/alpha_description/share/alpha_description/urdf/alpha.urdf.xacro
-- Up-to-date: /home/gordonc/alpha_test/install/alpha_description/share/alpha_description/urdf/LICENSE
-- Up-to-date: /home/gordonc/alpha_test/install/alpha_description/share/alpha_description/urdf/end_effectors
-- Up-to-date: /home/gordonc/alpha_test/install/alpha_description/share/alpha_description/urdf/end_effectors/standard_jaws.urdf.xacro
-- Up-to-date: /home/gordonc/alpha_test/install/alpha_description/share/alpha_description/gazebo
-- Up-to-date: /home/gordonc/alpha_test/install/alpha_description/share/alpha_description/gazebo/alpha.gazebo.xacro
-- Up-to-date: /home/gordonc/alpha_test/install/alpha_description/share/alpha_description/gazebo/worlds
-- Up-to-date: /home/gordonc/alpha_test/install/alpha_description/share/alpha_description/gazebo/worlds/empty.world
-- Up-to-date: /home/gordonc/alpha_test/install/alpha_description/share/ament_index/resource_index/package_run_dependencies/alpha_description
-- Up-to-date: /home/gordonc/alpha_test/install/alpha_description/share/ament_index/resource_index/parent_prefix_path/alpha_description
-- Up-to-date: /home/gordonc/alpha_test/install/alpha_description/share/alpha_description/environment/ament_prefix_path.sh
-- Up-to-date: /home/gordonc/alpha_test/install/alpha_description/share/alpha_description/environment/ament_prefix_path.dsv
-- Up-to-date: /home/gordonc/alpha_test/install/alpha_description/share/alpha_description/environment/path.sh
-- Up-to-date: /home/gordonc/alpha_test/install/alpha_description/share/alpha_description/environment/path.dsv
-- Up-to-date: /home/gordonc/alpha_test/install/alpha_description/share/alpha_description/local_setup.bash
-- Up-to-date: /home/gordonc/alpha_test/install/alpha_description/share/alpha_description/local_setup.sh
-- Up-to-date: /home/gordonc/alpha_test/install/alpha_description/share/alpha_description/local_setup.zsh
-- Up-to-date: /home/gordonc/alpha_test/install/alpha_description/share/alpha_description/local_setup.dsv
-- Up-to-date: /home/gordonc/alpha_test/install/alpha_description/share/alpha_description/package.dsv
-- Up-to-date: /home/gordonc/alpha_test/install/alpha_description/share/ament_index/resource_index/packages/alpha_description
-- Up-to-date: /home/gordonc/alpha_test/install/alpha_description/share/alpha_description/cmake/alpha_descriptionConfig.cmake
-- Up-to-date: /home/gordonc/alpha_test/install/alpha_description/share/alpha_description/cmake/alpha_descriptionConfig-version.cmake
-- Up-to-date: /home/gordonc/alpha_test/install/alpha_description/share/alpha_description/package.xml
