[0.027s] Invoking command in '/home/gordonc/alpha_test/build/alpha_description': CMAKE_PREFIX_PATH=${CMAKE_PREFIX_PATH}:/home/gordonc/colcon_ws/install/blue_manager:/home/gordonc/colcon_ws/install/blue_localization:/home/gordonc/colcon_ws/install/blue_joy:/opt/ros/humble /usr/bin/cmake --build /home/gordonc/alpha_test/build/alpha_description -- -j8 -l8
[0.101s] Invoked command in '/home/gordonc/alpha_test/build/alpha_description' returned '0': CMAKE_PREFIX_PATH=${CMAKE_PREFIX_PATH}:/home/gordonc/colcon_ws/install/blue_manager:/home/gordonc/colcon_ws/install/blue_localization:/home/gordonc/colcon_ws/install/blue_joy:/opt/ros/humble /usr/bin/cmake --build /home/gordonc/alpha_test/build/alpha_description -- -j8 -l8
[0.186s] Invoking command in '/home/gordonc/alpha_test/build/alpha_description': CMAKE_PREFIX_PATH=${CMAKE_PREFIX_PATH}:/home/gordonc/colcon_ws/install/blue_manager:/home/gordonc/colcon_ws/install/blue_localization:/home/gordonc/colcon_ws/install/blue_joy:/opt/ros/humble /usr/bin/cmake --install /home/gordonc/alpha_test/build/alpha_description
[0.206s] -- Install configuration: ""
[0.207s] -- Up-to-date: /home/gordonc/alpha_test/install/alpha_description/share/alpha_description/config
[0.208s] -- Up-to-date: /home/gordonc/alpha_test/install/alpha_description/share/alpha_description/config/alpha.config.xacro
[0.208s] -- Up-to-date: /home/gordonc/alpha_test/install/alpha_description/share/alpha_description/config/alpha.config.srdf.xacro
[0.209s] -- Up-to-date: /home/gordonc/alpha_test/install/alpha_description/share/alpha_description/config/initial_velocities.yaml
[0.209s] -- Up-to-date: /home/gordonc/alpha_test/install/alpha_description/share/alpha_description/config/initial_positions.yaml
[0.210s] -- Up-to-date: /home/gordonc/alpha_test/install/alpha_description/share/alpha_description/config/alpha_controllers.yaml
[0.210s] -- Up-to-date: /home/gordonc/alpha_test/install/alpha_description/share/alpha_description/meshes
[0.210s] -- Up-to-date: /home/gordonc/alpha_test/install/alpha_description/share/alpha_description/meshes/M2-1-3.stl
[0.211s] -- Up-to-date: /home/gordonc/alpha_test/install/alpha_description/share/alpha_description/meshes/M2-1-1.stl
[0.211s] -- Up-to-date: /home/gordonc/alpha_test/install/alpha_description/share/alpha_description/meshes/LICENSE
[0.211s] -- Up-to-date: /home/gordonc/alpha_test/install/alpha_description/share/alpha_description/meshes/RS1-100-101-123.stl
[0.212s] -- Up-to-date: /home/gordonc/alpha_test/install/alpha_description/share/alpha_description/meshes/M3-INLINE.stl
[0.212s] -- Up-to-date: /home/gordonc/alpha_test/install/alpha_description/share/alpha_description/meshes/end_effectors
[0.212s] -- Up-to-date: /home/gordonc/alpha_test/install/alpha_description/share/alpha_description/meshes/end_effectors/RS1-124.stl
[0.212s] -- Up-to-date: /home/gordonc/alpha_test/install/alpha_description/share/alpha_description/meshes/end_effectors/RS1-139.stl
[0.213s] -- Up-to-date: /home/gordonc/alpha_test/install/alpha_description/share/alpha_description/meshes/end_effectors/RS1-130.stl
[0.213s] -- Up-to-date: /home/gordonc/alpha_test/install/alpha_description/share/alpha_description/meshes/M2.stl
[0.213s] -- Up-to-date: /home/gordonc/alpha_test/install/alpha_description/share/alpha_description/moveit2
[0.214s] -- Up-to-date: /home/gordonc/alpha_test/install/alpha_description/share/alpha_description/moveit2/kinematics.yaml
[0.214s] -- Up-to-date: /home/gordonc/alpha_test/install/alpha_description/share/alpha_description/moveit2/joint_limits.yaml
[0.214s] -- Up-to-date: /home/gordonc/alpha_test/install/alpha_description/share/alpha_description/moveit2/pilz_cartesian_limits.yaml
[0.214s] -- Up-to-date: /home/gordonc/alpha_test/install/alpha_description/share/alpha_description/moveit2/ompl_planning.yaml
[0.215s] -- Up-to-date: /home/gordonc/alpha_test/install/alpha_description/share/alpha_description/moveit2/moveit_controllers.yaml
[0.215s] -- Up-to-date: /home/gordonc/alpha_test/install/alpha_description/share/alpha_description/moveit2/planning_pipelines.yaml
[0.215s] -- Up-to-date: /home/gordonc/alpha_test/install/alpha_description/share/alpha_description/ros2_control
[0.218s] -- Up-to-date: /home/gordonc/alpha_test/install/alpha_description/share/alpha_description/ros2_control/alpha.ros2_control.xacro
[0.219s] -- Up-to-date: /home/gordonc/alpha_test/install/alpha_description/share/alpha_description/rviz
[0.219s] -- Up-to-date: /home/gordonc/alpha_test/install/alpha_description/share/alpha_description/rviz/moveit.rviz
[0.220s] -- Up-to-date: /home/gordonc/alpha_test/install/alpha_description/share/alpha_description/rviz/view_alpha.rviz
[0.221s] -- Up-to-date: /home/gordonc/alpha_test/install/alpha_description/share/alpha_description/srdf
[0.221s] -- Up-to-date: /home/gordonc/alpha_test/install/alpha_description/share/alpha_description/srdf/alpha.srdf.xacro
[0.222s] -- Up-to-date: /home/gordonc/alpha_test/install/alpha_description/share/alpha_description/urdf
[0.222s] -- Up-to-date: /home/gordonc/alpha_test/install/alpha_description/share/alpha_description/urdf/alpha.urdf.xacro
[0.223s] -- Up-to-date: /home/gordonc/alpha_test/install/alpha_description/share/alpha_description/urdf/LICENSE
[0.223s] -- Up-to-date: /home/gordonc/alpha_test/install/alpha_description/share/alpha_description/urdf/end_effectors
[0.224s] -- Up-to-date: /home/gordonc/alpha_test/install/alpha_description/share/alpha_description/urdf/end_effectors/standard_jaws.urdf.xacro
[0.224s] -- Up-to-date: /home/gordonc/alpha_test/install/alpha_description/share/alpha_description/gazebo
[0.225s] -- Up-to-date: /home/gordonc/alpha_test/install/alpha_description/share/alpha_description/gazebo/alpha.gazebo.xacro
[0.225s] -- Up-to-date: /home/gordonc/alpha_test/install/alpha_description/share/alpha_description/gazebo/worlds
[0.226s] -- Up-to-date: /home/gordonc/alpha_test/install/alpha_description/share/alpha_description/gazebo/worlds/empty.world
[0.226s] -- Up-to-date: /home/gordonc/alpha_test/install/alpha_description/share/ament_index/resource_index/package_run_dependencies/alpha_description
[0.227s] -- Up-to-date: /home/gordonc/alpha_test/install/alpha_description/share/ament_index/resource_index/parent_prefix_path/alpha_description
[0.227s] -- Up-to-date: /home/gordonc/alpha_test/install/alpha_description/share/alpha_description/environment/ament_prefix_path.sh
[0.227s] -- Up-to-date: /home/gordonc/alpha_test/install/alpha_description/share/alpha_description/environment/ament_prefix_path.dsv
[0.228s] -- Up-to-date: /home/gordonc/alpha_test/install/alpha_description/share/alpha_description/environment/path.sh
[0.228s] -- Up-to-date: /home/gordonc/alpha_test/install/alpha_description/share/alpha_description/environment/path.dsv
[0.229s] -- Up-to-date: /home/gordonc/alpha_test/install/alpha_description/share/alpha_description/local_setup.bash
[0.229s] -- Up-to-date: /home/gordonc/alpha_test/install/alpha_description/share/alpha_description/local_setup.sh
[0.230s] -- Up-to-date: /home/gordonc/alpha_test/install/alpha_description/share/alpha_description/local_setup.zsh
[0.230s] -- Up-to-date: /home/gordonc/alpha_test/install/alpha_description/share/alpha_description/local_setup.dsv
[0.231s] -- Up-to-date: /home/gordonc/alpha_test/install/alpha_description/share/alpha_description/package.dsv
[0.231s] -- Up-to-date: /home/gordonc/alpha_test/install/alpha_description/share/ament_index/resource_index/packages/alpha_description
[0.234s] -- Up-to-date: /home/gordonc/alpha_test/install/alpha_description/share/alpha_description/cmake/alpha_descriptionConfig.cmake
[0.235s] -- Up-to-date: /home/gordonc/alpha_test/install/alpha_description/share/alpha_description/cmake/alpha_descriptionConfig-version.cmake
[0.235s] -- Up-to-date: /home/gordonc/alpha_test/install/alpha_description/share/alpha_description/package.xml
[0.236s] Invoked command in '/home/gordonc/alpha_test/build/alpha_description' returned '0': CMAKE_PREFIX_PATH=${CMAKE_PREFIX_PATH}:/home/gordonc/colcon_ws/install/blue_manager:/home/gordonc/colcon_ws/install/blue_localization:/home/gordonc/colcon_ws/install/blue_joy:/opt/ros/humble /usr/bin/cmake --install /home/gordonc/alpha_test/build/alpha_description
