-- The C compiler identification is GNU 11.4.0
-- The CXX compiler identification is GNU 11.4.0
-- Detecting C compiler ABI info
-- Detecting C compiler ABI info - done
-- Check for working C compiler: /usr/lib/ccache/cc - skipped
-- Detecting C compile features
-- Detecting C compile features - done
-- Detecting CXX compiler ABI info
-- Detecting CXX compiler ABI info - done
-- Check for working CXX compiler: /usr/lib/ccache/c++ - skipped
-- Detecting CXX compile features
-- Detecting CXX compile features - done
-- Found rclcpp: 16.0.8 (/opt/ros/humble/share/rclcpp/cmake)
-- Found Python3: /usr/bin/python3 (found version "3.10.12") found components: Interpreter 
-- Found rosidl_generator_c: 3.1.5 (/opt/ros/humble/share/rosidl_generator_c/cmake)
-- Found rosidl_adapter: 3.1.5 (/opt/ros/humble/share/rosidl_adapter/cmake)
-- Found rosidl_generator_cpp: 3.1.5 (/opt/ros/humble/share/rosidl_generator_cpp/cmake)
-- Using all available rosidl_typesupport_c: rosidl_typesupport_fastrtps_c;rosidl_typesupport_introspection_c
-- Using all available rosidl_typesupport_cpp: rosidl_typesupport_fastrtps_cpp;rosidl_typesupport_introspection_cpp
-- Found rmw_implementation_cmake: 6.1.1 (/opt/ros/humble/share/rmw_implementation_cmake/cmake)
-- Found rmw_fastrtps_cpp: 6.2.6 (/opt/ros/humble/share/rmw_fastrtps_cpp/cmake)
-- Found OpenSSL: /usr/lib/x86_64-linux-gnu/libcrypto.so (found version "3.0.2")  
-- Found FastRTPS: /opt/ros/humble/include  
-- Using RMW implementation 'rmw_fastrtps_cpp' as default
-- Looking for pthread.h
-- Looking for pthread.h - found
-- Performing Test CMAKE_HAVE_LIBC_PTHREAD
-- Performing Test CMAKE_HAVE_LIBC_PTHREAD - Success
-- Found Threads: TRUE  
-- Found ament_cmake_gtest: 1.3.8 (/opt/ros/humble/share/ament_cmake_gtest/cmake)
-- Found ament_cmake_gmock: 1.3.8 (/opt/ros/humble/share/ament_cmake_gmock/cmake)
-- Found ament_lint_auto: 0.12.10 (/opt/ros/humble/share/ament_lint_auto/cmake)
-- Found gtest sources under '/opt/ros/humble/src/gtest_vendor': C++ tests using 'Google Test' will be built
-- Found gmock sources under '/opt/ros/humble/src/gmock_vendor': C++ tests using 'Google Mock' will be built
-- Added test 'cppcheck' to perform static code analysis on C / C++ code
-- Configured cppcheck include dirs: /home/gordonc/alpha_test/src/alpha/alpha_driver/include
-- Configured cppcheck exclude dirs and/or files: 
-- Added test 'cpplint' to check C / C++ code against the Google style
-- Configured cpplint exclude dirs and/or files: 
-- Added test 'lint_cmake' to check CMake code style
-- Added test 'xmllint' to check XML markup files
-- Configuring done
-- Generating done
-- Build files have been written to: /home/gordonc/alpha_test/build/alpha_driver
[  4%] [32mBuilding CXX object gtest/CMakeFiles/gtest.dir/src/gtest-all.cc.o[0m
[  9%] [32mBuilding CXX object gmock/CMakeFiles/gmock_main.dir/src/gmock_main.cc.o[0m
[ 14%] [32mBuilding CXX object gmock/CMakeFiles/gmock.dir/opt/ros/humble/src/gtest_vendor/src/gtest-all.cc.o[0m
[ 19%] [32mBuilding CXX object gmock/CMakeFiles/gmock.dir/src/gmock-all.cc.o[0m
[ 23%] [32mBuilding CXX object gtest/CMakeFiles/gtest_main.dir/src/gtest_main.cc.o[0m
[ 33%] [32mBuilding CXX object CMakeFiles/alpha_driver.dir/src/crc.cpp.o[0m
[ 33%] [32mBuilding CXX object CMakeFiles/alpha_driver.dir/src/cobs.cpp.o[0m
[ 38%] [32mBuilding CXX object CMakeFiles/alpha_driver.dir/src/packet.cpp.o[0m
[ 42%] [32m[1mLinking CXX static library libgtest_main.a[0m
[ 42%] Built target gtest_main
[ 47%] [32mBuilding CXX object CMakeFiles/alpha_driver.dir/src/serial_client.cpp.o[0m
[ 52%] [32mBuilding CXX object CMakeFiles/alpha_driver.dir/src/driver.cpp.o[0m
[ 57%] [32m[1mLinking CXX static library libgmock_main.a[0m
[ 61%] [32m[1mLinking CXX static library libgmock.a[0m
[ 66%] [32m[1mLinking CXX static library libgtest.a[0m
[ 66%] Built target gmock_main
[ 66%] Built target gtest
[ 66%] Built target gmock
[ 71%] [32m[1mLinking CXX shared library libalpha_driver.so[0m
[ 71%] Built target alpha_driver
[ 85%] [32mBuilding CXX object CMakeFiles/test_cobs.dir/test/test_cobs.cpp.o[0m
[ 85%] [32mBuilding CXX object CMakeFiles/test_crc.dir/test/test_crc.cpp.o[0m
[ 85%] [32mBuilding CXX object CMakeFiles/test_packet.dir/test/test_packet.cpp.o[0m
[ 90%] [32m[1mLinking CXX executable test_crc[0m
[ 90%] Built target test_crc
[ 95%] [32m[1mLinking CXX executable test_cobs[0m
[100%] [32m[1mLinking CXX executable test_packet[0m
[100%] Built target test_cobs
[100%] Built target test_packet
-- Install configuration: ""
-- Installing: /home/gordonc/alpha_test/install/alpha_driver/include
-- Installing: /home/gordonc/alpha_test/install/alpha_driver/include/alpha_driver
-- Installing: /home/gordonc/alpha_test/install/alpha_driver/include/alpha_driver/packet.hpp
-- Installing: /home/gordonc/alpha_test/install/alpha_driver/include/alpha_driver/mode.hpp
-- Installing: /home/gordonc/alpha_test/install/alpha_driver/include/alpha_driver/crc.hpp
-- Installing: /home/gordonc/alpha_test/install/alpha_driver/include/alpha_driver/cobs.hpp
-- Installing: /home/gordonc/alpha_test/install/alpha_driver/include/alpha_driver/device_id.hpp
-- Installing: /home/gordonc/alpha_test/install/alpha_driver/include/alpha_driver/serial_client.hpp
-- Installing: /home/gordonc/alpha_test/install/alpha_driver/include/alpha_driver/packet_id.hpp
-- Installing: /home/gordonc/alpha_test/install/alpha_driver/include/alpha_driver/driver.hpp
-- Installing: /home/gordonc/alpha_test/install/alpha_driver/lib/libalpha_driver.so
-- Set runtime path of "/home/gordonc/alpha_test/install/alpha_driver/lib/libalpha_driver.so" to ""
-- Installing: /home/gordonc/alpha_test/install/alpha_driver/share/alpha_driver/environment/library_path.sh
-- Installing: /home/gordonc/alpha_test/install/alpha_driver/share/alpha_driver/environment/library_path.dsv
-- Installing: /home/gordonc/alpha_test/install/alpha_driver/share/ament_index/resource_index/package_run_dependencies/alpha_driver
-- Installing: /home/gordonc/alpha_test/install/alpha_driver/share/ament_index/resource_index/parent_prefix_path/alpha_driver
-- Installing: /home/gordonc/alpha_test/install/alpha_driver/share/alpha_driver/environment/ament_prefix_path.sh
-- Installing: /home/gordonc/alpha_test/install/alpha_driver/share/alpha_driver/environment/ament_prefix_path.dsv
-- Installing: /home/gordonc/alpha_test/install/alpha_driver/share/alpha_driver/environment/path.sh
-- Installing: /home/gordonc/alpha_test/install/alpha_driver/share/alpha_driver/environment/path.dsv
-- Installing: /home/gordonc/alpha_test/install/alpha_driver/share/alpha_driver/local_setup.bash
-- Installing: /home/gordonc/alpha_test/install/alpha_driver/share/alpha_driver/local_setup.sh
-- Installing: /home/gordonc/alpha_test/install/alpha_driver/share/alpha_driver/local_setup.zsh
-- Installing: /home/gordonc/alpha_test/install/alpha_driver/share/alpha_driver/local_setup.dsv
-- Installing: /home/gordonc/alpha_test/install/alpha_driver/share/alpha_driver/package.dsv
-- Installing: /home/gordonc/alpha_test/install/alpha_driver/share/ament_index/resource_index/packages/alpha_driver
-- Installing: /home/gordonc/alpha_test/install/alpha_driver/share/alpha_driver/cmake/alpha_driverExport.cmake
-- Installing: /home/gordonc/alpha_test/install/alpha_driver/share/alpha_driver/cmake/alpha_driverExport-noconfig.cmake
-- Installing: /home/gordonc/alpha_test/install/alpha_driver/share/alpha_driver/cmake/ament_cmake_export_targets-extras.cmake
-- Installing: /home/gordonc/alpha_test/install/alpha_driver/share/alpha_driver/cmake/ament_cmake_export_dependencies-extras.cmake
-- Installing: /home/gordonc/alpha_test/install/alpha_driver/share/alpha_driver/cmake/alpha_driverConfig.cmake
-- Installing: /home/gordonc/alpha_test/install/alpha_driver/share/alpha_driver/cmake/alpha_driverConfig-version.cmake
-- Installing: /home/gordonc/alpha_test/install/alpha_driver/share/alpha_driver/package.xml
