[0.229s] DEBUG:colcon:Command line arguments: ['/usr/bin/colcon', 'build']
[0.229s] DEBUG:colcon:Parsed command line arguments: Namespace(log_base=None, log_level=None, verb_name='build', build_base='build', install_base='install', merge_install=False, symlink_install=False, test_result_base=None, continue_on_error=False, executor='parallel', parallel_workers=8, event_handlers=None, ignore_user_meta=False, metas=['./colcon.meta'], base_paths=['.'], packages_ignore=None, packages_ignore_regex=None, paths=None, packages_up_to=None, packages_up_to_regex=None, packages_above=None, packages_above_and_dependencies=None, packages_above_depth=None, packages_select_by_dep=None, packages_skip_by_dep=None, packages_skip_up_to=None, packages_select_build_failed=False, packages_skip_build_finished=False, packages_select_test_failures=False, packages_skip_test_passed=False, packages_select=None, packages_skip=None, packages_select_regex=None, packages_skip_regex=None, packages_start=None, packages_end=None, allow_overriding=[], cmake_args=None, cmake_target=None, cmake_target_skip_unavailable=False, cmake_clean_cache=False, cmake_clean_first=False, cmake_force_configure=False, ament_cmake_args=None, catkin_cmake_args=None, catkin_skip_building_tests=False, mixin_files=None, mixin=None, verb_parser=<colcon_mixin.mixin.mixin_argument.MixinArgumentDecorator object at 0x7a2e2b6706a0>, verb_extension=<colcon_core.verb.build.BuildVerb object at 0x7a2e2b780cd0>, main=<bound method BuildVerb.main of <colcon_core.verb.build.BuildVerb object at 0x7a2e2b780cd0>>, mixin_verb=('build',))
[0.301s] Level 1:colcon.colcon_core.package_discovery:discover_packages(colcon_meta) check parameters
[0.301s] Level 1:colcon.colcon_core.package_discovery:discover_packages(recursive) check parameters
[0.301s] Level 1:colcon.colcon_core.package_discovery:discover_packages(ignore) check parameters
[0.301s] Level 1:colcon.colcon_core.package_discovery:discover_packages(path) check parameters
[0.301s] Level 1:colcon.colcon_core.package_discovery:discover_packages(colcon_meta) discover
[0.301s] Level 1:colcon.colcon_core.package_discovery:discover_packages(recursive) discover
[0.301s] INFO:colcon.colcon_core.package_discovery:Crawling recursively for packages in '/home/gordonc/alpha_test'
[0.302s] Level 1:colcon.colcon_core.package_identification:_identify(.) by extensions ['ignore', 'ignore_ament_install']
[0.302s] Level 1:colcon.colcon_core.package_identification:_identify(.) by extension 'ignore'
[0.302s] Level 1:colcon.colcon_core.package_identification:_identify(.) by extension 'ignore_ament_install'
[0.302s] Level 1:colcon.colcon_core.package_identification:_identify(.) by extensions ['colcon_pkg']
[0.302s] Level 1:colcon.colcon_core.package_identification:_identify(.) by extension 'colcon_pkg'
[0.302s] Level 1:colcon.colcon_core.package_identification:_identify(.) by extensions ['colcon_meta']
[0.302s] Level 1:colcon.colcon_core.package_identification:_identify(.) by extension 'colcon_meta'
[0.302s] Level 1:colcon.colcon_core.package_identification:_identify(.) by extensions ['ros']
[0.302s] Level 1:colcon.colcon_core.package_identification:_identify(.) by extension 'ros'
[0.332s] Level 1:colcon.colcon_core.package_identification:_identify(.) by extensions ['cmake', 'python']
[0.332s] Level 1:colcon.colcon_core.package_identification:_identify(.) by extension 'cmake'
[0.332s] Level 1:colcon.colcon_core.package_identification:_identify(.) by extension 'python'
[0.332s] Level 1:colcon.colcon_core.package_identification:_identify(.) by extensions ['python_setup_py']
[0.332s] Level 1:colcon.colcon_core.package_identification:_identify(.) by extension 'python_setup_py'
[0.332s] Level 1:colcon.colcon_core.package_identification:_identify(build) by extensions ['ignore', 'ignore_ament_install']
[0.332s] Level 1:colcon.colcon_core.package_identification:_identify(build) by extension 'ignore'
[0.332s] Level 1:colcon.colcon_core.package_identification:_identify(build) ignored
[0.333s] Level 1:colcon.colcon_core.package_identification:_identify(install) by extensions ['ignore', 'ignore_ament_install']
[0.333s] Level 1:colcon.colcon_core.package_identification:_identify(install) by extension 'ignore'
[0.333s] Level 1:colcon.colcon_core.package_identification:_identify(install) ignored
[0.333s] Level 1:colcon.colcon_core.package_identification:_identify(log) by extensions ['ignore', 'ignore_ament_install']
[0.333s] Level 1:colcon.colcon_core.package_identification:_identify(log) by extension 'ignore'
[0.333s] Level 1:colcon.colcon_core.package_identification:_identify(log) ignored
[0.333s] Level 1:colcon.colcon_core.package_identification:_identify(src) by extensions ['ignore', 'ignore_ament_install']
[0.333s] Level 1:colcon.colcon_core.package_identification:_identify(src) by extension 'ignore'
[0.334s] Level 1:colcon.colcon_core.package_identification:_identify(src) by extension 'ignore_ament_install'
[0.334s] Level 1:colcon.colcon_core.package_identification:_identify(src) by extensions ['colcon_pkg']
[0.334s] Level 1:colcon.colcon_core.package_identification:_identify(src) by extension 'colcon_pkg'
[0.334s] Level 1:colcon.colcon_core.package_identification:_identify(src) by extensions ['colcon_meta']
[0.334s] Level 1:colcon.colcon_core.package_identification:_identify(src) by extension 'colcon_meta'
[0.334s] Level 1:colcon.colcon_core.package_identification:_identify(src) by extensions ['ros']
[0.334s] Level 1:colcon.colcon_core.package_identification:_identify(src) by extension 'ros'
[0.334s] Level 1:colcon.colcon_core.package_identification:_identify(src) by extensions ['cmake', 'python']
[0.334s] Level 1:colcon.colcon_core.package_identification:_identify(src) by extension 'cmake'
[0.334s] Level 1:colcon.colcon_core.package_identification:_identify(src) by extension 'python'
[0.334s] Level 1:colcon.colcon_core.package_identification:_identify(src) by extensions ['python_setup_py']
[0.334s] Level 1:colcon.colcon_core.package_identification:_identify(src) by extension 'python_setup_py'
[0.335s] Level 1:colcon.colcon_core.package_identification:_identify(src/alpha) by extensions ['ignore', 'ignore_ament_install']
[0.335s] Level 1:colcon.colcon_core.package_identification:_identify(src/alpha) by extension 'ignore'
[0.335s] Level 1:colcon.colcon_core.package_identification:_identify(src/alpha) by extension 'ignore_ament_install'
[0.335s] Level 1:colcon.colcon_core.package_identification:_identify(src/alpha) by extensions ['colcon_pkg']
[0.335s] Level 1:colcon.colcon_core.package_identification:_identify(src/alpha) by extension 'colcon_pkg'
[0.335s] Level 1:colcon.colcon_core.package_identification:_identify(src/alpha) by extensions ['colcon_meta']
[0.335s] Level 1:colcon.colcon_core.package_identification:_identify(src/alpha) by extension 'colcon_meta'
[0.335s] Level 1:colcon.colcon_core.package_identification:_identify(src/alpha) by extensions ['ros']
[0.335s] Level 1:colcon.colcon_core.package_identification:_identify(src/alpha) by extension 'ros'
[0.335s] Level 1:colcon.colcon_core.package_identification:_identify(src/alpha) by extensions ['cmake', 'python']
[0.336s] Level 1:colcon.colcon_core.package_identification:_identify(src/alpha) by extension 'cmake'
[0.336s] Level 1:colcon.colcon_core.package_identification:_identify(src/alpha) by extension 'python'
[0.336s] Level 1:colcon.colcon_core.package_identification:_identify(src/alpha) by extensions ['python_setup_py']
[0.336s] Level 1:colcon.colcon_core.package_identification:_identify(src/alpha) by extension 'python_setup_py'
[0.336s] Level 1:colcon.colcon_core.package_identification:_identify(src/alpha/alpha_bringup) by extensions ['ignore', 'ignore_ament_install']
[0.336s] Level 1:colcon.colcon_core.package_identification:_identify(src/alpha/alpha_bringup) by extension 'ignore'
[0.336s] Level 1:colcon.colcon_core.package_identification:_identify(src/alpha/alpha_bringup) by extension 'ignore_ament_install'
[0.336s] Level 1:colcon.colcon_core.package_identification:_identify(src/alpha/alpha_bringup) by extensions ['colcon_pkg']
[0.336s] Level 1:colcon.colcon_core.package_identification:_identify(src/alpha/alpha_bringup) by extension 'colcon_pkg'
[0.336s] Level 1:colcon.colcon_core.package_identification:_identify(src/alpha/alpha_bringup) by extensions ['colcon_meta']
[0.336s] Level 1:colcon.colcon_core.package_identification:_identify(src/alpha/alpha_bringup) by extension 'colcon_meta'
[0.337s] Level 1:colcon.colcon_core.package_identification:_identify(src/alpha/alpha_bringup) by extensions ['ros']
[0.337s] Level 1:colcon.colcon_core.package_identification:_identify(src/alpha/alpha_bringup) by extension 'ros'
[0.341s] DEBUG:colcon.colcon_core.package_identification:Package 'src/alpha/alpha_bringup' with type 'ros.ament_cmake' and name 'alpha_bringup'
[0.341s] Level 1:colcon.colcon_core.package_identification:_identify(src/alpha/alpha_description) by extensions ['ignore', 'ignore_ament_install']
[0.342s] Level 1:colcon.colcon_core.package_identification:_identify(src/alpha/alpha_description) by extension 'ignore'
[0.342s] Level 1:colcon.colcon_core.package_identification:_identify(src/alpha/alpha_description) by extension 'ignore_ament_install'
[0.342s] Level 1:colcon.colcon_core.package_identification:_identify(src/alpha/alpha_description) by extensions ['colcon_pkg']
[0.342s] Level 1:colcon.colcon_core.package_identification:_identify(src/alpha/alpha_description) by extension 'colcon_pkg'
[0.342s] Level 1:colcon.colcon_core.package_identification:_identify(src/alpha/alpha_description) by extensions ['colcon_meta']
[0.342s] Level 1:colcon.colcon_core.package_identification:_identify(src/alpha/alpha_description) by extension 'colcon_meta'
[0.342s] Level 1:colcon.colcon_core.package_identification:_identify(src/alpha/alpha_description) by extensions ['ros']
[0.343s] Level 1:colcon.colcon_core.package_identification:_identify(src/alpha/alpha_description) by extension 'ros'
[0.343s] DEBUG:colcon.colcon_core.package_identification:Package 'src/alpha/alpha_description' with type 'ros.ament_cmake' and name 'alpha_description'
[0.344s] Level 1:colcon.colcon_core.package_identification:_identify(src/alpha/alpha_driver) by extensions ['ignore', 'ignore_ament_install']
[0.344s] Level 1:colcon.colcon_core.package_identification:_identify(src/alpha/alpha_driver) by extension 'ignore'
[0.344s] Level 1:colcon.colcon_core.package_identification:_identify(src/alpha/alpha_driver) by extension 'ignore_ament_install'
[0.344s] Level 1:colcon.colcon_core.package_identification:_identify(src/alpha/alpha_driver) by extensions ['colcon_pkg']
[0.344s] Level 1:colcon.colcon_core.package_identification:_identify(src/alpha/alpha_driver) by extension 'colcon_pkg'
[0.344s] Level 1:colcon.colcon_core.package_identification:_identify(src/alpha/alpha_driver) by extensions ['colcon_meta']
[0.344s] Level 1:colcon.colcon_core.package_identification:_identify(src/alpha/alpha_driver) by extension 'colcon_meta'
[0.345s] Level 1:colcon.colcon_core.package_identification:_identify(src/alpha/alpha_driver) by extensions ['ros']
[0.345s] Level 1:colcon.colcon_core.package_identification:_identify(src/alpha/alpha_driver) by extension 'ros'
[0.346s] DEBUG:colcon.colcon_core.package_identification:Package 'src/alpha/alpha_driver' with type 'ros.ament_cmake' and name 'alpha_driver'
[0.346s] Level 1:colcon.colcon_core.package_identification:_identify(src/alpha/alpha_hardware) by extensions ['ignore', 'ignore_ament_install']
[0.346s] Level 1:colcon.colcon_core.package_identification:_identify(src/alpha/alpha_hardware) by extension 'ignore'
[0.346s] Level 1:colcon.colcon_core.package_identification:_identify(src/alpha/alpha_hardware) by extension 'ignore_ament_install'
[0.347s] Level 1:colcon.colcon_core.package_identification:_identify(src/alpha/alpha_hardware) by extensions ['colcon_pkg']
[0.347s] Level 1:colcon.colcon_core.package_identification:_identify(src/alpha/alpha_hardware) by extension 'colcon_pkg'
[0.347s] Level 1:colcon.colcon_core.package_identification:_identify(src/alpha/alpha_hardware) by extensions ['colcon_meta']
[0.347s] Level 1:colcon.colcon_core.package_identification:_identify(src/alpha/alpha_hardware) by extension 'colcon_meta'
[0.347s] Level 1:colcon.colcon_core.package_identification:_identify(src/alpha/alpha_hardware) by extensions ['ros']
[0.347s] Level 1:colcon.colcon_core.package_identification:_identify(src/alpha/alpha_hardware) by extension 'ros'
[0.349s] DEBUG:colcon.colcon_core.package_identification:Package 'src/alpha/alpha_hardware' with type 'ros.ament_cmake' and name 'alpha_hardware'
[0.349s] Level 1:colcon.colcon_core.package_identification:_identify(src/alpha/alpha_moveit) by extensions ['ignore', 'ignore_ament_install']
[0.349s] Level 1:colcon.colcon_core.package_identification:_identify(src/alpha/alpha_moveit) by extension 'ignore'
[0.349s] Level 1:colcon.colcon_core.package_identification:_identify(src/alpha/alpha_moveit) by extension 'ignore_ament_install'
[0.349s] Level 1:colcon.colcon_core.package_identification:_identify(src/alpha/alpha_moveit) by extensions ['colcon_pkg']
[0.349s] Level 1:colcon.colcon_core.package_identification:_identify(src/alpha/alpha_moveit) by extension 'colcon_pkg'
[0.350s] Level 1:colcon.colcon_core.package_identification:_identify(src/alpha/alpha_moveit) by extensions ['colcon_meta']
[0.350s] Level 1:colcon.colcon_core.package_identification:_identify(src/alpha/alpha_moveit) by extension 'colcon_meta'
[0.350s] Level 1:colcon.colcon_core.package_identification:_identify(src/alpha/alpha_moveit) by extensions ['ros']
[0.350s] Level 1:colcon.colcon_core.package_identification:_identify(src/alpha/alpha_moveit) by extension 'ros'
[0.351s] DEBUG:colcon.colcon_core.package_identification:Package 'src/alpha/alpha_moveit' with type 'ros.ament_cmake' and name 'alpha_moveit'
[0.352s] Level 1:colcon.colcon_core.package_discovery:discover_packages(recursive) using defaults
[0.353s] Level 1:colcon.colcon_core.package_discovery:discover_packages(ignore) discover
[0.353s] Level 1:colcon.colcon_core.package_discovery:discover_packages(ignore) using defaults
[0.353s] Level 1:colcon.colcon_core.package_discovery:discover_packages(path) discover
[0.353s] Level 1:colcon.colcon_core.package_discovery:discover_packages(path) using defaults
[0.397s] Level 1:colcon.colcon_core.package_discovery:discover_packages(prefix_path) check parameters
[0.397s] Level 1:colcon.colcon_core.package_discovery:discover_packages(prefix_path) discover
[0.405s] DEBUG:colcon.colcon_installed_package_information.package_discovery:Found 10 installed packages in /home/gordonc/alpha_test/install
[0.407s] DEBUG:colcon.colcon_installed_package_information.package_discovery:Found 35 installed packages in /home/gordonc/colcon_ws/install
[0.412s] DEBUG:colcon.colcon_installed_package_information.package_discovery:Found 425 installed packages in /opt/ros/humble
[0.417s] Level 1:colcon.colcon_core.package_discovery:discover_packages(prefix_path) using defaults
[0.535s] Level 5:colcon.colcon_core.verb:set package 'alpha_description' build argument 'cmake_args' from command line to 'None'
[0.535s] Level 5:colcon.colcon_core.verb:set package 'alpha_description' build argument 'cmake_target' from command line to 'None'
[0.536s] Level 5:colcon.colcon_core.verb:set package 'alpha_description' build argument 'cmake_target_skip_unavailable' from command line to 'False'
[0.536s] Level 5:colcon.colcon_core.verb:set package 'alpha_description' build argument 'cmake_clean_cache' from command line to 'False'
[0.536s] Level 5:colcon.colcon_core.verb:set package 'alpha_description' build argument 'cmake_clean_first' from command line to 'False'
[0.536s] Level 5:colcon.colcon_core.verb:set package 'alpha_description' build argument 'cmake_force_configure' from command line to 'False'
[0.536s] Level 5:colcon.colcon_core.verb:set package 'alpha_description' build argument 'ament_cmake_args' from command line to 'None'
[0.536s] Level 5:colcon.colcon_core.verb:set package 'alpha_description' build argument 'catkin_cmake_args' from command line to 'None'
[0.536s] Level 5:colcon.colcon_core.verb:set package 'alpha_description' build argument 'catkin_skip_building_tests' from command line to 'False'
[0.536s] DEBUG:colcon.colcon_core.verb:Building package 'alpha_description' with the following arguments: {'ament_cmake_args': None, 'build_base': '/home/gordonc/alpha_test/build/alpha_description', 'catkin_cmake_args': None, 'catkin_skip_building_tests': False, 'cmake_args': None, 'cmake_clean_cache': False, 'cmake_clean_first': False, 'cmake_force_configure': False, 'cmake_target': None, 'cmake_target_skip_unavailable': False, 'install_base': '/home/gordonc/alpha_test/install/alpha_description', 'merge_install': False, 'path': '/home/gordonc/alpha_test/src/alpha/alpha_description', 'symlink_install': False, 'test_result_base': None}
[0.537s] Level 5:colcon.colcon_core.verb:set package 'alpha_driver' build argument 'cmake_args' from command line to 'None'
[0.537s] Level 5:colcon.colcon_core.verb:set package 'alpha_driver' build argument 'cmake_target' from command line to 'None'
[0.537s] Level 5:colcon.colcon_core.verb:set package 'alpha_driver' build argument 'cmake_target_skip_unavailable' from command line to 'False'
[0.537s] Level 5:colcon.colcon_core.verb:set package 'alpha_driver' build argument 'cmake_clean_cache' from command line to 'False'
[0.537s] Level 5:colcon.colcon_core.verb:set package 'alpha_driver' build argument 'cmake_clean_first' from command line to 'False'
[0.537s] Level 5:colcon.colcon_core.verb:set package 'alpha_driver' build argument 'cmake_force_configure' from command line to 'False'
[0.537s] Level 5:colcon.colcon_core.verb:set package 'alpha_driver' build argument 'ament_cmake_args' from command line to 'None'
[0.537s] Level 5:colcon.colcon_core.verb:set package 'alpha_driver' build argument 'catkin_cmake_args' from command line to 'None'
[0.537s] Level 5:colcon.colcon_core.verb:set package 'alpha_driver' build argument 'catkin_skip_building_tests' from command line to 'False'
[0.537s] DEBUG:colcon.colcon_core.verb:Building package 'alpha_driver' with the following arguments: {'ament_cmake_args': None, 'build_base': '/home/gordonc/alpha_test/build/alpha_driver', 'catkin_cmake_args': None, 'catkin_skip_building_tests': False, 'cmake_args': None, 'cmake_clean_cache': False, 'cmake_clean_first': False, 'cmake_force_configure': False, 'cmake_target': None, 'cmake_target_skip_unavailable': False, 'install_base': '/home/gordonc/alpha_test/install/alpha_driver', 'merge_install': False, 'path': '/home/gordonc/alpha_test/src/alpha/alpha_driver', 'symlink_install': False, 'test_result_base': None}
[0.538s] Level 5:colcon.colcon_core.verb:set package 'alpha_moveit' build argument 'cmake_args' from command line to 'None'
[0.539s] Level 5:colcon.colcon_core.verb:set package 'alpha_moveit' build argument 'cmake_target' from command line to 'None'
[0.539s] Level 5:colcon.colcon_core.verb:set package 'alpha_moveit' build argument 'cmake_target_skip_unavailable' from command line to 'False'
[0.539s] Level 5:colcon.colcon_core.verb:set package 'alpha_moveit' build argument 'cmake_clean_cache' from command line to 'False'
[0.539s] Level 5:colcon.colcon_core.verb:set package 'alpha_moveit' build argument 'cmake_clean_first' from command line to 'False'
[0.539s] Level 5:colcon.colcon_core.verb:set package 'alpha_moveit' build argument 'cmake_force_configure' from command line to 'False'
[0.539s] Level 5:colcon.colcon_core.verb:set package 'alpha_moveit' build argument 'ament_cmake_args' from command line to 'None'
[0.539s] Level 5:colcon.colcon_core.verb:set package 'alpha_moveit' build argument 'catkin_cmake_args' from command line to 'None'
[0.539s] Level 5:colcon.colcon_core.verb:set package 'alpha_moveit' build argument 'catkin_skip_building_tests' from command line to 'False'
[0.539s] DEBUG:colcon.colcon_core.verb:Building package 'alpha_moveit' with the following arguments: {'ament_cmake_args': None, 'build_base': '/home/gordonc/alpha_test/build/alpha_moveit', 'catkin_cmake_args': None, 'catkin_skip_building_tests': False, 'cmake_args': None, 'cmake_clean_cache': False, 'cmake_clean_first': False, 'cmake_force_configure': False, 'cmake_target': None, 'cmake_target_skip_unavailable': False, 'install_base': '/home/gordonc/alpha_test/install/alpha_moveit', 'merge_install': False, 'path': '/home/gordonc/alpha_test/src/alpha/alpha_moveit', 'symlink_install': False, 'test_result_base': None}
[0.540s] Level 5:colcon.colcon_core.verb:set package 'alpha_hardware' build argument 'cmake_args' from command line to 'None'
[0.540s] Level 5:colcon.colcon_core.verb:set package 'alpha_hardware' build argument 'cmake_target' from command line to 'None'
[0.540s] Level 5:colcon.colcon_core.verb:set package 'alpha_hardware' build argument 'cmake_target_skip_unavailable' from command line to 'False'
[0.540s] Level 5:colcon.colcon_core.verb:set package 'alpha_hardware' build argument 'cmake_clean_cache' from command line to 'False'
[0.540s] Level 5:colcon.colcon_core.verb:set package 'alpha_hardware' build argument 'cmake_clean_first' from command line to 'False'
[0.540s] Level 5:colcon.colcon_core.verb:set package 'alpha_hardware' build argument 'cmake_force_configure' from command line to 'False'
[0.540s] Level 5:colcon.colcon_core.verb:set package 'alpha_hardware' build argument 'ament_cmake_args' from command line to 'None'
[0.540s] Level 5:colcon.colcon_core.verb:set package 'alpha_hardware' build argument 'catkin_cmake_args' from command line to 'None'
[0.540s] Level 5:colcon.colcon_core.verb:set package 'alpha_hardware' build argument 'catkin_skip_building_tests' from command line to 'False'
[0.540s] DEBUG:colcon.colcon_core.verb:Building package 'alpha_hardware' with the following arguments: {'ament_cmake_args': None, 'build_base': '/home/gordonc/alpha_test/build/alpha_hardware', 'catkin_cmake_args': None, 'catkin_skip_building_tests': False, 'cmake_args': None, 'cmake_clean_cache': False, 'cmake_clean_first': False, 'cmake_force_configure': False, 'cmake_target': None, 'cmake_target_skip_unavailable': False, 'install_base': '/home/gordonc/alpha_test/install/alpha_hardware', 'merge_install': False, 'path': '/home/gordonc/alpha_test/src/alpha/alpha_hardware', 'symlink_install': False, 'test_result_base': None}
[0.541s] Level 5:colcon.colcon_core.verb:set package 'alpha_bringup' build argument 'cmake_args' from command line to 'None'
[0.541s] Level 5:colcon.colcon_core.verb:set package 'alpha_bringup' build argument 'cmake_target' from command line to 'None'
[0.541s] Level 5:colcon.colcon_core.verb:set package 'alpha_bringup' build argument 'cmake_target_skip_unavailable' from command line to 'False'
[0.541s] Level 5:colcon.colcon_core.verb:set package 'alpha_bringup' build argument 'cmake_clean_cache' from command line to 'False'
[0.541s] Level 5:colcon.colcon_core.verb:set package 'alpha_bringup' build argument 'cmake_clean_first' from command line to 'False'
[0.541s] Level 5:colcon.colcon_core.verb:set package 'alpha_bringup' build argument 'cmake_force_configure' from command line to 'False'
[0.541s] Level 5:colcon.colcon_core.verb:set package 'alpha_bringup' build argument 'ament_cmake_args' from command line to 'None'
[0.541s] Level 5:colcon.colcon_core.verb:set package 'alpha_bringup' build argument 'catkin_cmake_args' from command line to 'None'
[0.541s] Level 5:colcon.colcon_core.verb:set package 'alpha_bringup' build argument 'catkin_skip_building_tests' from command line to 'False'
[0.541s] DEBUG:colcon.colcon_core.verb:Building package 'alpha_bringup' with the following arguments: {'ament_cmake_args': None, 'build_base': '/home/gordonc/alpha_test/build/alpha_bringup', 'catkin_cmake_args': None, 'catkin_skip_building_tests': False, 'cmake_args': None, 'cmake_clean_cache': False, 'cmake_clean_first': False, 'cmake_force_configure': False, 'cmake_target': None, 'cmake_target_skip_unavailable': False, 'install_base': '/home/gordonc/alpha_test/install/alpha_bringup', 'merge_install': False, 'path': '/home/gordonc/alpha_test/src/alpha/alpha_bringup', 'symlink_install': False, 'test_result_base': None}
[0.541s] INFO:colcon.colcon_core.executor:Executing jobs using 'parallel' executor
[0.544s] DEBUG:colcon.colcon_parallel_executor.executor.parallel:run_until_complete
[0.547s] INFO:colcon.colcon_ros.task.ament_cmake.build:Building ROS package in '/home/gordonc/alpha_test/src/alpha/alpha_driver' with build type 'ament_cmake'
[0.547s] INFO:colcon.colcon_cmake.task.cmake.build:Building CMake package in '/home/gordonc/alpha_test/src/alpha/alpha_driver'
[0.551s] INFO:colcon.colcon_core.plugin_system:Skipping extension 'colcon_core.shell.bat': Not used on non-Windows systems
[0.552s] INFO:colcon.colcon_core.shell:Skip shell extension 'powershell' for command environment: Not usable outside of PowerShell
[0.552s] DEBUG:colcon.colcon_core.shell:Skip shell extension 'dsv' for command environment
[0.566s] INFO:colcon.colcon_ros.task.ament_cmake.build:Building ROS package in '/home/gordonc/alpha_test/src/alpha/alpha_description' with build type 'ament_cmake'
[0.567s] INFO:colcon.colcon_cmake.task.cmake.build:Building CMake package in '/home/gordonc/alpha_test/src/alpha/alpha_description'
[0.567s] INFO:colcon.colcon_core.shell:Skip shell extension 'powershell' for command environment: Not usable outside of PowerShell
[0.567s] DEBUG:colcon.colcon_core.shell:Skip shell extension 'dsv' for command environment
[0.583s] INFO:colcon.colcon_ros.task.ament_cmake.build:Building ROS package in '/home/gordonc/alpha_test/src/alpha/alpha_moveit' with build type 'ament_cmake'
[0.584s] INFO:colcon.colcon_cmake.task.cmake.build:Building CMake package in '/home/gordonc/alpha_test/src/alpha/alpha_moveit'
[0.584s] INFO:colcon.colcon_core.shell:Skip shell extension 'powershell' for command environment: Not usable outside of PowerShell
[0.584s] DEBUG:colcon.colcon_core.shell:Skip shell extension 'dsv' for command environment
[0.609s] DEBUG:colcon.colcon_core.event_handler.log_command:Invoking command in '/home/gordonc/alpha_test/build/alpha_driver': CMAKE_PREFIX_PATH=${CMAKE_PREFIX_PATH}:/home/gordonc/colcon_ws/install/blue_manager:/home/gordonc/colcon_ws/install/blue_localization:/home/gordonc/colcon_ws/install/blue_joy:/opt/ros/humble /usr/bin/cmake --build /home/gordonc/alpha_test/build/alpha_driver -- -j8 -l8
[0.625s] DEBUG:colcon.colcon_core.event_handler.log_command:Invoking command in '/home/gordonc/alpha_test/build/alpha_description': CMAKE_PREFIX_PATH=${CMAKE_PREFIX_PATH}:/home/gordonc/colcon_ws/install/blue_manager:/home/gordonc/colcon_ws/install/blue_localization:/home/gordonc/colcon_ws/install/blue_joy:/opt/ros/humble /usr/bin/cmake --build /home/gordonc/alpha_test/build/alpha_description -- -j8 -l8
[0.635s] DEBUG:colcon.colcon_core.event_handler.log_command:Invoking command in '/home/gordonc/alpha_test/build/alpha_moveit': CMAKE_PREFIX_PATH=${CMAKE_PREFIX_PATH}:/home/gordonc/colcon_ws/install/blue_manager:/home/gordonc/colcon_ws/install/blue_localization:/home/gordonc/colcon_ws/install/blue_joy:/opt/ros/humble /usr/bin/cmake --build /home/gordonc/alpha_test/build/alpha_moveit -- -j8 -l8
[0.724s] DEBUG:colcon.colcon_core.event_handler.log_command:Invoked command in '/home/gordonc/alpha_test/build/alpha_description' returned '0': CMAKE_PREFIX_PATH=${CMAKE_PREFIX_PATH}:/home/gordonc/colcon_ws/install/blue_manager:/home/gordonc/colcon_ws/install/blue_localization:/home/gordonc/colcon_ws/install/blue_joy:/opt/ros/humble /usr/bin/cmake --build /home/gordonc/alpha_test/build/alpha_description -- -j8 -l8
[0.830s] DEBUG:colcon.colcon_core.event_handler.log_command:Invoking command in '/home/gordonc/alpha_test/build/alpha_description': CMAKE_PREFIX_PATH=${CMAKE_PREFIX_PATH}:/home/gordonc/colcon_ws/install/blue_manager:/home/gordonc/colcon_ws/install/blue_localization:/home/gordonc/colcon_ws/install/blue_joy:/opt/ros/humble /usr/bin/cmake --install /home/gordonc/alpha_test/build/alpha_description
[0.868s] Level 1:colcon.colcon_core.environment:create_environment_scripts_only(alpha_description)
[0.886s] Level 1:colcon.colcon_core.environment:checking '/home/gordonc/alpha_test/install/alpha_description' for CMake module files
[0.889s] DEBUG:colcon.colcon_core.event_handler.log_command:Invoked command in '/home/gordonc/alpha_test/build/alpha_description' returned '0': CMAKE_PREFIX_PATH=${CMAKE_PREFIX_PATH}:/home/gordonc/colcon_ws/install/blue_manager:/home/gordonc/colcon_ws/install/blue_localization:/home/gordonc/colcon_ws/install/blue_joy:/opt/ros/humble /usr/bin/cmake --install /home/gordonc/alpha_test/build/alpha_description
[0.891s] Level 1:colcon.colcon_core.environment:checking '/home/gordonc/alpha_test/install/alpha_description' for CMake config files
[0.892s] Level 1:colcon.colcon_core.shell:create_environment_hook('alpha_description', 'cmake_prefix_path')
[0.893s] INFO:colcon.colcon_core.shell:Creating environment hook '/home/gordonc/alpha_test/install/alpha_description/share/alpha_description/hook/cmake_prefix_path.ps1'
[0.894s] INFO:colcon.colcon_core.shell:Creating environment descriptor '/home/gordonc/alpha_test/install/alpha_description/share/alpha_description/hook/cmake_prefix_path.dsv'
[0.895s] INFO:colcon.colcon_core.shell:Creating environment hook '/home/gordonc/alpha_test/install/alpha_description/share/alpha_description/hook/cmake_prefix_path.sh'
[0.896s] Level 1:colcon.colcon_core.environment:checking '/home/gordonc/alpha_test/install/alpha_description/bin'
[0.897s] Level 1:colcon.colcon_core.environment:checking '/home/gordonc/alpha_test/install/alpha_description/lib/pkgconfig/alpha_description.pc'
[0.897s] Level 1:colcon.colcon_core.environment:checking '/home/gordonc/alpha_test/install/alpha_description/lib/python3.10/site-packages'
[0.898s] Level 1:colcon.colcon_core.environment:checking '/home/gordonc/alpha_test/install/alpha_description/bin'
[0.899s] INFO:colcon.colcon_core.shell:Creating package script '/home/gordonc/alpha_test/install/alpha_description/share/alpha_description/package.ps1'
[0.901s] INFO:colcon.colcon_core.shell:Creating package descriptor '/home/gordonc/alpha_test/install/alpha_description/share/alpha_description/package.dsv'
[0.903s] INFO:colcon.colcon_core.shell:Creating package script '/home/gordonc/alpha_test/install/alpha_description/share/alpha_description/package.sh'
[0.905s] INFO:colcon.colcon_core.shell:Creating package script '/home/gordonc/alpha_test/install/alpha_description/share/alpha_description/package.bash'
[0.907s] INFO:colcon.colcon_core.shell:Creating package script '/home/gordonc/alpha_test/install/alpha_description/share/alpha_description/package.zsh'
[0.909s] Level 1:colcon.colcon_core.environment:create_file_with_runtime_dependencies(/home/gordonc/alpha_test/install/alpha_description/share/colcon-core/packages/alpha_description)
[0.913s] DEBUG:colcon.colcon_core.event_handler.log_command:Invoked command in '/home/gordonc/alpha_test/build/alpha_driver' returned '0': CMAKE_PREFIX_PATH=${CMAKE_PREFIX_PATH}:/home/gordonc/colcon_ws/install/blue_manager:/home/gordonc/colcon_ws/install/blue_localization:/home/gordonc/colcon_ws/install/blue_joy:/opt/ros/humble /usr/bin/cmake --build /home/gordonc/alpha_test/build/alpha_driver -- -j8 -l8
[0.976s] Level 1:colcon.colcon_core.environment:create_environment_scripts_only(alpha_description)
[0.976s] Level 1:colcon.colcon_core.environment:checking '/home/gordonc/alpha_test/install/alpha_description' for CMake module files
[0.978s] Level 1:colcon.colcon_core.environment:checking '/home/gordonc/alpha_test/install/alpha_description' for CMake config files
[0.978s] Level 1:colcon.colcon_core.shell:create_environment_hook('alpha_description', 'cmake_prefix_path')
[0.979s] INFO:colcon.colcon_core.shell:Creating environment hook '/home/gordonc/alpha_test/install/alpha_description/share/alpha_description/hook/cmake_prefix_path.ps1'
[0.979s] INFO:colcon.colcon_core.shell:Creating environment descriptor '/home/gordonc/alpha_test/install/alpha_description/share/alpha_description/hook/cmake_prefix_path.dsv'
[0.980s] INFO:colcon.colcon_core.shell:Creating environment hook '/home/gordonc/alpha_test/install/alpha_description/share/alpha_description/hook/cmake_prefix_path.sh'
[0.981s] Level 1:colcon.colcon_core.environment:checking '/home/gordonc/alpha_test/install/alpha_description/bin'
[0.981s] Level 1:colcon.colcon_core.environment:checking '/home/gordonc/alpha_test/install/alpha_description/lib/pkgconfig/alpha_description.pc'
[0.981s] Level 1:colcon.colcon_core.environment:checking '/home/gordonc/alpha_test/install/alpha_description/lib/python3.10/site-packages'
[0.982s] Level 1:colcon.colcon_core.environment:checking '/home/gordonc/alpha_test/install/alpha_description/bin'
[0.983s] INFO:colcon.colcon_core.shell:Creating package script '/home/gordonc/alpha_test/install/alpha_description/share/alpha_description/package.ps1'
[0.984s] INFO:colcon.colcon_core.shell:Creating package descriptor '/home/gordonc/alpha_test/install/alpha_description/share/alpha_description/package.dsv'
[0.985s] INFO:colcon.colcon_core.shell:Creating package script '/home/gordonc/alpha_test/install/alpha_description/share/alpha_description/package.sh'
[0.986s] INFO:colcon.colcon_core.shell:Creating package script '/home/gordonc/alpha_test/install/alpha_description/share/alpha_description/package.bash'
[0.987s] INFO:colcon.colcon_core.shell:Creating package script '/home/gordonc/alpha_test/install/alpha_description/share/alpha_description/package.zsh'
[0.988s] Level 1:colcon.colcon_core.environment:create_file_with_runtime_dependencies(/home/gordonc/alpha_test/install/alpha_description/share/colcon-core/packages/alpha_description)
[1.068s] DEBUG:colcon.colcon_core.event_handler.log_command:Invoking command in '/home/gordonc/alpha_test/build/alpha_driver': CMAKE_PREFIX_PATH=${CMAKE_PREFIX_PATH}:/home/gordonc/colcon_ws/install/blue_manager:/home/gordonc/colcon_ws/install/blue_localization:/home/gordonc/colcon_ws/install/blue_joy:/opt/ros/humble /usr/bin/cmake --install /home/gordonc/alpha_test/build/alpha_driver
[1.094s] Level 1:colcon.colcon_core.environment:create_environment_scripts_only(alpha_driver)
[1.096s] Level 1:colcon.colcon_core.environment:checking '/home/gordonc/alpha_test/install/alpha_driver' for CMake module files
[1.097s] DEBUG:colcon.colcon_core.event_handler.log_command:Invoked command in '/home/gordonc/alpha_test/build/alpha_driver' returned '0': CMAKE_PREFIX_PATH=${CMAKE_PREFIX_PATH}:/home/gordonc/colcon_ws/install/blue_manager:/home/gordonc/colcon_ws/install/blue_localization:/home/gordonc/colcon_ws/install/blue_joy:/opt/ros/humble /usr/bin/cmake --install /home/gordonc/alpha_test/build/alpha_driver
[1.098s] Level 1:colcon.colcon_core.environment:checking '/home/gordonc/alpha_test/install/alpha_driver' for CMake config files
[1.099s] Level 1:colcon.colcon_core.shell:create_environment_hook('alpha_driver', 'cmake_prefix_path')
[1.099s] INFO:colcon.colcon_core.shell:Creating environment hook '/home/gordonc/alpha_test/install/alpha_driver/share/alpha_driver/hook/cmake_prefix_path.ps1'
[1.100s] INFO:colcon.colcon_core.shell:Creating environment descriptor '/home/gordonc/alpha_test/install/alpha_driver/share/alpha_driver/hook/cmake_prefix_path.dsv'
[1.101s] INFO:colcon.colcon_core.shell:Creating environment hook '/home/gordonc/alpha_test/install/alpha_driver/share/alpha_driver/hook/cmake_prefix_path.sh'
[1.102s] Level 1:colcon.colcon_core.environment:checking '/home/gordonc/alpha_test/install/alpha_driver/lib'
[1.102s] Level 1:colcon.colcon_core.shell:create_environment_hook('alpha_driver', 'ld_library_path_lib')
[1.103s] INFO:colcon.colcon_core.shell:Creating environment hook '/home/gordonc/alpha_test/install/alpha_driver/share/alpha_driver/hook/ld_library_path_lib.ps1'
[1.103s] INFO:colcon.colcon_core.shell:Creating environment descriptor '/home/gordonc/alpha_test/install/alpha_driver/share/alpha_driver/hook/ld_library_path_lib.dsv'
[1.104s] INFO:colcon.colcon_core.shell:Creating environment hook '/home/gordonc/alpha_test/install/alpha_driver/share/alpha_driver/hook/ld_library_path_lib.sh'
[1.105s] Level 1:colcon.colcon_core.environment:checking '/home/gordonc/alpha_test/install/alpha_driver/bin'
[1.105s] Level 1:colcon.colcon_core.environment:checking '/home/gordonc/alpha_test/install/alpha_driver/lib/pkgconfig/alpha_driver.pc'
[1.105s] Level 1:colcon.colcon_core.environment:checking '/home/gordonc/alpha_test/install/alpha_driver/lib/python3.10/site-packages'
[1.105s] Level 1:colcon.colcon_core.environment:checking '/home/gordonc/alpha_test/install/alpha_driver/bin'
[1.106s] INFO:colcon.colcon_core.shell:Creating package script '/home/gordonc/alpha_test/install/alpha_driver/share/alpha_driver/package.ps1'
[1.107s] INFO:colcon.colcon_core.shell:Creating package descriptor '/home/gordonc/alpha_test/install/alpha_driver/share/alpha_driver/package.dsv'
[1.108s] INFO:colcon.colcon_core.shell:Creating package script '/home/gordonc/alpha_test/install/alpha_driver/share/alpha_driver/package.sh'
[1.108s] INFO:colcon.colcon_core.shell:Creating package script '/home/gordonc/alpha_test/install/alpha_driver/share/alpha_driver/package.bash'
[1.109s] INFO:colcon.colcon_core.shell:Creating package script '/home/gordonc/alpha_test/install/alpha_driver/share/alpha_driver/package.zsh'
[1.109s] Level 1:colcon.colcon_core.environment:create_file_with_runtime_dependencies(/home/gordonc/alpha_test/install/alpha_driver/share/colcon-core/packages/alpha_driver)
[1.251s] Level 1:colcon.colcon_core.environment:create_environment_scripts_only(alpha_driver)
[1.252s] Level 1:colcon.colcon_core.environment:checking '/home/gordonc/alpha_test/install/alpha_driver' for CMake module files
[1.253s] Level 1:colcon.colcon_core.environment:checking '/home/gordonc/alpha_test/install/alpha_driver' for CMake config files
[1.254s] Level 1:colcon.colcon_core.shell:create_environment_hook('alpha_driver', 'cmake_prefix_path')
[1.254s] INFO:colcon.colcon_core.shell:Creating environment hook '/home/gordonc/alpha_test/install/alpha_driver/share/alpha_driver/hook/cmake_prefix_path.ps1'
[1.255s] INFO:colcon.colcon_core.shell:Creating environment descriptor '/home/gordonc/alpha_test/install/alpha_driver/share/alpha_driver/hook/cmake_prefix_path.dsv'
[1.256s] INFO:colcon.colcon_core.shell:Creating environment hook '/home/gordonc/alpha_test/install/alpha_driver/share/alpha_driver/hook/cmake_prefix_path.sh'
[1.257s] Level 1:colcon.colcon_core.environment:checking '/home/gordonc/alpha_test/install/alpha_driver/lib'
[1.257s] Level 1:colcon.colcon_core.shell:create_environment_hook('alpha_driver', 'ld_library_path_lib')
[1.258s] INFO:colcon.colcon_core.shell:Creating environment hook '/home/gordonc/alpha_test/install/alpha_driver/share/alpha_driver/hook/ld_library_path_lib.ps1'
[1.258s] INFO:colcon.colcon_core.shell:Creating environment descriptor '/home/gordonc/alpha_test/install/alpha_driver/share/alpha_driver/hook/ld_library_path_lib.dsv'
[1.259s] INFO:colcon.colcon_core.shell:Creating environment hook '/home/gordonc/alpha_test/install/alpha_driver/share/alpha_driver/hook/ld_library_path_lib.sh'
[1.260s] Level 1:colcon.colcon_core.environment:checking '/home/gordonc/alpha_test/install/alpha_driver/bin'
[1.260s] Level 1:colcon.colcon_core.environment:checking '/home/gordonc/alpha_test/install/alpha_driver/lib/pkgconfig/alpha_driver.pc'
[1.261s] Level 1:colcon.colcon_core.environment:checking '/home/gordonc/alpha_test/install/alpha_driver/lib/python3.10/site-packages'
[1.261s] Level 1:colcon.colcon_core.environment:checking '/home/gordonc/alpha_test/install/alpha_driver/bin'
[1.262s] INFO:colcon.colcon_core.shell:Creating package script '/home/gordonc/alpha_test/install/alpha_driver/share/alpha_driver/package.ps1'
[1.263s] INFO:colcon.colcon_core.shell:Creating package descriptor '/home/gordonc/alpha_test/install/alpha_driver/share/alpha_driver/package.dsv'
[1.264s] INFO:colcon.colcon_core.shell:Creating package script '/home/gordonc/alpha_test/install/alpha_driver/share/alpha_driver/package.sh'
[1.265s] INFO:colcon.colcon_core.shell:Creating package script '/home/gordonc/alpha_test/install/alpha_driver/share/alpha_driver/package.bash'
[1.266s] INFO:colcon.colcon_core.shell:Creating package script '/home/gordonc/alpha_test/install/alpha_driver/share/alpha_driver/package.zsh'
[1.267s] Level 1:colcon.colcon_core.environment:create_file_with_runtime_dependencies(/home/gordonc/alpha_test/install/alpha_driver/share/colcon-core/packages/alpha_driver)
[1.268s] INFO:colcon.colcon_ros.task.ament_cmake.build:Building ROS package in '/home/gordonc/alpha_test/src/alpha/alpha_hardware' with build type 'ament_cmake'
[1.268s] INFO:colcon.colcon_cmake.task.cmake.build:Building CMake package in '/home/gordonc/alpha_test/src/alpha/alpha_hardware'
[1.268s] INFO:colcon.colcon_core.shell:Skip shell extension 'powershell' for command environment: Not usable outside of PowerShell
[1.269s] DEBUG:colcon.colcon_core.shell:Skip shell extension 'dsv' for command environment
[1.308s] DEBUG:colcon.colcon_core.event_handler.log_command:Invoking command in '/home/gordonc/alpha_test/build/alpha_hardware': CMAKE_PREFIX_PATH=/home/gordonc/alpha_test/install/alpha_driver:/home/gordonc/alpha_test/install/ros_ign_interfaces:/home/gordonc/alpha_test/install/ros_ign_gazebo:/home/gordonc/alpha_test/install/ros_gz_sim:/home/gordonc/alpha_test/install/ros_gz_interfaces:/home/gordonc/alpha_test/install/ros2_shared:/home/gordonc/alpha_test/install/alpha_moveit:/home/gordonc/alpha_test/install/alpha_bringup:/home/gordonc/alpha_test/install/alpha_hardware:/home/gordonc/alpha_test/install/alpha_description:/home/gordonc/colcon_ws/install/test_ros_gz_bridge:/home/gordonc/colcon_ws/install/ros_ign_interfaces:/home/gordonc/colcon_ws/install/ros_ign:/home/gordonc/colcon_ws/install/ros_ign_image:/home/gordonc/colcon_ws/install/ros_ign_gazebo_demos:/home/gordonc/colcon_ws/install/ros_ign_gazebo:/home/gordonc/colcon_ws/install/ros_ign_bridge:/home/gordonc/colcon_ws/install/ros_gz:/home/gordonc/colcon_ws/install/ros_gz_sim_demos:/home/gordonc/colcon_ws/install/ros_gz_sim:/home/gordonc/colcon_ws/install/ros_gz_image:/home/gordonc/colcon_ws/install/ros_gz_bridge:/home/gordonc/colcon_ws/install/ros_gz_interfaces:/home/gordonc/colcon_ws/install/orca_nav2:/home/gordonc/colcon_ws/install/orca_base:/home/gordonc/colcon_ws/install/orca_shared:/home/gordonc/colcon_ws/install/ros2_shared:/home/gordonc/colcon_ws/install/orca_msgs:/home/gordonc/colcon_ws/install/orca_description:/home/gordonc/colcon_ws/install/orca_bringup:/home/gordonc/colcon_ws/install/orb_slam2_ros:/home/gordonc/colcon_ws/install/bluerov2_ignition:/home/gordonc/colcon_ws/install/blue_control:/home/gordonc/colcon_ws/install/blue_dynamics:/home/gordonc/colcon_ws/install/blue_utils:/home/gordonc/colcon_ws/install/blue_description:/home/gordonc/colcon_ws/install/blue_bringup:/home/gordonc/colcon_ws/install/ardupilot_gazebo:/home/gordonc/colcon_ws/install/alpha_bringup:/home/gordonc/colcon_ws/install/alpha_hardware:/home/gordonc/colcon_ws/install/alpha_driver:/home/gordonc/colcon_ws/install/alpha_description:/home/gordonc/colcon_ws/install/blue_manager:/home/gordonc/colcon_ws/install/blue_localization:/home/gordonc/colcon_ws/install/blue_joy:/opt/ros/humble LD_LIBRARY_PATH=/home/gordonc/alpha_test/install/alpha_driver/lib:/home/gordonc/alpha_test/install/ros_ign_interfaces/lib:/home/gordonc/alpha_test/install/ros_gz_sim/lib:/home/gordonc/alpha_test/install/ros_gz_interfaces/lib:/home/gordonc/alpha_test/install/alpha_hardware/lib:/home/gordonc/colcon_ws/install/ros_ign_interfaces/lib:/home/gordonc/colcon_ws/install/ros_gz_sim/lib:/home/gordonc/colcon_ws/install/ros_gz_bridge/lib:/home/gordonc/colcon_ws/install/ros_gz_interfaces/lib:/home/gordonc/colcon_ws/install/orca_nav2/lib:/home/gordonc/colcon_ws/install/orca_shared/lib:/home/gordonc/colcon_ws/install/orca_msgs/lib:/home/gordonc/colcon_ws/install/orb_slam2_ros/lib:/home/gordonc/colcon_ws/install/blue_dynamics/lib:/home/gordonc/colcon_ws/install/alpha_hardware/lib:/home/gordonc/colcon_ws/install/alpha_driver/lib:/opt/ros/humble/opt/rviz_ogre_vendor/lib:/opt/ros/humble/lib/x86_64-linux-gnu:/opt/ros/humble/lib /usr/bin/cmake --build /home/gordonc/alpha_test/build/alpha_hardware -- -j8 -l8
[1.479s] DEBUG:colcon.colcon_core.event_handler.log_command:Invoked command in '/home/gordonc/alpha_test/build/alpha_hardware' returned '0': CMAKE_PREFIX_PATH=/home/gordonc/alpha_test/install/alpha_driver:/home/gordonc/alpha_test/install/ros_ign_interfaces:/home/gordonc/alpha_test/install/ros_ign_gazebo:/home/gordonc/alpha_test/install/ros_gz_sim:/home/gordonc/alpha_test/install/ros_gz_interfaces:/home/gordonc/alpha_test/install/ros2_shared:/home/gordonc/alpha_test/install/alpha_moveit:/home/gordonc/alpha_test/install/alpha_bringup:/home/gordonc/alpha_test/install/alpha_hardware:/home/gordonc/alpha_test/install/alpha_description:/home/gordonc/colcon_ws/install/test_ros_gz_bridge:/home/gordonc/colcon_ws/install/ros_ign_interfaces:/home/gordonc/colcon_ws/install/ros_ign:/home/gordonc/colcon_ws/install/ros_ign_image:/home/gordonc/colcon_ws/install/ros_ign_gazebo_demos:/home/gordonc/colcon_ws/install/ros_ign_gazebo:/home/gordonc/colcon_ws/install/ros_ign_bridge:/home/gordonc/colcon_ws/install/ros_gz:/home/gordonc/colcon_ws/install/ros_gz_sim_demos:/home/gordonc/colcon_ws/install/ros_gz_sim:/home/gordonc/colcon_ws/install/ros_gz_image:/home/gordonc/colcon_ws/install/ros_gz_bridge:/home/gordonc/colcon_ws/install/ros_gz_interfaces:/home/gordonc/colcon_ws/install/orca_nav2:/home/gordonc/colcon_ws/install/orca_base:/home/gordonc/colcon_ws/install/orca_shared:/home/gordonc/colcon_ws/install/ros2_shared:/home/gordonc/colcon_ws/install/orca_msgs:/home/gordonc/colcon_ws/install/orca_description:/home/gordonc/colcon_ws/install/orca_bringup:/home/gordonc/colcon_ws/install/orb_slam2_ros:/home/gordonc/colcon_ws/install/bluerov2_ignition:/home/gordonc/colcon_ws/install/blue_control:/home/gordonc/colcon_ws/install/blue_dynamics:/home/gordonc/colcon_ws/install/blue_utils:/home/gordonc/colcon_ws/install/blue_description:/home/gordonc/colcon_ws/install/blue_bringup:/home/gordonc/colcon_ws/install/ardupilot_gazebo:/home/gordonc/colcon_ws/install/alpha_bringup:/home/gordonc/colcon_ws/install/alpha_hardware:/home/gordonc/colcon_ws/install/alpha_driver:/home/gordonc/colcon_ws/install/alpha_description:/home/gordonc/colcon_ws/install/blue_manager:/home/gordonc/colcon_ws/install/blue_localization:/home/gordonc/colcon_ws/install/blue_joy:/opt/ros/humble LD_LIBRARY_PATH=/home/gordonc/alpha_test/install/alpha_driver/lib:/home/gordonc/alpha_test/install/ros_ign_interfaces/lib:/home/gordonc/alpha_test/install/ros_gz_sim/lib:/home/gordonc/alpha_test/install/ros_gz_interfaces/lib:/home/gordonc/alpha_test/install/alpha_hardware/lib:/home/gordonc/colcon_ws/install/ros_ign_interfaces/lib:/home/gordonc/colcon_ws/install/ros_gz_sim/lib:/home/gordonc/colcon_ws/install/ros_gz_bridge/lib:/home/gordonc/colcon_ws/install/ros_gz_interfaces/lib:/home/gordonc/colcon_ws/install/orca_nav2/lib:/home/gordonc/colcon_ws/install/orca_shared/lib:/home/gordonc/colcon_ws/install/orca_msgs/lib:/home/gordonc/colcon_ws/install/orb_slam2_ros/lib:/home/gordonc/colcon_ws/install/blue_dynamics/lib:/home/gordonc/colcon_ws/install/alpha_hardware/lib:/home/gordonc/colcon_ws/install/alpha_driver/lib:/opt/ros/humble/opt/rviz_ogre_vendor/lib:/opt/ros/humble/lib/x86_64-linux-gnu:/opt/ros/humble/lib /usr/bin/cmake --build /home/gordonc/alpha_test/build/alpha_hardware -- -j8 -l8
[1.553s] DEBUG:colcon.colcon_core.event_handler.log_command:Invoking command in '/home/gordonc/alpha_test/build/alpha_hardware': CMAKE_PREFIX_PATH=/home/gordonc/alpha_test/install/alpha_driver:/home/gordonc/alpha_test/install/ros_ign_interfaces:/home/gordonc/alpha_test/install/ros_ign_gazebo:/home/gordonc/alpha_test/install/ros_gz_sim:/home/gordonc/alpha_test/install/ros_gz_interfaces:/home/gordonc/alpha_test/install/ros2_shared:/home/gordonc/alpha_test/install/alpha_moveit:/home/gordonc/alpha_test/install/alpha_bringup:/home/gordonc/alpha_test/install/alpha_hardware:/home/gordonc/alpha_test/install/alpha_description:/home/gordonc/colcon_ws/install/test_ros_gz_bridge:/home/gordonc/colcon_ws/install/ros_ign_interfaces:/home/gordonc/colcon_ws/install/ros_ign:/home/gordonc/colcon_ws/install/ros_ign_image:/home/gordonc/colcon_ws/install/ros_ign_gazebo_demos:/home/gordonc/colcon_ws/install/ros_ign_gazebo:/home/gordonc/colcon_ws/install/ros_ign_bridge:/home/gordonc/colcon_ws/install/ros_gz:/home/gordonc/colcon_ws/install/ros_gz_sim_demos:/home/gordonc/colcon_ws/install/ros_gz_sim:/home/gordonc/colcon_ws/install/ros_gz_image:/home/gordonc/colcon_ws/install/ros_gz_bridge:/home/gordonc/colcon_ws/install/ros_gz_interfaces:/home/gordonc/colcon_ws/install/orca_nav2:/home/gordonc/colcon_ws/install/orca_base:/home/gordonc/colcon_ws/install/orca_shared:/home/gordonc/colcon_ws/install/ros2_shared:/home/gordonc/colcon_ws/install/orca_msgs:/home/gordonc/colcon_ws/install/orca_description:/home/gordonc/colcon_ws/install/orca_bringup:/home/gordonc/colcon_ws/install/orb_slam2_ros:/home/gordonc/colcon_ws/install/bluerov2_ignition:/home/gordonc/colcon_ws/install/blue_control:/home/gordonc/colcon_ws/install/blue_dynamics:/home/gordonc/colcon_ws/install/blue_utils:/home/gordonc/colcon_ws/install/blue_description:/home/gordonc/colcon_ws/install/blue_bringup:/home/gordonc/colcon_ws/install/ardupilot_gazebo:/home/gordonc/colcon_ws/install/alpha_bringup:/home/gordonc/colcon_ws/install/alpha_hardware:/home/gordonc/colcon_ws/install/alpha_driver:/home/gordonc/colcon_ws/install/alpha_description:/home/gordonc/colcon_ws/install/blue_manager:/home/gordonc/colcon_ws/install/blue_localization:/home/gordonc/colcon_ws/install/blue_joy:/opt/ros/humble LD_LIBRARY_PATH=/home/gordonc/alpha_test/install/alpha_driver/lib:/home/gordonc/alpha_test/install/ros_ign_interfaces/lib:/home/gordonc/alpha_test/install/ros_gz_sim/lib:/home/gordonc/alpha_test/install/ros_gz_interfaces/lib:/home/gordonc/alpha_test/install/alpha_hardware/lib:/home/gordonc/colcon_ws/install/ros_ign_interfaces/lib:/home/gordonc/colcon_ws/install/ros_gz_sim/lib:/home/gordonc/colcon_ws/install/ros_gz_bridge/lib:/home/gordonc/colcon_ws/install/ros_gz_interfaces/lib:/home/gordonc/colcon_ws/install/orca_nav2/lib:/home/gordonc/colcon_ws/install/orca_shared/lib:/home/gordonc/colcon_ws/install/orca_msgs/lib:/home/gordonc/colcon_ws/install/orb_slam2_ros/lib:/home/gordonc/colcon_ws/install/blue_dynamics/lib:/home/gordonc/colcon_ws/install/alpha_hardware/lib:/home/gordonc/colcon_ws/install/alpha_driver/lib:/opt/ros/humble/opt/rviz_ogre_vendor/lib:/opt/ros/humble/lib/x86_64-linux-gnu:/opt/ros/humble/lib /usr/bin/cmake --install /home/gordonc/alpha_test/build/alpha_hardware
[1.584s] Level 1:colcon.colcon_core.environment:create_environment_scripts_only(alpha_hardware)
[1.584s] Level 1:colcon.colcon_core.environment:checking '/home/gordonc/alpha_test/install/alpha_hardware' for CMake module files
[1.587s] DEBUG:colcon.colcon_core.event_handler.log_command:Invoked command in '/home/gordonc/alpha_test/build/alpha_hardware' returned '0': CMAKE_PREFIX_PATH=/home/gordonc/alpha_test/install/alpha_driver:/home/gordonc/alpha_test/install/ros_ign_interfaces:/home/gordonc/alpha_test/install/ros_ign_gazebo:/home/gordonc/alpha_test/install/ros_gz_sim:/home/gordonc/alpha_test/install/ros_gz_interfaces:/home/gordonc/alpha_test/install/ros2_shared:/home/gordonc/alpha_test/install/alpha_moveit:/home/gordonc/alpha_test/install/alpha_bringup:/home/gordonc/alpha_test/install/alpha_hardware:/home/gordonc/alpha_test/install/alpha_description:/home/gordonc/colcon_ws/install/test_ros_gz_bridge:/home/gordonc/colcon_ws/install/ros_ign_interfaces:/home/gordonc/colcon_ws/install/ros_ign:/home/gordonc/colcon_ws/install/ros_ign_image:/home/gordonc/colcon_ws/install/ros_ign_gazebo_demos:/home/gordonc/colcon_ws/install/ros_ign_gazebo:/home/gordonc/colcon_ws/install/ros_ign_bridge:/home/gordonc/colcon_ws/install/ros_gz:/home/gordonc/colcon_ws/install/ros_gz_sim_demos:/home/gordonc/colcon_ws/install/ros_gz_sim:/home/gordonc/colcon_ws/install/ros_gz_image:/home/gordonc/colcon_ws/install/ros_gz_bridge:/home/gordonc/colcon_ws/install/ros_gz_interfaces:/home/gordonc/colcon_ws/install/orca_nav2:/home/gordonc/colcon_ws/install/orca_base:/home/gordonc/colcon_ws/install/orca_shared:/home/gordonc/colcon_ws/install/ros2_shared:/home/gordonc/colcon_ws/install/orca_msgs:/home/gordonc/colcon_ws/install/orca_description:/home/gordonc/colcon_ws/install/orca_bringup:/home/gordonc/colcon_ws/install/orb_slam2_ros:/home/gordonc/colcon_ws/install/bluerov2_ignition:/home/gordonc/colcon_ws/install/blue_control:/home/gordonc/colcon_ws/install/blue_dynamics:/home/gordonc/colcon_ws/install/blue_utils:/home/gordonc/colcon_ws/install/blue_description:/home/gordonc/colcon_ws/install/blue_bringup:/home/gordonc/colcon_ws/install/ardupilot_gazebo:/home/gordonc/colcon_ws/install/alpha_bringup:/home/gordonc/colcon_ws/install/alpha_hardware:/home/gordonc/colcon_ws/install/alpha_driver:/home/gordonc/colcon_ws/install/alpha_description:/home/gordonc/colcon_ws/install/blue_manager:/home/gordonc/colcon_ws/install/blue_localization:/home/gordonc/colcon_ws/install/blue_joy:/opt/ros/humble LD_LIBRARY_PATH=/home/gordonc/alpha_test/install/alpha_driver/lib:/home/gordonc/alpha_test/install/ros_ign_interfaces/lib:/home/gordonc/alpha_test/install/ros_gz_sim/lib:/home/gordonc/alpha_test/install/ros_gz_interfaces/lib:/home/gordonc/alpha_test/install/alpha_hardware/lib:/home/gordonc/colcon_ws/install/ros_ign_interfaces/lib:/home/gordonc/colcon_ws/install/ros_gz_sim/lib:/home/gordonc/colcon_ws/install/ros_gz_bridge/lib:/home/gordonc/colcon_ws/install/ros_gz_interfaces/lib:/home/gordonc/colcon_ws/install/orca_nav2/lib:/home/gordonc/colcon_ws/install/orca_shared/lib:/home/gordonc/colcon_ws/install/orca_msgs/lib:/home/gordonc/colcon_ws/install/orb_slam2_ros/lib:/home/gordonc/colcon_ws/install/blue_dynamics/lib:/home/gordonc/colcon_ws/install/alpha_hardware/lib:/home/gordonc/colcon_ws/install/alpha_driver/lib:/opt/ros/humble/opt/rviz_ogre_vendor/lib:/opt/ros/humble/lib/x86_64-linux-gnu:/opt/ros/humble/lib /usr/bin/cmake --install /home/gordonc/alpha_test/build/alpha_hardware
[1.587s] Level 1:colcon.colcon_core.environment:checking '/home/gordonc/alpha_test/install/alpha_hardware' for CMake config files
[1.588s] Level 1:colcon.colcon_core.shell:create_environment_hook('alpha_hardware', 'cmake_prefix_path')
[1.589s] INFO:colcon.colcon_core.shell:Creating environment hook '/home/gordonc/alpha_test/install/alpha_hardware/share/alpha_hardware/hook/cmake_prefix_path.ps1'
[1.590s] INFO:colcon.colcon_core.shell:Creating environment descriptor '/home/gordonc/alpha_test/install/alpha_hardware/share/alpha_hardware/hook/cmake_prefix_path.dsv'
[1.590s] INFO:colcon.colcon_core.shell:Creating environment hook '/home/gordonc/alpha_test/install/alpha_hardware/share/alpha_hardware/hook/cmake_prefix_path.sh'
[1.591s] Level 1:colcon.colcon_core.environment:checking '/home/gordonc/alpha_test/install/alpha_hardware/lib'
[1.591s] Level 1:colcon.colcon_core.shell:create_environment_hook('alpha_hardware', 'ld_library_path_lib')
[1.592s] INFO:colcon.colcon_core.shell:Creating environment hook '/home/gordonc/alpha_test/install/alpha_hardware/share/alpha_hardware/hook/ld_library_path_lib.ps1'
[1.592s] INFO:colcon.colcon_core.shell:Creating environment descriptor '/home/gordonc/alpha_test/install/alpha_hardware/share/alpha_hardware/hook/ld_library_path_lib.dsv'
[1.593s] INFO:colcon.colcon_core.shell:Creating environment hook '/home/gordonc/alpha_test/install/alpha_hardware/share/alpha_hardware/hook/ld_library_path_lib.sh'
[1.594s] Level 1:colcon.colcon_core.environment:checking '/home/gordonc/alpha_test/install/alpha_hardware/bin'
[1.594s] Level 1:colcon.colcon_core.environment:checking '/home/gordonc/alpha_test/install/alpha_hardware/lib/pkgconfig/alpha_hardware.pc'
[1.594s] Level 1:colcon.colcon_core.environment:checking '/home/gordonc/alpha_test/install/alpha_hardware/lib/python3.10/site-packages'
[1.595s] Level 1:colcon.colcon_core.environment:checking '/home/gordonc/alpha_test/install/alpha_hardware/bin'
[1.596s] INFO:colcon.colcon_core.shell:Creating package script '/home/gordonc/alpha_test/install/alpha_hardware/share/alpha_hardware/package.ps1'
[1.597s] INFO:colcon.colcon_core.shell:Creating package descriptor '/home/gordonc/alpha_test/install/alpha_hardware/share/alpha_hardware/package.dsv'
[1.598s] INFO:colcon.colcon_core.shell:Creating package script '/home/gordonc/alpha_test/install/alpha_hardware/share/alpha_hardware/package.sh'
[1.599s] INFO:colcon.colcon_core.shell:Creating package script '/home/gordonc/alpha_test/install/alpha_hardware/share/alpha_hardware/package.bash'
[1.600s] INFO:colcon.colcon_core.shell:Creating package script '/home/gordonc/alpha_test/install/alpha_hardware/share/alpha_hardware/package.zsh'
[1.601s] Level 1:colcon.colcon_core.environment:create_file_with_runtime_dependencies(/home/gordonc/alpha_test/install/alpha_hardware/share/colcon-core/packages/alpha_hardware)
[1.673s] Level 1:colcon.colcon_core.environment:create_environment_scripts_only(alpha_hardware)
[1.674s] Level 1:colcon.colcon_core.environment:checking '/home/gordonc/alpha_test/install/alpha_hardware' for CMake module files
[1.675s] Level 1:colcon.colcon_core.environment:checking '/home/gordonc/alpha_test/install/alpha_hardware' for CMake config files
[1.675s] Level 1:colcon.colcon_core.shell:create_environment_hook('alpha_hardware', 'cmake_prefix_path')
[1.676s] INFO:colcon.colcon_core.shell:Creating environment hook '/home/gordonc/alpha_test/install/alpha_hardware/share/alpha_hardware/hook/cmake_prefix_path.ps1'
[1.677s] INFO:colcon.colcon_core.shell:Creating environment descriptor '/home/gordonc/alpha_test/install/alpha_hardware/share/alpha_hardware/hook/cmake_prefix_path.dsv'
[1.677s] INFO:colcon.colcon_core.shell:Creating environment hook '/home/gordonc/alpha_test/install/alpha_hardware/share/alpha_hardware/hook/cmake_prefix_path.sh'
[1.678s] Level 1:colcon.colcon_core.environment:checking '/home/gordonc/alpha_test/install/alpha_hardware/lib'
[1.678s] Level 1:colcon.colcon_core.shell:create_environment_hook('alpha_hardware', 'ld_library_path_lib')
[1.679s] INFO:colcon.colcon_core.shell:Creating environment hook '/home/gordonc/alpha_test/install/alpha_hardware/share/alpha_hardware/hook/ld_library_path_lib.ps1'
[1.680s] INFO:colcon.colcon_core.shell:Creating environment descriptor '/home/gordonc/alpha_test/install/alpha_hardware/share/alpha_hardware/hook/ld_library_path_lib.dsv'
[1.680s] INFO:colcon.colcon_core.shell:Creating environment hook '/home/gordonc/alpha_test/install/alpha_hardware/share/alpha_hardware/hook/ld_library_path_lib.sh'
[1.681s] Level 1:colcon.colcon_core.environment:checking '/home/gordonc/alpha_test/install/alpha_hardware/bin'
[1.681s] Level 1:colcon.colcon_core.environment:checking '/home/gordonc/alpha_test/install/alpha_hardware/lib/pkgconfig/alpha_hardware.pc'
[1.681s] Level 1:colcon.colcon_core.environment:checking '/home/gordonc/alpha_test/install/alpha_hardware/lib/python3.10/site-packages'
[1.682s] Level 1:colcon.colcon_core.environment:checking '/home/gordonc/alpha_test/install/alpha_hardware/bin'
[1.683s] INFO:colcon.colcon_core.shell:Creating package script '/home/gordonc/alpha_test/install/alpha_hardware/share/alpha_hardware/package.ps1'
[1.684s] INFO:colcon.colcon_core.shell:Creating package descriptor '/home/gordonc/alpha_test/install/alpha_hardware/share/alpha_hardware/package.dsv'
[1.686s] INFO:colcon.colcon_core.shell:Creating package script '/home/gordonc/alpha_test/install/alpha_hardware/share/alpha_hardware/package.sh'
[1.687s] INFO:colcon.colcon_core.shell:Creating package script '/home/gordonc/alpha_test/install/alpha_hardware/share/alpha_hardware/package.bash'
[1.687s] INFO:colcon.colcon_core.shell:Creating package script '/home/gordonc/alpha_test/install/alpha_hardware/share/alpha_hardware/package.zsh'
[1.688s] Level 1:colcon.colcon_core.environment:create_file_with_runtime_dependencies(/home/gordonc/alpha_test/install/alpha_hardware/share/colcon-core/packages/alpha_hardware)
[1.689s] INFO:colcon.colcon_ros.task.ament_cmake.build:Building ROS package in '/home/gordonc/alpha_test/src/alpha/alpha_bringup' with build type 'ament_cmake'
[1.689s] INFO:colcon.colcon_cmake.task.cmake.build:Building CMake package in '/home/gordonc/alpha_test/src/alpha/alpha_bringup'
[1.690s] INFO:colcon.colcon_core.shell:Skip shell extension 'powershell' for command environment: Not usable outside of PowerShell
[1.690s] DEBUG:colcon.colcon_core.shell:Skip shell extension 'dsv' for command environment
[1.734s] DEBUG:colcon.colcon_core.event_handler.log_command:Invoking command in '/home/gordonc/alpha_test/build/alpha_bringup': CMAKE_PREFIX_PATH=/home/gordonc/alpha_test/install/alpha_hardware:/home/gordonc/alpha_test/install/alpha_driver:/home/gordonc/alpha_test/install/alpha_description:/home/gordonc/alpha_test/install/ros_ign_interfaces:/home/gordonc/alpha_test/install/ros_ign_gazebo:/home/gordonc/alpha_test/install/ros_gz_sim:/home/gordonc/alpha_test/install/ros_gz_interfaces:/home/gordonc/alpha_test/install/ros2_shared:/home/gordonc/alpha_test/install/alpha_moveit:/home/gordonc/alpha_test/install/alpha_bringup:/home/gordonc/colcon_ws/install/test_ros_gz_bridge:/home/gordonc/colcon_ws/install/ros_ign_interfaces:/home/gordonc/colcon_ws/install/ros_ign:/home/gordonc/colcon_ws/install/ros_ign_image:/home/gordonc/colcon_ws/install/ros_ign_gazebo_demos:/home/gordonc/colcon_ws/install/ros_ign_gazebo:/home/gordonc/colcon_ws/install/ros_ign_bridge:/home/gordonc/colcon_ws/install/ros_gz:/home/gordonc/colcon_ws/install/ros_gz_sim_demos:/home/gordonc/colcon_ws/install/ros_gz_sim:/home/gordonc/colcon_ws/install/ros_gz_image:/home/gordonc/colcon_ws/install/ros_gz_bridge:/home/gordonc/colcon_ws/install/ros_gz_interfaces:/home/gordonc/colcon_ws/install/orca_nav2:/home/gordonc/colcon_ws/install/orca_base:/home/gordonc/colcon_ws/install/orca_shared:/home/gordonc/colcon_ws/install/ros2_shared:/home/gordonc/colcon_ws/install/orca_msgs:/home/gordonc/colcon_ws/install/orca_description:/home/gordonc/colcon_ws/install/orca_bringup:/home/gordonc/colcon_ws/install/orb_slam2_ros:/home/gordonc/colcon_ws/install/bluerov2_ignition:/home/gordonc/colcon_ws/install/blue_control:/home/gordonc/colcon_ws/install/blue_dynamics:/home/gordonc/colcon_ws/install/blue_utils:/home/gordonc/colcon_ws/install/blue_description:/home/gordonc/colcon_ws/install/blue_bringup:/home/gordonc/colcon_ws/install/ardupilot_gazebo:/home/gordonc/colcon_ws/install/alpha_bringup:/home/gordonc/colcon_ws/install/alpha_hardware:/home/gordonc/colcon_ws/install/alpha_driver:/home/gordonc/colcon_ws/install/alpha_description:/home/gordonc/colcon_ws/install/blue_manager:/home/gordonc/colcon_ws/install/blue_localization:/home/gordonc/colcon_ws/install/blue_joy:/opt/ros/humble LD_LIBRARY_PATH=/home/gordonc/alpha_test/install/alpha_hardware/lib:/home/gordonc/alpha_test/install/alpha_driver/lib:/home/gordonc/alpha_test/install/ros_ign_interfaces/lib:/home/gordonc/alpha_test/install/ros_gz_sim/lib:/home/gordonc/alpha_test/install/ros_gz_interfaces/lib:/home/gordonc/colcon_ws/install/ros_ign_interfaces/lib:/home/gordonc/colcon_ws/install/ros_gz_sim/lib:/home/gordonc/colcon_ws/install/ros_gz_bridge/lib:/home/gordonc/colcon_ws/install/ros_gz_interfaces/lib:/home/gordonc/colcon_ws/install/orca_nav2/lib:/home/gordonc/colcon_ws/install/orca_shared/lib:/home/gordonc/colcon_ws/install/orca_msgs/lib:/home/gordonc/colcon_ws/install/orb_slam2_ros/lib:/home/gordonc/colcon_ws/install/blue_dynamics/lib:/home/gordonc/colcon_ws/install/alpha_hardware/lib:/home/gordonc/colcon_ws/install/alpha_driver/lib:/opt/ros/humble/opt/rviz_ogre_vendor/lib:/opt/ros/humble/lib/x86_64-linux-gnu:/opt/ros/humble/lib /usr/bin/cmake --build /home/gordonc/alpha_test/build/alpha_bringup -- -j8 -l8
[1.830s] DEBUG:colcon.colcon_core.event_handler.log_command:Invoked command in '/home/gordonc/alpha_test/build/alpha_bringup' returned '0': CMAKE_PREFIX_PATH=/home/gordonc/alpha_test/install/alpha_hardware:/home/gordonc/alpha_test/install/alpha_driver:/home/gordonc/alpha_test/install/alpha_description:/home/gordonc/alpha_test/install/ros_ign_interfaces:/home/gordonc/alpha_test/install/ros_ign_gazebo:/home/gordonc/alpha_test/install/ros_gz_sim:/home/gordonc/alpha_test/install/ros_gz_interfaces:/home/gordonc/alpha_test/install/ros2_shared:/home/gordonc/alpha_test/install/alpha_moveit:/home/gordonc/alpha_test/install/alpha_bringup:/home/gordonc/colcon_ws/install/test_ros_gz_bridge:/home/gordonc/colcon_ws/install/ros_ign_interfaces:/home/gordonc/colcon_ws/install/ros_ign:/home/gordonc/colcon_ws/install/ros_ign_image:/home/gordonc/colcon_ws/install/ros_ign_gazebo_demos:/home/gordonc/colcon_ws/install/ros_ign_gazebo:/home/gordonc/colcon_ws/install/ros_ign_bridge:/home/gordonc/colcon_ws/install/ros_gz:/home/gordonc/colcon_ws/install/ros_gz_sim_demos:/home/gordonc/colcon_ws/install/ros_gz_sim:/home/gordonc/colcon_ws/install/ros_gz_image:/home/gordonc/colcon_ws/install/ros_gz_bridge:/home/gordonc/colcon_ws/install/ros_gz_interfaces:/home/gordonc/colcon_ws/install/orca_nav2:/home/gordonc/colcon_ws/install/orca_base:/home/gordonc/colcon_ws/install/orca_shared:/home/gordonc/colcon_ws/install/ros2_shared:/home/gordonc/colcon_ws/install/orca_msgs:/home/gordonc/colcon_ws/install/orca_description:/home/gordonc/colcon_ws/install/orca_bringup:/home/gordonc/colcon_ws/install/orb_slam2_ros:/home/gordonc/colcon_ws/install/bluerov2_ignition:/home/gordonc/colcon_ws/install/blue_control:/home/gordonc/colcon_ws/install/blue_dynamics:/home/gordonc/colcon_ws/install/blue_utils:/home/gordonc/colcon_ws/install/blue_description:/home/gordonc/colcon_ws/install/blue_bringup:/home/gordonc/colcon_ws/install/ardupilot_gazebo:/home/gordonc/colcon_ws/install/alpha_bringup:/home/gordonc/colcon_ws/install/alpha_hardware:/home/gordonc/colcon_ws/install/alpha_driver:/home/gordonc/colcon_ws/install/alpha_description:/home/gordonc/colcon_ws/install/blue_manager:/home/gordonc/colcon_ws/install/blue_localization:/home/gordonc/colcon_ws/install/blue_joy:/opt/ros/humble LD_LIBRARY_PATH=/home/gordonc/alpha_test/install/alpha_hardware/lib:/home/gordonc/alpha_test/install/alpha_driver/lib:/home/gordonc/alpha_test/install/ros_ign_interfaces/lib:/home/gordonc/alpha_test/install/ros_gz_sim/lib:/home/gordonc/alpha_test/install/ros_gz_interfaces/lib:/home/gordonc/colcon_ws/install/ros_ign_interfaces/lib:/home/gordonc/colcon_ws/install/ros_gz_sim/lib:/home/gordonc/colcon_ws/install/ros_gz_bridge/lib:/home/gordonc/colcon_ws/install/ros_gz_interfaces/lib:/home/gordonc/colcon_ws/install/orca_nav2/lib:/home/gordonc/colcon_ws/install/orca_shared/lib:/home/gordonc/colcon_ws/install/orca_msgs/lib:/home/gordonc/colcon_ws/install/orb_slam2_ros/lib:/home/gordonc/colcon_ws/install/blue_dynamics/lib:/home/gordonc/colcon_ws/install/alpha_hardware/lib:/home/gordonc/colcon_ws/install/alpha_driver/lib:/opt/ros/humble/opt/rviz_ogre_vendor/lib:/opt/ros/humble/lib/x86_64-linux-gnu:/opt/ros/humble/lib /usr/bin/cmake --build /home/gordonc/alpha_test/build/alpha_bringup -- -j8 -l8
[1.895s] DEBUG:colcon.colcon_core.event_handler.log_command:Invoking command in '/home/gordonc/alpha_test/build/alpha_bringup': CMAKE_PREFIX_PATH=/home/gordonc/alpha_test/install/alpha_hardware:/home/gordonc/alpha_test/install/alpha_driver:/home/gordonc/alpha_test/install/alpha_description:/home/gordonc/alpha_test/install/ros_ign_interfaces:/home/gordonc/alpha_test/install/ros_ign_gazebo:/home/gordonc/alpha_test/install/ros_gz_sim:/home/gordonc/alpha_test/install/ros_gz_interfaces:/home/gordonc/alpha_test/install/ros2_shared:/home/gordonc/alpha_test/install/alpha_moveit:/home/gordonc/alpha_test/install/alpha_bringup:/home/gordonc/colcon_ws/install/test_ros_gz_bridge:/home/gordonc/colcon_ws/install/ros_ign_interfaces:/home/gordonc/colcon_ws/install/ros_ign:/home/gordonc/colcon_ws/install/ros_ign_image:/home/gordonc/colcon_ws/install/ros_ign_gazebo_demos:/home/gordonc/colcon_ws/install/ros_ign_gazebo:/home/gordonc/colcon_ws/install/ros_ign_bridge:/home/gordonc/colcon_ws/install/ros_gz:/home/gordonc/colcon_ws/install/ros_gz_sim_demos:/home/gordonc/colcon_ws/install/ros_gz_sim:/home/gordonc/colcon_ws/install/ros_gz_image:/home/gordonc/colcon_ws/install/ros_gz_bridge:/home/gordonc/colcon_ws/install/ros_gz_interfaces:/home/gordonc/colcon_ws/install/orca_nav2:/home/gordonc/colcon_ws/install/orca_base:/home/gordonc/colcon_ws/install/orca_shared:/home/gordonc/colcon_ws/install/ros2_shared:/home/gordonc/colcon_ws/install/orca_msgs:/home/gordonc/colcon_ws/install/orca_description:/home/gordonc/colcon_ws/install/orca_bringup:/home/gordonc/colcon_ws/install/orb_slam2_ros:/home/gordonc/colcon_ws/install/bluerov2_ignition:/home/gordonc/colcon_ws/install/blue_control:/home/gordonc/colcon_ws/install/blue_dynamics:/home/gordonc/colcon_ws/install/blue_utils:/home/gordonc/colcon_ws/install/blue_description:/home/gordonc/colcon_ws/install/blue_bringup:/home/gordonc/colcon_ws/install/ardupilot_gazebo:/home/gordonc/colcon_ws/install/alpha_bringup:/home/gordonc/colcon_ws/install/alpha_hardware:/home/gordonc/colcon_ws/install/alpha_driver:/home/gordonc/colcon_ws/install/alpha_description:/home/gordonc/colcon_ws/install/blue_manager:/home/gordonc/colcon_ws/install/blue_localization:/home/gordonc/colcon_ws/install/blue_joy:/opt/ros/humble LD_LIBRARY_PATH=/home/gordonc/alpha_test/install/alpha_hardware/lib:/home/gordonc/alpha_test/install/alpha_driver/lib:/home/gordonc/alpha_test/install/ros_ign_interfaces/lib:/home/gordonc/alpha_test/install/ros_gz_sim/lib:/home/gordonc/alpha_test/install/ros_gz_interfaces/lib:/home/gordonc/colcon_ws/install/ros_ign_interfaces/lib:/home/gordonc/colcon_ws/install/ros_gz_sim/lib:/home/gordonc/colcon_ws/install/ros_gz_bridge/lib:/home/gordonc/colcon_ws/install/ros_gz_interfaces/lib:/home/gordonc/colcon_ws/install/orca_nav2/lib:/home/gordonc/colcon_ws/install/orca_shared/lib:/home/gordonc/colcon_ws/install/orca_msgs/lib:/home/gordonc/colcon_ws/install/orb_slam2_ros/lib:/home/gordonc/colcon_ws/install/blue_dynamics/lib:/home/gordonc/colcon_ws/install/alpha_hardware/lib:/home/gordonc/colcon_ws/install/alpha_driver/lib:/opt/ros/humble/opt/rviz_ogre_vendor/lib:/opt/ros/humble/lib/x86_64-linux-gnu:/opt/ros/humble/lib /usr/bin/cmake --install /home/gordonc/alpha_test/build/alpha_bringup
[1.918s] Level 1:colcon.colcon_core.environment:create_environment_scripts_only(alpha_bringup)
[1.918s] Level 1:colcon.colcon_core.environment:checking '/home/gordonc/alpha_test/install/alpha_bringup' for CMake module files
[1.920s] DEBUG:colcon.colcon_core.event_handler.log_command:Invoked command in '/home/gordonc/alpha_test/build/alpha_bringup' returned '0': CMAKE_PREFIX_PATH=/home/gordonc/alpha_test/install/alpha_hardware:/home/gordonc/alpha_test/install/alpha_driver:/home/gordonc/alpha_test/install/alpha_description:/home/gordonc/alpha_test/install/ros_ign_interfaces:/home/gordonc/alpha_test/install/ros_ign_gazebo:/home/gordonc/alpha_test/install/ros_gz_sim:/home/gordonc/alpha_test/install/ros_gz_interfaces:/home/gordonc/alpha_test/install/ros2_shared:/home/gordonc/alpha_test/install/alpha_moveit:/home/gordonc/alpha_test/install/alpha_bringup:/home/gordonc/colcon_ws/install/test_ros_gz_bridge:/home/gordonc/colcon_ws/install/ros_ign_interfaces:/home/gordonc/colcon_ws/install/ros_ign:/home/gordonc/colcon_ws/install/ros_ign_image:/home/gordonc/colcon_ws/install/ros_ign_gazebo_demos:/home/gordonc/colcon_ws/install/ros_ign_gazebo:/home/gordonc/colcon_ws/install/ros_ign_bridge:/home/gordonc/colcon_ws/install/ros_gz:/home/gordonc/colcon_ws/install/ros_gz_sim_demos:/home/gordonc/colcon_ws/install/ros_gz_sim:/home/gordonc/colcon_ws/install/ros_gz_image:/home/gordonc/colcon_ws/install/ros_gz_bridge:/home/gordonc/colcon_ws/install/ros_gz_interfaces:/home/gordonc/colcon_ws/install/orca_nav2:/home/gordonc/colcon_ws/install/orca_base:/home/gordonc/colcon_ws/install/orca_shared:/home/gordonc/colcon_ws/install/ros2_shared:/home/gordonc/colcon_ws/install/orca_msgs:/home/gordonc/colcon_ws/install/orca_description:/home/gordonc/colcon_ws/install/orca_bringup:/home/gordonc/colcon_ws/install/orb_slam2_ros:/home/gordonc/colcon_ws/install/bluerov2_ignition:/home/gordonc/colcon_ws/install/blue_control:/home/gordonc/colcon_ws/install/blue_dynamics:/home/gordonc/colcon_ws/install/blue_utils:/home/gordonc/colcon_ws/install/blue_description:/home/gordonc/colcon_ws/install/blue_bringup:/home/gordonc/colcon_ws/install/ardupilot_gazebo:/home/gordonc/colcon_ws/install/alpha_bringup:/home/gordonc/colcon_ws/install/alpha_hardware:/home/gordonc/colcon_ws/install/alpha_driver:/home/gordonc/colcon_ws/install/alpha_description:/home/gordonc/colcon_ws/install/blue_manager:/home/gordonc/colcon_ws/install/blue_localization:/home/gordonc/colcon_ws/install/blue_joy:/opt/ros/humble LD_LIBRARY_PATH=/home/gordonc/alpha_test/install/alpha_hardware/lib:/home/gordonc/alpha_test/install/alpha_driver/lib:/home/gordonc/alpha_test/install/ros_ign_interfaces/lib:/home/gordonc/alpha_test/install/ros_gz_sim/lib:/home/gordonc/alpha_test/install/ros_gz_interfaces/lib:/home/gordonc/colcon_ws/install/ros_ign_interfaces/lib:/home/gordonc/colcon_ws/install/ros_gz_sim/lib:/home/gordonc/colcon_ws/install/ros_gz_bridge/lib:/home/gordonc/colcon_ws/install/ros_gz_interfaces/lib:/home/gordonc/colcon_ws/install/orca_nav2/lib:/home/gordonc/colcon_ws/install/orca_shared/lib:/home/gordonc/colcon_ws/install/orca_msgs/lib:/home/gordonc/colcon_ws/install/orb_slam2_ros/lib:/home/gordonc/colcon_ws/install/blue_dynamics/lib:/home/gordonc/colcon_ws/install/alpha_hardware/lib:/home/gordonc/colcon_ws/install/alpha_driver/lib:/opt/ros/humble/opt/rviz_ogre_vendor/lib:/opt/ros/humble/lib/x86_64-linux-gnu:/opt/ros/humble/lib /usr/bin/cmake --install /home/gordonc/alpha_test/build/alpha_bringup
[1.920s] Level 1:colcon.colcon_core.environment:checking '/home/gordonc/alpha_test/install/alpha_bringup' for CMake config files
[1.921s] Level 1:colcon.colcon_core.shell:create_environment_hook('alpha_bringup', 'cmake_prefix_path')
[1.921s] INFO:colcon.colcon_core.shell:Creating environment hook '/home/gordonc/alpha_test/install/alpha_bringup/share/alpha_bringup/hook/cmake_prefix_path.ps1'
[1.922s] INFO:colcon.colcon_core.shell:Creating environment descriptor '/home/gordonc/alpha_test/install/alpha_bringup/share/alpha_bringup/hook/cmake_prefix_path.dsv'
[1.922s] INFO:colcon.colcon_core.shell:Creating environment hook '/home/gordonc/alpha_test/install/alpha_bringup/share/alpha_bringup/hook/cmake_prefix_path.sh'
[1.923s] Level 1:colcon.colcon_core.environment:checking '/home/gordonc/alpha_test/install/alpha_bringup/bin'
[1.923s] Level 1:colcon.colcon_core.environment:checking '/home/gordonc/alpha_test/install/alpha_bringup/lib/pkgconfig/alpha_bringup.pc'
[1.924s] Level 1:colcon.colcon_core.environment:checking '/home/gordonc/alpha_test/install/alpha_bringup/lib/python3.10/site-packages'
[1.924s] Level 1:colcon.colcon_core.environment:checking '/home/gordonc/alpha_test/install/alpha_bringup/bin'
[1.925s] INFO:colcon.colcon_core.shell:Creating package script '/home/gordonc/alpha_test/install/alpha_bringup/share/alpha_bringup/package.ps1'
[1.926s] INFO:colcon.colcon_core.shell:Creating package descriptor '/home/gordonc/alpha_test/install/alpha_bringup/share/alpha_bringup/package.dsv'
[1.927s] INFO:colcon.colcon_core.shell:Creating package script '/home/gordonc/alpha_test/install/alpha_bringup/share/alpha_bringup/package.sh'
[1.928s] INFO:colcon.colcon_core.shell:Creating package script '/home/gordonc/alpha_test/install/alpha_bringup/share/alpha_bringup/package.bash'
[1.928s] INFO:colcon.colcon_core.shell:Creating package script '/home/gordonc/alpha_test/install/alpha_bringup/share/alpha_bringup/package.zsh'
[1.929s] Level 1:colcon.colcon_core.environment:create_file_with_runtime_dependencies(/home/gordonc/alpha_test/install/alpha_bringup/share/colcon-core/packages/alpha_bringup)
[1.990s] Level 1:colcon.colcon_core.environment:create_environment_scripts_only(alpha_bringup)
[1.991s] Level 1:colcon.colcon_core.environment:checking '/home/gordonc/alpha_test/install/alpha_bringup' for CMake module files
[1.992s] Level 1:colcon.colcon_core.environment:checking '/home/gordonc/alpha_test/install/alpha_bringup' for CMake config files
[1.992s] Level 1:colcon.colcon_core.shell:create_environment_hook('alpha_bringup', 'cmake_prefix_path')
[1.993s] INFO:colcon.colcon_core.shell:Creating environment hook '/home/gordonc/alpha_test/install/alpha_bringup/share/alpha_bringup/hook/cmake_prefix_path.ps1'
[1.994s] INFO:colcon.colcon_core.shell:Creating environment descriptor '/home/gordonc/alpha_test/install/alpha_bringup/share/alpha_bringup/hook/cmake_prefix_path.dsv'
[1.994s] INFO:colcon.colcon_core.shell:Creating environment hook '/home/gordonc/alpha_test/install/alpha_bringup/share/alpha_bringup/hook/cmake_prefix_path.sh'
[1.995s] Level 1:colcon.colcon_core.environment:checking '/home/gordonc/alpha_test/install/alpha_bringup/bin'
[1.995s] Level 1:colcon.colcon_core.environment:checking '/home/gordonc/alpha_test/install/alpha_bringup/lib/pkgconfig/alpha_bringup.pc'
[1.996s] Level 1:colcon.colcon_core.environment:checking '/home/gordonc/alpha_test/install/alpha_bringup/lib/python3.10/site-packages'
[1.996s] Level 1:colcon.colcon_core.environment:checking '/home/gordonc/alpha_test/install/alpha_bringup/bin'
[1.997s] INFO:colcon.colcon_core.shell:Creating package script '/home/gordonc/alpha_test/install/alpha_bringup/share/alpha_bringup/package.ps1'
[1.998s] INFO:colcon.colcon_core.shell:Creating package descriptor '/home/gordonc/alpha_test/install/alpha_bringup/share/alpha_bringup/package.dsv'
[1.999s] INFO:colcon.colcon_core.shell:Creating package script '/home/gordonc/alpha_test/install/alpha_bringup/share/alpha_bringup/package.sh'
[1.999s] INFO:colcon.colcon_core.shell:Creating package script '/home/gordonc/alpha_test/install/alpha_bringup/share/alpha_bringup/package.bash'
[2.000s] INFO:colcon.colcon_core.shell:Creating package script '/home/gordonc/alpha_test/install/alpha_bringup/share/alpha_bringup/package.zsh'
[2.001s] Level 1:colcon.colcon_core.environment:create_file_with_runtime_dependencies(/home/gordonc/alpha_test/install/alpha_bringup/share/colcon-core/packages/alpha_bringup)
[16.384s] DEBUG:colcon.colcon_core.event_handler.log_command:Invoked command in '/home/gordonc/alpha_test/build/alpha_moveit' returned '2': CMAKE_PREFIX_PATH=${CMAKE_PREFIX_PATH}:/home/gordonc/colcon_ws/install/blue_manager:/home/gordonc/colcon_ws/install/blue_localization:/home/gordonc/colcon_ws/install/blue_joy:/opt/ros/humble /usr/bin/cmake --build /home/gordonc/alpha_test/build/alpha_moveit -- -j8 -l8
[16.447s] Level 1:colcon.colcon_core.environment:create_environment_scripts_only(alpha_moveit)
[16.447s] Level 1:colcon.colcon_core.environment:checking '/home/gordonc/alpha_test/install/alpha_moveit' for CMake module files
[16.449s] Level 1:colcon.colcon_core.environment:checking '/home/gordonc/alpha_test/install/alpha_moveit' for CMake config files
[16.451s] Level 1:colcon.colcon_core.shell:create_environment_hook('alpha_moveit', 'cmake_prefix_path')
[16.451s] INFO:colcon.colcon_core.shell:Creating environment hook '/home/gordonc/alpha_test/install/alpha_moveit/share/alpha_moveit/hook/cmake_prefix_path.ps1'
[16.452s] INFO:colcon.colcon_core.shell:Creating environment descriptor '/home/gordonc/alpha_test/install/alpha_moveit/share/alpha_moveit/hook/cmake_prefix_path.dsv'
[16.453s] INFO:colcon.colcon_core.shell:Creating environment hook '/home/gordonc/alpha_test/install/alpha_moveit/share/alpha_moveit/hook/cmake_prefix_path.sh'
[16.454s] Level 1:colcon.colcon_core.environment:checking '/home/gordonc/alpha_test/install/alpha_moveit/lib'
[16.454s] Level 1:colcon.colcon_core.environment:checking '/home/gordonc/alpha_test/install/alpha_moveit/bin'
[16.454s] Level 1:colcon.colcon_core.environment:checking '/home/gordonc/alpha_test/install/alpha_moveit/lib/pkgconfig/alpha_moveit.pc'
[16.455s] Level 1:colcon.colcon_core.environment:checking '/home/gordonc/alpha_test/install/alpha_moveit/lib/python3.10/site-packages'
[16.455s] Level 1:colcon.colcon_core.environment:checking '/home/gordonc/alpha_test/install/alpha_moveit/bin'
[16.456s] INFO:colcon.colcon_core.shell:Creating package script '/home/gordonc/alpha_test/install/alpha_moveit/share/alpha_moveit/package.ps1'
[16.457s] INFO:colcon.colcon_core.shell:Creating package descriptor '/home/gordonc/alpha_test/install/alpha_moveit/share/alpha_moveit/package.dsv'
[16.457s] INFO:colcon.colcon_core.shell:Creating package script '/home/gordonc/alpha_test/install/alpha_moveit/share/alpha_moveit/package.sh'
[16.459s] INFO:colcon.colcon_core.shell:Creating package script '/home/gordonc/alpha_test/install/alpha_moveit/share/alpha_moveit/package.bash'
[16.459s] INFO:colcon.colcon_core.shell:Creating package script '/home/gordonc/alpha_test/install/alpha_moveit/share/alpha_moveit/package.zsh'
[16.460s] Level 1:colcon.colcon_core.environment:create_file_with_runtime_dependencies(/home/gordonc/alpha_test/install/alpha_moveit/share/colcon-core/packages/alpha_moveit)
[16.471s] DEBUG:colcon.colcon_parallel_executor.executor.parallel:closing loop
[16.471s] DEBUG:colcon.colcon_parallel_executor.executor.parallel:loop closed
[16.471s] DEBUG:colcon.colcon_parallel_executor.executor.parallel:run_until_complete finished with '2'
[16.471s] DEBUG:colcon.colcon_core.event_reactor:joining thread
[16.486s] INFO:colcon.colcon_core.plugin_system:Skipping extension 'colcon_notification.desktop_notification.terminal_notifier': Not used on non-Darwin systems
[16.486s] INFO:colcon.colcon_core.plugin_system:Skipping extension 'colcon_notification.desktop_notification.win32': Not used on non-Windows systems
[16.487s] INFO:colcon.colcon_notification.desktop_notification:Sending desktop notification using 'notify2'
[16.508s] DEBUG:colcon.colcon_core.event_reactor:joined thread
[16.509s] INFO:colcon.colcon_core.shell:Creating prefix script '/home/gordonc/alpha_test/install/local_setup.ps1'
[16.511s] INFO:colcon.colcon_core.shell:Creating prefix util module '/home/gordonc/alpha_test/install/_local_setup_util_ps1.py'
[16.517s] INFO:colcon.colcon_core.shell:Creating prefix chain script '/home/gordonc/alpha_test/install/setup.ps1'
[16.523s] INFO:colcon.colcon_core.shell:Creating prefix script '/home/gordonc/alpha_test/install/local_setup.sh'
[16.524s] INFO:colcon.colcon_core.shell:Creating prefix util module '/home/gordonc/alpha_test/install/_local_setup_util_sh.py'
[16.525s] INFO:colcon.colcon_core.shell:Creating prefix chain script '/home/gordonc/alpha_test/install/setup.sh'
[16.532s] INFO:colcon.colcon_core.shell:Creating prefix script '/home/gordonc/alpha_test/install/local_setup.bash'
[16.533s] INFO:colcon.colcon_core.shell:Creating prefix chain script '/home/gordonc/alpha_test/install/setup.bash'
[16.541s] INFO:colcon.colcon_core.shell:Creating prefix script '/home/gordonc/alpha_test/install/local_setup.zsh'
[16.542s] INFO:colcon.colcon_core.shell:Creating prefix chain script '/home/gordonc/alpha_test/install/setup.zsh'
