-- The C compiler identification is GNU 11.4.0
-- The CXX compiler identification is GNU 11.4.0
-- Detecting C compiler ABI info
-- Detecting C compiler ABI info - done
-- Check for working C compiler: /usr/lib/ccache/cc - skipped
-- Detecting C compile features
-- Detecting C compile features - done
-- Detecting CXX compiler ABI info
-- Detecting CXX compiler ABI info - done
-- Check for working CXX compiler: /usr/lib/ccache/c++ - skipped
-- Detecting CXX compile features
-- Detecting CXX compile features - done
-- Found rclcpp: 16.0.8 (/opt/ros/humble/share/rclcpp/cmake)
-- Found Python3: /usr/bin/python3 (found version "3.10.12") found components: Interpreter 
-- Found rosidl_generator_c: 3.1.5 (/opt/ros/humble/share/rosidl_generator_c/cmake)
-- Found rosidl_adapter: 3.1.5 (/opt/ros/humble/share/rosidl_adapter/cmake)
-- Found rosidl_generator_cpp: 3.1.5 (/opt/ros/humble/share/rosidl_generator_cpp/cmake)
-- Using all available rosidl_typesupport_c: rosidl_typesupport_fastrtps_c;rosidl_typesupport_introspection_c
-- Using all available rosidl_typesupport_cpp: rosidl_typesupport_fastrtps_cpp;rosidl_typesupport_introspection_cpp
-- Found rmw_implementation_cmake: 6.1.1 (/opt/ros/humble/share/rmw_implementation_cmake/cmake)
-- Found rmw_fastrtps_cpp: 6.2.6 (/opt/ros/humble/share/rmw_fastrtps_cpp/cmake)
-- Found OpenSSL: /usr/lib/x86_64-linux-gnu/libcrypto.so (found version "3.0.2")  
-- Found FastRTPS: /opt/ros/humble/include  
-- Using RMW implementation 'rmw_fastrtps_cpp' as default
-- Looking for pthread.h
-- Looking for pthread.h - found
-- Performing Test CMAKE_HAVE_LIBC_PTHREAD
-- Performing Test CMAKE_HAVE_LIBC_PTHREAD - Success
-- Found Threads: TRUE  
-- Found rclpy: 3.3.12 (/opt/ros/humble/share/rclpy/cmake)
-- Configuring done
-- Generating done
-- Build files have been written to: /home/gordonc/alpha_test/build/alpha_bringup
-- Install configuration: ""
-- Installing: /home/gordonc/alpha_test/install/alpha_bringup/share/alpha_bringup/launch
-- Installing: /home/gordonc/alpha_test/install/alpha_bringup/share/alpha_bringup/launch/alpha.launch.py
-- Installing: /home/gordonc/alpha_test/install/alpha_bringup/share/alpha_bringup/launch/planning.launch.py
-- Installing: /home/gordonc/alpha_test/install/alpha_bringup/share/ament_index/resource_index/package_run_dependencies/alpha_bringup
-- Installing: /home/gordonc/alpha_test/install/alpha_bringup/share/ament_index/resource_index/parent_prefix_path/alpha_bringup
-- Installing: /home/gordonc/alpha_test/install/alpha_bringup/share/alpha_bringup/environment/ament_prefix_path.sh
-- Installing: /home/gordonc/alpha_test/install/alpha_bringup/share/alpha_bringup/environment/ament_prefix_path.dsv
-- Installing: /home/gordonc/alpha_test/install/alpha_bringup/share/alpha_bringup/environment/path.sh
-- Installing: /home/gordonc/alpha_test/install/alpha_bringup/share/alpha_bringup/environment/path.dsv
-- Installing: /home/gordonc/alpha_test/install/alpha_bringup/share/alpha_bringup/local_setup.bash
-- Installing: /home/gordonc/alpha_test/install/alpha_bringup/share/alpha_bringup/local_setup.sh
-- Installing: /home/gordonc/alpha_test/install/alpha_bringup/share/alpha_bringup/local_setup.zsh
-- Installing: /home/gordonc/alpha_test/install/alpha_bringup/share/alpha_bringup/local_setup.dsv
-- Installing: /home/gordonc/alpha_test/install/alpha_bringup/share/alpha_bringup/package.dsv
-- Installing: /home/gordonc/alpha_test/install/alpha_bringup/share/ament_index/resource_index/packages/alpha_bringup
-- Installing: /home/gordonc/alpha_test/install/alpha_bringup/share/alpha_bringup/cmake/alpha_bringupConfig.cmake
-- Installing: /home/gordonc/alpha_test/install/alpha_bringup/share/alpha_bringup/cmake/alpha_bringupConfig-version.cmake
-- Installing: /home/gordonc/alpha_test/install/alpha_bringup/share/alpha_bringup/package.xml
