[0.054s] Invoking command in '/home/gordonc/alpha_test/build/rviz_visual_tools': CMAKE_PREFIX_PATH=${CMAKE_PREFIX_PATH}:/home/gordonc/colcon_ws/install/blue_manager:/home/gordonc/colcon_ws/install/blue_localization:/home/gordonc/colcon_ws/install/blue_joy:/opt/ros/humble /usr/bin/cmake --build /home/gordonc/alpha_test/build/rviz_visual_tools -- -j8 -l8
[0.208s] [  2%] [34m[1mAutomatic MOC for target rviz_visual_tools_gui[0m
[0.214s] [  5%] [34m[1mAutomatic MOC for target rviz_visual_tools_remote_control[0m
[0.223s] [  7%] [34m[1mAutomatic MOC for target gtest[0m
[0.228s] [ 10%] [34m[1mAutomatic MOC for target gtest_main[0m
[0.285s] [ 10%] Built target rviz_visual_tools_gui_autogen
[0.290s] [ 10%] Built target gtest_autogen
[0.291s] [ 10%] Built target gtest_main_autogen
[0.292s] [ 10%] Built target rviz_visual_tools_remote_control_autogen
[0.387s] [ 17%] Built target rviz_visual_tools_remote_control
[0.387s] [ 25%] Built target gtest
[0.390s] [ 33%] Built target gtest_main
[0.407s] [ 46%] Built target rviz_visual_tools_gui
[0.445s] [ 48%] [34m[1mAutomatic MOC for target rviz_visual_tools[0m
[0.493s] [ 48%] Built target rviz_visual_tools_autogen
[0.560s] [ 58%] Built target rviz_visual_tools
[0.611s] [ 61%] [34m[1mAutomatic MOC for target rviz_visual_tools_rvt_test[0m
[0.617s] [ 64%] [34m[1mAutomatic MOC for target rviz_visual_tools_imarker_simple[0m
[0.619s] [ 66%] [34m[1mAutomatic MOC for target rviz_visual_tools_demo[0m
[0.665s] [ 66%] Built target rviz_visual_tools_rvt_test_autogen
[0.674s] [ 66%] Built target rviz_visual_tools_imarker_simple_autogen
[0.678s] [ 66%] Built target rviz_visual_tools_demo_autogen
[0.736s] [ 74%] Built target rviz_visual_tools_rvt_test
[0.748s] [ 82%] Built target rviz_visual_tools_imarker_simple
[0.749s] [ 89%] Built target rviz_visual_tools_demo
[0.795s] [ 92%] [34m[1mAutomatic MOC for target rviz_visual_tools_imarker_simple_demo[0m
[0.838s] [ 92%] Built target rviz_visual_tools_imarker_simple_demo_autogen
[0.900s] [100%] Built target rviz_visual_tools_imarker_simple_demo
[0.925s] Invoked command in '/home/gordonc/alpha_test/build/rviz_visual_tools' returned '0': CMAKE_PREFIX_PATH=${CMAKE_PREFIX_PATH}:/home/gordonc/colcon_ws/install/blue_manager:/home/gordonc/colcon_ws/install/blue_localization:/home/gordonc/colcon_ws/install/blue_joy:/opt/ros/humble /usr/bin/cmake --build /home/gordonc/alpha_test/build/rviz_visual_tools -- -j8 -l8
[1.153s] Invoking command in '/home/gordonc/alpha_test/build/rviz_visual_tools': CMAKE_PREFIX_PATH=${CMAKE_PREFIX_PATH}:/home/gordonc/colcon_ws/install/blue_manager:/home/gordonc/colcon_ws/install/blue_localization:/home/gordonc/colcon_ws/install/blue_joy:/opt/ros/humble /usr/bin/cmake --install /home/gordonc/alpha_test/build/rviz_visual_tools
[1.170s] -- Install configuration: ""
[1.171s] -- Up-to-date: /home/gordonc/alpha_test/install/rviz_visual_tools/share/rviz_visual_tools/plugin_description.xml
[1.171s] -- Up-to-date: /home/gordonc/alpha_test/install/rviz_visual_tools/lib/librviz_visual_tools.so
[1.172s] -- Up-to-date: /home/gordonc/alpha_test/install/rviz_visual_tools/lib/librviz_visual_tools_remote_control.so
[1.173s] -- Up-to-date: /home/gordonc/alpha_test/install/rviz_visual_tools/lib/librviz_visual_tools_gui.so
[1.174s] -- Up-to-date: /home/gordonc/alpha_test/install/rviz_visual_tools/lib/librviz_visual_tools_imarker_simple.so
[1.175s] -- Up-to-date: /home/gordonc/alpha_test/install/rviz_visual_tools/lib/rviz_visual_tools/rviz_visual_tools_demo
[1.176s] -- Up-to-date: /home/gordonc/alpha_test/install/rviz_visual_tools/lib/rviz_visual_tools/rviz_visual_tools_imarker_simple_demo
[1.176s] -- Up-to-date: /home/gordonc/alpha_test/install/rviz_visual_tools/include
[1.177s] -- Up-to-date: /home/gordonc/alpha_test/install/rviz_visual_tools/include/rviz_visual_tools
[1.177s] -- Up-to-date: /home/gordonc/alpha_test/install/rviz_visual_tools/include/rviz_visual_tools/rviz_visual_tools.hpp
[1.178s] -- Up-to-date: /home/gordonc/alpha_test/install/rviz_visual_tools/include/rviz_visual_tools/rviz_visual_tools_gui.hpp
[1.178s] -- Up-to-date: /home/gordonc/alpha_test/install/rviz_visual_tools/include/rviz_visual_tools/imarker_simple.hpp
[1.178s] -- Up-to-date: /home/gordonc/alpha_test/install/rviz_visual_tools/include/rviz_visual_tools/key_tool.hpp
[1.178s] -- Up-to-date: /home/gordonc/alpha_test/install/rviz_visual_tools/include/rviz_visual_tools/remote_control.hpp
[1.179s] -- Up-to-date: /home/gordonc/alpha_test/install/rviz_visual_tools/include/rviz_visual_tools/tf_visual_tools.hpp
[1.179s] -- Up-to-date: /home/gordonc/alpha_test/install/rviz_visual_tools/include/rviz_visual_tools/remote_reciever.hpp
[1.179s] -- Up-to-date: /home/gordonc/alpha_test/install/rviz_visual_tools/share/rviz_visual_tools/launch
[1.180s] -- Up-to-date: /home/gordonc/alpha_test/install/rviz_visual_tools/share/rviz_visual_tools/launch/demo_rviz.launch.py
[1.180s] -- Up-to-date: /home/gordonc/alpha_test/install/rviz_visual_tools/share/rviz_visual_tools/launch/demo_combined.launch.py
[1.180s] -- Up-to-date: /home/gordonc/alpha_test/install/rviz_visual_tools/share/rviz_visual_tools/launch/rvt_test.launch
[1.180s] -- Up-to-date: /home/gordonc/alpha_test/install/rviz_visual_tools/share/rviz_visual_tools/launch/demo.rviz
[1.181s] -- Up-to-date: /home/gordonc/alpha_test/install/rviz_visual_tools/share/rviz_visual_tools/environment/library_path.sh
[1.181s] -- Up-to-date: /home/gordonc/alpha_test/install/rviz_visual_tools/share/rviz_visual_tools/environment/library_path.dsv
[1.181s] -- Up-to-date: /home/gordonc/alpha_test/install/rviz_visual_tools/share/ament_index/resource_index/package_run_dependencies/rviz_visual_tools
[1.182s] -- Up-to-date: /home/gordonc/alpha_test/install/rviz_visual_tools/share/ament_index/resource_index/parent_prefix_path/rviz_visual_tools
[1.182s] -- Up-to-date: /home/gordonc/alpha_test/install/rviz_visual_tools/share/rviz_visual_tools/environment/ament_prefix_path.sh
[1.182s] -- Up-to-date: /home/gordonc/alpha_test/install/rviz_visual_tools/share/rviz_visual_tools/environment/ament_prefix_path.dsv
[1.182s] -- Up-to-date: /home/gordonc/alpha_test/install/rviz_visual_tools/share/rviz_visual_tools/environment/path.sh
[1.182s] -- Up-to-date: /home/gordonc/alpha_test/install/rviz_visual_tools/share/rviz_visual_tools/environment/path.dsv
[1.183s] -- Up-to-date: /home/gordonc/alpha_test/install/rviz_visual_tools/share/rviz_visual_tools/local_setup.bash
[1.183s] -- Up-to-date: /home/gordonc/alpha_test/install/rviz_visual_tools/share/rviz_visual_tools/local_setup.sh
[1.183s] -- Up-to-date: /home/gordonc/alpha_test/install/rviz_visual_tools/share/rviz_visual_tools/local_setup.zsh
[1.183s] -- Up-to-date: /home/gordonc/alpha_test/install/rviz_visual_tools/share/rviz_visual_tools/local_setup.dsv
[1.184s] -- Installing: /home/gordonc/alpha_test/install/rviz_visual_tools/share/rviz_visual_tools/package.dsv
[1.184s] -- Up-to-date: /home/gordonc/alpha_test/install/rviz_visual_tools/share/ament_index/resource_index/packages/rviz_visual_tools
[1.184s] -- Up-to-date: /home/gordonc/alpha_test/install/rviz_visual_tools/share/ament_index/resource_index/rviz_common__pluginlib__plugin/rviz_visual_tools
[1.184s] -- Up-to-date: /home/gordonc/alpha_test/install/rviz_visual_tools/share/rviz_visual_tools/cmake/export_rviz_visual_toolsExport.cmake
[1.184s] -- Up-to-date: /home/gordonc/alpha_test/install/rviz_visual_tools/share/rviz_visual_tools/cmake/export_rviz_visual_toolsExport-noconfig.cmake
[1.184s] -- Up-to-date: /home/gordonc/alpha_test/install/rviz_visual_tools/share/rviz_visual_tools/cmake/ament_cmake_export_targets-extras.cmake
[1.185s] -- Up-to-date: /home/gordonc/alpha_test/install/rviz_visual_tools/share/rviz_visual_tools/cmake/ament_cmake_export_dependencies-extras.cmake
[1.185s] -- Up-to-date: /home/gordonc/alpha_test/install/rviz_visual_tools/share/rviz_visual_tools/cmake/ament_cmake_export_include_directories-extras.cmake
[1.188s] -- Up-to-date: /home/gordonc/alpha_test/install/rviz_visual_tools/share/rviz_visual_tools/cmake/ament_cmake_export_libraries-extras.cmake
[1.188s] -- Up-to-date: /home/gordonc/alpha_test/install/rviz_visual_tools/share/rviz_visual_tools/cmake/rviz_visual_toolsConfig.cmake
[1.188s] -- Up-to-date: /home/gordonc/alpha_test/install/rviz_visual_tools/share/rviz_visual_tools/cmake/rviz_visual_toolsConfig-version.cmake
[1.189s] -- Up-to-date: /home/gordonc/alpha_test/install/rviz_visual_tools/share/rviz_visual_tools/package.xml
[1.189s] Invoked command in '/home/gordonc/alpha_test/build/rviz_visual_tools' returned '0': CMAKE_PREFIX_PATH=${CMAKE_PREFIX_PATH}:/home/gordonc/colcon_ws/install/blue_manager:/home/gordonc/colcon_ws/install/blue_localization:/home/gordonc/colcon_ws/install/blue_joy:/opt/ros/humble /usr/bin/cmake --install /home/gordonc/alpha_test/build/rviz_visual_tools
