[0.042s] Invoking command in '/home/gordonc/alpha_test/build/alpha_driver': CMAKE_PREFIX_PATH=${CMAKE_PREFIX_PATH}:/home/gordonc/colcon_ws/install/blue_manager:/home/gordonc/colcon_ws/install/blue_localization:/home/gordonc/colcon_ws/install/blue_joy:/opt/ros/humble /usr/bin/cmake --build /home/gordonc/alpha_test/build/alpha_driver -- -j8 -l8
[0.194s] [  9%] Built target gmock_main
[0.200s] [ 19%] Built target gtest_main
[0.234s] [ 47%] Built target alpha_driver
[0.236s] [ 57%] Built target gtest
[0.240s] [ 71%] Built target gmock
[0.319s] [ 80%] Built target test_crc
[0.328s] [ 90%] Built target test_packet
[0.344s] [100%] Built target test_cobs
[0.395s] Invoked command in '/home/gordonc/alpha_test/build/alpha_driver' returned '0': CMAKE_PREFIX_PATH=${CMAKE_PREFIX_PATH}:/home/gordonc/colcon_ws/install/blue_manager:/home/gordonc/colcon_ws/install/blue_localization:/home/gordonc/colcon_ws/install/blue_joy:/opt/ros/humble /usr/bin/cmake --build /home/gordonc/alpha_test/build/alpha_driver -- -j8 -l8
[0.549s] Invoking command in '/home/gordonc/alpha_test/build/alpha_driver': CMAKE_PREFIX_PATH=${CMAKE_PREFIX_PATH}:/home/gordonc/colcon_ws/install/blue_manager:/home/gordonc/colcon_ws/install/blue_localization:/home/gordonc/colcon_ws/install/blue_joy:/opt/ros/humble /usr/bin/cmake --install /home/gordonc/alpha_test/build/alpha_driver
[0.568s] -- Install configuration: ""
[0.569s] -- Up-to-date: /home/gordonc/alpha_test/install/alpha_driver/include
[0.569s] -- Up-to-date: /home/gordonc/alpha_test/install/alpha_driver/include/alpha_driver
[0.569s] -- Up-to-date: /home/gordonc/alpha_test/install/alpha_driver/include/alpha_driver/packet.hpp
[0.570s] -- Up-to-date: /home/gordonc/alpha_test/install/alpha_driver/include/alpha_driver/mode.hpp
[0.570s] -- Up-to-date: /home/gordonc/alpha_test/install/alpha_driver/include/alpha_driver/crc.hpp
[0.571s] -- Up-to-date: /home/gordonc/alpha_test/install/alpha_driver/include/alpha_driver/cobs.hpp
[0.571s] -- Up-to-date: /home/gordonc/alpha_test/install/alpha_driver/include/alpha_driver/device_id.hpp
[0.571s] -- Up-to-date: /home/gordonc/alpha_test/install/alpha_driver/include/alpha_driver/serial_client.hpp
[0.572s] -- Up-to-date: /home/gordonc/alpha_test/install/alpha_driver/include/alpha_driver/packet_id.hpp
[0.572s] -- Up-to-date: /home/gordonc/alpha_test/install/alpha_driver/include/alpha_driver/driver.hpp
[0.572s] -- Up-to-date: /home/gordonc/alpha_test/install/alpha_driver/lib/libalpha_driver.so
[0.573s] -- Up-to-date: /home/gordonc/alpha_test/install/alpha_driver/share/alpha_driver/environment/library_path.sh
[0.573s] -- Up-to-date: /home/gordonc/alpha_test/install/alpha_driver/share/alpha_driver/environment/library_path.dsv
[0.574s] -- Up-to-date: /home/gordonc/alpha_test/install/alpha_driver/share/ament_index/resource_index/package_run_dependencies/alpha_driver
[0.575s] -- Up-to-date: /home/gordonc/alpha_test/install/alpha_driver/share/ament_index/resource_index/parent_prefix_path/alpha_driver
[0.575s] -- Up-to-date: /home/gordonc/alpha_test/install/alpha_driver/share/alpha_driver/environment/ament_prefix_path.sh
[0.575s] -- Up-to-date: /home/gordonc/alpha_test/install/alpha_driver/share/alpha_driver/environment/ament_prefix_path.dsv
[0.575s] -- Up-to-date: /home/gordonc/alpha_test/install/alpha_driver/share/alpha_driver/environment/path.sh
[0.576s] -- Up-to-date: /home/gordonc/alpha_test/install/alpha_driver/share/alpha_driver/environment/path.dsv
[0.576s] -- Up-to-date: /home/gordonc/alpha_test/install/alpha_driver/share/alpha_driver/local_setup.bash
[0.576s] -- Up-to-date: /home/gordonc/alpha_test/install/alpha_driver/share/alpha_driver/local_setup.sh
[0.576s] -- Up-to-date: /home/gordonc/alpha_test/install/alpha_driver/share/alpha_driver/local_setup.zsh
[0.577s] -- Up-to-date: /home/gordonc/alpha_test/install/alpha_driver/share/alpha_driver/local_setup.dsv
[0.577s] -- Installing: /home/gordonc/alpha_test/install/alpha_driver/share/alpha_driver/package.dsv
[0.577s] -- Up-to-date: /home/gordonc/alpha_test/install/alpha_driver/share/ament_index/resource_index/packages/alpha_driver
[0.578s] -- Up-to-date: /home/gordonc/alpha_test/install/alpha_driver/share/alpha_driver/cmake/alpha_driverExport.cmake
[0.579s] -- Up-to-date: /home/gordonc/alpha_test/install/alpha_driver/share/alpha_driver/cmake/alpha_driverExport-noconfig.cmake
[0.580s] -- Up-to-date: /home/gordonc/alpha_test/install/alpha_driver/share/alpha_driver/cmake/ament_cmake_export_targets-extras.cmake
[0.581s] -- Up-to-date: /home/gordonc/alpha_test/install/alpha_driver/share/alpha_driver/cmake/ament_cmake_export_dependencies-extras.cmake
[0.582s] -- Up-to-date: /home/gordonc/alpha_test/install/alpha_driver/share/alpha_driver/cmake/alpha_driverConfig.cmake
[0.583s] -- Up-to-date: /home/gordonc/alpha_test/install/alpha_driver/share/alpha_driver/cmake/alpha_driverConfig-version.cmake
[0.583s] -- Up-to-date: /home/gordonc/alpha_test/install/alpha_driver/share/alpha_driver/package.xml
[0.584s] Invoked command in '/home/gordonc/alpha_test/build/alpha_driver' returned '0': CMAKE_PREFIX_PATH=${CMAKE_PREFIX_PATH}:/home/gordonc/colcon_ws/install/blue_manager:/home/gordonc/colcon_ws/install/blue_localization:/home/gordonc/colcon_ws/install/blue_joy:/opt/ros/humble /usr/bin/cmake --install /home/gordonc/alpha_test/build/alpha_driver
