[0.078s] Invoking command in '/home/gordonc/alpha_test/build/alpha_mtc_tutorial': CMAKE_PREFIX_PATH=${CMAKE_PREFIX_PATH}:/home/gordonc/colcon_ws/install/blue_manager:/home/gordonc/colcon_ws/install/blue_localization:/home/gordonc/colcon_ws/install/blue_joy:/opt/ros/humble /usr/bin/cmake /home/gordonc/alpha_test/src/alpha/alpha_mtc_tutorial -DCMAKE_INSTALL_PREFIX=/home/gordonc/alpha_test/install/alpha_mtc_tutorial
[0.128s] -- Found ament_cmake: 1.3.8 (/opt/ros/humble/share/ament_cmake/cmake)
[0.806s] [31mCMake Error at CMakeLists.txt:10 (find_package):
[0.807s]   By not providing "Findmoveit_task_constructor_core.cmake" in
[0.807s]   CMAKE_MODULE_PATH this project has asked CMake to find a package
[0.807s]   configuration file provided by "moveit_task_constructor_core", but CMake
[0.808s]   did not find one.
[0.808s] 
[0.808s]   Could not find a package configuration file provided by
[0.809s]   "moveit_task_constructor_core" with any of the following names:
[0.811s] 
[0.812s]     moveit_task_constructor_coreConfig.cmake
[0.812s]     moveit_task_constructor_core-config.cmake
[0.813s] 
[0.814s]   Add the installation prefix of "moveit_task_constructor_core" to
[0.817s]   CMAKE_PREFIX_PATH or set "moveit_task_constructor_core_DIR" to a directory
[0.818s]   containing one of the above files.  If "moveit_task_constructor_core"
[0.818s]   provides a separate development package or SDK, be sure it has been
[0.819s]   installed.
[0.819s] 
[0.820s] [0m
[0.821s] -- Configuring incomplete, errors occurred!
[0.822s] See also "/home/gordonc/alpha_test/build/alpha_mtc_tutorial/CMakeFiles/CMakeOutput.log".
[0.841s] Invoked command in '/home/gordonc/alpha_test/build/alpha_mtc_tutorial' returned '1': CMAKE_PREFIX_PATH=${CMAKE_PREFIX_PATH}:/home/gordonc/colcon_ws/install/blue_manager:/home/gordonc/colcon_ws/install/blue_localization:/home/gordonc/colcon_ws/install/blue_joy:/opt/ros/humble /usr/bin/cmake /home/gordonc/alpha_test/src/alpha/alpha_mtc_tutorial -DCMAKE_INSTALL_PREFIX=/home/gordonc/alpha_test/install/alpha_mtc_tutorial
