[100%] Built target alpha_hardware
-- Install configuration: ""
-- Up-to-date: /home/gordonc/alpha_test/install/alpha_hardware/share/alpha_hardware/alpha_hardware.xml
-- Up-to-date: /home/gordonc/alpha_test/install/alpha_hardware/lib/alpha_hardware/libalpha_hardware.so
-- Up-to-date: /home/gordonc/alpha_test/install/alpha_hardware/lib/libalpha_hardware.so
-- Up-to-date: /home/gordonc/alpha_test/install/alpha_hardware/include
-- Up-to-date: /home/gordonc/alpha_test/install/alpha_hardware/include/alpha_hardware
-- Up-to-date: /home/gordonc/alpha_test/install/alpha_hardware/include/alpha_hardware/hardware.hpp
-- Up-to-date: /home/gordonc/alpha_test/install/alpha_hardware/share/alpha_hardware/environment/library_path.sh
-- Up-to-date: /home/gordonc/alpha_test/install/alpha_hardware/share/alpha_hardware/environment/library_path.dsv
-- Up-to-date: /home/gordonc/alpha_test/install/alpha_hardware/share/ament_index/resource_index/package_run_dependencies/alpha_hardware
-- Up-to-date: /home/gordonc/alpha_test/install/alpha_hardware/share/ament_index/resource_index/parent_prefix_path/alpha_hardware
-- Up-to-date: /home/gordonc/alpha_test/install/alpha_hardware/share/alpha_hardware/environment/ament_prefix_path.sh
-- Up-to-date: /home/gordonc/alpha_test/install/alpha_hardware/share/alpha_hardware/environment/ament_prefix_path.dsv
-- Up-to-date: /home/gordonc/alpha_test/install/alpha_hardware/share/alpha_hardware/environment/path.sh
-- Up-to-date: /home/gordonc/alpha_test/install/alpha_hardware/share/alpha_hardware/environment/path.dsv
-- Up-to-date: /home/gordonc/alpha_test/install/alpha_hardware/share/alpha_hardware/local_setup.bash
-- Up-to-date: /home/gordonc/alpha_test/install/alpha_hardware/share/alpha_hardware/local_setup.sh
-- Up-to-date: /home/gordonc/alpha_test/install/alpha_hardware/share/alpha_hardware/local_setup.zsh
-- Up-to-date: /home/gordonc/alpha_test/install/alpha_hardware/share/alpha_hardware/local_setup.dsv
-- Installing: /home/gordonc/alpha_test/install/alpha_hardware/share/alpha_hardware/package.dsv
-- Up-to-date: /home/gordonc/alpha_test/install/alpha_hardware/share/ament_index/resource_index/packages/alpha_hardware
-- Up-to-date: /home/gordonc/alpha_test/install/alpha_hardware/share/ament_index/resource_index/hardware_interface__pluginlib__plugin/alpha_hardware
-- Up-to-date: /home/gordonc/alpha_test/install/alpha_hardware/share/alpha_hardware/cmake/ament_cmake_export_include_directories-extras.cmake
-- Up-to-date: /home/gordonc/alpha_test/install/alpha_hardware/share/alpha_hardware/cmake/ament_cmake_export_libraries-extras.cmake
-- Up-to-date: /home/gordonc/alpha_test/install/alpha_hardware/share/alpha_hardware/cmake/ament_cmake_export_dependencies-extras.cmake
-- Up-to-date: /home/gordonc/alpha_test/install/alpha_hardware/share/alpha_hardware/cmake/alpha_hardwareConfig.cmake
-- Up-to-date: /home/gordonc/alpha_test/install/alpha_hardware/share/alpha_hardware/cmake/alpha_hardwareConfig-version.cmake
-- Up-to-date: /home/gordonc/alpha_test/install/alpha_hardware/share/alpha_hardware/package.xml
