-- The C compiler identification is GNU 11.4.0
-- The CXX compiler identification is GNU 11.4.0
-- Detecting C compiler ABI info
-- Detecting C compiler ABI info - done
-- Check for working C compiler: /usr/lib/ccache/cc - skipped
-- Detecting C compile features
-- Detecting C compile features - done
-- Detecting CXX compiler ABI info
-- Detecting CXX compiler ABI info - done
-- Check for working CXX compiler: /usr/lib/ccache/c++ - skipped
-- Detecting CXX compile features
-- Detecting CXX compile features - done
-- Found rclcpp: 16.0.8 (/opt/ros/humble/share/rclcpp/cmake)
-- Found Python3: /usr/bin/python3 (found version "3.10.12") found components: Interpreter 
-- Found rosidl_generator_c: 3.1.5 (/opt/ros/humble/share/rosidl_generator_c/cmake)
-- Found rosidl_adapter: 3.1.5 (/opt/ros/humble/share/rosidl_adapter/cmake)
-- Found rosidl_generator_cpp: 3.1.5 (/opt/ros/humble/share/rosidl_generator_cpp/cmake)
-- Using all available rosidl_typesupport_c: rosidl_typesupport_fastrtps_c;rosidl_typesupport_introspection_c
-- Using all available rosidl_typesupport_cpp: rosidl_typesupport_fastrtps_cpp;rosidl_typesupport_introspection_cpp
-- Found rmw_implementation_cmake: 6.1.1 (/opt/ros/humble/share/rmw_implementation_cmake/cmake)
-- Found rmw_fastrtps_cpp: 6.2.6 (/opt/ros/humble/share/rmw_fastrtps_cpp/cmake)
-- Found OpenSSL: /usr/lib/x86_64-linux-gnu/libcrypto.so (found version "3.0.2")  
-- Found FastRTPS: /opt/ros/humble/include  
-- Using RMW implementation 'rmw_fastrtps_cpp' as default
-- Looking for pthread.h
-- Looking for pthread.h - found
-- Performing Test CMAKE_HAVE_LIBC_PTHREAD
-- Performing Test CMAKE_HAVE_LIBC_PTHREAD - Success
-- Found Threads: TRUE  
-- Found alpha_driver: 0.0.1 (/home/gordonc/alpha_test/install/alpha_driver/share/alpha_driver/cmake)
-- Found rclcpp_lifecycle: 16.0.8 (/opt/ros/humble/share/rclcpp_lifecycle/cmake)
-- Found pluginlib: 5.1.0 (/opt/ros/humble/share/pluginlib/cmake)
-- Found hardware_interface: 2.40.0 (/opt/ros/humble/share/hardware_interface/cmake)
-- Found ament_lint_auto: 0.12.10 (/opt/ros/humble/share/ament_lint_auto/cmake)
-- Added test 'cppcheck' to perform static code analysis on C / C++ code
-- Configured cppcheck include dirs: /home/gordonc/alpha_test/src/alpha/alpha_hardware/include
-- Configured cppcheck exclude dirs and/or files: 
-- Added test 'cpplint' to check C / C++ code against the Google style
-- Configured cpplint exclude dirs and/or files: 
-- Added test 'lint_cmake' to check CMake code style
-- Added test 'xmllint' to check XML markup files
-- Configuring done
-- Generating done
-- Build files have been written to: /home/gordonc/alpha_test/build/alpha_hardware
[ 50%] [32mBuilding CXX object CMakeFiles/alpha_hardware.dir/src/hardware.cpp.o[0m
[100%] [32m[1mLinking CXX shared library libalpha_hardware.so[0m
[100%] Built target alpha_hardware
-- Install configuration: ""
-- Installing: /home/gordonc/alpha_test/install/alpha_hardware/share/alpha_hardware/alpha_hardware.xml
-- Installing: /home/gordonc/alpha_test/install/alpha_hardware/lib/alpha_hardware/libalpha_hardware.so
-- Set runtime path of "/home/gordonc/alpha_test/install/alpha_hardware/lib/alpha_hardware/libalpha_hardware.so" to ""
-- Installing: /home/gordonc/alpha_test/install/alpha_hardware/lib/libalpha_hardware.so
-- Set runtime path of "/home/gordonc/alpha_test/install/alpha_hardware/lib/libalpha_hardware.so" to ""
-- Installing: /home/gordonc/alpha_test/install/alpha_hardware/include
-- Installing: /home/gordonc/alpha_test/install/alpha_hardware/include/alpha_hardware
-- Installing: /home/gordonc/alpha_test/install/alpha_hardware/include/alpha_hardware/hardware.hpp
-- Installing: /home/gordonc/alpha_test/install/alpha_hardware/share/alpha_hardware/environment/library_path.sh
-- Installing: /home/gordonc/alpha_test/install/alpha_hardware/share/alpha_hardware/environment/library_path.dsv
-- Installing: /home/gordonc/alpha_test/install/alpha_hardware/share/ament_index/resource_index/package_run_dependencies/alpha_hardware
-- Installing: /home/gordonc/alpha_test/install/alpha_hardware/share/ament_index/resource_index/parent_prefix_path/alpha_hardware
-- Installing: /home/gordonc/alpha_test/install/alpha_hardware/share/alpha_hardware/environment/ament_prefix_path.sh
-- Installing: /home/gordonc/alpha_test/install/alpha_hardware/share/alpha_hardware/environment/ament_prefix_path.dsv
-- Installing: /home/gordonc/alpha_test/install/alpha_hardware/share/alpha_hardware/environment/path.sh
-- Installing: /home/gordonc/alpha_test/install/alpha_hardware/share/alpha_hardware/environment/path.dsv
-- Installing: /home/gordonc/alpha_test/install/alpha_hardware/share/alpha_hardware/local_setup.bash
-- Installing: /home/gordonc/alpha_test/install/alpha_hardware/share/alpha_hardware/local_setup.sh
-- Installing: /home/gordonc/alpha_test/install/alpha_hardware/share/alpha_hardware/local_setup.zsh
-- Installing: /home/gordonc/alpha_test/install/alpha_hardware/share/alpha_hardware/local_setup.dsv
-- Installing: /home/gordonc/alpha_test/install/alpha_hardware/share/alpha_hardware/package.dsv
-- Installing: /home/gordonc/alpha_test/install/alpha_hardware/share/ament_index/resource_index/packages/alpha_hardware
-- Installing: /home/gordonc/alpha_test/install/alpha_hardware/share/ament_index/resource_index/hardware_interface__pluginlib__plugin/alpha_hardware
-- Installing: /home/gordonc/alpha_test/install/alpha_hardware/share/alpha_hardware/cmake/ament_cmake_export_include_directories-extras.cmake
-- Installing: /home/gordonc/alpha_test/install/alpha_hardware/share/alpha_hardware/cmake/ament_cmake_export_libraries-extras.cmake
-- Installing: /home/gordonc/alpha_test/install/alpha_hardware/share/alpha_hardware/cmake/ament_cmake_export_dependencies-extras.cmake
-- Installing: /home/gordonc/alpha_test/install/alpha_hardware/share/alpha_hardware/cmake/alpha_hardwareConfig.cmake
-- Installing: /home/gordonc/alpha_test/install/alpha_hardware/share/alpha_hardware/cmake/alpha_hardwareConfig-version.cmake
-- Installing: /home/gordonc/alpha_test/install/alpha_hardware/share/alpha_hardware/package.xml
