[0.024s] Invoking command in '/home/gordonc/alpha_test/build/alpha_hardware': AMENT_PREFIX_PATH=/home/gordonc/alpha_test/install/alpha_driver:${AMENT_PREFIX_PATH} CMAKE_PREFIX_PATH=/home/gordonc/alpha_test/install/alpha_driver:/home/gordonc/colcon_ws/install/ardupilot_gazebo:/home/gordonc/colcon_ws/install/test_ros_gz_bridge:/home/gordonc/colcon_ws/install/ros_ign_interfaces:/home/gordonc/colcon_ws/install/ros_ign:/home/gordonc/colcon_ws/install/ros_ign_image:/home/gordonc/colcon_ws/install/ros_ign_gazebo_demos:/home/gordonc/colcon_ws/install/ros_ign_gazebo:/home/gordonc/colcon_ws/install/ros_ign_bridge:/home/gordonc/colcon_ws/install/ros_gz:/home/gordonc/colcon_ws/install/ros_gz_sim_demos:/home/gordonc/colcon_ws/install/ros_gz_sim:/home/gordonc/colcon_ws/install/ros_gz_image:/home/gordonc/colcon_ws/install/ros_gz_bridge:/home/gordonc/colcon_ws/install/ros_gz_interfaces:/home/gordonc/colcon_ws/install/orca_nav2:/home/gordonc/colcon_ws/install/orca_base:/home/gordonc/colcon_ws/install/orca_shared:/home/gordonc/colcon_ws/install/ros2_shared:/home/gordonc/colcon_ws/install/orca_msgs:/home/gordonc/colcon_ws/install/orca_description:/home/gordonc/colcon_ws/install/orca_bringup:/home/gordonc/colcon_ws/install/orb_slam2_ros:/home/gordonc/colcon_ws/install/bluerov2_ignition:/home/gordonc/colcon_ws/install/blue_control:/home/gordonc/colcon_ws/install/blue_dynamics:/home/gordonc/colcon_ws/install/blue_utils:/home/gordonc/colcon_ws/install/blue_description:/home/gordonc/colcon_ws/install/blue_bringup:/home/gordonc/colcon_ws/install/alpha_bringup:/home/gordonc/colcon_ws/install/alpha_hardware:/home/gordonc/colcon_ws/install/alpha_driver:/home/gordonc/colcon_ws/install/alpha_description:/home/gordonc/colcon_ws/install/blue_manager:/home/gordonc/colcon_ws/install/blue_localization:/home/gordonc/colcon_ws/install/blue_joy:/opt/ros/humble LD_LIBRARY_PATH=/home/gordonc/alpha_test/install/alpha_driver/lib:${LD_LIBRARY_PATH} /usr/bin/cmake /home/gordonc/alpha_test/src/alpha/alpha_hardware -DCMAKE_INSTALL_PREFIX=/home/gordonc/alpha_test/install/alpha_hardware
[0.117s] -- The C compiler identification is GNU 11.4.0
[0.213s] -- The CXX compiler identification is GNU 11.4.0
[0.231s] -- Detecting C compiler ABI info
[0.330s] -- Detecting C compiler ABI info - done
[0.342s] -- Check for working C compiler: /usr/lib/ccache/cc - skipped
[0.342s] -- Detecting C compile features
[0.343s] -- Detecting C compile features - done
[0.347s] -- Detecting CXX compiler ABI info
[0.462s] -- Detecting CXX compiler ABI info - done
[0.474s] -- Check for working CXX compiler: /usr/lib/ccache/c++ - skipped
[0.474s] -- Detecting CXX compile features
[0.475s] -- Detecting CXX compile features - done
[0.484s] -- Found rclcpp: 16.0.8 (/opt/ros/humble/share/rclcpp/cmake)
[1.013s] -- Found Python3: /usr/bin/python3 (found version "3.10.12") found components: Interpreter 
[1.397s] -- Found rosidl_generator_c: 3.1.5 (/opt/ros/humble/share/rosidl_generator_c/cmake)
[1.417s] -- Found rosidl_adapter: 3.1.5 (/opt/ros/humble/share/rosidl_adapter/cmake)
[1.444s] -- Found rosidl_generator_cpp: 3.1.5 (/opt/ros/humble/share/rosidl_generator_cpp/cmake)
[1.480s] -- Using all available rosidl_typesupport_c: rosidl_typesupport_fastrtps_c;rosidl_typesupport_introspection_c
[1.531s] -- Using all available rosidl_typesupport_cpp: rosidl_typesupport_fastrtps_cpp;rosidl_typesupport_introspection_cpp
[1.711s] -- Found rmw_implementation_cmake: 6.1.1 (/opt/ros/humble/share/rmw_implementation_cmake/cmake)
[1.724s] -- Found rmw_fastrtps_cpp: 6.2.6 (/opt/ros/humble/share/rmw_fastrtps_cpp/cmake)
[1.937s] -- Found OpenSSL: /usr/lib/x86_64-linux-gnu/libcrypto.so (found version "3.0.2")  
[1.994s] -- Found FastRTPS: /opt/ros/humble/include  
[2.091s] -- Using RMW implementation 'rmw_fastrtps_cpp' as default
[2.126s] -- Looking for pthread.h
[2.272s] -- Looking for pthread.h - found
[2.273s] -- Performing Test CMAKE_HAVE_LIBC_PTHREAD
[2.419s] -- Performing Test CMAKE_HAVE_LIBC_PTHREAD - Success
[2.421s] -- Found Threads: TRUE  
[2.694s] -- Found alpha_driver: 0.0.1 (/home/gordonc/alpha_test/install/alpha_driver/share/alpha_driver/cmake)
[2.714s] -- Found rclcpp_lifecycle: 16.0.8 (/opt/ros/humble/share/rclcpp_lifecycle/cmake)
[2.804s] -- Found pluginlib: 5.1.0 (/opt/ros/humble/share/pluginlib/cmake)
[2.891s] -- Found hardware_interface: 2.40.0 (/opt/ros/humble/share/hardware_interface/cmake)
[4.371s] -- Found ament_lint_auto: 0.12.10 (/opt/ros/humble/share/ament_lint_auto/cmake)
[4.567s] -- Added test 'cppcheck' to perform static code analysis on C / C++ code
[4.568s] -- Configured cppcheck include dirs: /home/gordonc/alpha_test/src/alpha/alpha_hardware/include
[4.568s] -- Configured cppcheck exclude dirs and/or files: 
[4.570s] -- Added test 'cpplint' to check C / C++ code against the Google style
[4.570s] -- Configured cpplint exclude dirs and/or files: 
[4.572s] -- Added test 'lint_cmake' to check CMake code style
[4.574s] -- Added test 'xmllint' to check XML markup files
[4.581s] -- Configuring done
[4.654s] -- Generating done
[4.657s] -- Build files have been written to: /home/gordonc/alpha_test/build/alpha_hardware
[4.673s] Invoked command in '/home/gordonc/alpha_test/build/alpha_hardware' returned '0': AMENT_PREFIX_PATH=/home/gordonc/alpha_test/install/alpha_driver:${AMENT_PREFIX_PATH} CMAKE_PREFIX_PATH=/home/gordonc/alpha_test/install/alpha_driver:/home/gordonc/colcon_ws/install/ardupilot_gazebo:/home/gordonc/colcon_ws/install/test_ros_gz_bridge:/home/gordonc/colcon_ws/install/ros_ign_interfaces:/home/gordonc/colcon_ws/install/ros_ign:/home/gordonc/colcon_ws/install/ros_ign_image:/home/gordonc/colcon_ws/install/ros_ign_gazebo_demos:/home/gordonc/colcon_ws/install/ros_ign_gazebo:/home/gordonc/colcon_ws/install/ros_ign_bridge:/home/gordonc/colcon_ws/install/ros_gz:/home/gordonc/colcon_ws/install/ros_gz_sim_demos:/home/gordonc/colcon_ws/install/ros_gz_sim:/home/gordonc/colcon_ws/install/ros_gz_image:/home/gordonc/colcon_ws/install/ros_gz_bridge:/home/gordonc/colcon_ws/install/ros_gz_interfaces:/home/gordonc/colcon_ws/install/orca_nav2:/home/gordonc/colcon_ws/install/orca_base:/home/gordonc/colcon_ws/install/orca_shared:/home/gordonc/colcon_ws/install/ros2_shared:/home/gordonc/colcon_ws/install/orca_msgs:/home/gordonc/colcon_ws/install/orca_description:/home/gordonc/colcon_ws/install/orca_bringup:/home/gordonc/colcon_ws/install/orb_slam2_ros:/home/gordonc/colcon_ws/install/bluerov2_ignition:/home/gordonc/colcon_ws/install/blue_control:/home/gordonc/colcon_ws/install/blue_dynamics:/home/gordonc/colcon_ws/install/blue_utils:/home/gordonc/colcon_ws/install/blue_description:/home/gordonc/colcon_ws/install/blue_bringup:/home/gordonc/colcon_ws/install/alpha_bringup:/home/gordonc/colcon_ws/install/alpha_hardware:/home/gordonc/colcon_ws/install/alpha_driver:/home/gordonc/colcon_ws/install/alpha_description:/home/gordonc/colcon_ws/install/blue_manager:/home/gordonc/colcon_ws/install/blue_localization:/home/gordonc/colcon_ws/install/blue_joy:/opt/ros/humble LD_LIBRARY_PATH=/home/gordonc/alpha_test/install/alpha_driver/lib:${LD_LIBRARY_PATH} /usr/bin/cmake /home/gordonc/alpha_test/src/alpha/alpha_hardware -DCMAKE_INSTALL_PREFIX=/home/gordonc/alpha_test/install/alpha_hardware
[4.675s] Invoking command in '/home/gordonc/alpha_test/build/alpha_hardware': AMENT_PREFIX_PATH=/home/gordonc/alpha_test/install/alpha_driver:${AMENT_PREFIX_PATH} CMAKE_PREFIX_PATH=/home/gordonc/alpha_test/install/alpha_driver:/home/gordonc/colcon_ws/install/ardupilot_gazebo:/home/gordonc/colcon_ws/install/test_ros_gz_bridge:/home/gordonc/colcon_ws/install/ros_ign_interfaces:/home/gordonc/colcon_ws/install/ros_ign:/home/gordonc/colcon_ws/install/ros_ign_image:/home/gordonc/colcon_ws/install/ros_ign_gazebo_demos:/home/gordonc/colcon_ws/install/ros_ign_gazebo:/home/gordonc/colcon_ws/install/ros_ign_bridge:/home/gordonc/colcon_ws/install/ros_gz:/home/gordonc/colcon_ws/install/ros_gz_sim_demos:/home/gordonc/colcon_ws/install/ros_gz_sim:/home/gordonc/colcon_ws/install/ros_gz_image:/home/gordonc/colcon_ws/install/ros_gz_bridge:/home/gordonc/colcon_ws/install/ros_gz_interfaces:/home/gordonc/colcon_ws/install/orca_nav2:/home/gordonc/colcon_ws/install/orca_base:/home/gordonc/colcon_ws/install/orca_shared:/home/gordonc/colcon_ws/install/ros2_shared:/home/gordonc/colcon_ws/install/orca_msgs:/home/gordonc/colcon_ws/install/orca_description:/home/gordonc/colcon_ws/install/orca_bringup:/home/gordonc/colcon_ws/install/orb_slam2_ros:/home/gordonc/colcon_ws/install/bluerov2_ignition:/home/gordonc/colcon_ws/install/blue_control:/home/gordonc/colcon_ws/install/blue_dynamics:/home/gordonc/colcon_ws/install/blue_utils:/home/gordonc/colcon_ws/install/blue_description:/home/gordonc/colcon_ws/install/blue_bringup:/home/gordonc/colcon_ws/install/alpha_bringup:/home/gordonc/colcon_ws/install/alpha_hardware:/home/gordonc/colcon_ws/install/alpha_driver:/home/gordonc/colcon_ws/install/alpha_description:/home/gordonc/colcon_ws/install/blue_manager:/home/gordonc/colcon_ws/install/blue_localization:/home/gordonc/colcon_ws/install/blue_joy:/opt/ros/humble LD_LIBRARY_PATH=/home/gordonc/alpha_test/install/alpha_driver/lib:${LD_LIBRARY_PATH} /usr/bin/cmake --build /home/gordonc/alpha_test/build/alpha_hardware -- -j8 -l8
[4.766s] [ 50%] [32mBuilding CXX object CMakeFiles/alpha_hardware.dir/src/hardware.cpp.o[0m
[10.297s] [100%] [32m[1mLinking CXX shared library libalpha_hardware.so[0m
[10.600s] [100%] Built target alpha_hardware
[10.616s] Invoked command in '/home/gordonc/alpha_test/build/alpha_hardware' returned '0': AMENT_PREFIX_PATH=/home/gordonc/alpha_test/install/alpha_driver:${AMENT_PREFIX_PATH} CMAKE_PREFIX_PATH=/home/gordonc/alpha_test/install/alpha_driver:/home/gordonc/colcon_ws/install/ardupilot_gazebo:/home/gordonc/colcon_ws/install/test_ros_gz_bridge:/home/gordonc/colcon_ws/install/ros_ign_interfaces:/home/gordonc/colcon_ws/install/ros_ign:/home/gordonc/colcon_ws/install/ros_ign_image:/home/gordonc/colcon_ws/install/ros_ign_gazebo_demos:/home/gordonc/colcon_ws/install/ros_ign_gazebo:/home/gordonc/colcon_ws/install/ros_ign_bridge:/home/gordonc/colcon_ws/install/ros_gz:/home/gordonc/colcon_ws/install/ros_gz_sim_demos:/home/gordonc/colcon_ws/install/ros_gz_sim:/home/gordonc/colcon_ws/install/ros_gz_image:/home/gordonc/colcon_ws/install/ros_gz_bridge:/home/gordonc/colcon_ws/install/ros_gz_interfaces:/home/gordonc/colcon_ws/install/orca_nav2:/home/gordonc/colcon_ws/install/orca_base:/home/gordonc/colcon_ws/install/orca_shared:/home/gordonc/colcon_ws/install/ros2_shared:/home/gordonc/colcon_ws/install/orca_msgs:/home/gordonc/colcon_ws/install/orca_description:/home/gordonc/colcon_ws/install/orca_bringup:/home/gordonc/colcon_ws/install/orb_slam2_ros:/home/gordonc/colcon_ws/install/bluerov2_ignition:/home/gordonc/colcon_ws/install/blue_control:/home/gordonc/colcon_ws/install/blue_dynamics:/home/gordonc/colcon_ws/install/blue_utils:/home/gordonc/colcon_ws/install/blue_description:/home/gordonc/colcon_ws/install/blue_bringup:/home/gordonc/colcon_ws/install/alpha_bringup:/home/gordonc/colcon_ws/install/alpha_hardware:/home/gordonc/colcon_ws/install/alpha_driver:/home/gordonc/colcon_ws/install/alpha_description:/home/gordonc/colcon_ws/install/blue_manager:/home/gordonc/colcon_ws/install/blue_localization:/home/gordonc/colcon_ws/install/blue_joy:/opt/ros/humble LD_LIBRARY_PATH=/home/gordonc/alpha_test/install/alpha_driver/lib:${LD_LIBRARY_PATH} /usr/bin/cmake --build /home/gordonc/alpha_test/build/alpha_hardware -- -j8 -l8
[10.661s] Invoking command in '/home/gordonc/alpha_test/build/alpha_hardware': AMENT_PREFIX_PATH=/home/gordonc/alpha_test/install/alpha_driver:${AMENT_PREFIX_PATH} CMAKE_PREFIX_PATH=/home/gordonc/alpha_test/install/alpha_driver:/home/gordonc/colcon_ws/install/ardupilot_gazebo:/home/gordonc/colcon_ws/install/test_ros_gz_bridge:/home/gordonc/colcon_ws/install/ros_ign_interfaces:/home/gordonc/colcon_ws/install/ros_ign:/home/gordonc/colcon_ws/install/ros_ign_image:/home/gordonc/colcon_ws/install/ros_ign_gazebo_demos:/home/gordonc/colcon_ws/install/ros_ign_gazebo:/home/gordonc/colcon_ws/install/ros_ign_bridge:/home/gordonc/colcon_ws/install/ros_gz:/home/gordonc/colcon_ws/install/ros_gz_sim_demos:/home/gordonc/colcon_ws/install/ros_gz_sim:/home/gordonc/colcon_ws/install/ros_gz_image:/home/gordonc/colcon_ws/install/ros_gz_bridge:/home/gordonc/colcon_ws/install/ros_gz_interfaces:/home/gordonc/colcon_ws/install/orca_nav2:/home/gordonc/colcon_ws/install/orca_base:/home/gordonc/colcon_ws/install/orca_shared:/home/gordonc/colcon_ws/install/ros2_shared:/home/gordonc/colcon_ws/install/orca_msgs:/home/gordonc/colcon_ws/install/orca_description:/home/gordonc/colcon_ws/install/orca_bringup:/home/gordonc/colcon_ws/install/orb_slam2_ros:/home/gordonc/colcon_ws/install/bluerov2_ignition:/home/gordonc/colcon_ws/install/blue_control:/home/gordonc/colcon_ws/install/blue_dynamics:/home/gordonc/colcon_ws/install/blue_utils:/home/gordonc/colcon_ws/install/blue_description:/home/gordonc/colcon_ws/install/blue_bringup:/home/gordonc/colcon_ws/install/alpha_bringup:/home/gordonc/colcon_ws/install/alpha_hardware:/home/gordonc/colcon_ws/install/alpha_driver:/home/gordonc/colcon_ws/install/alpha_description:/home/gordonc/colcon_ws/install/blue_manager:/home/gordonc/colcon_ws/install/blue_localization:/home/gordonc/colcon_ws/install/blue_joy:/opt/ros/humble LD_LIBRARY_PATH=/home/gordonc/alpha_test/install/alpha_driver/lib:${LD_LIBRARY_PATH} /usr/bin/cmake --install /home/gordonc/alpha_test/build/alpha_hardware
[10.676s] -- Install configuration: ""
[10.676s] -- Installing: /home/gordonc/alpha_test/install/alpha_hardware/share/alpha_hardware/alpha_hardware.xml
[10.677s] -- Installing: /home/gordonc/alpha_test/install/alpha_hardware/lib/alpha_hardware/libalpha_hardware.so
[10.679s] -- Set runtime path of "/home/gordonc/alpha_test/install/alpha_hardware/lib/alpha_hardware/libalpha_hardware.so" to ""
[10.679s] -- Installing: /home/gordonc/alpha_test/install/alpha_hardware/lib/libalpha_hardware.so
[10.681s] -- Set runtime path of "/home/gordonc/alpha_test/install/alpha_hardware/lib/libalpha_hardware.so" to ""
[10.681s] -- Installing: /home/gordonc/alpha_test/install/alpha_hardware/include
[10.681s] -- Installing: /home/gordonc/alpha_test/install/alpha_hardware/include/alpha_hardware
[10.681s] -- Installing: /home/gordonc/alpha_test/install/alpha_hardware/include/alpha_hardware/hardware.hpp
[10.682s] -- Installing: /home/gordonc/alpha_test/install/alpha_hardware/share/alpha_hardware/environment/library_path.sh
[10.682s] -- Installing: /home/gordonc/alpha_test/install/alpha_hardware/share/alpha_hardware/environment/library_path.dsv
[10.682s] -- Installing: /home/gordonc/alpha_test/install/alpha_hardware/share/ament_index/resource_index/package_run_dependencies/alpha_hardware
[10.682s] -- Installing: /home/gordonc/alpha_test/install/alpha_hardware/share/ament_index/resource_index/parent_prefix_path/alpha_hardware
[10.683s] -- Installing: /home/gordonc/alpha_test/install/alpha_hardware/share/alpha_hardware/environment/ament_prefix_path.sh
[10.683s] -- Installing: /home/gordonc/alpha_test/install/alpha_hardware/share/alpha_hardware/environment/ament_prefix_path.dsv
[10.683s] -- Installing: /home/gordonc/alpha_test/install/alpha_hardware/share/alpha_hardware/environment/path.sh
[10.683s] -- Installing: /home/gordonc/alpha_test/install/alpha_hardware/share/alpha_hardware/environment/path.dsv
[10.683s] -- Installing: /home/gordonc/alpha_test/install/alpha_hardware/share/alpha_hardware/local_setup.bash
[10.684s] -- Installing: /home/gordonc/alpha_test/install/alpha_hardware/share/alpha_hardware/local_setup.sh
[10.684s] -- Installing: /home/gordonc/alpha_test/install/alpha_hardware/share/alpha_hardware/local_setup.zsh
[10.684s] -- Installing: /home/gordonc/alpha_test/install/alpha_hardware/share/alpha_hardware/local_setup.dsv
[10.684s] -- Installing: /home/gordonc/alpha_test/install/alpha_hardware/share/alpha_hardware/package.dsv
[10.685s] -- Installing: /home/gordonc/alpha_test/install/alpha_hardware/share/ament_index/resource_index/packages/alpha_hardware
[10.685s] -- Installing: /home/gordonc/alpha_test/install/alpha_hardware/share/ament_index/resource_index/hardware_interface__pluginlib__plugin/alpha_hardware
[10.685s] -- Installing: /home/gordonc/alpha_test/install/alpha_hardware/share/alpha_hardware/cmake/ament_cmake_export_include_directories-extras.cmake
[10.685s] -- Installing: /home/gordonc/alpha_test/install/alpha_hardware/share/alpha_hardware/cmake/ament_cmake_export_libraries-extras.cmake
[10.686s] -- Installing: /home/gordonc/alpha_test/install/alpha_hardware/share/alpha_hardware/cmake/ament_cmake_export_dependencies-extras.cmake
[10.686s] -- Installing: /home/gordonc/alpha_test/install/alpha_hardware/share/alpha_hardware/cmake/alpha_hardwareConfig.cmake
[10.686s] -- Installing: /home/gordonc/alpha_test/install/alpha_hardware/share/alpha_hardware/cmake/alpha_hardwareConfig-version.cmake
[10.686s] -- Installing: /home/gordonc/alpha_test/install/alpha_hardware/share/alpha_hardware/package.xml
[10.690s] Invoked command in '/home/gordonc/alpha_test/build/alpha_hardware' returned '0': AMENT_PREFIX_PATH=/home/gordonc/alpha_test/install/alpha_driver:${AMENT_PREFIX_PATH} CMAKE_PREFIX_PATH=/home/gordonc/alpha_test/install/alpha_driver:/home/gordonc/colcon_ws/install/ardupilot_gazebo:/home/gordonc/colcon_ws/install/test_ros_gz_bridge:/home/gordonc/colcon_ws/install/ros_ign_interfaces:/home/gordonc/colcon_ws/install/ros_ign:/home/gordonc/colcon_ws/install/ros_ign_image:/home/gordonc/colcon_ws/install/ros_ign_gazebo_demos:/home/gordonc/colcon_ws/install/ros_ign_gazebo:/home/gordonc/colcon_ws/install/ros_ign_bridge:/home/gordonc/colcon_ws/install/ros_gz:/home/gordonc/colcon_ws/install/ros_gz_sim_demos:/home/gordonc/colcon_ws/install/ros_gz_sim:/home/gordonc/colcon_ws/install/ros_gz_image:/home/gordonc/colcon_ws/install/ros_gz_bridge:/home/gordonc/colcon_ws/install/ros_gz_interfaces:/home/gordonc/colcon_ws/install/orca_nav2:/home/gordonc/colcon_ws/install/orca_base:/home/gordonc/colcon_ws/install/orca_shared:/home/gordonc/colcon_ws/install/ros2_shared:/home/gordonc/colcon_ws/install/orca_msgs:/home/gordonc/colcon_ws/install/orca_description:/home/gordonc/colcon_ws/install/orca_bringup:/home/gordonc/colcon_ws/install/orb_slam2_ros:/home/gordonc/colcon_ws/install/bluerov2_ignition:/home/gordonc/colcon_ws/install/blue_control:/home/gordonc/colcon_ws/install/blue_dynamics:/home/gordonc/colcon_ws/install/blue_utils:/home/gordonc/colcon_ws/install/blue_description:/home/gordonc/colcon_ws/install/blue_bringup:/home/gordonc/colcon_ws/install/alpha_bringup:/home/gordonc/colcon_ws/install/alpha_hardware:/home/gordonc/colcon_ws/install/alpha_driver:/home/gordonc/colcon_ws/install/alpha_description:/home/gordonc/colcon_ws/install/blue_manager:/home/gordonc/colcon_ws/install/blue_localization:/home/gordonc/colcon_ws/install/blue_joy:/opt/ros/humble LD_LIBRARY_PATH=/home/gordonc/alpha_test/install/alpha_driver/lib:${LD_LIBRARY_PATH} /usr/bin/cmake --install /home/gordonc/alpha_test/build/alpha_hardware
