[0.054s] Invoking command in '/home/gordonc/alpha_test/build/alpha_mtc_tutorial': CMAKE_PREFIX_PATH=${CMAKE_PREFIX_PATH}:/home/gordonc/colcon_ws/install/blue_manager:/home/gordonc/colcon_ws/install/blue_localization:/home/gordonc/colcon_ws/install/blue_joy:/opt/ros/humble /usr/bin/cmake /home/gordonc/alpha_test/src/alpha/alpha_mtc_tutorial -DCMAKE_INSTALL_PREFIX=/home/gordonc/alpha_test/install/alpha_mtc_tutorial
[0.301s] -- The C compiler identification is GNU 11.4.0
[0.584s] -- The CXX compiler identification is GNU 11.4.0
[0.616s] -- Detecting C compiler ABI info
[0.799s] -- Detecting C compiler ABI info - done
[0.828s] -- Check for working C compiler: /usr/lib/ccache/cc - skipped
[0.829s] -- Detecting C compile features
[0.831s] -- Detecting C compile features - done
[0.843s] -- Detecting CXX compiler ABI info
[1.087s] -- Detecting CXX compiler ABI info - done
[1.128s] -- Check for working CXX compiler: /usr/lib/ccache/c++ - skipped
[1.129s] -- Detecting CXX compile features
[1.130s] -- Detecting CXX compile features - done
[1.151s] -- Found ament_cmake: 1.3.8 (/opt/ros/humble/share/ament_cmake/cmake)
[2.204s] -- Found Python3: /usr/bin/python3 (found version "3.10.12") found components: Interpreter 
[2.707s] [31mCMake Error at CMakeLists.txt:10 (find_package):
[2.708s]   By not providing "Findmoveit_task_constructor_core.cmake" in
[2.708s]   CMAKE_MODULE_PATH this project has asked CMake to find a package
[2.708s]   configuration file provided by "moveit_task_constructor_core", but CMake
[2.708s]   did not find one.
[2.708s] 
[2.709s]   Could not find a package configuration file provided by
[2.709s]   "moveit_task_constructor_core" with any of the following names:
[2.709s] 
[2.709s]     moveit_task_constructor_coreConfig.cmake
[2.710s]     moveit_task_constructor_core-config.cmake
[2.710s] 
[2.710s]   Add the installation prefix of "moveit_task_constructor_core" to
[2.711s]   CMAKE_PREFIX_PATH or set "moveit_task_constructor_core_DIR" to a directory
[2.711s]   containing one of the above files.  If "moveit_task_constructor_core"
[2.711s]   provides a separate development package or SDK, be sure it has been
[2.712s]   installed.
[2.712s] 
[2.712s] [0m
[2.712s] -- Configuring incomplete, errors occurred!
[2.713s] See also "/home/gordonc/alpha_test/build/alpha_mtc_tutorial/CMakeFiles/CMakeOutput.log".
[2.726s] Invoked command in '/home/gordonc/alpha_test/build/alpha_mtc_tutorial' returned '1': CMAKE_PREFIX_PATH=${CMAKE_PREFIX_PATH}:/home/gordonc/colcon_ws/install/blue_manager:/home/gordonc/colcon_ws/install/blue_localization:/home/gordonc/colcon_ws/install/blue_joy:/opt/ros/humble /usr/bin/cmake /home/gordonc/alpha_test/src/alpha/alpha_mtc_tutorial -DCMAKE_INSTALL_PREFIX=/home/gordonc/alpha_test/install/alpha_mtc_tutorial
