[0.051s] Invoking command in '/home/gordonc/alpha_test/build/alpha_moveit': CMAKE_PREFIX_PATH=${CMAKE_PREFIX_PATH}:/home/gordonc/colcon_ws/install/blue_manager:/home/gordonc/colcon_ws/install/blue_localization:/home/gordonc/colcon_ws/install/blue_joy:/opt/ros/humble /usr/bin/cmake --build /home/gordonc/alpha_test/build/alpha_moveit -- -j8 -l8
[0.196s] [35m[1mConsolidate compiler generated dependencies of target alpha_moveit[0m
[0.277s] [ 50%] [32mBuilding CXX object CMakeFiles/alpha_moveit.dir/src/alpha_moveit.cpp.o[0m
[16.126s] [100%] [32m[1mLinking CXX executable alpha_moveit[0m
[16.699s] [100%] Built target alpha_moveit
[16.730s] Invoked command in '/home/gordonc/alpha_test/build/alpha_moveit' returned '0': CMAKE_PREFIX_PATH=${CMAKE_PREFIX_PATH}:/home/gordonc/colcon_ws/install/blue_manager:/home/gordonc/colcon_ws/install/blue_localization:/home/gordonc/colcon_ws/install/blue_joy:/opt/ros/humble /usr/bin/cmake --build /home/gordonc/alpha_test/build/alpha_moveit -- -j8 -l8
[16.796s] Invoking command in '/home/gordonc/alpha_test/build/alpha_moveit': CMAKE_PREFIX_PATH=${CMAKE_PREFIX_PATH}:/home/gordonc/colcon_ws/install/blue_manager:/home/gordonc/colcon_ws/install/blue_localization:/home/gordonc/colcon_ws/install/blue_joy:/opt/ros/humble /usr/bin/cmake --install /home/gordonc/alpha_test/build/alpha_moveit
[16.813s] -- Install configuration: ""
[16.814s] -- Installing: /home/gordonc/alpha_test/install/alpha_moveit/lib/alpha_moveit/alpha_moveit
[16.815s] -- Set runtime path of "/home/gordonc/alpha_test/install/alpha_moveit/lib/alpha_moveit/alpha_moveit" to ""
[16.815s] -- Up-to-date: /home/gordonc/alpha_test/install/alpha_moveit/share/ament_index/resource_index/package_run_dependencies/alpha_moveit
[16.816s] -- Up-to-date: /home/gordonc/alpha_test/install/alpha_moveit/share/ament_index/resource_index/parent_prefix_path/alpha_moveit
[16.816s] -- Up-to-date: /home/gordonc/alpha_test/install/alpha_moveit/share/alpha_moveit/environment/ament_prefix_path.sh
[16.816s] -- Up-to-date: /home/gordonc/alpha_test/install/alpha_moveit/share/alpha_moveit/environment/ament_prefix_path.dsv
[16.816s] -- Up-to-date: /home/gordonc/alpha_test/install/alpha_moveit/share/alpha_moveit/environment/path.sh
[16.817s] -- Up-to-date: /home/gordonc/alpha_test/install/alpha_moveit/share/alpha_moveit/environment/path.dsv
[16.817s] -- Up-to-date: /home/gordonc/alpha_test/install/alpha_moveit/share/alpha_moveit/local_setup.bash
[16.817s] -- Up-to-date: /home/gordonc/alpha_test/install/alpha_moveit/share/alpha_moveit/local_setup.sh
[16.817s] -- Up-to-date: /home/gordonc/alpha_test/install/alpha_moveit/share/alpha_moveit/local_setup.zsh
[16.817s] -- Up-to-date: /home/gordonc/alpha_test/install/alpha_moveit/share/alpha_moveit/local_setup.dsv
[16.818s] -- Installing: /home/gordonc/alpha_test/install/alpha_moveit/share/alpha_moveit/package.dsv
[16.818s] -- Up-to-date: /home/gordonc/alpha_test/install/alpha_moveit/share/ament_index/resource_index/packages/alpha_moveit
[16.818s] -- Up-to-date: /home/gordonc/alpha_test/install/alpha_moveit/share/alpha_moveit/cmake/alpha_moveitConfig.cmake
[16.818s] -- Up-to-date: /home/gordonc/alpha_test/install/alpha_moveit/share/alpha_moveit/cmake/alpha_moveitConfig-version.cmake
[16.819s] -- Up-to-date: /home/gordonc/alpha_test/install/alpha_moveit/share/alpha_moveit/package.xml
[16.821s] Invoked command in '/home/gordonc/alpha_test/build/alpha_moveit' returned '0': CMAKE_PREFIX_PATH=${CMAKE_PREFIX_PATH}:/home/gordonc/colcon_ws/install/blue_manager:/home/gordonc/colcon_ws/install/blue_localization:/home/gordonc/colcon_ws/install/blue_joy:/opt/ros/humble /usr/bin/cmake --install /home/gordonc/alpha_test/build/alpha_moveit
